drews 1.0
14 552
0 0 0
0 0 0
0 0 0
0 0 0
0 0 0
0.841837 0.0895595 -0.217358
0.41885 0.608622 -0.673928
-0.666877 0.709922 0.226725
0.616414 0.354426 0.703239
4.30318 -2.09928 1.76415
0.843488 0.0444691 -0.0557708
0.7399 0.432922 -0.514918
-0.49747 0.867376 0.0144456
0.452879 0.245464 0.857137
3.76711 -0.730546 0.575743
0.843672 0.0421852 -0.0367737
0.916242 0.24014 -0.320722
-0.263608 0.964151 -0.0310761
0.301767 0.113024 0.946694
2.62484 -0.189488 0.38395
0.841722 0.0648627 -0.11432
0.980607 0.125147 -0.151401
-0.129126 0.991493 -0.016987
0.147972 0.0362444 0.988414
1.23764 -0.0678215 0.232356
0.839917 0.0684175 -0.109068
0.999987 -0.00115322 -0.00537997
0.00116523 0.999998 0.00237167
0.00537688 -0.00237782 0.999985
0.0383283 -0.0127535 0.0571833
0.838852 0.0616477 -0.0912123
0.985844 -0.072322 0.151286
0.0701578 0.997345 0.0195995
-0.152301 -0.00870786 0.988299
-0.999013 -0.0223983 0.0328461
0.836929 0.0512794 -0.0935003
0.870393 -0.273537 0.409519
0.258462 0.961544 0.0930333
-0.419217 0.0248856 0.907615
-2.6783 -0.783689 0.851087
0.843395 0.110385 0.139211
0.643798 -0.400992 0.661305
0.378971 0.919821 0.177865
-0.666248 0.135999 0.74634
-4.2233 -1.38068 1.9865
0 0 0
0 0 0
0 0 0
0 0 0
0 0 0
0 0 0
0 0 0
0 0 0
0 0 0
0 0 0
0 0 0
0 0 0
0 0 0
0 0 0
0 0 0
0 0 0
0 0 0
0 0 0
0 0 0
0 0 0
0 0 0
0 0 0
0 0 0
0 0 0
0 0 0
-0.123966 -1.17245 7.24455
232 234 228
3 1 1854 0 0 1580 0 2 3050 0
-1.71471 -0.67887 6.44876
218 217 209
3 1 2596 0 0 2149 0 2 3313 0
0.989393 -0.39766 6.20231
230 230 222
3 2 4 0 1 2 0 3 6 0
-1.63677 -0.810233 6.56825
235 235 230
2 2 145 0 1 39 0
-0.00601744 -0.425848 6.18367
69 71 68
2 2 472 0 1 561 0
-1.3304 0.11665 5.31436
242 240 234
2 2 671 0 1 726 0
-0.281093 -0.45614 6.18265
225 225 217
3 2 798 0 1 688 0 3 806 0
-0.463901 0.210682 5.22299
235 233 228
2 2 982 0 1 1016 0
-0.387046 -0.939078 6.8649
196 198 191
2 2 1021 0 1 899 0
1.04317 -0.63635 6.60631
57 61 55
2 2 1024 0 1 1052 0
-2.26128 -0.00423638 5.38126
239 238 227
4 2 1069 0 1 857 0 3 1147 0 4 1280 0
-2.19008 0.038295 5.35157
230 229 224
2 2 1199 0 1 927 0
-2.47848 0.247476 5.08697
76 74 74
2 2 1271 0 1 1057 0
0.982784 -0.585259 6.49907
217 217 209
3 2 1327 0 1 1315 0 3 1479 0
-0.0662774 0.329644 5.06704
214 214 205
2 2 1483 0 1 1500 0
-0.231442 -0.410078 6.15635
243 242 235
2 2 1571 0 1 1499 0
-3.09629 -1.00318 6.739
51 56 49
6 2 1805 0 1 1701 0 3 3072 0 4 3767 0 5 3828 0 6 4071 0
-0.379742 -0.719959 6.57121
232 233 226
2 2 2060 0 1 2671 0
0.662081 -0.281539 6.05142
238 236 232
2 2 2364 0 1 2321 0
-0.0612662 -0.227622 5.75362
242 242 235
3 2 2427 0 1 2153 0 3 4139 0
2.63902 -1.42649 7.81769
95 98 82
6 2 2591 0 1 2954 0 3 2693 0 4 2364 0 5 2010 0 6 1518 0
-0.798751 -0.665424 6.51672
228 229 223
2 2 2698 0 1 4250 0
-1.4674 0.623826 4.55069
101 91 90
2 2 2807 0 1 2421 0
0.463672 -0.838219 6.83324
230 231 226
2 2 3340 0 1 3027 0
-0.0278006 -0.128698 5.75008
170 165 153
2 2 3965 0 1 4064 0
-0.0786791 -1.1947 7.26701
60 64 58
3 2 4224 0 1 3275 0 3 6093 0
-0.0786791 -1.1947 7.26701
60 64 58
3 2 4225 0 1 3276 0 3 6094 0
-0.294572 -0.217839 5.79822
52 52 45
2 2 4374 0 1 3296 0
-0.416893 0.198171 5.21498
217 218 205
6 2 4435 0 1 4956 0 3 4526 0 4 4635 0 5 4077 0 6 4040 0
-2.41993 0.242911 5.04135
227 228 224
2 2 4638 0 1 5257 0
-0.644977 -0.313276 5.97135
227 228 221
2 2 4997 0 1 3918 0
-2.5346 -0.232904 5.67017
218 219 211
2 2 5397 0 1 5418 0
-0.302909 0.21576 5.17997
77 77 68
4 2 6140 0 1 6038 0 3 5870 0 4 5533 0
-0.0997712 -0.612619 6.23356
240 240 232
2 3 79 0 2 206 0
-2.32244 -0.0419634 5.40542
226 227 220
2 3 817 0 2 676 0
-0.725777 -0.292647 5.90285
232 233 226
2 3 998 0 2 847 0
-0.725777 -0.292647 5.90285
232 233 226
2 3 999 0 2 848 0
-2.5555 0.128187 5.15769
229 230 222
2 3 1015 0 2 1228 0
-2.65289 -0.0549849 5.42041
236 236 226
2 3 1075 0 2 921 0
-1.68161 -0.614641 6.36022
232 230 223
2 3 1087 0 2 1075 0
-2.26125 -0.00422538 5.38176
238 238 226
3 3 1146 0 2 1070 0 4 1281 0
-2.71298 -0.262134 5.71882
238 237 226
2 3 1155 0 2 899 0
-2.91527 -1.04585 6.81069
228 230 216
3 4 1951 0 5 2759 0 6 3814 0
-3.19303 -1.02534 6.71341
228 232 220
5 3 1837 0 2 1060 0 4 3075 0 5 3722 0 6 4154 0
2.56659 -1.49956 7.9307
142 141 121
4 3 2866 0 2 1983 0 5 2203 0 6 2364 0
-1.13985 -0.248481 5.81564
231 232 226
2 3 2933 0 2 2399 0
-1.11975 0.69731 4.37005
200 198 188
2 3 3061 0 2 1954 0
2.68846 -1.46653 7.83456
236 238 223
5 3 3164 0 2 2852 0 4 2522 0 5 1940 0 6 2960 0
-0.177182 -0.413891 6.17637
59 63 56
3 3 3443 0 2 4125 0 4 2429 0
-2.52987 -0.307986 5.74757
117 119 112
2 3 3550 0 2 3666 0
-0.495484 -1.23458 7.30233
213 215 206
2 3 3765 0 2 2315 0
-1.66189 0.653305 4.41237
237 239 229
2 3 3838 0 2 3284 0
-1.61636 0.695985 4.34427
238 238 229
2 3 3970 0 2 2616 0
-2.41008 0.679014 4.30772
238 236 226
2 3 3999 0 2 2932 0
0.65022 -0.788427 6.78094
62 64 58
2 3 4061 0 2 3592 0
3.41383 -1.41601 7.93424
232 233 217
4 3 4094 0 4 5112 0 5 4172 0 6 3394 0
0.081741 -0.0569707 5.59002
109 109 95
2 3 4270 0 2 1949 0
0.313345 -1.24782 7.36632
235 237 229
3 3 4347 0 2 4084 0 4 4047 0
1.24515 -1.27902 7.56892
89 91 83
2 3 4380 0 2 3099 0
1.24515 -1.27902 7.56892
89 91 83
2 3 4381 0 2 3098 0
-0.263312 -0.916761 6.88124
232 232 220
3 3 4749 0 2 3783 0 4 3908 0
-2.42818 0.59908 4.46186
77 74 73
2 3 4776 0 2 3805 0
-2.12146 -1.09244 6.95052
224 226 218
2 3 4936 0 2 2595 0
0.223717 -1.23895 7.34488
235 237 229
2 3 5181 0 2 5173 0
-2.29488 0.420183 4.78078
124 124 117
2 3 5212 0 2 5906 0
-1.94762 -1.22764 7.14394
230 231 227
2 3 5251 0 2 3476 0
1.8127 -0.972481 7.17637
217 218 208
2 3 5350 0 2 5072 0
0.513786 -1.26727 7.40903
236 238 229
3 3 5355 0 2 3725 0 4 5492 0
-2.52018 0.333706 4.8767
78 76 75
2 3 5415 0 2 4774 0
-0.228957 -0.943176 6.89246
130 131 121
2 3 5521 0 2 5589 0
-1.65959 0.669252 4.40067
237 237 228
2 3 5616 0 2 5121 0
-1.98344 -1.14326 7.04393
232 234 225
2 3 5702 0 2 3744 0
-1.91917 -1.14968 7.07205
226 228 220
2 3 5703 0 2 3442 0
-2.1844 0.750565 4.21111
234 233 223
2 3 5834 0 2 4758 0
-0.302037 0.215592 5.18163
70 70 61
3 3 5869 0 2 6141 0 4 5532 0
-0.319243 0.212419 5.21138
48 52 44
2 3 6138 0 2 6252 0
-1.11454 -0.243622 5.80491
226 228 220
2 3 6149 0 2 5834 0
-0.911187 0.951304 5.60183
100 93 92
2 6 4813 0 5 4675 0
-0.153469 0.318941 5.06169
234 232 216
2 4 220 0 3 270 0
-0.0699711 0.16157 5.30758
237 237 223
2 4 242 0 3 433 0
-0.0699711 0.16157 5.30758
237 237 223
2 4 243 0 3 434 0
-0.221 0.296473 5.08776
105 96 94
2 4 289 0 3 452 0
-0.106385 -0.0227361 5.56935
239 240 226
2 4 391 0 3 447 0
0.310962 -0.267243 5.95602
227 228 216
2 4 445 0 3 561 0
-0.18451 0.124603 5.34153
237 237 224
2 4 451 0 3 612 0
-1.22885 0.0530273 5.37861
226 227 215
2 4 453 0 3 547 0
-0.902629 -0.0576904 5.59104
225 226 213
2 4 481 0 3 551 0
0.326117 0.438538 4.95785
239 239 227
3 4 502 0 3 357 0 5 407 0
1.11936 -0.516281 6.3921
229 231 218
2 4 771 0 3 1103 0
-0.121074 -0.398485 6.15115
231 231 216
2 4 848 0 3 798 0
-0.467138 -0.74051 6.60692
238 240 226
2 4 926 0 3 1136 0
-0.467138 -0.74051 6.60692
238 240 226
2 4 927 0 3 1135 0
-0.210296 -0.487835 6.22425
40 46 42
3 4 1061 0 3 1370 0 5 1029 0
0.500156 0.71005 4.69887
51 51 39
2 4 1607 0 3 2342 0
-1.26393 0.0523806 5.37605
190 195 186
3 4 2268 0 3 2953 0 5 1697 0
1.88408 -0.941067 7.10329
56 59 46
4 4 2576 0 3 3071 0 5 2044 0 6 1644 0
1.22992 -1.31513 7.54489
239 241 229
2 4 2623 0 3 2491 0
0.162811 0.476311 4.85885
245 245 230
2 4 2626 0 3 3467 0
0.765841 0.633214 4.68683
70 73 53
5 4 2678 0 3 4003 0 5 1605 0 6 1371 0 7 1300 0
0.72711 0.636104 4.68245
75 76 55
5 4 2903 0 3 4131 0 5 1555 0 6 1392 0 7 1286 0
1.14278 -0.901842 6.98925
55 57 43
2 4 2912 0 3 2279 0
0.352281 0.397282 4.99498
60 62 56
2 4 2962 0 3 2635 0
0.351761 0.397504 4.99388
58 60 53
4 4 2964 0 3 2634 0 5 2415 0 6 3709 0
-1.33604 -0.688712 6.48854
239 240 225
2 4 2980 0 3 2798 0
-0.659518 0.608995 4.56072
234 237 222
3 4 3051 0 3 2074 0 5 2895 0
-0.827294 0.474371 4.7935
54 57 54
2 4 3445 0 3 3346 0
-0.956108 -0.101139 5.61149
70 77 74
2 4 3462 0 3 4128 0
-3.31308 -1.01904 6.69919
226 230 216
5 4 3510 0 3 1940 0 5 3690 0 6 4366 0 7 5131 0
-1.09836 0.686901 4.39174
232 231 215
3 3 2291 0 5 3431 0 6 4210 0
1.16029 -1.36104 7.45125
195 196 186
2 4 3593 0 3 2524 0
-3.17892 -0.995155 6.71725
53 59 48
5 4 3724 0 3 3063 0 5 3726 0 6 4267 0 7 4947 0
-1.51319 -0.757152 6.59562
61 66 55
2 4 3815 0 3 3707 0
0.511661 0.635833 4.64514
224 221 193
2 4 3888 0 3 4291 0
0.694865 -1.36286 7.56573
234 238 224
4 4 3934 0 3 3191 0 5 4013 0 6 4279 0
-3.22672 -1.02415 6.70559
236 238 224
4 4 3997 0 3 2327 0 5 4189 0 6 4767 0
-1.32148 -0.946015 6.84316
205 210 202
2 4 4048 0 3 3489 0
1.28783 -0.534913 6.41615
188 190 178
3 4 4063 0 3 4244 0 5 3377 0
-0.77688 0.654574 4.49336
232 234 216
3 3 3747 0 5 4170 0 6 4183 0
0.375311 0.684551 4.64081
139 140 118
4 4 4100 0 3 5159 0 6 3597 0 8 4846 0
0.309868 0.670115 4.61104
55 57 43
4 4 4103 0 3 6060 0 5 3063 0 6 2515 0
3.52778 -1.02557 7.33051
233 233 213
4 4 4124 0 3 3904 0 5 3898 0 6 3595 0
-2.39417 -1.05656 6.88961
62 68 57
4 4 4147 0 3 3509 0 5 4088 0 6 4312 0
-0.06411 0.58559 4.64695
235 236 221
3 4 4150 0 3 4553 0 5 2429 0
-0.300591 0.650003 4.52836
235 235 220
5 4 4153 0 3 4174 0 5 4123 0 6 4300 0 7 5099 0
-1.75204 0.780887 4.2789
200 202 182
2 5 3944 0 6 4149 0
0.179487 0.385801 4.95666
133 135 122
2 4 4300 0 3 5257 0
-0.836285 0.65771 4.46956
231 231 217
2 4 4420 0 3 3788 0
0.643373 0.564986 4.75633
238 238 219
2 4 4431 0 3 5070 0
0.337649 0.415206 4.98825
213 214 201
2 4 4468 0 3 3577 0
0.378655 0.467612 4.91143
76 75 57
2 4 4544 0 3 5866 0
-1.16841 0.697218 4.3928
198 199 182
3 4 4597 0 3 4849 0 5 3905 0
-1.60236 -0.654992 6.44944
74 72 63
2 4 4626 0 3 3605 0
3.78428 -1.55602 8.18656
192 188 153
4 4 4760 0 3 5781 0 5 4818 0 6 4451 0
0.810723 0.618981 4.69303
196 194 171
4 4 4847 0 3 5830 0 5 4081 0 6 4160 0
0.27129 0.63044 4.61288
212 209 187
4 4 4883 0 3 5683 0 5 4554 0 6 4560 0
-0.049523 0.713197 4.57128
124 123 101
3 4 4968 0 3 5988 0 5 4516 0
-0.535752 -1.3048 7.37524
233 235 225
2 4 5322 0 3 5082 0
-1.15066 0.712173 4.3762
230 230 212
3 3 5513 0 5 4447 0 6 4816 0
0.249706 0.613416 4.62727
203 198 177
2 4 5401 0 3 5342 0
0.679889 0.520992 4.80479
247 246 227
3 4 5437 0 3 6062 0 5 4566 0
-0.364805 -0.966183 6.91766
34 38 33
2 4 5451 0 3 5941 0
0.168885 -1.20729 7.30741
67 70 62
2 4 5496 0 3 5724 0
0.168885 -1.20729 7.30741
67 70 62
2 4 5497 0 3 5725 0
-1.22343 -0.218459 5.78811
59 62 51
2 4 5529 0 3 5606 0
-1.69745 0.777897 4.2672
220 219 201
2 4 5552 0 3 5818 0
0.309536 0.603589 4.63628
233 229 209
2 4 5577 0 3 5583 0
0.424422 -1.22776 7.37566
55 61 52
2 5 4390 0 4 4701 0
1.40709 -1.28647 7.539
72 77 65
2 5 5008 0 4 4821 0
0.240158 0.574209 4.75241
242 240 224
2 5 0 0 4 0 0
-2.43091 -0.0172145 5.31169
65 72 65
2 5 21 0 6 33 0
0.15716 0.651973 4.59531
223 222 197
3 5 66 0 4 127 0 7 212 0
-0.332098 -0.0597243 5.54738
69 74 69
2 5 86 0 4 353 0
-1.12209 0.0361229 5.44827
235 236 221
2 5 122 0 4 174 0
0.261259 0.438675 4.94516
235 237 221
2 5 164 0 4 257 0
0.930498 -0.301471 6.05678
230 232 218
2 5 384 0 4 436 0
2.59305 -0.721576 6.81589
57 64 56
3 5 519 0 4 686 0 6 471 0
0.210588 0.442976 4.91497
235 238 221
3 5 528 0 4 651 0 6 431 0
-0.64552 0.50687 4.76381
220 222 209
2 5 679 0 4 960 0
2.46358 -0.0930024 5.9231
238 237 219
2 5 681 0 6 486 0
-0.492332 0.208983 5.20879
232 234 220
3 5 715 0 4 957 0 6 781 0
1.35533 -0.490277 6.37719
237 240 224
2 5 772 0 4 1037 0
0.0694114 0.379824 4.95888
222 222 204
3 5 830 0 4 1009 0 6 751 0
-0.985708 -0.369976 6.02424
240 239 226
2 5 1109 0 6 1176 0
-0.987011 0.772029 4.56371
48 50 39
2 5 1261 0 4 1777 0
-0.717447 -1.19327 7.21162
233 236 223
2 5 1584 0 4 1873 0
0.577271 2.1251 6.87018
150 136 145
3 5 1628 0 4 3625 0 6 2086 0
-2.23951 -1.07645 6.9195
93 99 87
3 5 1764 0 4 1794 0 6 1952 0
-0.463253 -1.20905 7.24434
230 233 220
2 5 1898 0 4 1664 0
-1.02123 -0.0743154 5.57341
225 227 214
2 5 1900 0 4 2202 0
1.12959 -0.628863 6.38324
186 189 168
2 5 1929 0 4 2599 0
-0.407791 1.11487 4.58904
119 105 110
3 5 1959 0 4 2610 0 6 1982 0
-1.68926 0.623262 4.48972
98 99 86
3 5 1968 0 6 2026 0 7 1683 0
-0.291853 0.681645 4.50379
192 187 168
3 5 2087 0 4 1907 0 6 2024 0
-1.0374 0.727244 4.39019
188 188 168
2 5 2104 0 6 2282 0
-2.21084 1.44302 4.43364
86 74 76
2 5 2164 0 6 2161 0
-0.369235 -0.54624 6.29746
42 46 38
3 5 2226 0 4 2069 0 6 3140 0
2.73994 -1.35375 7.79259
235 234 214
3 5 2234 0 4 2999 0 6 2036 0
0.352205 0.397638 4.99475
51 53 47
2 5 2413 0 4 2963 0
2.78259 -1.28957 7.65784
63 61 42
3 5 2437 0 4 2798 0 6 2629 0
-0.902913 -0.372742 6.03989
43 48 41
3 5 2438 0 4 1836 0 6 2310 0
-1.15806 0.732287 4.35402
204 205 185
2 5 2578 0 4 2872 0
2.46064 -1.1185 7.41733
52 54 41
3 5 2594 0 4 3003 0 6 2489 0
-0.15181 -0.388092 6.1807
238 240 226
2 5 2623 0 4 2485 0
1.99008 0.881808 4.92232
143 127 130
2 5 2628 0 6 1787 0
-0.0840473 -0.48569 6.07957
183 186 168
2 5 2662 0 4 3114 0
-0.0305369 -0.421353 6.17583
49 55 48
3 5 2671 0 4 2831 0 6 2368 0
2.13898 -0.871476 7.01896
52 54 40
3 5 2761 0 4 3333 0 6 2552 0
-0.307992 -0.884669 6.83199
235 238 224
2 5 2780 0 4 2817 0
-0.813837 0.660184 4.48177
228 229 212
2 5 2792 0 4 3271 0
-1.45718 0.175513 5.20645
237 236 218
2 5 2830 0 4 2210 0
-2.62184 -1.05806 6.81788
60 65 53
3 5 2889 0 4 2314 0 6 3737 0
-2.62184 -1.05806 6.81788
60 65 53
3 5 2890 0 4 2313 0 6 3738 0
-0.659277 0.606484 4.56133
234 236 219
2 5 2896 0 6 3684 0
-0.295247 -0.0844019 5.6233
150 156 150
2 5 2910 0 4 4130 0
3.77599 2.12533 7.24739
189 169 169
3 5 3045 0 4 4144 0 6 1920 0
2.75176 0.922905 5.12758
100 90 91
2 5 3050 0 6 2013 0
0.131842 0.618424 4.64751
166 165 144
3 5 3078 0 4 3774 0 6 2725 0
3.83023 1.93659 7.43546
149 132 125
3 5 3110 0 4 4012 0 6 2123 0
0.439146 -0.838672 6.81904
233 237 223
3 5 3248 0 4 3641 0 6 3162 0
0.439499 -0.839297 6.82089
233 237 223
2 5 3249 0 4 3642 0
-0.333967 -0.909014 6.84652
51 57 45
3 5 3272 0 4 3909 0 6 3375 0
0.62071 0.625077 4.66141
236 234 207
2 5 3335 0 4 4060 0
-1.03142 0.681594 4.43001
234 235 217
3 5 3360 0 6 3882 0 7 4930 0
-1.76009 0.746138 4.28642
228 227 207
2 5 3361 0 6 3849 0
0.208194 0.59474 4.66164
227 227 207
2 5 3486 0 4 3929 0
-0.606736 -0.817411 6.69744
221 225 212
3 5 3584 0 4 3790 0 6 3921 0
-3.09369 -0.922178 6.64449
212 216 201
3 5 3598 0 4 3160 0 6 4389 0
0.557053 0.576381 4.71035
244 245 225
2 5 3606 0 4 3906 0
2.68744 0.329077 5.27671
242 238 216
2 5 3618 0 6 3157 0
3.3597 -1.36787 7.90647
230 232 213
3 5 3646 0 4 4328 0 6 3183 0
-3.30946 -1.01745 6.69322
227 232 218
4 5 3689 0 4 3509 0 6 4365 0 7 5132 0
-3.21588 -0.997988 6.70491
90 97 83
3 5 3718 0 4 3664 0 6 4175 0
0.691308 -0.727488 6.70157
51 53 42
3 5 3747 0 4 4173 0 6 4103 0
0.0661113 -0.415628 6.17739
206 211 200
3 5 3768 0 4 4353 0 6 3654 0
0.105032 0.706416 4.58424
107 110 89
2 5 3785 0 4 5289 0
-0.312131 -0.84187 6.76088
59 64 52
3 5 3789 0 4 4407 0 6 3514 0
-1.273 0.74461 4.34773
217 219 201
2 5 3793 0 6 4323 0
0.591584 0.579243 4.73123
230 230 209
3 5 3798 0 4 4288 0 6 4073 0
0.654447 -0.788081 6.7907
60 64 52
2 5 3811 0 4 4098 0
-1.61645 -0.197099 5.6835
70 76 58
2 5 3846 0 6 4543 0
0.103028 -0.378159 6.11019
239 242 229
2 5 3860 0 4 3870 0
0.545329 0.675913 4.67662
173 172 143
3 5 3879 0 4 4263 0 6 3558 0
-0.0725963 0.676393 4.5523
202 200 180
5 5 3881 0 4 3979 0 6 3832 0 7 3902 0 8 5235 0
-1.97569 0.708 4.31714
235 234 214
2 5 3889 0 6 4532 0
3.52604 -1.0249 7.3265
233 234 213
3 5 3899 0 4 4125 0 6 3594 0
0.496517 0.656218 4.64781
64 63 46
3 5 4039 0 4 4594 0 6 4027 0
-1.62413 0.772842 4.29608
205 205 185
2 5 4086 0 6 4055 0
0.375837 0.467602 4.90208
71 72 54
3 5 4121 0 4 4545 0 6 4634 0
-1.86889 0.806638 4.25042
48 50 35
3 5 4184 0 6 4597 0 7 5286 0
2.4139 -1.2112 7.59161
223 224 206
3 5 4209 0 4 4816 0 6 4064 0
0.363634 0.604011 4.64114
167 169 148
2 5 4255 0 4 4643 0
0.69831 0.571754 4.74458
233 232 211
3 5 4330 0 4 4700 0 6 5102 0
0.223898 0.677671 4.59298
232 230 203
4 5 4338 0 4 4333 0 6 4303 0 7 5342 0
3.69067 1.97269 7.427
39 29 29
3 5 4357 0 4 4438 0 6 3598 0
3.69067 1.97269 7.427
39 29 29
3 5 4358 0 4 4439 0 6 3599 0
0.203838 0.677479 4.5915
53 52 34
4 5 4364 0 4 5374 0 6 4351 0 7 4528 0
0.204246 0.677263 4.59534
53 51 33
3 5 4365 0 4 5373 0 6 4352 0
-0.68318 0.761474 4.47934
72 74 57
2 5 4379 0 4 4947 0
-0.265816 0.659698 4.52631
241 239 223
2 5 4381 0 4 5078 0
-0.265575 0.660509 4.52804
238 237 221
3 5 4382 0 4 5079 0 6 4779 0
-1.88204 0.791499 4.25008
180 183 166
2 5 4400 0 6 5131 0
0.229121 -1.18938 7.30799
229 234 222
4 5 4466 0 4 5100 0 6 4619 0 7 4786 0
0.229121 -1.18938 7.30799
229 234 222
4 5 4467 0 4 5101 0 6 4618 0 7 4787 0
0.193316 0.420182 4.95183
167 168 153
2 5 4469 0 4 5011 0
-0.554862 -0.286903 5.91916
240 242 229
2 5 4471 0 4 4925 0
-0.554862 -0.286903 5.91916
240 242 229
2 5 4472 0 4 4926 0
0.979932 0.215195 1.92494
60 61 39
2 5 4497 0 6 4519 0
-1.34513 -0.213254 5.74278
82 85 68
2 5 4535 0 4 4571 0
2.34054 -0.158502 5.95495
97 99 89
2 5 4617 0 6 4591 0
0.847663 -0.288235 6.03511
219 220 206
2 5 4624 0 4 5469 0
0.204236 0.694485 4.60458
121 121 98
2 5 4656 0 4 5331 0
2.84109 -1.38066 7.84351
77 77 55
3 5 4732 0 4 4932 0 6 4262 0
0.151574 0.590526 4.64949
229 228 210
3 5 4760 0 4 5241 0 6 4435 0
0.357424 -0.38359 6.15679
79 84 69
3 5 4789 0 4 4952 0 6 4525 0
-0.203309 0.246056 5.14267
62 64 49
2 5 4827 0 4 4537 0
0.210283 0.461617 4.87874
223 225 209
2 5 4831 0 4 5243 0
1.06517 -1.35462 7.61782
235 237 223
2 5 4851 0 4 4854 0
-0.654947 0.578399 4.59132
237 238 222
2 5 4881 0 6 5062 0
-1.64431 -0.271119 5.80647
106 111 95
2 5 4885 0 4 5309 0
-1.64431 -0.271119 5.80647
106 111 95
2 5 4886 0 4 5308 0
-1.54698 -0.273945 5.82841
89 95 79
2 5 4922 0 6 5059 0
3.85047 -1.56032 8.17489
208 207 183
3 5 4940 0 4 5548 0 6 4692 0
0.0816985 -0.435423 6.19736
33 44 35
2 5 5013 0 4 5458 0
-0.896398 -1.17031 7.16638
229 234 221
2 5 5046 0 4 5228 0
-0.0268909 0.592641 4.63285
225 225 207
3 5 5077 0 4 5425 0 6 5226 0
0.372106 -0.408691 6.15735
238 242 228
2 5 5091 0 6 5074 0
-0.684985 0.917232 4.42491
253 237 240
2 5 5111 0 4 5590 0
-1.21826 0.696737 4.39198
101 101 85
2 5 5115 0 6 4869 0
-1.29431 0.746324 4.33074
203 204 184
2 5 5128 0 6 5224 0
-1.64875 -0.198146 5.67669
64 66 52
2 5 5161 0 4 5595 0
0.877899 0.466833 4.9845
116 107 100
2 5 5162 0 4 5399 0
-1.24684 -1.22365 7.27027
166 163 152
3 6 4324 0 5 4427 0 4 4720 0
-0.132729 -1.1673 7.23639
231 234 221
2 6 5210 0 5 5125 0
-0.132729 -1.1673 7.23639
231 234 221
2 6 5211 0 5 5126 0
0.969209 -1.24509 7.29203
238 240 227
2 6 11 0 5 1 0
1.30255 -0.580128 6.4482
46 52 46
2 6 623 0 5 786 0
1.24675 -0.571298 6.45585
46 54 47
2 6 1043 0 5 749 0
0.127062 0.259596 4.83512
154 154 136
2 4 2420 0 5 1449 0
0.793146 -1.24978 7.4299
75 82 69
2 6 4348 0 5 4267 0
0.793146 -1.24978 7.4299
75 82 67
2 6 4349 0 5 4266 0
0.45958 0.677845 4.64999
182 179 145
2 6 4384 0 4 5503 0
-2.01265 0.600649 4.51668
213 213 197
2 6 4964 0 5 4297 0
1.44959 -0.388239 5.87787
244 244 227
2 6 13 0 5 6 0
-3.20089 -0.995778 6.62271
117 123 108
2 6 16 0 5 5 0
-2.39714 -0.625215 6.27242
59 65 54
2 6 18 0 5 13 0
2.76754 -0.144883 5.73032
244 241 220
2 6 30 0 5 32 0
-2.56876 0.0706705 5.25345
59 67 61
2 6 34 0 5 24 0
-3.76683 1.8567 16.9214
238 238 221
2 6 48 0 5 43 0
-1.04824 1.49637 4.34451
157 140 146
2 6 50 0 5 37 0
-0.357734 0.053855 5.46652
237 240 225
2 6 104 0 5 79 0
-0.703879 0.50927 4.71479
219 220 206
3 6 135 0 5 72 0 7 480 0
-2.87204 -1.68465 8.54557
129 117 124
2 6 176 0 5 141 0
1.86445 0.351727 5.21441
238 238 219
2 6 183 0 5 344 0
1.86445 0.351727 5.21441
238 238 219
2 6 185 0 5 343 0
2.75506 0.312374 5.29801
232 231 208
2 6 203 0 5 430 0
1.95256 -1.09484 7.25841
237 239 221
2 6 279 0 5 299 0
-8.58161 -0.703308 35.2063
237 234 219
2 6 312 0 5 126 0
-8.58161 -0.703308 35.2063
237 234 219
2 6 313 0 5 124 0
-2.70005 2.28501 6.27341
143 127 131
2 6 350 0 5 159 0
-0.661576 -0.143872 5.71504
221 223 214
2 6 355 0 5 275 0
1.3284 -0.18036 5.97949
229 232 219
2 6 379 0 5 775 0
-0.52897 -1.03952 6.99808
241 243 231
2 6 386 0 5 298 0
-2.86683 -1.58005 8.60413
127 116 124
2 6 405 0 5 268 0
2.81567 0.29799 5.31382
227 226 202
2 6 424 0 5 641 0
2.37454 -0.069272 5.87072
226 226 206
2 6 433 0 5 670 0
1.44261 -0.191882 5.98905
236 238 223
2 6 442 0 5 553 0
1.44261 -0.191882 5.98905
236 238 223
2 6 444 0 5 554 0
2.58412 -0.717893 6.7843
57 64 56
2 6 470 0 5 520 0
-1.29203 -0.174637 5.65455
233 234 221
2 6 472 0 5 199 0
1.44013 -0.248885 6.01489
228 230 216
2 6 496 0 5 568 0
2.47007 -0.152245 5.9917
232 232 212
2 6 504 0 5 673 0
0.576977 -0.963707 6.98307
240 242 228
2 6 522 0 5 51 0
2.6571 -0.131983 6.01217
85 83 71
2 6 528 0 5 860 0
0.668903 -0.960861 7.02748
61 71 64
2 6 550 0 5 677 0
-14.7536 2.70595 29.0667
88 86 77
2 6 630 0 5 447 0
-0.467489 -0.794467 6.65735
235 237 224
2 6 636 0 5 575 0
3.6057 -1.12366 7.43001
207 209 186
2 6 661 0 5 813 0
1.36057 1.20745 5.00352
46 40 41
2 6 711 0 5 1053 0
-0.336827 0.231134 5.19135
58 60 49
2 6 736 0 5 551 0
2.59647 -1.55724 7.97973
231 232 216
2 6 756 0 5 964 0
-0.23557 -0.407557 6.13674
242 243 230
2 6 921 0 5 672 0
-2.7638 -0.0225683 5.36953
233 236 217
2 6 964 0 5 489 0
-2.53911 -0.183489 5.58373
237 239 221
2 6 992 0 5 500 0
-0.530377 -0.555923 6.30178
236 238 223
2 6 1027 0 5 1087 0
-0.0856833 0.322828 5.02945
215 215 198
2 6 1036 0 5 1073 0
-0.0856833 0.322828 5.02945
215 215 198
2 6 1037 0 5 1072 0
-2.46049 0.0865089 5.27742
48 51 42
2 6 1118 0 5 1089 0
-2.28311 0.632028 4.4655
46 47 38
2 6 1160 0 5 1099 0
-2.28311 0.632028 4.4655
46 47 38
2 6 1161 0 5 1098 0
1.18041 -0.0865122 5.76551
216 221 209
2 6 1169 0 5 2035 0
-0.985708 -0.369976 6.02424
239 239 225
2 6 1175 0 5 1107 0
-0.985708 -0.369976 6.02424
239 239 225
2 6 1177 0 5 1108 0
-0.597278 -0.888603 6.79425
46 54 47
2 6 1196 0 5 1578 0
-2.73775 0.0218079 5.34539
68 71 56
2 6 1201 0 5 746 0
-2.9963 -0.728956 6.39368
47 51 44
2 6 1221 0 5 1176 0
2.59329 1.94518 7.17709
158 142 146
2 6 1228 0 5 1250 0
2.71626 -0.144582 6.03867
246 243 220
2 6 1444 0 5 1943 0
0.263342 0.412198 4.96361
193 192 174
2 6 1511 0 5 1717 0
0.263342 0.412198 4.96361
193 192 174
2 6 1512 0 5 1716 0
-0.465071 -1.21622 7.27706
228 231 218
2 6 1564 0 5 1899 0
-1.67306 -0.665757 6.42961
49 51 40
2 6 1577 0 5 1192 0
-2.09291 0.619438 4.47584
56 57 42
2 6 1583 0 5 1390 0
-0.248866 0.261418 5.12429
204 203 182
2 6 1593 0 5 1444 0
0.525448 0.815627 4.80904
73 66 55
2 6 1639 0 5 4798 0
0.360273 -0.345188 6.07276
241 244 230
2 6 1678 0 5 2055 0
-2.54638 -0.280129 5.73963
43 45 41
2 6 1717 0 5 1704 0
3.53384 -1.23279 7.62725
159 157 126
2 6 1792 0 5 2595 0
-0.941377 -0.368941 6.02528
41 48 41
2 6 1799 0 5 1939 0
3.42211 -0.4525 7.23002
243 240 214
2 6 1808 0 5 2516 0
1.81061 1.16187 5.08938
129 113 119
2 6 1888 0 5 2750 0
-1.46966 0.583007 4.57315
57 57 44
2 6 1895 0 5 2320 0
-1.0213 -0.364838 6.00238
47 51 43
2 6 1912 0 5 1953 0
3.77003 2.12033 7.23342
189 169 168
2 6 1919 0 5 3044 0
3.77003 2.12033 7.23342
189 169 168
2 6 1921 0 5 3043 0
-0.401294 0.682705 4.49615
218 216 197
2 6 1934 0 5 2550 0
3.25283 -1.3425 7.82415
206 208 190
2 6 1955 0 5 2694 0
-2.27258 -1.11692 6.95458
232 236 220
2 6 1960 0 5 1348 0
-0.302316 -0.481534 6.24302
42 46 40
2 6 1980 0 5 2305 0
2.78194 0.21634 5.31516
197 192 162
2 6 2031 0 5 2085 0
-2.50129 -0.28053 5.73906
48 51 43
2 6 2049 0 5 1641 0
-1.33734 0.881477 3.38509
147 127 128
2 6 2068 0 5 2643 0
-3.55881 -0.979608 6.67
66 70 58
2 6 2103 0 5 1396 0
-0.712725 0.422328 4.72098
47 50 43
2 6 2115 0 5 2471 0
-2.9673 -0.685749 6.35402
212 216 206
2 6 2121 0 5 1457 0
3.88212 -3.7104 8.69733
152 141 144
2 6 2152 0 5 4734 0
1.32418 -0.205415 5.96043
202 208 198
2 6 2177 0 5 3113 0
0.550103 0.632504 4.66737
236 231 205
2 6 2242 0 5 1792 0
-1.95229 0.501355 4.65747
54 57 50
2 6 2244 0 5 1711 0
0.330395 -0.409456 6.17215
239 242 228
2 6 2335 0 5 2563 0
-0.194379 -0.446703 6.1677
211 214 198
2 6 2336 0 5 2542 0
-0.821885 -0.661681 6.47495
240 240 226
2 6 2367 0 5 1802 0
-7.08747 -0.021415 34.7006
50 52 42
2 6 2392 0 5 1761 0
2.38386 -1.50639 7.94878
117 108 111
2 6 2397 0 5 3625 0
2.44488 0.107011 5.62565
104 100 80
2 6 2474 0 5 3669 0
-2.85545 -0.662112 6.32103
62 63 51
2 6 2503 0 5 2175 0
2.35919 -4.30447 26.9571
53 57 45
2 6 2506 0 5 2962 0
-2.82269 -0.965778 6.72251
49 53 42
2 6 2600 0 5 1880 0
-2.04073 0.617707 4.51662
47 49 39
2 6 2610 0 5 1931 0
1.78945 0.969415 4.93892
111 98 103
2 6 2649 0 5 3057 0
0.894235 0.94968 4.72347
143 127 132
2 6 2654 0 5 3277 0
-2.49315 0.0793025 5.26514
232 235 219
2 6 2661 0 5 1543 0
-2.67004 -0.988829 6.71076
238 239 225
2 6 2683 0 5 2083 0
-0.200419 1.28638 4.72786
161 139 144
2 6 2703 0 5 4203 0
0.131176 0.619148 4.65352
176 176 156
2 6 2724 0 5 3077 0
3.00533 -1.32742 7.78296
239 236 210
2 6 2729 0 5 3286 0
1.84996 0.978856 4.97108
114 101 105
2 6 2750 0 5 3474 0
-0.504545 -0.898219 6.82643
230 232 219
2 6 2883 0 5 2304 0
1.78729 -1.30837 7.59757
80 85 74
2 6 2886 0 5 2832 0
2.8169 0.492377 5.05314
215 213 181
3 6 2896 0 5 3640 0 8 2151 0
0.219044 -0.228434 5.91194
59 65 54
2 6 2926 0 5 3237 0
0.219044 -0.228434 5.91194
59 65 54
2 6 2927 0 5 3236 0
-2.04611 0.714084 4.28857
219 218 197
2 6 2967 0 5 1676 0
-0.905301 -0.34026 5.98777
237 239 227
2 6 3022 0 5 2679 0
-0.727815 -0.655073 6.46226
49 53 43
2 6 3073 0 5 2817 0
-1.48771 0.600371 4.56764
236 236 217
2 6 3080 0 5 3631 0
-2.82041 2.31945 6.27076
135 120 121
2 6 3239 0 5 2532 0
3.25819 1.96742 7.34819
126 111 110
2 6 3255 0 5 3808 0
2.98707 -1.36338 7.8397
237 236 215
2 6 3297 0 5 3344 0
0.50389 0.676631 4.65297
177 175 149
2 6 3346 0 5 3427 0
-0.330807 -0.90648 6.82443
52 57 46
2 6 3374 0 5 3273 0
2.7594 -1.30787 7.73482
236 234 209
2 6 3439 0 5 3852 0
2.8273 -1.22303 7.63539
73 74 53
2 6 3501 0 5 4308 0
0.658035 0.968984 4.70285
150 130 138
2 6 3515 0 5 3350 0
2.27078 0.544534 4.95683
86 87 65
4 6 3551 0 5 4202 0 7 3169 0 8 3152 0
0.342114 0.547804 4.73243
244 244 227
2 6 3605 0 5 3702 0
-2.72883 -1.11051 6.76213
172 174 158
2 6 3632 0 5 3105 0
-7.27045 -0.761221 20.7207
239 241 227
2 6 3640 0 5 3126 0
-1.40585 0.754277 4.3264
216 216 198
2 6 3678 0 5 3548 0
2.41684 0.439625 5.06671
241 241 218
3 6 3690 0 5 4166 0 7 2953 0
-1.08818 0.729077 4.37117
208 208 189
2 6 3697 0 5 3421 0
2.6932 -0.655754 6.7728
235 236 214
2 6 3707 0 5 3736 0
-0.293061 -0.76697 6.66117
46 53 41
2 6 3748 0 5 4146 0
-2.62838 2.28155 6.46252
76 63 57
2 6 3761 0 5 4667 0
-1.46248 -0.596846 6.33009
48 50 42
2 6 3785 0 5 2457 0
-2.75068 2.36708 6.32326
50 39 41
2 6 3796 0 5 3226 0
1.82501 0.230425 5.22124
66 71 56
2 6 3858 0 5 4735 0
-0.385896 0.213074 5.18881
177 178 160
2 6 3863 0 5 3545 0
0.13584 0.480389 4.87414
68 70 56
2 6 3869 0 5 3032 0
1.74899 0.562416 4.85989
214 215 189
3 6 3874 0 5 4144 0 7 3535 0
-2.2025 0.715982 4.28473
240 239 218
3 6 3883 0 5 1977 0 7 3610 0
-4.11193 -0.149122 7.19762
54 57 42
2 6 3893 0 5 3023 0
0.732491 -0.64269 6.57486
235 236 217
2 6 3915 0 5 4037 0
-3.1552 -1.02789 6.72748
232 236 223
2 6 3940 0 5 3342 0
-0.272888 -0.693997 6.5586
50 56 45
2 6 3948 0 5 4198 0
3.7896 1.96567 7.43868
54 42 40
2 6 3950 0 5 4889 0
2.86265 0.460209 5.04869
240 238 207
2 6 3967 0 5 4619 0
-2.87249 -0.727779 6.41694
48 51 42
2 6 3969 0 5 3453 0
-0.539108 -0.283625 5.9042
243 244 231
2 6 3970 0 5 3428 0
-0.370274 0.572555 4.63618
242 243 227
2 6 3980 0 5 3426 0
0.723912 -0.952862 7.03942
231 234 220
2 6 3989 0 5 4089 0
-0.43236 1.11018 4.54022
134 113 120
2 6 4011 0 5 4224 0
-2.52493 0.0584819 5.25757
127 133 122
2 6 4029 0 5 2719 0
-3.38645 -1.01381 6.69022
229 234 217
2 6 4088 0 5 3294 0
0.854276 -1.24102 7.36774
58 67 54
2 6 4110 0 5 4252 0
0.922931 0.401799 5.00254
247 247 230
2 6 4126 0 5 4097 0
-1.10438 -0.228201 5.79564
84 91 74
2 6 4128 0 5 3796 0
2.78876 0.513992 5.05126
67 67 42
2 6 4136 0 5 4263 0
2.78876 0.513992 5.05126
67 67 42
2 6 4137 0 5 4262 0
-3.19359 -1.02327 6.71325
231 235 221
2 6 4155 0 5 3723 0
2.04816 -1.25432 7.54976
64 65 51
2 6 4157 0 5 3578 0
-2.73212 -0.229485 5.64408
234 237 219
2 6 4170 0 5 3573 0
-0.126699 -1.13845 7.22214
49 53 45
3 6 4188 0 5 4026 0 7 4950 0
-0.499059 0.648567 4.532
224 225 208
2 6 4193 0 5 4331 0
-0.700474 0.120599 5.33243
172 175 167
2 6 4220 0 5 4510 0
2.05479 0.522606 4.93172
235 235 207
2 6 4225 0 5 4445 0
0.111605 -0.308214 5.99345
236 240 226
2 6 4226 0 5 3922 0
1.06065 0.269562 6.06988
69 67 54
2 6 4246 0 5 4169 0
-2.30607 1.54126 4.46107
130 116 116
2 6 4338 0 5 3848 0
-2.30469 1.57259 4.48054
145 129 130
2 6 4361 0 5 4042 0
3.81313 -1.9593 9.91664
84 81 88
2 6 4368 0 5 5032 0
-2.61474 0.136934 5.16703
158 163 151
2 6 4376 0 5 3738 0
2.52374 -0.511727 6.51574
102 105 86
2 6 4413 0 5 4907 0
1.9417 0.552391 4.89883
216 214 188
3 6 4415 0 5 4440 0 8 4324 0
0.0835054 -0.29949 5.99253
233 237 223
3 6 4420 0 5 4264 0 7 4807 0
3.33865 -1.39586 7.93658
54 54 40
2 6 4424 0 5 4860 0
3.38673 -1.40296 7.94207
55 57 39
2 6 4425 0 5 5083 0
3.38673 -1.40296 7.94207
55 57 39
2 6 4426 0 5 5084 0
-1.52332 -0.204102 5.73472
64 70 55
2 6 4433 0 5 4367 0
-0.228345 -1.31841 7.42372
200 203 190
2 6 4438 0 5 4384 0
2.87812 -1.22515 7.66024
47 47 24
2 6 4442 0 5 4829 0
0.192095 0.477632 4.87515
72 77 63
2 6 4467 0 5 5154 0
-2.32522 1.55356 4.46321
95 80 83
2 6 4502 0 5 3039 0
1.75453 0.581823 4.87297
51 54 34
2 6 4518 0 5 4654 0
0.111479 -0.581042 6.40815
53 59 50
2 6 4523 0 5 4491 0
0.111479 -0.581042 6.40815
53 59 50
2 6 4524 0 5 4492 0
-1.2032 0.677904 4.40091
122 123 107
3 6 4528 0 5 4578 0 7 5040 0
1.93393 1.02048 5.01185
134 119 125
2 6 4535 0 5 4413 0
1.93393 1.02048 5.01185
134 119 125
2 6 4536 0 5 4412 0
-0.507998 -0.5706 6.32436
207 209 193
2 6 4541 0 5 4462 0
-1.03279 -1.14542 7.14489
64 74 64
2 6 4571 0 5 4398 0
1.4699 0.579304 4.80957
212 214 186
3 6 4594 0 5 4834 0 7 4718 0
3.36019 1.95606 7.32134
80 69 71
2 6 4595 0 5 4695 0
-2.98054 -1.01564 6.7965
58 62 52
2 6 4643 0 5 5035 0
0.391253 0.454684 1.55903
72 60 61
2 6 4646 0 5 4269 0
1.41506 0.597907 4.80386
60 63 40
3 6 4648 0 5 4820 0 7 4742 0
1.41572 0.598461 4.80705
64 67 45
2 6 4649 0 5 4821 0
-0.38782 0.603316 4.59409
235 234 218
2 6 4659 0 5 4176 0
-2.37901 -0.731959 6.44377
178 183 176
2 6 4670 0 5 4342 0
-0.122685 0.558076 4.63232
239 240 223
2 6 4679 0 5 4595 0
-0.259558 -0.764275 6.64509
243 245 231
2 6 4682 0 5 4325 0
-0.84834 0.715854 4.4203
188 185 162
2 6 4689 0 5 4421 0
0.935846 0.5489 4.79838
204 203 182
2 6 4706 0 5 4771 0
1.9218 0.949363 4.95469
120 106 107
2 6 4719 0 5 4957 0
-3.19218 -1.23828 6.96511
117 108 114
2 6 4720 0 5 2364 0
-1.92225 0.609649 4.54582
51 50 36
2 6 4728 0 5 4225 0
-2.72679 2.4015 6.23783
77 62 57
2 6 4735 0 5 4141 0
1.15206 0.614327 4.75293
59 62 41
4 6 4745 0 5 4961 0 7 4583 0 8 5821 0
1.94405 0.569512 4.90759
68 67 42
2 6 4752 0 5 4842 0
0.466612 0.641898 4.64508
217 212 183
2 6 4754 0 5 4803 0
-0.111851 0.680041 4.53815
184 182 158
2 6 4756 0 5 4590 0
2.15634 0.489929 4.99577
182 180 151
2 6 4771 0 5 5135 0
2.15634 0.489929 4.99577
182 180 151
2 6 4772 0 5 5136 0
0.238716 0.406597 4.97457
44 46 36
2 6 4798 0 5 4480 0
-1.15441 0.713817 4.38584
231 230 209
2 6 4817 0 5 4448 0
2.74209 -0.118254 5.96955
101 91 80
2 6 4818 0 5 5189 0
-0.125532 1.27843 4.75494
59 82 125
2 6 4824 0 5 4893 0
1.66868 0.584603 4.84834
49 52 33
3 6 4841 0 5 4976 0 7 4932 0
0.579384 0.547726 4.73979
233 233 214
2 6 4842 0 5 4312 0
-0.30015 1.1144 4.60954
101 86 92
2 6 4880 0 5 5002 0
-0.30015 1.1144 4.60954
101 86 92
2 6 4881 0 5 5003 0
1.25293 0.59262 4.76732
203 203 177
2 6 4913 0 5 4845 0
-0.774311 0.707903 4.42322
217 215 195
2 6 4942 0 5 4898 0
-8.81565 -0.55535 19.6629
229 230 214
2 6 4947 0 5 4980 0
-2.1118 0.796357 4.18469
215 217 194
3 6 4957 0 5 4113 0 7 5390 0
-2.42822 -0.976489 6.64274
61 64 52
2 6 4971 0 5 4532 0
-2.04634 -0.0639211 5.48297
181 187 176
2 6 4979 0 5 4439 0
-2.70726 -1.06861 6.83031
234 237 221
2 6 4989 0 5 4967 0
-2.75005 0.370189 4.83563
198 197 182
2 6 4994 0 5 4871 0
0.248743 0.476333 4.89431
66 70 55
2 6 5017 0 5 5028 0
0.367616 0.450796 4.89181
229 229 211
2 6 5022 0 5 4991 0
0.835771 0.634979 4.69845
61 61 42
2 6 5042 0 5 4894 0
-2.08906 0.703541 4.2992
238 235 215
2 6 5043 0 5 4994 0
-2.08906 0.703541 4.2992
238 235 215
2 6 5045 0 5 4993 0
-1.54698 -0.273945 5.82841
83 86 70
2 6 5058 0 5 4921 0
-2.15204 0.780114 4.20716
216 214 193
2 6 5070 0 5 4668 0
-2.69198 2.47835 6.13827
110 90 80
2 6 5080 0 5 3845 0
-1.64941 0.775775 4.29858
199 200 178
2 6 5127 0 5 4295 0
3.13045 -0.543605 6.60099
92 95 71
2 6 5157 0 5 5062 0
1.22618 0.609315 4.86342
200 200 171
2 6 5159 0 5 4931 0
-1.90204 0.697802 4.36128
236 236 215
2 6 5167 0 5 4409 0
-3.27788 -0.804704 6.48924
71 72 60
2 6 5169 0 5 4453 0
-2.89333 -1.02674 6.8182
80 86 71
2 6 5177 0 5 4862 0
0.498675 0.597133 4.7028
237 236 215
2 6 5181 0 5 4883 0
-0.348799 -0.0381553 5.58777
42 46 37
2 6 5182 0 5 5010 0
3.78263 -1.05392 12.4912
246 246 227
2 6 5187 0 5 4995 0
9.43406 2.70093 32.1096
248 248 227
2 6 5249 0 5 5011 0
-2.50143 -1.06505 6.8737
190 195 181
2 6 5252 0 5 4874 0
2.12106 -1.46983 7.89609
221 224 209
2 6 5253 0 5 5199 0
1.62487 -1.3829 7.71257
229 232 217
2 6 5264 0 5 4986 0
-1.91796 0.664736 4.38894
105 107 92
2 6 5306 0 5 5042 0
0.790008 0.736256 7.81961
67 67 59
2 6 707 0 5 496 0
-0.207696 0.563857 4.64541
242 243 228
2 7 2821 0 4 2834 0
0.359955 0.703009 4.64036
27 28 27
2 7 3977 0 4 4538 0
0.409041 0.700412 4.65645
31 29 25
2 7 4460 0 4 4551 0
-0.763842 0.721056 4.51778
217 216 195
2 7 4652 0 4 5042 0
-1.74321 -0.660721 6.42474
55 60 50
2 5 1823 0 6 2080 0
-0.0548175 0.74042 4.59009
70 73 54
2 7 2139 0 5 2666 0
1.16351 0.598279 4.76109
183 183 156
2 7 4044 0 5 4049 0
0.594461 0.684185 4.67582
63 66 47
2 7 4912 0 5 4840 0
-1.95424 -1.21879 7.12139
237 241 230
2 7 2487 0 6 2992 0
0.103184 0.801145 4.66761
68 69 59
2 7 2770 0 6 3026 0
-0.698496 0.455831 4.7911
110 118 109
2 7 3401 0 6 4346 0
0.360541 0.642689 4.62524
211 208 182
2 7 4288 0 6 4207 0
-0.434257 -0.938736 6.88112
237 240 228
2 7 4502 0 6 4260 0
0.962121 0.627453 4.72949
61 64 45
2 7 4627 0 6 4520 0
1.13449 0.601661 4.75853
201 201 173
2 7 4881 0 6 4732 0
1.17114 0.613592 4.76141
55 56 34
2 7 4986 0 6 4885 0
0.430945 0.644086 4.64137
223 220 192
2 7 5247 0 6 4955 0
1.00178 0.610415 4.73399
190 188 161
2 7 5251 0 6 4674 0
1.42435 0.581873 4.79727
190 190 163
2 7 5259 0 6 4944 0
1.04646 0.604476 4.74123
186 184 161
2 8 4121 0 5 3975 0
1.92024 0.570511 4.897
47 48 25
2 8 5749 0 7 4961 0
