drews 1.0
8 359
0.865656 0.0569146 -0.11885
0.900799 -0.34658 0.261666
0.318697 0.9369 0.143747
-0.294979 -0.0460985 0.954409
-1.00491 -0.3126 0.275559
0 0 0
0 0 0
0 0 0
0 0 0
0 0 0
0 0 0
0 0 0
0 0 0
0 0 0
0 0 0
0.853239 0.242007 -1.79337
-0.987253 0.0126953 -0.160165
-0.157317 -0.275489 0.948451
-0.0320934 0.961555 0.273967
0.828263 -2.74656 2.20741
0.824286 -0.349208 0.267173
-0.535513 0.715192 -0.450122
-0.668831 -0.0314698 0.743675
0.517603 0.699463 0.494878
1.52398 -2.0297 1.01228
0 0 0
0 0 0
0 0 0
0 0 0
0 0 0
0.872603 0.0574763 -0.11083
0.99994 -0.000574733 -0.0127766
0.000568335 1 0.000532503
0.0127747 -0.00054179 0.999944
0.0291097 0.00762283 0.0699883
0.864062 0.0582879 -0.122253
0.889508 -0.368212 0.27055
0.360994 0.92931 0.0778966
-0.280106 0.0283774 0.959551
-0.971024 -0.207943 0.227185
0.802251 -0.34638 2.7093
212 206 180
3 4 923 0 3 594 0 7 481 0
0.61438 -0.00688101 2.69339
110 113 94
3 6 20 0 0 18 0 7 11 0
-0.0634542 -0.452409 2.66156
181 174 150
3 6 44 0 0 60 0 7 48 0
-0.0355324 -0.458798 2.67091
189 182 159
4 6 75 0 0 66 0 7 50 0 3 20 0
-1.57341 -0.982938 3.31239
93 91 87
3 6 87 0 0 104 0 7 90 0
-0.198685 0.127509 2.29609
171 164 142
3 6 134 0 0 321 0 7 356 0
0.496259 -0.137695 2.67533
196 187 160
2 6 187 0 0 185 0
0.563237 0.729899 2.21979
185 183 179
4 6 220 0 0 203 0 1 411 0 7 169 0
-0.830332 0.644924 2.18926
94 94 91
3 6 235 0 0 528 0 7 621 0
0.512688 -0.11876 2.66223
190 182 156
2 6 244 0 0 290 0
0.743465 -0.277618 2.65614
204 187 158
3 6 264 0 0 286 0 7 295 0
1.09704 -0.500442 2.84237
241 228 198
4 6 278 0 0 241 0 7 193 0 3 136 0
0.821652 -0.308326 2.69026
199 183 154
3 6 293 0 0 205 0 7 196 0
0.770882 -0.43109 2.76997
236 218 187
3 6 315 0 0 288 0 7 257 0
1.05916 -0.439525 2.79371
234 218 186
3 6 351 0 0 310 0 7 289 0
0.388882 -0.370342 2.65464
172 158 128
3 6 360 0 0 372 0 7 374 0
0.907216 -0.303001 2.6838
238 222 191
3 6 369 0 0 405 0 7 454 0
-1.26697 0.125391 2.53353
72 70 65
3 6 388 0 0 406 0 7 458 0
0.934434 -0.420546 2.77157
239 221 188
3 6 394 0 0 353 0 7 326 0
0.450536 -0.423669 2.67943
223 211 178
3 6 395 0 0 650 0 7 553 0
0.888426 -0.371493 2.73661
242 224 191
3 6 422 0 0 258 0 7 279 0
0.378797 -0.460585 2.72238
209 197 167
3 6 442 0 0 308 0 7 276 0
0.92572 -0.347926 2.72079
242 225 194
3 6 477 0 0 275 0 7 307 0
-1.52293 -0.63693 3.06611
80 79 75
3 6 492 0 0 562 0 7 762 0
0.423109 -0.374448 2.66858
171 154 124
2 6 500 0 0 587 0
0.23634 -0.193231 2.52801
198 188 160
4 6 548 0 0 500 0 5 392 0 7 511 0
0.23634 -0.193231 2.52801
200 190 162
3 6 549 0 0 501 0 7 512 0
0.248809 -0.198405 2.52886
194 184 156
3 6 561 0 0 498 0 7 564 0
0.40724 -0.24684 2.57844
208 191 157
3 6 569 0 0 707 0 7 616 0
-0.414895 0.511051 2.31478
78 80 78
3 6 570 0 0 429 0 7 582 0
1.08759 -0.57504 2.89734
245 228 193
3 6 577 0 0 479 0 7 394 0
0.110503 0.0644527 2.49968
89 92 77
2 6 591 0 0 184 0
-1.24857 0.106614 2.55297
177 173 164
4 6 596 0 0 926 0 4 208 0 7 842 0
0.748526 -0.441565 2.77103
241 222 190
2 6 610 0 0 522 0
-0.466935 0.577404 2.26585
140 138 135
3 6 614 0 0 674 0 7 630 0
-1.10569 0.353672 2.39034
78 75 69
3 6 622 0 0 838 0 7 730 0
0.290966 -0.549067 2.76086
175 167 140
3 6 655 0 0 585 0 7 525 0
0.366962 0.550396 2.33835
123 122 121
3 6 676 0 0 459 0 7 556 0
0.575232 0.72725 2.22274
91 90 87
3 6 711 0 0 503 0 7 469 0
-1.10941 0.344741 2.39326
117 114 107
4 6 774 0 0 958 0 4 572 0 7 1102 0
0.0496875 0.337355 2.4707
155 155 153
3 6 826 0 0 791 0 7 808 0
0.588264 -0.151231 2.6827
182 172 146
2 6 827 0 0 719 0
0.56542 0.641725 2.28254
185 184 180
3 6 872 0 0 541 0 7 636 0
-0.351119 0.0372825 2.34623
159 155 134
2 6 875 0 0 792 0
0.840568 -0.319247 2.69345
226 209 179
3 6 915 0 0 788 0 7 758 0
0.549015 -0.273402 2.58162
220 208 179
2 6 936 0 0 976 0
0.629614 -0.140378 2.68163
172 167 144
3 6 943 0 0 897 0 7 794 0
0.220938 -0.206191 2.52751
203 193 165
3 6 993 0 0 846 0 7 929 0
0.0884667 -0.0230572 2.56238
95 103 90
3 6 994 0 0 570 0 7 482 0
0.861377 -0.343285 2.70788
239 221 190
3 6 1002 0 0 770 0 7 774 0
0.683268 0.383762 2.47581
201 200 198
4 6 1012 0 0 625 0 1 943 0 7 687 0
0.955281 -0.533351 2.86124
227 209 176
3 6 1053 0 0 818 0 7 731 0
0.773884 -0.254786 2.64887
195 180 149
2 6 1090 0 0 885 0
0.57749 -0.108083 2.65368
184 173 145
2 6 1100 0 0 965 0
0.57749 -0.108083 2.65368
184 173 145
2 6 1101 0 0 964 0
0.74029 -0.264059 2.64684
236 219 189
2 6 1144 0 0 701 0
0.997301 -0.375154 2.74423
244 227 196
3 6 1156 0 0 729 0 7 789 0
0.232437 -0.452002 2.7189
107 117 106
2 6 1239 0 0 819 0
0.980667 -0.603934 2.90606
217 202 172
4 6 1401 0 0 780 0 7 911 0 3 696 0
0.569649 0.720436 2.22644
180 178 174
3 6 1428 0 0 765 0 7 855 0
0.569649 0.720436 2.22644
180 178 174
3 6 1429 0 0 766 0 7 856 0
0.946853 -0.547173 2.86423
202 184 151
3 6 1438 0 0 972 0 7 711 0
0.68301 0.383284 2.4747
205 204 203
3 6 1013 0 1 942 0 7 686 0
-0.857659 0.647138 2.18799
85 83 78
3 6 659 0 4 657 0 7 843 0
-1.20913 0.259335 2.44844
162 155 149
3 6 731 0 4 505 0 7 1086 0
0.396249 -0.111795 2.80374
90 94 79
2 7 5 0 0 4 0
0.602288 0.0468779 2.63867
199 193 168
2 7 9 0 0 11 0
0.353125 -0.541634 2.79276
182 177 151
2 7 12 0 0 15 0
0.353125 -0.541634 2.79276
182 177 151
2 7 13 0 0 16 0
1.24601 -0.11164 2.84334
139 138 140
2 7 17 0 0 20 0
0.0439139 -0.174332 2.53443
68 68 49
2 7 23 0 0 33 0
0.0439139 -0.174332 2.53443
68 68 49
2 7 24 0 0 32 0
-0.217753 -0.196469 2.50256
164 160 133
2 7 34 0 0 38 0
-0.217753 -0.196469 2.50256
164 160 133
2 7 35 0 0 39 0
-0.209261 -0.0385555 2.40148
160 153 126
2 7 52 0 0 54 0
-0.209261 -0.0385555 2.40148
160 153 126
2 7 53 0 0 53 0
0.391047 -0.496397 2.80359
190 183 155
2 7 55 0 0 72 0
0.323807 -0.58147 2.80658
54 55 38
2 7 58 0 0 76 0
-0.25349 0.0973043 2.31801
147 147 124
2 7 61 0 0 57 0
-0.381434 -0.0484631 2.38188
53 55 40
2 7 64 0 0 99 0
-0.93073 -0.267682 2.81898
65 63 58
2 7 68 0 0 89 0
-0.15018 0.071457 2.33844
156 150 122
2 7 71 0 0 81 0
-0.15018 0.071457 2.33844
156 150 122
2 7 72 0 0 80 0
-0.231565 -0.0271526 2.33332
158 153 131
2 7 74 0 0 74 0
-0.0306581 0.239084 2.47117
88 90 72
2 7 78 0 0 105 0
-0.640462 0.0136853 2.3372
117 115 93
2 7 80 0 0 103 0
-0.763975 0.325547 2.39848
85 85 61
2 7 84 0 0 117 0
0.03004 0.0177047 2.50342
113 116 101
2 7 85 0 0 125 0
-0.482081 0.375277 2.24889
63 65 49
2 7 87 0 0 56 0
-0.791335 0.354562 2.43691
86 85 63
2 7 91 0 0 116 0
1.10481 -0.39564 2.75097
239 222 192
2 7 94 0 0 100 0
-0.200758 -0.0151459 2.38635
160 153 123
2 7 100 0 0 128 0
-0.116906 0.125151 2.29921
152 145 120
2 7 103 0 0 108 0
-0.116906 0.125151 2.29921
152 145 120
2 7 104 0 0 107 0
1.26655 -0.566476 3.00073
253 240 209
2 7 109 0 0 113 0
-0.530727 0.435535 2.33445
74 75 58
2 7 111 0 0 110 0
0.29428 -0.186935 2.52523
186 177 149
2 7 112 0 0 145 0
-0.0532441 0.234694 2.47198
210 214 197
2 7 122 0 0 141 0
1.21257 -0.282167 2.91021
210 218 204
2 7 126 0 0 137 0
-0.016069 0.210331 2.50367
126 134 120
2 7 128 0 0 138 0
-0.0921512 0.257347 2.45872
121 128 116
2 7 135 0 0 153 0
0.430314 -1.62752 3.87425
222 222 222
2 7 136 0 0 155 0
0.430314 -1.62752 3.87425
222 222 222
2 7 137 0 0 154 0
-0.243031 -0.0481989 2.38264
174 172 147
2 7 141 0 0 148 0
0.091481 -0.366369 2.73102
122 134 126
2 7 147 0 0 165 0
-0.516606 0.409656 2.30271
126 128 114
2 7 150 0 0 121 0
-0.131455 0.12925 2.29105
252 242 214
2 7 161 0 0 198 0
0.398047 -0.554491 2.86277
217 205 179
2 7 162 0 0 164 0
0.398047 -0.554491 2.86277
217 205 179
2 7 163 0 0 163 0
-0.68656 0.33136 2.32817
98 99 76
2 7 173 0 0 228 0
0.689371 -0.276345 2.65997
226 213 186
2 7 179 0 0 214 0
-0.0503547 -0.312775 2.67157
210 192 162
2 7 190 0 0 369 0
0.49977 -0.234063 2.5649
190 185 161
2 7 194 0 0 289 0
0.575136 -0.267005 2.66745
101 105 93
2 7 195 0 0 169 0
-0.237107 -0.188755 2.51562
173 167 141
2 7 203 0 0 254 0
0.295065 -0.535881 2.7592
196 190 166
2 7 208 0 0 249 0
0.766975 -0.289692 2.67399
204 189 163
2 7 215 0 0 231 0
-0.434636 0.263071 2.18478
157 153 129
2 7 220 0 0 224 0
0.618468 -0.171686 2.7038
81 81 66
2 7 221 0 0 245 0
0.149895 0.0869048 2.51599
158 162 147
2 7 232 0 0 455 0
0.614167 -0.0575571 2.69047
152 158 145
2 7 248 0 0 196 0
-0.284359 -0.238787 2.42646
203 200 174
2 7 249 0 0 359 0
0.629678 -0.322138 2.68396
220 209 182
2 7 252 0 0 346 0
-0.0376608 0.0988936 2.35191
175 171 151
2 7 263 0 0 300 0
0.461691 0.696914 2.23593
153 151 145
2 7 267 0 0 246 0
0.908597 -0.512369 2.83895
206 188 158
2 7 270 0 0 216 0
-0.505594 0.230336 2.18549
145 143 123
2 7 273 0 0 272 0
1.12443 -0.50353 2.84235
246 229 198
2 7 274 0 0 302 0
0.815207 0.45079 2.4309
201 198 198
2 7 277 0 0 299 0
0.815207 0.45079 2.4309
201 198 198
2 7 278 0 0 298 0
0.0680555 -0.100573 2.46346
156 152 127
2 7 280 0 0 301 0
1.08839 -0.550045 2.88639
244 228 195
2 7 284 0 0 357 0
1.27317 -0.28242 2.89205
244 233 204
2 7 286 0 0 382 0
0.97265 0.232578 2.61902
133 129 128
2 7 296 0 0 391 0
0.238341 0.042 2.55032
106 109 95
2 7 301 0 0 438 0
0.622187 -0.37989 2.73686
223 210 182
2 7 304 0 0 284 0
0.44362 -0.0260559 2.59361
158 165 149
2 7 305 0 0 268 0
0.518716 -0.247758 2.57218
202 196 168
2 7 306 0 0 338 0
0.643246 -0.906662 3.38051
122 117 116
2 7 308 0 0 398 0
-0.850669 0.00750973 2.58395
146 142 119
2 7 311 0 0 696 0
0.704709 -0.374914 2.71816
234 220 192
2 7 313 0 0 478 0
0.793143 -0.33949 2.70786
202 187 158
2 7 316 0 0 437 0
-0.140204 0.128668 2.27978
141 139 120
2 7 320 0 0 377 0
-0.238689 -0.249309 2.57913
255 250 224
2 7 322 0 0 303 0
0.375566 -0.0558422 2.59902
116 120 107
2 7 323 0 0 324 0
-0.74946 0.355882 2.35386
140 138 115
2 7 331 0 0 278 0
0.297589 -0.138315 2.47433
123 128 117
2 7 334 0 0 332 0
1.2772 -0.426279 2.82187
255 250 230
2 7 335 0 0 343 0
-0.0573339 0.23283 2.43735
113 122 108
2 7 342 0 0 197 0
-0.264466 -0.246812 2.5484
165 165 143
2 7 347 0 0 355 0
0.881537 -0.34173 2.71242
206 193 165
4 7 350 0 0 379 0 3 492 0 6 437 0
0.881537 -0.34173 2.71242
206 193 165
4 7 351 0 0 380 0 3 493 0 6 438 0
-0.0679696 0.176702 2.38918
118 124 111
2 7 358 0 0 279 0
0.973191 0.166595 2.67978
106 105 102
2 7 360 0 0 468 0
0.973191 0.166595 2.67978
106 105 102
2 7 361 0 0 467 0
0.701188 -0.438635 2.76981
244 226 194
3 7 364 0 0 393 0 6 321 0
0.700373 -0.439638 2.77596
240 224 195
2 7 365 0 0 392 0
-0.377306 0.244079 2.20392
149 147 125
2 7 373 0 0 358 0
0.275495 -0.178687 2.5277
188 178 152
2 7 375 0 0 312 0
0.275495 -0.178687 2.5277
188 178 152
2 7 376 0 0 313 0
0.582437 -0.957566 3.41172
156 152 152
2 7 379 0 0 367 0
0.569044 0.126712 2.64628
134 137 135
2 7 382 0 0 374 0
0.791514 -0.399325 2.74952
240 224 194
2 7 388 0 0 457 0
0.665287 -0.905263 3.38549
215 210 209
2 7 391 0 0 448 0
0.665287 -0.905263 3.38549
215 210 209
2 7 392 0 0 447 0
0.0343219 -0.388302 2.64162
179 174 147
2 7 395 0 0 390 0
0.341241 -0.421067 2.6887
210 200 168
3 7 397 0 0 839 0 6 1241 0
0.928195 -0.326014 2.71333
240 223 194
2 7 402 0 0 417 0
0.928195 -0.326014 2.71333
240 223 194
2 7 403 0 0 416 0
-0.184546 0.156427 2.31394
115 115 93
2 7 404 0 0 801 0
-0.278117 0.179499 2.25544
138 136 112
2 7 406 0 0 327 0
0.846218 0.239335 2.57735
145 144 143
2 7 412 0 0 425 0
0.138885 0.135055 2.54297
123 130 115
2 7 413 0 0 426 0
0.933211 -0.445683 2.79264
244 227 197
2 7 414 0 0 491 0
0.0556693 0.075003 2.46343
122 125 108
2 7 417 0 0 336 0
-0.505616 0.249137 2.18653
132 130 110
2 7 425 0 0 684 0
0.817004 -0.505909 2.83537
219 202 172
2 7 427 0 0 481 0
0.817004 -0.505909 2.83537
219 202 172
2 7 428 0 0 482 0
0.610242 -0.184992 2.69483
75 74 61
2 7 437 0 0 261 0
-0.483991 0.548211 2.27783
98 98 96
2 7 438 0 0 462 0
0.470538 -0.296868 2.60343
195 188 156
2 7 439 0 0 560 0
1.26698 -0.432933 2.80745
214 198 170
2 7 441 0 0 422 0
-0.215039 -0.0714143 2.4224
214 213 191
2 7 442 0 0 504 0
0.359316 -0.60709 2.77643
205 196 176
2 7 446 0 0 386 0
0.0301116 -0.146652 2.52646
152 148 124
2 7 451 0 0 475 0
1.01034 -0.32919 2.71849
195 181 154
2 7 460 0 0 451 0
0.771448 -0.417405 2.76334
214 199 167
2 7 461 0 0 527 0
0.995778 0.212899 2.61323
97 96 95
2 7 466 0 0 492 0
-0.184952 0.0572039 2.33342
192 185 158
2 7 470 0 0 476 0
0.552947 -1.44801 3.7632
118 117 118
2 7 471 0 0 511 0
0.285863 -0.162933 2.49616
157 150 122
2 7 474 0 0 489 0
0.285863 -0.162933 2.49616
157 150 122
2 7 475 0 0 490 0
0.916632 0.226947 2.56855
178 174 173
2 7 484 0 0 350 0
0.647048 -0.319194 2.70092
224 212 186
2 7 488 0 0 704 0
0.50282 -0.350743 2.70608
255 255 226
2 7 496 0 0 769 0
1.25947 -0.459674 2.84328
255 254 232
2 7 506 0 0 521 0
0.553759 -0.856877 3.34538
191 187 184
2 7 517 0 0 599 0
0.553759 -0.856877 3.34538
191 187 184
2 7 518 0 0 600 0
0.966325 -0.663446 2.94692
210 197 169
3 7 520 0 0 642 0 3 371 0
0.354581 -0.121418 2.52635
152 160 146
2 7 521 0 0 617 0
0.290331 -0.549409 2.76314
167 161 137
2 7 524 0 0 584 0
-0.0577425 0.218267 2.44412
170 175 157
2 7 526 0 0 370 0
0.0464907 0.0713399 2.45126
159 163 147
2 7 531 0 0 450 0
1.05381 -0.558615 2.88311
247 229 197
2 7 534 0 0 583 0
-0.129618 0.139749 2.30032
231 221 194
2 7 543 0 0 685 0
0.529598 -0.177897 2.68532
127 129 114
2 7 552 0 0 385 0
-0.418523 0.494314 2.31173
30 32 28
2 7 555 0 0 356 0
0.893112 -0.334861 2.70865
233 218 189
2 7 557 0 0 641 0
0.183472 -0.178686 2.51907
155 148 123
2 7 560 0 0 535 0
0.183472 -0.178686 2.51907
155 148 123
2 7 561 0 0 534 0
0.24795 -0.209572 2.53386
156 149 123
2 7 562 0 0 545 0
0.0469537 -0.0451147 2.55797
135 141 127
2 7 563 0 0 561 0
-1.73656 -0.93338 3.2678
84 84 81
3 7 565 0 0 753 0 6 400 0
-0.188 0.0740228 2.34696
194 188 163
2 7 567 0 0 533 0
0.70827 0.184397 2.6083
179 178 176
2 7 571 0 0 608 0
0.799815 -0.492931 2.79836
247 230 201
2 7 579 0 0 739 0
-0.412964 0.509773 2.31175
70 71 69
2 7 581 0 0 428 0
-0.371725 -0.542117 3.05486
81 77 69
2 7 583 0 0 508 0
1.02572 0.247059 2.59691
101 97 95
2 7 586 0 0 754 0
1.09541 -0.56794 2.88798
203 185 152
3 7 601 0 0 629 0 6 751 0
-0.187907 -0.111604 2.28333
195 195 172
2 7 606 0 0 636 0
0.871331 0.229077 2.58372
147 146 143
2 7 635 0 0 627 0
0.829847 0.658939 2.2844
178 174 169
2 7 642 0 0 604 0
0.829847 0.658939 2.2844
178 174 169
2 7 643 0 0 603 0
0.405339 -0.440948 2.70725
198 186 157
2 7 644 0 0 810 0
0.0323621 0.0385911 2.52076
100 104 88
2 7 647 0 0 453 0
-0.789991 0.403845 2.32054
169 167 141
3 7 650 0 0 874 0 6 664 0
0.587047 -0.813504 3.31436
191 186 184
2 7 653 0 0 703 0
0.587047 -0.813504 3.31436
191 186 184
2 7 654 0 0 702 0
0.891671 -0.69649 2.97324
245 227 198
2 7 655 0 0 669 0
1.12873 -0.587981 2.89821
251 231 199
2 7 657 0 0 649 0
1.00653 0.429534 2.45063
172 170 166
2 7 660 0 0 790 0
0.447344 -0.454659 2.71986
192 182 155
2 7 662 0 0 692 0
-0.242166 -0.064748 2.41232
234 233 211
2 7 666 0 0 688 0
1.20917 -0.466007 2.82888
217 200 169
2 7 668 0 0 698 0
1.20877 -0.465308 2.8223
217 199 167
3 7 669 0 0 699 0 6 699 0
0.753926 0.285556 2.54737
138 137 137
2 7 676 0 0 759 0
0.753926 0.285556 2.54737
138 137 137
2 7 677 0 0 760 0
0.753926 0.285556 2.54737
138 137 137
2 7 678 0 0 758 0
-0.287195 -0.24965 2.43394
80 75 65
2 7 679 0 0 555 0
-0.163125 0.107536 2.28264
155 154 134
2 7 685 0 0 796 0
0.870739 0.240439 2.60186
118 118 116
2 7 693 0 0 671 0
0.022701 -0.38757 2.63755
235 229 203
2 7 706 0 0 690 0
0.022701 -0.38757 2.63755
235 229 203
2 7 707 0 0 691 0
-0.275673 -0.0818311 2.34422
76 77 57
2 7 708 0 0 477 0
-0.192965 0.0559988 2.303
157 156 137
2 7 709 0 0 779 0
1.2497 -0.0969781 2.84586
205 204 206
2 7 713 0 0 694 0
1.2497 -0.0969781 2.84586
205 204 206
2 7 714 0 0 695 0
-0.293962 -1.77088 3.93877
169 165 154
2 7 726 0 0 732 0
0.440027 -0.394834 2.67505
196 184 150
2 7 727 0 0 658 0
-0.258927 -0.0899792 2.32632
159 154 133
2 7 728 0 0 648 0
0.444618 -0.375709 2.67852
193 179 148
2 7 729 0 0 778 0
-0.431351 -0.812371 3.27428
132 131 127
2 7 732 0 0 845 0
0.345988 0.00777125 2.5777
157 162 148
2 7 734 0 0 988 0
0.592324 -0.175436 2.69265
157 155 138
2 7 736 0 0 794 0
-0.509829 0.403877 2.32281
76 79 63
2 7 744 0 0 678 0
0.353904 -0.107302 2.55624
158 165 150
2 7 750 0 0 601 0
-0.279298 -0.122875 2.41998
218 218 196
2 7 756 0 0 999 0
0.858105 -0.369944 2.74389
237 221 190
2 7 759 0 0 761 0
0.470801 -0.423645 2.68821
185 177 148
2 7 776 0 0 668 0
0.772574 -1.36758 3.70473
160 155 155
2 7 778 0 0 840 0
1.21134 -0.510374 2.8669
249 231 200
2 7 784 0 0 903 0
0.744426 -0.379827 2.73338
237 221 191
3 7 785 0 0 749 0 6 1015 0
0.799485 -0.307014 2.69014
227 212 183
2 7 787 0 0 787 0
0.327294 -0.187199 2.52442
216 202 170
3 7 793 0 0 871 0 6 1004 0
0.051167 0.0542582 2.42551
163 167 149
2 7 795 0 0 675 0
-0.396724 -0.07719 2.37815
69 74 62
2 7 796 0 0 384 0
0.970768 -0.655325 2.94562
250 232 201
2 7 804 0 0 902 0
0.987239 0.214803 2.59197
184 180 180
2 7 807 0 0 680 0
0.83643 -1.13037 3.56485
193 189 187
2 7 810 0 0 881 0
0.913468 -1.14567 3.56878
221 216 218
2 7 811 0 0 859 0
0.65565 -0.951697 3.41595
199 193 193
2 7 818 0 0 877 0
0.65565 -0.951697 3.41595
199 193 193
2 7 819 0 0 875 0
0.87998 0.492838 2.4059
184 180 177
2 7 822 0 0 771 0
0.87998 0.492838 2.4059
184 180 177
2 7 823 0 0 772 0
0.262747 -0.201566 2.53458
191 185 160
2 7 825 0 0 873 0
0.851986 -0.293878 2.67483
242 225 196
3 7 828 0 0 833 0 6 948 0
0.988116 -0.970626 3.44805
217 211 212
2 7 853 0 0 906 0
0.83569 -0.287394 2.67047
231 216 188
2 7 859 0 0 731 0
0.748723 -0.421545 2.76617
238 222 194
2 7 865 0 0 820 0
1.01485 -0.338722 2.71746
233 219 191
2 7 867 0 0 782 0
0.589695 -0.15065 2.67452
166 160 139
2 7 868 0 0 720 0
0.430518 -0.480352 2.78009
228 219 192
2 7 871 0 0 891 0
-0.182584 -0.010514 2.38906
198 192 163
2 7 872 0 0 905 0
0.920978 -0.370833 2.7346
201 184 153
3 7 888 0 0 936 0 6 1268 0
1.0418 -0.583403 2.89842
249 233 200
2 7 891 0 0 900 0
-0.171545 0.0835028 2.28188
161 160 139
2 7 895 0 0 880 0
0.869119 0.161427 2.63319
177 176 174
2 7 899 0 0 955 0
0.21314 -0.198135 2.53732
150 144 119
2 7 902 0 0 917 0
0.21314 -0.198135 2.53732
150 144 119
2 7 903 0 0 916 0
-0.0509953 -0.382629 2.62764
166 161 139
2 7 905 0 0 832 0
0.767354 -1.38434 3.71947
214 209 208
2 7 910 0 0 942 0
-0.185147 -0.0656571 2.43764
225 222 199
2 7 912 0 0 888 0
0.659654 -0.39984 2.74441
208 193 167
2 7 927 0 0 835 0
0.362392 -0.0499395 2.59391
106 109 95
2 7 939 0 0 923 0
1.01639 0.240301 2.59792
119 111 109
2 7 943 0 0 856 0
0.341713 -0.201123 2.53681
166 151 120
3 7 947 0 0 919 0 6 1049 0
0.676622 0.514494 2.37293
94 92 87
2 7 957 0 0 828 0
1.01581 -0.657337 2.95027
227 209 176
2 7 962 0 0 977 0
0.734733 -0.345599 2.70981
202 188 160
2 7 971 0 0 984 0
-0.124166 0.119582 2.34696
206 196 169
2 7 976 0 0 928 0
0.357631 -0.60228 2.80186
175 168 146
2 7 979 0 0 868 0
-0.191111 0.0101619 2.41588
205 197 168
2 7 983 0 0 927 0
-0.118211 0.100079 2.32678
200 191 165
2 7 1003 0 0 907 0
1.03342 0.551809 2.37633
97 94 92
2 7 1013 0 0 865 0
1.02296 -1.14231 3.5635
226 222 221
2 7 1023 0 0 863 0
0.191217 -0.0826629 2.45461
164 168 152
2 7 1025 0 0 867 0
0.673843 0.410521 2.45444
168 167 164
2 7 1026 0 0 915 0
0.673843 0.410521 2.45444
168 167 164
2 7 1027 0 0 914 0
1.01897 0.225945 2.59469
80 77 75
2 7 1031 0 0 887 0
1.18756 -0.193433 2.86647
201 196 171
2 7 1038 0 0 755 0
-0.282351 -1.68217 3.88606
95 94 92
2 7 1040 0 0 948 0
0.56641 0.715097 2.23021
87 84 80
2 7 1041 0 0 860 0
1.03794 0.545381 2.3751
127 124 121
2 7 1055 0 0 931 0
0.297832 -0.214297 2.54284
198 191 165
2 7 1080 0 0 982 0
0.375303 0.31076 2.50758
85 85 80
2 7 1081 0 0 935 0
0.813133 -0.263357 2.66549
232 217 190
2 7 1091 0 0 751 0
0.775886 -1.39509 3.72082
155 151 150
2 7 1111 0 0 836 0
0.802251 -0.346379 2.70929
212 202 177
2 7 480 0 3 595 0
0.874221 -0.456602 2.79292
216 202 174
3 7 1043 0 3 1068 0 6 1278 0
0.874221 -0.456602 2.79292
216 202 174
3 7 1044 0 3 1069 0 6 1277 0
0.921377 -0.426015 2.7749
211 201 175
2 7 1096 0 3 941 0
0.921377 -0.426015 2.7749
211 201 175
2 7 1097 0 3 940 0
-1.19084 -1.24399 3.51303
86 85 82
2 7 81 0 6 77 0
0.155513 -0.539569 2.75205
203 194 169
2 7 93 0 6 102 0
1.0122 -0.503283 2.83618
233 214 179
2 7 167 0 6 242 0
0.319879 -0.491061 2.74067
209 197 169
2 7 181 0 6 207 0
0.350109 -0.515323 2.74042
224 211 183
2 7 223 0 6 354 0
1.09012 -0.480562 2.82513
219 200 167
2 7 238 0 6 289 0
1.18514 -0.190949 2.87718
199 192 166
2 7 285 0 6 456 0
1.05974 -0.439945 2.79531
234 217 185
2 7 290 0 6 350 0
0.527822 -0.130487 2.66401
173 165 140
2 7 298 0 6 325 0
1.12846 -0.619336 2.93331
249 232 198
2 7 367 0 6 924 0
0.208394 -0.207352 2.53803
208 197 169
2 7 415 0 6 683 0
0.208394 -0.207352 2.53803
208 197 169
2 7 416 0 6 684 0
0.874568 -0.325525 2.6978
243 225 193
2 7 435 0 6 749 0
0.790001 -0.327421 2.69592
238 219 188
2 7 529 0 6 959 0
1.09309 -0.445211 2.80219
206 188 155
2 7 596 0 6 647 0
0.998355 -0.393188 2.76034
236 219 188
2 7 599 0 6 1017 0
0.371822 -0.380912 2.66599
221 207 173
2 7 700 0 6 848 0
0.839819 -0.138338 2.79302
214 221 208
2 7 703 0 6 1265 0
1.01797 -0.392268 2.75693
199 181 150
2 7 742 0 6 1024 0
0.819071 -0.27937 2.65888
232 214 184
2 7 869 0 6 708 0
0.598102 -0.148389 2.67808
217 206 182
2 7 873 0 6 1237 0
0.930391 -0.432694 2.78471
203 185 150
2 7 896 0 6 988 0
0.930391 -0.432694 2.78471
203 185 150
2 7 897 0 6 989 0
1.07513 -0.349147 2.73582
205 188 160
2 7 906 0 6 819 0
0.821881 -0.27179 2.65751
209 190 161
2 7 934 0 6 1312 0
0.821881 -0.27179 2.65751
209 190 161
2 7 935 0 6 1313 0
-0.156309 0.128555 2.27852
168 168 152
2 7 990 0 6 705 0
0.766684 -0.453095 2.78261
240 221 187
2 7 992 0 6 1113 0
0.258971 -0.191973 2.52435
146 134 108
2 7 1015 0 6 837 0
0.393903 -0.187367 2.51086
197 184 155
2 7 1033 0 6 1232 0
0.702453 -0.268179 2.64303
180 164 134
2 7 1036 0 6 1430 0
-1.20889 0.25929 2.44805
149 143 138
2 7 1085 0 6 732 0
-1.1103 0.344904 2.39475
109 107 102
2 7 1101 0 6 773 0
-0.443204 0.523211 2.30583
71 73 72
2 7 1109 0 6 1051 0
0.876103 -0.291995 2.68025
245 228 197
2 7 1115 0 6 1409 0
0.350135 -0.531659 2.75217
182 169 142
2 7 1126 0 6 1413 0
