drews 1.0
13 1007
1.05558 0.0686121 0.681973
0.732786 -0.501712 0.459828
0.177189 0.793161 0.583039
-0.657205 -0.345757 0.670074
-0.826653 -1.15564 -0.585648
0 0 0
0 0 0
0 0 0
0 0 0
0 0 0
0 0 0
0 0 0
0 0 0
0 0 0
0 0 0
0 0 0
0 0 0
0 0 0
0 0 0
0 0 0
0 0 0
0 0 0
0 0 0
0 0 0
0 0 0
1.07428 0.155251 -0.452776
0.873206 -0.243185 0.422743
0.0666046 0.918326 0.390837
-0.483218 -0.312989 0.817853
-0.764258 -0.807668 -0.816052
1.11473 0.194301 -0.86432
0.942306 0.0952014 0.328879
-0.16399 0.969332 0.197066
-0.299744 -0.23796 0.927363
-0.599838 -0.448786 -0.936781
1.0392 0.115021 -0.305879
0.883377 0.429829 0.189335
-0.443424 0.896199 0.0330725
-0.155219 -0.112715 0.981696
-0.337113 -0.139971 -1.09763
1.01751 0.149833 -0.441362
0.74884 0.658815 -0.084745
-0.660144 0.752369 0.0165704
0.0743305 0.0435115 0.997662
0.16994 -0.089292 -1.12647
2.06731 -3.9109 22.2728
0.562579 0.799047 -0.229517
-0.804549 0.591664 0.0942745
0.210086 0.13238 0.97124
0.425713 -0.257015 -0.194944
0 0 0
0 0 0
0 0 0
0 0 0
0 0 0
0.625863 1.99508 -6.99461
0.239747 0.954218 -0.179133
-0.967082 0.251064 0.0432749
0.0862788 0.162795 0.982929
0.225777 -0.139615 -1.15289
0.503112 1.38873 -4.10165
0.0897152 0.972516 -0.215179
-0.993975 0.101308 0.0434461
0.0640035 0.209955 0.975651
0.247196 -0.104672 -1.25532
0.120335 0.166982 1.63244
163 169 165
9 2 2805 0 1 3373 0 3 3980 0 4 3490 0 11 5003 0 9 4757 0 8 4090 0 10 4120 0 12 4127 0
0.0745464 0.121213 1.54569
196 204 201
8 3 3563 0 2 2938 0 4 3010 0 11 3834 0 9 2997 0 8 2734 0 10 3182 0 12 3170 0
-0.204012 -0.0526049 1.82143
64 67 69
2 6 238 0 7 302 0
-0.111434 -0.119055 1.8966
44 51 52
2 5 349 0 0 225 0
0.122315 0.0812276 1.89856
51 60 61
3 6 651 0 7 834 0 8 1466 0
0.0233975 -0.166755 1.9824
38 42 40
5 5 659 0 0 488 0 6 1035 0 7 1170 0 8 1458 0
-0.212192 -0.0472385 1.82192
201 207 210
2 6 876 0 7 753 0
-0.131978 -0.107243 1.88293
215 222 222
4 5 744 0 0 639 0 6 1000 0 7 1071 0
0.00494502 -0.202191 1.98538
216 221 221
3 5 789 0 0 731 0 6 903 0
0.00494502 -0.202191 1.98538
216 221 221
3 5 790 0 0 730 0 6 902 0
-0.0213147 -0.205218 1.98157
55 61 58
3 5 817 0 0 748 0 6 939 0
-0.246081 -0.165679 1.85801
214 220 219
4 5 885 0 0 858 0 6 880 0 7 666 0
-0.277448 -0.186077 1.85694
60 63 56
4 5 917 0 0 902 0 6 1114 0 7 1194 0
0.0301498 -0.166578 1.98813
216 222 221
4 5 948 0 0 836 0 6 1232 0 7 1269 0
0.0301498 -0.166578 1.98813
216 222 221
4 5 949 0 0 835 0 6 1231 0 7 1268 0
-0.0208993 -0.164057 1.95742
52 56 57
4 5 965 0 0 910 0 6 1007 0 8 1248 0
-0.0195741 -0.162285 1.95514
53 57 58
3 5 966 0 0 909 0 6 1006 0
-0.024009 0.0119099 1.87413
212 220 223
2 5 968 0 0 957 0
-0.108824 0.24502 1.71178
203 211 211
2 6 1541 0 7 1741 0
0.0891985 -0.0125321 1.93944
80 88 90
2 5 1238 0 0 1674 0
-0.0242499 -0.161311 1.95631
160 167 168
3 5 1241 0 0 2505 0 6 1525 0
-0.0611917 -0.0705226 1.89011
216 224 225
2 5 1439 0 0 1942 0
-0.141063 0.202386 1.71602
211 214 213
2 6 1442 0 8 1653 0
-0.0313355 -0.171989 1.95495
119 127 125
4 5 1514 0 0 1849 0 6 1818 0 8 2022 0
-0.135269 -0.109176 1.88095
212 220 221
3 5 1581 0 0 1319 0 6 2338 0
-0.235384 -0.170772 1.86564
214 220 219
4 5 1747 0 0 2362 0 6 1986 0 7 2199 0
-0.0445249 -0.0259432 1.88392
211 220 222
2 5 1858 0 0 2413 0
-0.0953986 0.246608 1.71616
211 218 218
2 6 2076 0 7 1849 0
-0.0190013 -0.159627 1.95885
204 210 212
3 5 1873 0 0 3911 0 6 3332 0
0.0394727 -0.185531 1.99424
62 62 60
4 5 1974 0 0 1521 0 6 2629 0 7 2958 0
-0.248695 -0.178366 1.86529
212 220 217
4 5 2033 0 0 1727 0 6 2515 0 7 2013 0
-0.123865 -0.107955 1.88001
190 200 200
2 5 2127 0 0 3023 0
0.019828 -0.162602 1.98026
209 216 218
3 5 2145 0 0 1926 0 6 2617 0
-0.247124 -0.205375 1.87777
199 202 200
4 5 2164 0 0 2008 0 6 2113 0 7 2262 0
-0.0915329 0.25737 1.71376
201 208 209
2 6 2600 0 7 2909 0
-0.0915329 0.25737 1.71376
201 208 209
2 6 2601 0 7 2910 0
-0.272531 -0.190842 1.85968
62 65 62
4 5 2245 0 0 2149 0 6 2804 0 7 3239 0
0.199019 0.219827 1.87531
53 59 56
2 6 4100 0 7 5404 0
0.0640622 -0.0271732 1.93914
186 195 195
2 5 2443 0 0 2024 0
-0.147335 0.206386 1.71224
205 209 207
2 6 3205 0 7 3042 0
-0.10799 0.249677 1.7092
204 212 213
2 6 2785 0 7 2824 0
0.0557417 -0.0171288 1.92879
197 205 206
2 5 2570 0 0 2022 0
-0.23509 -0.168951 1.86856
39 46 44
4 5 2647 0 0 2912 0 6 3166 0 7 3139 0
-0.237404 -0.213706 1.8864
190 194 190
4 5 2660 0 0 2653 0 6 3224 0 7 3335 0
-0.0836542 0.250743 1.72093
205 213 213
2 6 3086 0 7 3134 0
0.0272384 -0.169336 1.98722
58 64 64
3 5 2753 0 0 2981 0 6 3940 0
0.0662773 -0.0307709 1.94319
204 214 215
2 5 2797 0 0 1592 0
-0.0874546 -0.0636325 1.88178
50 57 56
2 5 2885 0 0 2317 0
-0.228519 -0.182356 1.87716
59 66 63
4 5 3002 0 0 3907 0 6 3290 0 7 2867 0
-0.119491 0.0383196 1.82388
199 207 209
3 6 3002 0 7 3099 0 8 3224 0
-0.0934236 0.247329 1.71738
128 132 131
2 6 3796 0 7 5041 0
-0.103641 0.240631 1.71658
208 215 216
2 6 3399 0 7 3418 0
0.0331579 -0.181838 1.99024
92 91 87
3 5 3207 0 0 2339 0 6 5342 0
-0.251252 -0.175823 1.86339
49 54 51
5 5 3304 0 0 3230 0 6 3246 0 7 2836 0 10 1839 0
0.0425634 -0.18898 2.00004
61 63 59
3 5 3308 0 0 2886 0 6 4356 0
0.0282398 -0.172084 1.98776
189 197 196
4 5 3338 0 0 3180 0 6 3945 0 7 4160 0
-0.241137 0.106892 1.71855
206 212 211
2 6 2998 0 7 2924 0
-0.204691 -0.144635 1.86848
212 219 219
5 5 3592 0 0 4392 0 6 3271 0 7 3376 0 8 2857 0
0.0650258 -0.030333 1.93954
85 89 90
2 5 3617 0 0 2667 0
-0.104692 -0.286796 1.97857
64 71 67
4 5 3643 0 0 3601 0 6 4216 0 7 4174 0
-0.104692 -0.286796 1.97857
60 68 63
4 5 3644 0 0 3600 0 6 4215 0 7 4175 0
-0.252292 -0.179113 1.86314
213 220 219
4 5 3713 0 0 4639 0 6 3714 0 7 3531 0
0.0489515 -0.00967997 1.92033
191 198 200
2 5 3895 0 0 2937 0
0.0199577 0.0286936 1.88468
206 218 220
2 5 4017 0 0 3660 0
-0.109399 -0.284501 1.97816
58 63 61
4 5 4425 0 0 3967 0 6 4834 0 7 4066 0
-0.107693 -0.286372 1.97708
211 219 217
4 5 4474 0 0 4713 0 6 4666 0 7 4428 0
-0.0839949 -0.157008 1.9279
201 208 210
3 6 557 0 0 529 0 5 716 0
0.0367203 -0.0852098 1.94423
222 224 226
2 6 18 0 5 23 0
0.154445 -0.00456599 1.95222
226 228 228
2 6 19 0 5 8 0
0.18557 -0.00522128 1.97839
222 224 223
2 6 20 0 7 21 0
0.18557 -0.00522128 1.97839
222 224 223
2 6 21 0 7 20 0
0.105133 0.153747 1.86232
219 227 227
2 6 160 0 7 329 0
-0.0616997 -0.00788884 1.86215
216 223 224
2 6 168 0 5 156 0
-0.0451015 0.00671114 1.86028
215 223 226
2 6 171 0 7 143 0
-0.0917277 -0.108424 1.89805
88 96 94
2 6 211 0 5 211 0
-0.0295736 0.019609 1.86053
217 224 226
3 6 215 0 7 200 0 8 293 0
-0.115035 -0.0105866 1.84784
214 219 220
2 6 332 0 5 290 0
-0.023047 -0.176167 1.95641
227 230 229
2 6 347 0 5 320 0
-0.0756045 0.229719 1.74158
215 220 223
2 6 385 0 7 445 0
0.0853964 -0.0374638 1.94439
64 67 67
2 6 510 0 5 876 0
-0.0553622 -0.154996 1.94294
215 220 221
2 6 591 0 5 594 0
-0.0553622 -0.154996 1.94294
215 220 221
2 6 592 0 5 593 0
-0.0454526 -0.219029 1.97603
215 220 218
2 6 636 0 5 794 0
-0.00753505 -0.193372 1.98321
52 56 55
2 6 696 0 5 698 0
-0.0258234 -0.0132635 1.87923
85 92 91
2 6 698 0 5 935 0
0.0985101 0.081771 1.88775
159 141 148
2 6 719 0 7 1243 0
-0.0345959 0.0262467 1.86079
224 230 232
3 6 765 0 7 707 0 8 773 0
-0.00394322 -0.134637 1.95457
77 73 76
3 6 784 0 5 544 0 7 780 0
-0.0948456 -0.169865 1.92967
212 216 216
2 6 799 0 5 850 0
0.136737 0.014225 1.94532
55 63 60
2 6 856 0 5 848 0
-0.0312824 -0.207377 1.97753
214 220 218
2 6 861 0 5 898 0
0.016462 -0.148858 1.97519
209 213 215
2 6 870 0 5 602 0
-0.181487 -0.0345585 1.82851
209 215 218
2 6 890 0 8 698 0
-0.231045 0.102965 1.73233
69 68 72
3 6 1031 0 7 1047 0 8 838 0
0.0263812 0.264143 1.77107
203 212 214
2 6 1032 0 7 1182 0
-0.0696445 -0.222202 1.96716
218 222 221
2 6 1033 0 5 866 0
-0.000661175 0.0533945 1.86042
222 230 230
2 6 1053 0 5 747 0
0.0356078 -0.176808 1.99057
223 226 225
3 6 1110 0 5 902 0 7 1323 0
-0.216066 0.0779981 1.74992
67 65 68
3 6 1218 0 7 898 0 8 678 0
-0.0120404 -0.202931 1.98401
216 222 219
2 6 1225 0 5 1004 0
-0.00443244 0.00159973 1.88359
216 223 225
3 6 1273 0 5 928 0 7 1251 0
-0.118802 -0.114688 1.89119
209 215 218
3 6 1296 0 5 953 0 7 1343 0
-0.0327606 -0.199696 1.97624
51 57 53
2 6 1324 0 5 1087 0
0.0937363 0.0854082 1.8848
216 224 226
3 6 1354 0 7 1418 0 8 1561 0
9.98664e-05 -0.135321 1.95679
56 60 58
3 6 1387 0 5 1094 0 7 1636 0
0.0386765 -0.0651618 1.94346
45 51 51
4 6 1396 0 5 985 0 7 1623 0 8 2332 0
0.0386765 -0.0651618 1.94346
45 51 51
4 6 1397 0 5 984 0 7 1622 0 8 2331 0
0.0427083 -0.0626259 1.94518
207 216 217
3 6 1398 0 5 1095 0 7 1595 0
-0.252322 -0.205611 1.87509
53 57 54
3 6 1841 0 5 1249 0 7 2337 0
0.0740714 -0.0551902 1.9508
119 130 126
2 6 1862 0 5 1256 0
0.0220188 -0.00311673 1.89333
127 140 136
2 6 1920 0 5 1924 0
0.140863 -0.0816629 1.99736
98 109 104
2 6 1922 0 5 1175 0
-0.0193937 -0.114632 1.93815
64 69 69
2 6 2047 0 5 1173 0
-0.217951 -0.15786 1.86724
208 213 212
3 6 2078 0 5 2219 0 7 1664 0
-0.0756678 -0.164316 1.93084
229 232 232
4 6 2157 0 5 1991 0 7 1871 0 8 2121 0
-0.280899 0.0282678 1.74745
204 211 209
2 6 2168 0 7 1868 0
-0.118025 0.225937 1.71615
213 220 221
2 6 2195 0 7 2174 0
-0.0780672 0.265033 1.71634
207 212 214
2 6 2308 0 7 2662 0
-0.0780672 0.265033 1.71634
207 212 214
2 6 2309 0 7 2661 0
-0.199794 -0.142346 1.86895
208 213 212
3 6 2426 0 5 2883 0 7 2286 0
-0.020598 0.0717298 1.84547
217 224 226
2 6 2496 0 7 2759 0
-0.0432535 -0.00552857 1.8731
44 54 54
2 6 2532 0 5 2640 0
0.157271 -0.0709278 1.99479
219 224 223
4 6 2550 0 5 1756 0 7 2710 0 8 2642 0
0.0933289 -0.135718 1.99953
224 227 225
4 6 2609 0 5 1706 0 7 2672 0 8 2129 0
-0.0721749 0.266573 1.71809
209 216 217
2 6 2636 0 7 2299 0
-0.272713 -0.187055 1.85943
182 183 178
3 6 2813 0 5 2398 0 7 2636 0
0.0215142 0.0464695 1.87495
213 224 225
3 6 2845 0 7 2604 0 8 3323 0
-0.0775034 -0.130674 1.92433
55 60 59
2 6 2888 0 5 1559 0
-0.1917 -0.243119 1.91959
207 208 204
3 6 2913 0 5 2770 0 7 2353 0
0.0490263 0.0591574 1.88345
199 208 208
2 6 2976 0 8 3776 0
0.0749858 -0.0358507 1.95029
45 50 53
2 6 3072 0 5 2294 0
0.0749858 -0.0358507 1.95029
45 50 53
2 6 3073 0 5 2295 0
0.14706 0.0172937 1.95179
197 206 208
2 6 3097 0 5 2223 0
0.0671838 -0.139374 1.99055
202 211 211
3 6 3118 0 5 2601 0 7 3591 0
0.197328 0.222604 1.87508
59 64 62
2 6 3167 0 7 3943 0
-0.0472481 0.262817 1.73521
196 203 203
2 6 3169 0 7 3582 0
-0.0872113 -0.0566607 1.87915
195 203 202
2 6 3296 0 5 2604 0
-0.0632502 -0.171463 1.94515
125 130 128
2 6 3346 0 5 1977 0
-0.0557642 -0.0818727 1.89318
43 48 47
2 6 3368 0 5 3059 0
-0.133453 0.225543 1.70961
206 211 213
2 6 3402 0 7 3245 0
-0.120563 0.231544 1.71287
209 215 217
2 6 3433 0 7 3479 0
-0.251737 0.11665 1.70971
200 204 203
2 6 3492 0 7 3298 0
-0.0817427 0.260787 1.71632
205 210 212
2 6 3521 0 7 3613 0
0.0559843 -0.148456 1.98921
200 209 208
4 6 3522 0 5 3007 0 7 3957 0 8 4197 0
0.206636 0.227296 1.87646
39 45 44
2 6 3599 0 7 3870 0
-0.293426 -0.128183 1.81911
211 215 212
2 6 3690 0 7 3360 0
0.0623928 -0.165337 1.99759
210 214 212
3 6 3792 0 5 3541 0 7 3893 0
-0.0695483 0.274256 1.71239
206 211 210
2 7 3662 0 8 4841 0
-0.00789816 -0.138815 1.95425
215 221 221
2 6 3958 0 5 4016 0
-0.0287329 -0.160908 1.95644
67 71 70
3 6 3964 0 5 2334 0 7 4167 0
-0.203161 0.148271 1.71553
205 211 210
3 6 4007 0 7 3690 0 8 3574 0
0.000436635 -0.150282 1.95585
52 57 54
2 6 4034 0 5 3445 0
-0.109426 0.246221 1.71191
208 215 215
2 6 4041 0 7 3200 0
-0.111841 0.250575 1.70788
207 211 212
2 6 4080 0 7 4092 0
0.102871 0.0791234 1.89209
35 43 43
2 6 4106 0 5 3166 0
-0.0726513 -0.0494676 1.8795
207 217 216
2 6 4144 0 5 3359 0
0.141405 -0.0783277 1.99844
201 211 208
2 6 4193 0 5 3269 0
0.141966 -0.0768337 1.99559
201 209 207
3 6 4194 0 5 3268 0 7 4806 0
0.12611 -0.0903939 1.99513
202 211 209
3 6 4280 0 5 3397 0 7 4648 0
0.12611 -0.0903939 1.99513
202 211 209
3 6 4281 0 5 3396 0 7 4647 0
0.0579026 0.09709 1.86721
185 194 196
2 6 4287 0 7 4615 0
-0.0866841 0.257492 1.71641
206 212 214
2 6 4332 0 7 4163 0
-0.144606 0.205316 1.71374
208 209 208
2 6 4334 0 7 3857 0
-0.247006 0.0332242 1.76773
117 122 122
2 6 4344 0 7 4944 0
0.0508048 0.113258 1.85458
195 204 204
3 6 4379 0 7 4445 0 8 5304 0
-0.0879469 -0.104255 1.89846
159 168 166
2 6 4468 0 5 4542 0
-0.0879469 -0.104255 1.89846
159 168 166
2 6 4469 0 5 4541 0
-0.264803 -0.187629 1.86215
209 211 209
3 6 4482 0 5 4160 0 7 3817 0
0.0932753 -0.117575 1.99245
204 213 211
3 6 4519 0 5 3293 0 7 4837 0
0.00230899 0.303267 1.73884
199 204 204
2 6 4553 0 7 4892 0
-0.12062 0.222019 1.71681
209 215 217
2 6 4568 0 7 4384 0
0.168357 0.187063 1.74657
207 217 216
2 6 4573 0 7 4827 0
-0.256993 -0.182279 1.86232
215 220 217
3 6 4600 0 5 4186 0 7 4559 0
0.211645 0.211666 1.88857
46 53 49
2 6 4629 0 7 4189 0
-0.241657 -0.169386 1.86558
44 49 45
3 6 4658 0 5 3620 0 7 4156 0
-0.204147 -0.142045 1.87003
33 40 37
3 6 4721 0 5 4241 0 7 4669 0
-0.0887698 0.261308 1.71315
202 209 211
2 6 4735 0 7 4750 0
-0.0790346 0.267098 1.71439
112 117 117
2 6 4877 0 7 5299 0
0.0747369 -0.150667 1.99737
223 224 224
2 6 4913 0 5 4028 0
-0.0952611 0.256094 1.7127
205 210 211
2 6 4951 0 7 5022 0
-0.0843154 -0.0589928 1.87925
205 214 214
2 6 4954 0 5 4534 0
-0.0995542 0.249042 1.71404
105 108 108
2 6 5042 0 7 5027 0
-0.064875 0.273882 1.71721
131 137 136
2 6 5058 0 7 4632 0
-0.0260393 -0.009817 1.88486
35 43 43
2 6 5094 0 5 3977 0
0.0184977 0.0450877 1.87332
177 191 193
2 6 5123 0 5 4853 0
0.12845 -0.0894466 1.99847
205 215 212
2 6 5143 0 5 3886 0
-0.0406584 -0.0225793 1.88326
34 41 43
2 6 5216 0 5 4074 0
-0.155256 -0.1139 1.87564
210 216 216
2 6 5228 0 5 4627 0
0.0195926 -0.165921 1.98041
45 48 47
2 6 5281 0 5 3368 0
0.0195926 -0.165921 1.98041
45 48 47
2 6 5282 0 5 3369 0
0.105778 0.128822 1.87018
95 106 105
2 6 5331 0 5 4802 0
-0.0312501 0.00529605 1.87569
38 46 45
4 7 3354 0 4 2854 0 6 3597 0 8 4795 0
-0.0798989 -0.100822 1.90174
202 207 208
4 7 2187 0 5 3877 0 6 2085 0 8 1921 0
-0.14218 -0.111624 1.87855
182 190 190
4 7 3836 0 5 3923 0 8 3827 0 10 3732 0
-0.134604 0.105731 1.74577
224 228 229
2 7 0 0 6 2 0
-0.134604 0.105731 1.74577
224 228 229
2 7 1 0 6 3 0
0.154499 0.0345248 1.94736
227 229 227
2 7 19 0 6 14 0
-0.0945264 0.200578 1.74343
224 227 229
2 7 26 0 6 31 0
-0.0945264 0.200578 1.74343
227 228 230
3 7 27 0 6 32 0 10 64 0
-0.255878 0.00772125 1.7863
221 222 221
2 7 30 0 6 33 0
-0.27923 0.0432134 1.74547
94 84 86
2 7 51 0 6 209 0
-0.27923 0.0432134 1.74547
94 84 86
2 7 52 0 6 208 0
-0.0321408 -0.165605 1.9543
78 84 81
2 7 53 0 6 103 0
-0.0183089 0.208028 1.7838
218 226 225
2 7 57 0 6 90 0
-0.00390102 0.153942 1.82226
218 224 225
2 7 74 0 6 72 0
-0.262625 0.045528 1.75347
210 214 213
2 7 76 0 6 242 0
-0.262625 0.045528 1.75347
210 214 213
2 7 77 0 6 241 0
-0.20605 0.116532 1.74194
213 218 219
2 7 97 0 6 205 0
-0.0531606 0.125123 1.81712
81 78 87
2 7 102 0 6 170 0
0.00736434 0.14068 1.82778
215 220 223
2 7 125 0 6 128 0
0.00736434 0.14068 1.82778
215 220 223
2 7 126 0 6 129 0
0.140264 0.197271 1.85744
54 60 60
2 7 141 0 6 115 0
-0.093193 -0.110377 1.90337
105 112 111
3 8 187 0 9 122 0 10 75 0
0.0131711 0.168007 1.81738
216 223 224
2 7 150 0 6 134 0
0.00787308 0.0728789 1.85922
219 225 227
2 7 157 0 6 153 0
0.00787308 0.0728789 1.85922
219 225 227
2 7 158 0 6 154 0
-0.0456337 0.220831 1.76095
76 71 77
2 7 161 0 6 214 0
-0.170156 0.146382 1.74118
209 215 215
2 7 167 0 6 212 0
-0.18544 -0.0264272 1.82068
207 214 213
2 7 168 0 6 274 0
-0.0996359 0.0842627 1.80856
91 88 99
4 7 169 0 6 179 0 8 246 0 10 276 0
-0.201466 -0.0399686 1.81858
210 215 216
2 7 182 0 6 250 0
0.0567578 0.112777 1.86099
219 224 226
2 7 190 0 6 186 0
-0.2348 -0.0432854 1.80583
178 184 181
2 7 193 0 6 295 0
-0.056664 0.0184967 1.85772
214 220 223
2 7 203 0 6 239 0
-0.127241 0.200256 1.73551
216 222 225
2 7 204 0 6 109 0
0.0175842 0.126888 1.83657
205 212 213
2 7 205 0 6 199 0
-0.0930457 -0.0340014 1.86086
210 215 217
3 7 211 0 6 234 0 8 239 0
-0.210626 0.0104334 1.79411
79 76 81
2 7 219 0 6 270 0
-0.123755 0.0292526 1.82625
222 227 230
3 7 224 0 6 244 0 8 275 0
-0.119522 0.0561563 1.81122
199 207 208
3 7 234 0 6 264 0 8 207 0
0.169953 -0.0498675 1.99046
83 90 88
2 7 250 0 6 194 0
-0.0888151 -0.122927 1.89986
228 230 229
4 7 265 0 6 265 0 9 168 0 10 66 0
-0.255841 -0.0841492 1.81695
209 210 208
2 7 273 0 6 318 0
-0.0738019 0.138375 1.794
212 219 220
2 7 276 0 6 213 0
-0.188303 -0.0150051 1.82171
88 84 95
2 6 316 0 8 139 0
0.0897573 0.21132 1.82632
184 191 191
2 7 286 0 6 166 0
-0.164599 0.0274377 1.80497
86 84 94
4 7 295 0 6 289 0 8 305 0 10 350 0
0.160337 0.223831 1.85673
226 230 228
2 7 306 0 6 77 0
0.121361 0.167521 1.86252
222 229 228
2 7 310 0 6 120 0
0.121361 0.167521 1.86252
222 229 228
2 7 311 0 6 119 0
0.124165 0.239192 1.83135
225 230 229
2 7 320 0 6 74 0
0.105133 0.153747 1.86232
222 229 228
2 7 330 0 6 163 0
-0.125352 0.0168465 1.83087
98 93 104
2 7 339 0 6 312 0
-0.267169 -0.098996 1.82056
218 222 218
2 7 348 0 6 383 0
-0.275345 -0.123924 1.82515
182 186 183
2 7 358 0 6 328 0
-0.0623574 0.126435 1.80448
209 215 216
2 7 363 0 6 237 0
-0.236595 -0.0569586 1.8144
73 72 77
2 7 370 0 6 399 0
-0.113885 0.00391545 1.84057
103 98 109
2 7 376 0 6 326 0
0.134263 0.224392 1.84352
224 229 227
2 7 402 0 6 105 0
0.122118 0.180531 1.85707
42 51 49
2 7 417 0 6 287 0
-0.0488551 0.229314 1.75521
209 218 220
2 7 430 0 6 396 0
-0.0488551 0.229314 1.75521
209 218 220
2 7 431 0 6 395 0
-0.23013 0.110281 1.73288
216 220 220
2 7 434 0 6 334 0
0.0593052 0.0922638 1.87115
224 228 231
2 7 465 0 6 397 0
0.183386 0.0454849 1.95595
220 225 225
2 7 498 0 6 362 0
-0.0786359 0.214879 1.74661
220 225 226
2 7 500 0 6 474 0
-0.0786359 0.214879 1.74661
220 225 226
2 7 501 0 6 475 0
-0.30445 0.0233146 1.73741
210 213 212
2 7 581 0 6 923 0
-0.0230482 -0.115605 1.93636
55 53 55
2 7 586 0 6 572 0
0.0199885 0.173419 1.81321
214 221 224
3 7 612 0 6 625 0 8 733 0
0.0549425 0.156917 1.82367
225 231 233
2 7 635 0 6 529 0
0.0116434 -0.0664448 1.93144
46 48 50
2 7 637 0 6 759 0
0.0116434 -0.0664448 1.93144
46 48 50
2 7 638 0 6 760 0
-0.118373 0.200292 1.73778
91 89 94
2 7 668 0 6 762 0
-0.118373 0.200292 1.73778
91 89 94
2 7 669 0 6 761 0
-0.144255 -0.076777 2.06036
226 231 231
2 7 673 0 6 573 0
0.097134 0.00525143 1.93811
51 52 55
2 7 700 0 6 874 0
-0.0345959 0.0262467 1.86079
227 233 235
3 7 706 0 6 766 0 8 772 0
-0.0173328 0.218008 1.77852
60 59 63
2 7 712 0 6 1029 0
-0.19799 -0.0474899 1.82747
198 206 207
2 7 725 0 6 866 0
-0.172536 -0.258255 1.93802
219 220 215
2 7 741 0 6 927 0
-0.162599 -0.26834 1.94827
217 220 216
2 7 754 0 6 959 0
-0.110108 -0.0153533 1.84816
225 229 230
2 7 759 0 6 940 0
-0.148815 -0.0502309 1.77624
221 224 222
2 7 761 0 6 1018 0
-0.181487 -0.0345585 1.82851
211 218 221
2 6 891 0 8 699 0
0.24034 -0.00692304 1.9962
109 119 113
2 7 814 0 8 1137 0
0.206688 0.0031233 1.98407
42 45 44
2 7 815 0 6 579 0
-0.0669916 -0.153484 1.93276
76 74 76
2 7 819 0 6 640 0
-0.0138677 -0.125711 1.94709
85 83 84
2 7 821 0 6 737 0
0.0756456 -0.0325089 1.94826
88 86 90
2 7 831 0 6 654 0
0.122315 0.0812276 1.89856
43 48 49
3 7 835 0 6 652 0 8 1465 0
0.119217 0.154927 1.9589
57 65 63
2 7 862 0 6 657 0
0.215961 0.0105929 1.98614
58 60 59
2 7 874 0 6 684 0
-0.235394 0.0975203 1.72848
67 66 68
3 7 880 0 6 568 0 8 869 0
-0.236915 0.0969648 1.73092
58 58 57
2 7 881 0 6 567 0
0.12147 0.00528717 1.94768
83 82 86
3 7 908 0 6 691 0 8 1144 0
-0.2875 -0.172279 1.84045
43 44 40
2 7 913 0 6 936 0
0.144102 0.136102 1.88743
225 230 231
2 7 918 0 6 606 0
-0.104674 0.211083 1.73603
207 212 214
2 7 942 0 6 992 0
-0.104674 0.211083 1.73603
207 212 214
2 7 943 0 6 993 0
-0.0219111 -0.125425 1.94076
225 228 227
2 7 946 0 6 789 0
-0.0660887 0.24554 1.73861
92 86 92
2 7 947 0 6 916 0
0.221831 0.0155358 1.98488
52 57 53
2 7 955 0 6 602 0
0.118775 0.234959 1.82729
217 224 225
2 7 973 0 6 546 0
-0.0572491 -0.163795 1.94392
82 79 80
2 7 976 0 6 821 0
0.126653 0.161527 1.95771
57 61 61
2 7 987 0 6 655 0
-0.162088 -0.114731 2.22364
220 226 229
2 7 995 0 6 910 0
-0.114831 0.0600261 1.81521
208 215 218
2 7 1007 0 6 1099 0
0.191462 0.044053 1.96006
78 76 77
2 7 1012 0 6 753 0
-0.087041 0.226065 1.73628
212 217 219
2 7 1022 0 6 957 0
0.186077 0.0247507 1.95821
69 69 72
2 7 1048 0 6 629 0
0.216541 0.18951 1.89829
227 230 229
2 7 1060 0 6 842 0
0.0249033 -0.237019 2.20257
64 71 69
2 7 1075 0 6 900 0
-0.133999 -0.0687181 1.86093
213 219 219
2 7 1078 0 6 1194 0
0.0944978 0.21521 1.82732
208 214 217
2 7 1086 0 6 935 0
-0.0794064 -0.106311 1.90782
42 48 46
2 7 1099 0 6 1257 0
-0.0794064 -0.106311 1.90782
42 48 46
2 7 1100 0 6 1258 0
-0.0518478 0.255712 1.73596
215 223 222
2 7 1115 0 6 1016 0
0.071457 0.0469329 1.89264
210 218 221
2 7 1127 0 6 1005 0
0.129768 0.221057 1.83605
219 224 225
2 7 1129 0 6 745 0
0.223729 0.195924 1.89874
221 225 222
2 7 1136 0 6 922 0
0.0739737 0.0685188 1.88
215 219 221
2 7 1143 0 6 1130 0
-0.170427 0.155025 1.73599
90 86 91
3 7 1150 0 6 1256 0 8 1009 0
-0.17083 0.15488 1.73684
87 83 88
2 7 1151 0 6 1255 0
0.181499 0.179875 1.88212
224 230 229
2 7 1186 0 6 972 0
-0.0777352 -0.0604094 1.87925
222 226 228
2 7 1208 0 6 1202 0
-0.271984 -0.177274 1.8538
216 218 213
2 7 1211 0 6 1344 0
-0.126752 0.192225 1.73594
83 83 87
2 7 1222 0 6 1283 0
-0.173175 -0.267385 1.93945
39 40 36
2 7 1229 0 6 1241 0
-0.110133 0.0774908 1.80652
220 226 227
3 7 1237 0 6 1280 0 8 1340 0
-0.100474 -0.0403322 1.86199
213 219 220
2 7 1239 0 6 1289 0
-0.0559366 0.0506592 1.84289
223 228 230
3 7 1259 0 6 1251 0 8 1397 0
-0.0461412 0.104233 1.82205
215 223 225
2 7 1294 0 6 1166 0
0.0171047 0.163734 1.81838
217 223 226
3 7 1322 0 6 1190 0 8 1556 0
-0.090091 -0.0505648 1.87113
216 223 222
2 7 1353 0 6 1335 0
-0.160365 -0.0215155 1.82482
58 63 63
2 7 1363 0 6 1567 0
-0.142724 0.0197477 1.82013
220 225 227
2 7 1374 0 6 1248 0
-0.142724 0.0197477 1.82013
220 225 227
2 7 1375 0 6 1247 0
0.187177 0.0405659 1.95818
219 224 224
2 7 1396 0 6 1137 0
0.158451 -0.0663605 1.99374
88 97 94
3 7 1411 0 6 1366 0 8 1632 0
-0.127751 0.21741 1.71548
217 224 224
2 7 1434 0 6 1376 0
-0.127751 0.21741 1.71548
217 224 224
2 7 1435 0 6 1377 0
-0.103703 0.0389281 1.82701
199 207 210
2 7 1436 0 6 1625 0
-0.224443 -0.0489019 1.81722
144 146 143
2 7 1448 0 6 1217 0
-0.00699721 0.0905027 1.84414
218 224 227
2 7 1466 0 6 1312 0
-0.270686 0.0237297 1.75852
169 174 172
2 7 1506 0 6 1428 0
0.209485 0.078361 1.95028
215 220 218
2 7 1512 0 6 1185 0
0.21775 0.201906 1.89265
221 227 225
2 7 1523 0 6 1226 0
0.179459 -0.0470761 1.99305
79 85 83
2 7 1547 0 6 1337 0
0.029084 0.248222 1.76548
38 43 44
2 7 1564 0 6 1383 0
-0.203053 0.06846 1.7554
53 55 55
2 7 1615 0 6 1469 0
-0.222066 0.107944 1.73803
181 187 188
2 7 1617 0 6 1487 0
-0.152909 0.0206951 1.81811
88 86 96
2 7 1634 0 6 1412 0
-0.109351 0.235149 1.71652
215 223 222
2 7 1641 0 6 1451 0
-0.0440766 -0.169541 1.95489
208 218 215
2 7 1683 0 6 1594 0
-0.0440766 -0.169541 1.95489
208 218 215
2 7 1684 0 6 1593 0
-0.108824 0.24502 1.71178
210 217 217
2 7 1740 0 6 1542 0
-0.073211 0.268646 1.7167
211 217 218
2 7 1761 0 6 1897 0
-0.142253 0.222319 1.70686
212 216 217
2 7 1787 0 6 1865 0
-0.165771 -0.262374 1.94704
36 38 35
2 7 1790 0 6 1947 0
0.00787507 0.197457 1.79903
205 212 215
2 7 1814 0 6 2123 0
-0.206635 0.151637 1.71496
207 211 210
2 7 1816 0 6 2410 0
-0.0477771 -0.0660005 1.8935
50 59 58
2 7 1823 0 6 1523 0
-0.0401737 -0.151464 1.94778
72 77 77
2 7 1826 0 6 1642 0
-0.235103 0.134998 1.70886
204 209 207
2 7 1843 0 6 2647 0
0.201762 0.188038 1.89325
225 231 229
2 7 1850 0 6 1619 0
-0.0822138 -0.341018 2.19267
85 92 86
2 7 1875 0 6 1630 0
-0.134848 -0.289006 1.97373
37 40 35
2 7 1916 0 6 2314 0
-0.0625461 -0.172791 1.95244
55 60 56
2 7 1922 0 6 1880 0
-0.201684 0.177336 1.70512
188 188 180
2 7 1935 0 6 2494 0
-0.0551103 -0.165017 1.94753
57 63 61
2 7 1938 0 6 1845 0
-0.201941 0.153643 1.71509
205 209 209
2 7 1957 0 6 2048 0
-0.106917 0.242086 1.71362
214 221 222
2 7 1962 0 6 1978 0
-0.274277 -0.118778 1.82252
216 219 216
2 7 1995 0 6 1882 0
-0.0696668 -0.0672006 1.89122
47 54 55
3 7 1997 0 6 2095 0 8 1999 0
-0.101488 0.213724 1.73813
64 66 67
2 7 2007 0 6 2653 0
-0.149074 0.00145589 1.81573
38 42 42
2 7 2031 0 6 2281 0
-0.00188415 -0.397713 3.40552
54 57 57
2 7 2032 0 6 1928 0
-0.136213 0.209841 1.71582
211 216 216
2 7 2038 0 6 2418 0
0.045526 -0.0601735 1.94774
64 70 71
3 7 2047 0 6 2535 0 8 2288 0
0.0458426 -0.0595899 1.94586
62 68 69
2 7 2048 0 6 2534 0
-0.24119 0.0519923 1.75747
205 209 210
2 7 2049 0 6 2492 0
0.198093 0.0654929 1.95231
70 74 74
2 7 2071 0 6 1969 0
-0.100912 0.243478 1.71613
217 223 223
2 7 2084 0 6 2170 0
-0.138312 -0.2904 1.96941
221 224 223
2 7 2085 0 6 2516 0
0.0289248 -0.173874 1.98451
78 83 80
3 7 2097 0 6 1772 0 8 2012 0
0.195713 0.182667 1.89037
223 227 226
2 7 2102 0 6 1663 0
-0.133108 -0.112839 1.88265
143 149 145
3 7 2103 0 6 1604 0 8 3839 0
-0.133108 -0.112839 1.88265
143 149 145
3 7 2104 0 6 1603 0 8 3838 0
0.102758 -0.0678288 1.97409
67 73 73
2 7 2151 0 6 1875 0
-0.107316 -0.245138 1.96107
223 228 227
2 7 2157 0 6 2221 0
0.0882169 0.0811268 1.88196
224 229 230
2 7 2234 0 6 1988 0
-0.106961 0.204964 1.73623
200 206 207
3 7 2236 0 6 1977 0 10 3307 0
0.129011 -0.089816 1.99145
90 99 97
2 7 2237 0 6 2317 0
0.0111451 0.198576 1.79645
71 72 79
3 7 2238 0 6 3474 0 8 1697 0
-0.103287 -0.227311 1.95393
80 86 82
2 7 2255 0 6 2591 0
0.21221 0.214472 1.8863
213 220 216
2 7 2265 0 6 2142 0
-0.0189239 -0.0127038 1.87559
231 235 238
3 7 2277 0 6 1620 0 8 2220 0
-0.120308 0.248101 1.70672
201 205 204
2 7 2282 0 6 2207 0
-0.23717 0.138974 1.70402
200 204 200
2 7 2319 0 6 1870 0
0.200786 0.218061 1.87307
222 226 223
2 7 2320 0 6 2486 0
0.0992822 -0.105039 1.98217
61 68 66
2 7 2326 0 6 2352 0
0.21421 0.203337 1.89177
53 59 55
2 7 2346 0 6 2151 0
-0.0111944 -0.389721 3.40385
25 26 28
2 7 2347 0 6 1734 0
-0.127572 0.211165 1.71911
214 221 222
2 7 2365 0 6 2469 0
-0.236117 0.111528 1.72016
216 223 222
3 7 2368 0 6 3364 0 8 2652 0
-0.240489 0.131887 1.70649
197 201 199
2 7 2403 0 6 2091 0
-0.240489 0.131887 1.70649
197 201 199
2 7 2404 0 6 2092 0
-0.0315507 0.147367 1.80641
70 68 76
2 7 2405 0 6 1872 0
-0.242107 -0.213125 1.88258
35 36 34
2 7 2414 0 6 1601 0
0.0286784 -0.11223 1.96285
73 77 78
2 7 2418 0 6 2517 0
-0.0691423 -0.0464125 1.87515
79 83 86
3 7 2434 0 6 2730 0 9 3205 0
-0.187072 -0.244021 1.92865
39 44 38
3 7 2444 0 6 2960 0 8 2185 0
-0.187072 -0.244021 1.92865
39 44 38
3 7 2445 0 6 2961 0 8 2186 0
0.204118 0.226682 1.87626
208 215 213
2 7 2446 0 6 1900 0
-0.293732 0.0474543 1.72996
208 211 209
2 7 2456 0 6 2369 0
-0.127473 0.188802 1.737
197 205 207
2 7 2492 0 6 2474 0
-0.0561175 0.25264 1.7376
45 47 49
2 7 2512 0 6 2715 0
-0.130436 0.232832 1.70734
213 216 215
2 7 2535 0 6 2560 0
-0.134935 -0.108905 1.87985
214 219 219
2 7 2557 0 6 2716 0
0.00516683 -0.00249058 1.89008
48 57 61
2 7 2561 0 6 2483 0
-0.193881 -0.138791 1.86958
217 222 219
3 7 2562 0 6 2836 0 8 1994 0
-0.202082 -0.21788 2.25974
114 117 119
2 7 2568 0 6 1751 0
-0.0536645 0.106567 1.81668
99 95 109
2 7 2572 0 6 1566 0
-0.0980582 0.23508 1.72106
216 223 224
2 7 2576 0 6 2420 0
0.192431 0.223898 1.87189
53 57 54
2 7 2577 0 6 1749 0
-0.222553 0.125641 1.72041
209 216 216
2 7 2586 0 6 3323 0
-0.229413 0.0363637 1.76673
98 108 106
2 7 2593 0 6 3052 0
-0.2619 -0.191122 1.86011
217 220 218
2 7 2595 0 6 3319 0
-0.218545 -0.0355984 1.81289
64 63 65
2 7 2599 0 6 2975 0
0.168626 -0.0204071 1.9777
215 220 218
2 7 2605 0 6 2328 0
-0.103344 -0.108625 1.90303
105 111 109
2 7 2617 0 6 1580 0
-0.0903312 -0.0450509 1.87103
35 45 45
2 7 2621 0 6 3491 0
-0.150082 0.22193 1.70563
206 207 205
2 7 2625 0 6 2957 0
-0.0790712 0.269073 1.71325
209 214 215
2 7 2630 0 6 3250 0
-0.176225 -0.252898 1.93718
36 41 37
2 7 2632 0 6 2981 0
0.018392 0.15856 1.82166
150 156 158
2 7 2651 0 6 5026 0
-0.129003 -0.111214 1.89159
108 112 113
2 7 2655 0 6 1889 0
0.0892695 0.0958077 1.8791
133 139 142
2 7 2686 0 6 3477 0
-0.204413 -0.240307 1.91538
44 45 39
2 7 2699 0 6 3247 0
0.077682 0.184036 1.83611
68 75 75
2 7 2731 0 6 2476 0
-0.284521 -0.176895 1.84343
80 82 71
2 7 2734 0 6 2677 0
0.178091 -0.0702368 2.00211
229 231 230
3 7 2772 0 6 2129 0 8 3358 0
-0.284658 -0.17414 1.84497
171 170 157
2 7 2810 0 6 2849 0
-0.129523 -0.0785401 1.87262
39 46 44
2 7 2817 0 6 3260 0
-0.126302 -0.114618 1.8897
175 181 180
2 7 2820 0 6 2640 0
-0.242591 0.118926 1.71274
208 215 214
3 7 2863 0 6 2855 0 8 2391 0
-0.122717 0.238838 1.70797
213 218 218
2 7 2871 0 6 2990 0
-0.222414 0.135803 1.71378
211 216 216
3 7 2874 0 6 2929 0 8 1849 0
-0.215739 0.153947 1.70752
204 208 205
3 7 2883 0 6 3114 0 8 3062 0
-0.0897545 -0.10277 1.89948
57 63 62
2 7 2889 0 6 2912 0
-0.0848464 0.247329 1.72173
216 223 223
2 7 2890 0 6 2886 0
-0.123552 -0.113239 1.89176
50 56 57
3 7 2897 0 6 2651 0 8 2495 0
0.209468 0.227884 1.87565
71 75 74
2 7 2898 0 6 3408 0
-0.13178 -0.0884615 1.87166
222 228 228
3 7 2980 0 6 3019 0 8 3035 0
0.143572 0.10138 1.9039
189 198 200
2 7 2981 0 6 2663 0
-0.204055 0.160598 1.71054
201 205 202
2 7 3013 0 6 3565 0
-0.0541133 0.276458 1.71842
215 221 221
2 7 3048 0 8 3841 0
-0.0803987 0.254087 1.72087
217 223 223
2 7 3070 0 6 3202 0
-0.220995 0.149204 1.70752
202 206 205
2 7 3115 0 6 3458 0
-0.216354 0.142584 1.71361
210 216 216
4 7 3142 0 6 3480 0 8 2989 0 10 4191 0
-0.237053 0.117973 1.71639
212 218 219
3 7 3155 0 6 3688 0 8 3023 0
-0.237053 0.117973 1.71639
212 218 219
3 7 3156 0 6 3687 0 8 3022 0
0.212079 0.226596 1.87579
204 209 205
2 7 3159 0 6 2920 0
0.0193715 -0.201541 2.1871
72 79 79
2 7 3161 0 6 2830 0
0.220077 -0.0149852 1.99678
83 89 85
2 7 3168 0 6 2834 0
-0.0234914 -0.212074 1.98546
64 71 67
2 7 3182 0 6 3563 0
0.149351 0.18172 1.87169
68 76 75
2 7 3184 0 6 2537 0
-0.0951158 0.253654 1.71346
213 219 222
2 7 3185 0 6 3045 0
-0.0951158 0.253654 1.71346
216 222 223
2 7 3186 0 6 3044 0
-0.112475 0.229761 1.71744
215 222 222
2 7 3192 0 6 3343 0
-0.112359 0.229791 1.71661
214 221 221
2 7 3193 0 6 3304 0
-0.114552 0.0412217 1.82251
179 187 189
2 7 3221 0 6 3294 0
-0.12744 0.22529 1.71172
213 219 219
2 7 3226 0 6 3723 0
-0.140146 0.212773 1.71295
210 215 214
2 7 3233 0 6 3241 0
-0.208046 -0.0175628 1.80628
172 177 177
2 7 3265 0 6 3365 0
-0.220662 0.157229 1.70533
196 197 194
2 7 3271 0 6 4146 0
-0.0895058 -0.0566159 1.87521
98 102 103
2 7 3275 0 6 2003 0
-0.293509 0.0435103 1.73131
217 222 221
3 7 3309 0 6 3679 0 10 3541 0
-0.236139 0.136614 1.70826
201 206 205
2 7 3318 0 6 4810 0
-0.298604 -0.15999 1.83236
52 51 46
2 7 3320 0 6 4187 0
-0.156574 -0.0825261 1.86241
58 66 64
3 7 3328 0 6 3026 0 8 3360 0
-0.239675 -0.169228 1.86701
40 47 43
2 7 3330 0 6 4263 0
-0.220646 -0.215149 1.89929
38 42 39
3 7 3337 0 6 3745 0 8 2903 0
-0.220646 -0.215149 1.89929
38 42 39
3 7 3338 0 6 3744 0 8 2902 0
0.29764 0.0629843 2.00137
192 198 195
2 7 3344 0 8 4775 0
-0.228231 0.148595 1.70539
200 203 202
2 7 3346 0 6 3569 0
-0.124307 0.190497 1.73731
187 192 194
2 7 3350 0 6 3201 0
-0.141195 0.230108 1.70518
194 196 195
2 7 3352 0 6 3269 0
-0.286624 -0.171205 1.84376
44 43 37
2 7 3367 0 6 4366 0
-0.247997 0.125637 1.70664
206 210 209
3 7 3377 0 6 3869 0 8 3110 0
-0.171156 -0.247916 1.93338
56 60 55
2 7 3384 0 6 4226 0
-0.171156 -0.247916 1.93338
56 60 55
2 7 3385 0 6 4225 0
-0.211629 0.0858837 1.75421
56 59 61
2 7 3392 0 6 3466 0
-0.103641 0.240631 1.71658
216 221 221
2 7 3419 0 6 3400 0
-0.188923 -0.13175 1.87028
201 207 206
2 7 3428 0 6 4348 0
-0.204845 0.142247 1.7204
206 211 212
2 7 3446 0 6 3441 0
-0.290339 -0.14961 1.8329
208 211 208
2 7 3448 0 6 4788 0
-0.115211 0.23599 1.71289
213 219 220
2 7 3454 0 6 3396 0
-0.115211 0.23599 1.71289
214 220 221
2 7 3455 0 6 3397 0
-0.25169 -0.00942072 1.78482
160 166 165
2 7 3456 0 6 4898 0
0.0445834 0.0697328 1.87513
23 31 32
2 7 3466 0 6 3554 0
0.0445834 0.0697328 1.87513
23 31 32
2 7 3468 0 6 3555 0
0.011683 -0.00925742 1.89752
170 149 158
2 7 3473 0 6 3175 0
0.172908 -0.0160368 1.97471
216 221 219
2 7 3480 0 6 2637 0
-0.0617224 -0.0605568 1.89346
53 59 63
3 7 3484 0 6 2650 0 8 2613 0
-0.0691316 0.268791 1.71869
212 217 218
2 7 3497 0 6 3389 0
-0.166671 0.131966 1.74995
165 171 171
2 7 3519 0 6 3428 0
-0.256702 -0.0467072 1.80129
126 130 124
2 7 3534 0 6 3681 0
-0.117471 0.24581 1.70637
161 166 167
2 7 3550 0 6 4557 0
-0.144214 0.208051 1.71299
212 215 213
2 7 3552 0 6 2995 0
-0.209126 -0.224909 1.9093
41 44 38
2 7 3563 0 6 4545 0
-0.209126 -0.224909 1.9093
41 44 38
2 7 3564 0 6 4546 0
0.0489106 0.0684097 1.87436
219 226 227
2 7 3567 0 6 4493 0
0.214453 0.206098 1.89302
222 227 225
2 7 3570 0 6 2919 0
-0.0837605 0.253312 1.71944
214 220 221
2 7 3572 0 6 3281 0
0.133993 0.251497 1.82905
189 196 196
2 7 3589 0 6 2926 0
-0.117706 0.241756 1.70953
214 219 220
2 7 3626 0 6 5047 0
-0.195437 0.164505 1.71193
207 212 210
3 7 3645 0 6 4867 0 8 3484 0
0.209652 0.191879 1.89469
219 224 222
2 7 3670 0 6 2347 0
-0.242777 -0.173417 1.86362
213 219 217
2 7 3686 0 6 4186 0
-0.0565834 0.228809 1.6732
212 217 220
2 7 3698 0 6 3212 0
0.0357149 -0.0601682 1.94017
99 88 96
2 7 3700 0 6 3387 0
0.203181 0.193231 1.89051
59 63 59
2 7 3730 0 6 3377 0
-0.284021 0.0723326 1.71646
206 210 209
2 7 3735 0 6 4670 0
-0.137491 0.215827 1.71231
213 219 219
2 7 3741 0 6 4253 0
0.0912042 0.195614 1.83786
84 90 93
3 7 3747 0 6 3173 0 8 3700 0
-0.0294439 0.213306 1.75541
218 223 225
2 7 3776 0 6 3776 0
-0.150396 0.21687 1.70655
211 211 210
2 7 3780 0 6 4123 0
-0.150396 0.21687 1.70655
211 211 210
2 7 3781 0 6 4124 0
0.144809 0.142652 1.88708
136 143 144
2 7 3794 0 6 2570 0
-0.244268 0.113303 1.7149
208 214 213
3 7 3807 0 6 3986 0 8 3295 0
-0.13334 0.217621 1.71307
208 216 215
2 7 3809 0 6 4274 0
-0.197038 0.160423 1.71244
204 209 208
3 7 3820 0 6 5118 0 8 4092 0
-0.101884 0.235817 1.71965
216 223 224
2 7 3825 0 6 3680 0
-0.214888 0.152004 1.70921
204 207 206
4 7 3830 0 6 5022 0 8 3629 0 10 5698 0
-0.226151 0.13872 1.71129
205 209 208
2 7 3838 0 6 4446 0
-0.138929 0.232437 1.70621
197 200 197
2 7 3858 0 6 4401 0
-0.0652744 -0.182716 1.93931
77 79 77
2 7 3863 0 6 4074 0
0.206636 0.227296 1.87646
45 50 49
2 7 3871 0 6 3600 0
-0.150726 0.211321 1.70832
126 125 122
2 7 3884 0 6 4987 0
-0.0538673 -0.36862 3.35356
140 136 141
2 7 3892 0 6 2859 0
0.0621105 -0.165542 1.99831
212 216 214
4 7 3894 0 6 3793 0 8 3745 0 10 3341 0
-0.190837 -0.228189 1.91488
60 65 63
2 7 3935 0 6 5007 0
-0.122094 -0.0720285 1.86985
42 48 46
2 7 3938 0 6 4217 0
0.0694672 0.106531 1.86656
190 199 201
2 7 3977 0 6 3478 0
-0.193501 -0.271509 2.02225
88 93 90
2 7 3986 0 6 3992 0
-0.256185 0.0564148 1.74793
183 189 190
2 7 3999 0 6 4774 0
-0.0931 0.239836 1.72206
218 223 225
2 7 4007 0 6 4219 0
-0.0734429 -0.289842 1.99426
180 182 179
2 7 4015 0 6 4013 0
-0.0929552 0.0190273 1.93223
50 51 52
2 7 4016 0 6 3144 0
-0.170339 0.181614 1.71416
143 147 147
2 7 4024 0 6 5227 0
-0.0287888 -0.11577 1.93445
104 99 102
2 7 4043 0 6 3534 0
-0.0394881 0.265967 1.73707
51 53 56
2 7 4044 0 6 3894 0
0.206871 0.229396 1.87425
192 197 195
2 7 4078 0 6 3516 0
-0.10739 0.0931498 1.80145
150 155 156
2 7 4090 0 6 4934 0
0.0733483 0.116872 1.86018
58 67 67
2 7 4091 0 6 4421 0
0.219154 0.0723421 1.94791
228 231 231
2 7 4104 0 6 4102 0
-0.198909 -0.232798 1.91968
213 218 216
2 7 4111 0 6 4227 0
-0.0207917 0.0795189 1.84664
47 55 55
2 7 4112 0 6 4153 0
0.0943114 0.197997 1.8346
59 67 68
3 7 4114 0 6 3347 0 8 4297 0
-0.124335 0.23207 1.71035
215 220 219
2 7 4116 0 6 4510 0
0.0101294 0.102527 1.76533
163 171 173
2 7 4122 0 6 4626 0
-0.304896 -0.14325 1.82419
42 46 40
2 7 4126 0 6 4590 0
-0.185179 0.170167 1.71325
139 142 141
2 7 4168 0 6 4455 0
-0.185179 0.170167 1.71325
139 142 141
2 7 4169 0 6 4456 0
0.0710465 -0.135211 1.9885
201 211 210
2 7 4181 0 6 3883 0
-0.19272 0.160508 1.71563
202 207 206
2 7 4191 0 6 4927 0
-0.244803 -8.93333e-05 1.78981
47 49 47
2 7 4201 0 6 3912 0
-0.119201 0.238954 1.70924
208 214 214
2 7 4206 0 6 3773 0
-0.119201 0.238954 1.70924
208 214 214
2 7 4207 0 6 3774 0
0.216813 0.196269 1.89398
65 65 64
2 7 4209 0 6 3847 0
0.216813 0.196269 1.89398
65 65 64
2 7 4210 0 6 3846 0
0.120977 -0.0896071 1.98972
52 57 55
2 7 4227 0 6 3310 0
-0.280785 -0.177506 1.84771
187 186 177
2 7 4228 0 6 4791 0
-0.109093 0.239448 1.71393
215 222 223
2 7 4232 0 6 4256 0
-0.242452 0.125275 1.71077
204 209 208
2 7 4240 0 6 5111 0
0.0612282 -0.175856 2.00071
209 213 211
2 7 4244 0 6 4252 0
-0.123497 0.24878 1.70818
116 118 111
2 7 4248 0 6 4923 0
-0.0691266 -0.00533814 1.86105
215 221 224
3 7 4259 0 6 4029 0 8 4356 0
-0.185214 0.18235 1.70731
207 210 209
2 7 4261 0 6 4712 0
-0.268458 -0.190522 1.85741
95 95 93
2 7 4263 0 6 4127 0
-0.190073 0.163014 1.71436
206 211 211
3 7 4272 0 6 4991 0 8 4829 0
-0.109202 0.251448 1.70898
209 214 215
2 7 4275 0 6 4720 0
0.18937 -0.0608633 2.00032
232 234 233
2 7 4293 0 6 4222 0
-0.0773676 0.26095 1.71831
204 210 211
2 7 4305 0 6 4581 0
-0.2438 -0.171468 1.86498
73 78 74
2 7 4307 0 6 4775 0
0.196146 0.165208 1.98419
210 217 217
2 7 4314 0 6 3515 0
-0.279885 -0.136674 1.83218
116 120 116
2 7 4333 0 6 3754 0
-0.224408 -0.159271 1.86999
34 41 38
2 7 4335 0 6 4743 0
0.0676208 0.195869 1.82688
182 190 192
2 7 4342 0 6 4567 0
-0.149789 0.0237907 1.81457
211 218 221
2 7 4354 0 6 4543 0
-0.111352 0.0688572 1.80578
67 71 76
3 7 4355 0 6 3810 0 8 4228 0
0.0237088 0.0293711 1.88577
201 211 213
2 7 4359 0 6 4175 0
-0.0383369 -0.225385 1.9863
67 73 70
2 7 4407 0 6 4429 0
-0.0383369 -0.225385 1.9863
73 79 77
2 7 4408 0 6 4430 0
0.0521763 0.0618829 1.88345
189 200 202
2 7 4411 0 6 4570 0
-0.0669806 -0.224744 1.97351
98 103 100
2 7 4446 0 6 3507 0
-0.00669497 0.278168 1.75115
93 85 92
2 7 4462 0 6 4342 0
-0.208943 -0.14561 1.87026
36 42 40
2 7 4469 0 6 5178 0
-0.06065 0.133092 1.80238
163 169 171
2 7 4475 0 6 3961 0
-0.0574976 0.253822 1.73634
202 209 209
2 7 4496 0 6 4716 0
-0.128949 -0.193252 1.92764
212 217 215
2 7 4506 0 6 3972 0
-0.147236 -0.278637 1.9624
73 76 72
2 7 4511 0 6 4865 0
-0.0626247 0.247977 1.74113
53 55 57
2 7 4515 0 6 4965 0
0.133609 0.109404 1.89535
142 128 134
2 7 4526 0 6 5014 0
-0.221854 -0.115748 2.77011
101 111 112
2 7 4558 0 6 3598 0
-0.215007 0.149 1.71167
201 207 206
2 7 4562 0 6 4885 0
-0.145335 0.214844 1.70975
163 164 164
2 7 4599 0 6 5057 0
-0.145335 0.214844 1.70975
163 164 164
2 7 4600 0 6 5056 0
0.111675 0.264209 1.81617
97 95 106
2 7 4605 0 6 4316 0
-0.125249 0.223969 1.71468
205 214 214
2 7 4617 0 6 4940 0
-0.125249 0.223969 1.71468
205 214 214
2 7 4618 0 6 4939 0
0.179305 0.203297 1.87418
57 64 64
2 7 4660 0 6 3439 0
-0.22483 0.0145628 1.78825
151 159 158
2 7 4670 0 6 4836 0
-0.0153918 -0.12967 1.94981
59 61 60
2 7 4673 0 6 4365 0
-0.16154 -0.106757 2.23203
74 83 86
2 7 4681 0 6 5170 0
0.217543 0.204137 1.89038
207 213 211
2 7 4716 0 6 2964 0
0.121117 0.111293 1.887
183 189 191
2 7 4807 0 6 5006 0
-0.13668 0.228905 1.70664
214 218 218
2 7 4810 0 6 5078 0
-0.0700915 0.247597 1.73464
219 224 224
2 7 4826 0 6 3903 0
-0.194885 -0.0473065 1.83476
34 39 40
2 7 4830 0 6 4126 0
-0.133671 0.237018 1.70673
192 195 192
2 7 4833 0 6 5041 0
-0.0294226 -0.113372 1.93363
215 219 223
2 7 4834 0 6 4249 0
-0.0773102 -0.0150509 1.86413
45 55 57
2 7 4847 0 6 4208 0
-0.281812 0.0607248 1.72512
214 218 215
2 7 4850 0 6 4592 0
-0.134741 0.205793 1.71948
212 217 217
2 7 4851 0 6 4178 0
-0.0455194 0.265237 1.73542
197 204 205
2 7 4862 0 6 4049 0
-0.188333 0.0452314 1.78551
94 98 96
2 7 4865 0 6 3976 0
-0.0727291 0.273969 1.71432
206 213 213
2 7 4900 0 6 5149 0
0.175569 -0.0745692 2.00155
223 225 223
2 7 4903 0 6 3844 0
-0.17265 0.149337 1.73723
150 156 157
2 7 4917 0 6 5155 0
-0.171989 0.149526 1.73594
153 159 160
3 7 4918 0 6 5154 0 8 5824 0
-0.0984917 -0.0314837 1.85923
215 220 220
2 7 4921 0 6 4376 0
-0.0677367 -0.00691144 1.86093
66 76 78
2 7 4960 0 6 5164 0
0.109528 0.278128 1.80612
177 186 188
2 7 4966 0 6 5201 0
-0.222384 -0.190069 1.88568
109 113 109
2 7 4969 0 6 4899 0
-0.18359 0.179643 1.70904
201 205 204
2 7 4976 0 6 4992 0
-0.0693934 0.148129 1.79023
101 107 106
2 7 5007 0 6 4594 0
-0.0420855 0.262359 1.73222
53 56 56
2 7 5009 0 6 3944 0
0.12777 0.0895767 1.90258
204 213 215
3 7 5028 0 6 4047 0 8 4790 0
0.0477861 -0.00616086 1.91646
223 227 227
2 7 5029 0 6 3998 0
0.059352 -0.146195 1.98926
215 223 223
3 7 5040 0 6 5004 0 8 5540 0
-0.17009 0.148762 1.73567
216 221 223
3 7 5051 0 6 5116 0 8 4205 0
-0.138854 -0.0864708 1.86932
52 60 58
2 7 5058 0 6 5358 0
0.0678992 0.197835 1.82593
69 77 78
2 7 5100 0 6 4302 0
0.0678992 0.197835 1.82593
69 77 78
2 7 5101 0 6 4301 0
-0.25183 -0.13841 1.84774
138 142 137
2 7 5117 0 6 4828 0
-0.0845319 0.258819 1.71676
208 214 217
2 7 5131 0 6 4980 0
-0.0845319 0.258819 1.71676
208 214 217
2 7 5132 0 6 4979 0
0.00434601 -0.13343 1.96077
154 157 156
2 7 5146 0 6 3432 0
0.118513 0.109314 1.88748
212 219 220
2 7 5228 0 6 4990 0
-0.289991 -0.154379 1.83519
206 210 207
2 7 5280 0 6 4896 0
-0.0154841 -0.00447708 1.88295
215 224 225
3 7 5313 0 6 5219 0 8 5401 0
-0.0678309 0.265943 1.72087
210 217 218
2 7 5320 0 6 5280 0
-0.125892 0.212937 1.71874
177 183 183
2 7 5388 0 6 5100 0
-0.243726 0.131782 1.70654
141 144 143
2 7 5397 0 6 5166 0
0.199019 0.219827 1.87531
65 69 66
2 7 5405 0 6 4099 0
-0.127519 -0.294654 1.97844
59 65 61
2 7 5410 0 6 5163 0
-0.127519 -0.294654 1.97844
68 74 70
2 7 5411 0 6 5162 0
-0.155234 -0.112545 1.87772
81 88 87
2 7 5464 0 6 5217 0
0.163891 -0.0275338 1.91153
58 65 62
2 7 5470 0 6 4383 0
-0.148695 -0.322992 1.98387
187 194 192
2 8 1843 0 7 2306 0
0.0584455 0.00422722 1.91804
56 62 62
2 8 4043 0 7 3437 0
-0.168961 -0.115117 1.86827
206 212 212
3 8 3713 0 1 2324 0 7 3676 0
-0.203389 -0.0716566 1.8153
227 229 229
2 8 2 0 6 7 0
0.0349435 0.268729 1.77143
73 69 73
2 8 146 0 6 68 0
-0.0833116 0.221807 1.74081
223 229 229
2 8 195 0 6 67 0
0.0316754 0.261697 1.73683
65 65 69
2 6 785 0 9 1491 0
-0.0535953 -0.274767 2.07145
83 90 87
2 8 1991 0 6 2562 0
0.00143587 0.0655826 1.39078
49 54 53
5 8 2397 0 9 3598 0 10 3938 0 11 4133 0 12 4067 0
0.00161176 0.0657007 1.39124
54 59 58
3 8 2398 0 9 3597 0 10 3939 0
0.0264026 0.00313911 1.89378
41 41 41
2 8 2690 0 6 2513 0
0.0264026 0.00313911 1.89378
40 42 41
3 8 2691 0 6 2514 0 10 3322 0
-0.206536 0.145408 1.71648
215 220 221
2 8 2790 0 6 3451 0
-0.104282 0.208947 1.73452
214 219 219
2 6 3383 0 7 2870 0
-0.0583253 0.279899 1.71419
213 217 217
2 8 3588 0 7 3064 0
0.00516317 0.0519658 1.8644
216 226 228
2 8 3600 0 6 2935 0
-0.239547 0.126119 1.71103
211 216 215
2 8 3742 0 6 4764 0
-0.175947 0.153614 1.73374
181 186 186
2 8 4121 0 6 3677 0
0.0230676 0.0392276 1.88424
203 210 212
2 8 4800 0 6 4461 0
0.0248859 0.137163 1.82992
150 160 164
2 8 5522 0 6 3298 0
-0.126011 -0.042637 1.8546
226 230 232
2 8 7 0 7 15 0
-0.126011 -0.042637 1.8546
226 230 232
2 8 8 0 7 16 0
0.0373406 -0.0819417 1.93925
230 232 234
2 8 9 0 7 8 0
-0.0883284 0.157579 1.76453
228 231 232
2 8 24 0 7 14 0
-0.0883284 0.157579 1.76453
228 231 232
2 8 25 0 7 13 0
0.105285 -0.0322907 1.95164
232 234 233
2 8 27 0 7 9 0
0.220285 0.0503489 1.95571
233 235 235
2 8 30 0 7 12 0
-0.164508 -0.0465302 1.79623
225 229 231
2 8 39 0 7 35 0
0.20034 0.0294887 1.93797
232 234 236
2 8 77 0 7 109 0
0.0287233 0.235286 1.77706
78 77 82
2 8 98 0 7 130 0
-0.221984 0.101736 1.7402
216 221 222
2 8 100 0 7 209 0
-0.260523 0.183303 4.33894
219 224 225
2 8 157 0 7 72 0
-0.260523 0.183303 4.33894
219 224 225
2 8 158 0 7 73 0
-0.151678 -0.0649503 1.85965
221 225 227
2 8 174 0 7 362 0
-0.0179393 0.20783 1.77949
220 225 225
2 8 182 0 7 56 0
-0.117161 0.0691688 1.80917
92 89 101
2 8 198 0 7 218 0
-0.167096 -0.0787984 1.85825
219 224 225
2 8 199 0 7 387 0
-0.248291 0.0352535 1.7625
209 216 218
2 8 201 0 7 378 0
-0.248291 0.0352535 1.7625
212 218 220
2 8 202 0 7 377 0
-0.176283 0.0400176 1.79248
75 74 81
2 8 206 0 7 178 0
-0.119551 0.0560578 1.81245
208 216 217
2 8 209 0 7 233 0
0.00317341 0.181436 1.80018
222 228 227
2 8 227 0 7 66 0
0.21541 0.0666767 1.94702
231 232 234
2 8 238 0 7 91 0
0.0672462 0.101484 1.86041
222 227 229
2 8 255 0 7 103 0
-0.0886039 -0.00908696 1.85668
220 226 227
2 8 272 0 7 263 0
0.00370265 0.126082 1.82462
114 107 121
2 8 286 0 7 105 0
0.00796954 0.0729907 1.85807
225 230 231
2 8 297 0 7 156 0
0.137873 0.239807 1.83397
98 91 99
2 8 304 0 7 90 0
0.146357 0.168861 1.86123
229 233 234
2 8 306 0 7 96 0
0.0135367 0.167777 1.81395
222 228 228
2 8 320 0 7 151 0
0.00837531 0.152757 1.81755
102 96 111
2 8 321 0 7 283 0
-0.041157 0.0323829 1.85419
219 225 228
2 8 332 0 7 352 0
-0.150755 -0.0501959 1.85059
51 56 58
2 8 337 0 7 396 0
0.0566575 0.113089 1.85788
223 228 229
2 8 338 0 7 188 0
0.0178369 0.12671 1.83542
211 217 218
2 8 346 0 7 206 0
-0.108759 0.215286 1.73309
221 226 224
2 8 352 0 7 258 0
-0.108504 0.0431567 1.82194
211 219 222
2 8 372 0 7 443 0
0.0447758 0.00614988 1.9007
230 232 233
2 8 380 0 7 314 0
0.023134 0.268532 1.77001
217 223 223
2 8 419 0 7 131 0
-0.298136 0.0495832 1.73037
217 221 218
2 8 424 0 7 506 0
-0.251642 0.0249493 1.76709
79 73 80
2 8 455 0 7 450 0
-0.286443 0.287204 4.44263
218 223 226
2 8 508 0 7 480 0
-0.0377062 0.125165 1.81704
222 227 231
2 8 517 0 7 418 0
-0.291435 0.214992 4.3602
226 230 232
2 8 573 0 7 552 0
0.0162379 -0.0813351 1.9378
57 59 60
2 8 597 0 7 1130 0
-0.246259 -0.00175455 1.78155
222 224 223
2 8 618 0 7 1031 0
-0.246259 -0.00175455 1.78155
222 224 223
2 8 619 0 7 1030 0
-0.216147 0.0780543 1.75008
88 82 88
3 8 679 0 7 899 0 10 740 0
-0.044231 -0.0550508 3.31863
226 231 232
2 8 680 0 7 615 0
-0.044231 -0.0550508 3.31863
226 231 232
2 8 681 0 7 616 0
-0.189741 -0.0876542 1.85015
222 225 224
2 8 713 0 7 929 0
-0.142526 -0.288593 1.97025
221 225 223
2 8 716 0 7 1074 0
-0.142526 -0.288593 1.97025
221 225 223
2 8 717 0 7 1073 0
0.174508 0.0244214 1.95927
212 218 219
3 8 740 0 7 959 0 10 733 0
-0.0935798 -0.158793 1.92857
59 59 58
2 8 803 0 7 961 0
0.106328 -0.00554819 1.94352
87 86 87
2 8 818 0 7 613 0
-0.0296425 0.025125 3.32303
224 229 231
2 8 825 0 7 704 0
-0.0690435 -0.0263316 4.23945
223 228 231
2 8 851 0 7 705 0
0.0641307 0.12076 1.85508
209 216 217
2 8 863 0 7 722 0
0.212952 0.0827342 1.94555
82 79 80
2 8 872 0 7 631 0
0.203082 0.0570256 1.95107
88 84 86
2 8 952 0 7 1002 0
-0.17087 0.15953 1.73301
214 218 217
2 8 967 0 7 974 0
-0.158887 0.0220924 1.80714
203 209 214
2 8 988 0 7 1089 0
-0.181126 0.171098 1.71285
210 216 214
2 8 996 0 7 991 0
-0.0631755 -0.13258 1.931
74 76 73
2 8 1010 0 7 963 0
-0.178753 0.147423 1.73326
84 81 85
2 8 1068 0 7 1053 0
-0.178753 0.147423 1.73326
84 81 85
2 8 1069 0 7 1052 0
0.0627936 -0.0810287 3.3181
226 231 234
2 8 1099 0 7 958 0
0.189304 0.0377307 1.95826
214 220 222
2 8 1111 0 7 649 0
0.0756849 -0.032766 1.94928
91 87 92
2 8 1118 0 7 832 0
-0.0656144 -0.0637644 1.89288
221 227 227
2 8 1130 0 7 1180 0
-0.0656144 -0.0637644 1.89288
221 227 227
2 8 1131 0 7 1181 0
0.174431 0.0160882 1.96051
57 62 61
2 8 1187 0 7 588 0
0.0329968 0.0423374 1.88166
211 220 221
4 8 1197 0 7 1029 0 9 1366 0 10 1251 0
0.0157976 -0.00598874 1.89461
53 59 58
2 8 1209 0 7 996 0
0.0157976 -0.00598874 1.89461
53 59 58
2 8 1210 0 7 997 0
-0.201301 0.146312 1.71786
213 217 217
2 8 1241 0 7 1141 0
-0.0868211 0.225976 1.73524
216 221 220
2 8 1245 0 7 1021 0
0.0612655 0.0577209 1.88106
220 226 229
2 8 1269 0 7 1006 0
-0.14184 -0.313694 1.98189
225 228 227
2 8 1369 0 7 1455 0
-0.14184 -0.313694 1.98189
225 228 227
2 8 1370 0 7 1454 0
0.0784432 0.0766231 1.88294
66 72 71
2 8 1372 0 7 1302 0
-0.0868813 0.0772406 1.81576
107 104 117
2 8 1379 0 7 845 0
-0.10262 -0.113123 1.90101
213 220 223
2 8 1425 0 7 1451 0
0.08166 0.0552033 1.89465
193 199 202
2 8 1520 0 7 1496 0
0.0442081 0.287722 1.7615
168 176 179
2 8 1524 0 7 1413 0
-0.126813 0.229397 1.70858
215 220 221
2 8 1547 0 7 1395 0
-0.131032 0.221565 1.70948
216 220 220
2 8 1550 0 7 1521 0
0.167336 -0.308793 2.3726
165 152 175
2 8 1558 0 7 1443 0
-0.0287979 -0.111585 1.93569
215 220 223
2 8 1569 0 7 1515 0
0.240257 -0.244521 2.37236
152 139 163
2 8 1622 0 7 1528 0
0.100903 0.270353 1.79786
223 227 226
2 8 1631 0 7 1271 0
-0.0343006 0.121726 1.81767
192 200 204
2 8 1661 0 7 1642 0
-0.000538288 -0.131755 1.95974
223 228 229
2 8 1705 0 7 1679 0
-0.150634 -0.299684 1.97248
45 49 47
2 8 1707 0 7 1702 0
0.0477339 -0.159642 1.99196
99 108 105
2 8 1734 0 7 1711 0
0.00807417 -0.193325 1.98922
92 98 94
2 8 1750 0 7 1858 0
0.00807417 -0.193325 1.98922
92 98 94
2 8 1751 0 7 1857 0
-0.262868 0.0626017 1.73621
83 75 81
2 8 1833 0 7 2957 0
-0.182102 0.0402408 1.78868
77 75 81
2 8 1869 0 7 2068 0
-0.201313 0.153716 1.71357
211 216 216
2 8 1911 0 7 1956 0
-0.256826 0.0653846 1.73929
84 76 82
2 8 1983 0 7 3092 0
-0.243498 0.12781 1.70807
181 187 185
2 8 2021 0 7 2161 0
-0.210527 0.120134 1.7327
204 209 211
2 8 2039 0 7 2327 0
0.115887 0.27468 1.80315
229 231 231
2 8 2101 0 7 1864 0
0.0737131 0.0779864 1.88366
211 218 220
2 8 2140 0 7 1750 0
0.210934 0.192851 1.88795
49 53 52
2 8 2149 0 7 1633 0
-0.0692 -0.0803256 1.89652
210 215 216
2 8 2154 0 7 2601 0
-0.268647 0.071489 1.72542
220 223 222
2 8 2181 0 7 2521 0
-0.197835 -0.234821 1.91938
46 51 46
2 8 2197 0 7 2724 0
-0.197835 -0.234821 1.91938
46 51 46
2 8 2198 0 7 2723 0
-0.0650151 -0.0735481 1.8934
116 120 118
2 8 2226 0 7 2779 0
-0.0650151 -0.0735481 1.8934
116 120 118
2 8 2227 0 7 2778 0
-0.103426 0.0312602 1.83277
70 74 78
2 8 2267 0 7 2073 0
-0.277145 0.0841099 1.71436
216 224 222
2 8 2290 0 7 2837 0
-0.00814735 -0.136388 1.95709
93 86 90
2 8 2316 0 7 2092 0
-0.00883574 0.00762172 1.88283
211 221 222
2 8 2323 0 7 2436 0
0.244201 -0.00868214 1.99293
222 229 226
4 8 2462 0 7 1901 0 10 3060 0 11 3117 0
0.0698416 0.0743033 1.88412
211 218 221
2 8 2473 0 7 2115 0
-0.130927 -0.314877 1.98551
223 228 225
2 8 2478 0 7 3619 0
-0.0245201 -0.325286 6.01647
42 48 48
2 8 2500 0 7 1914 0
0.103927 -0.111331 1.9909
79 84 84
2 8 2506 0 7 2310 0
-0.237627 0.129554 1.70992
211 216 215
2 8 2538 0 7 2679 0
-0.237627 0.129554 1.70992
210 214 214
2 8 2539 0 7 2678 0
-0.140505 -0.0687597 1.86286
63 73 73
2 8 2562 0 7 2421 0
-0.160193 0.0188263 1.81064
214 221 224
2 8 2584 0 7 2451 0
-0.133205 -0.23522 2.10377
71 75 73
2 8 2591 0 7 2993 0
0.301597 0.0822463 1.98654
68 73 68
4 8 2608 0 7 2768 0 10 2908 0 1 1913 0
0.0186031 -0.0592044 1.93854
27 29 32
2 8 2626 0 7 2443 0
0.0392204 0.277063 1.76832
58 60 61
2 8 2628 0 7 2271 0
-0.105351 -0.285242 1.98312
214 220 218
2 8 2659 0 7 2932 0
0.0391917 0.0256311 1.89384
51 60 60
2 8 2676 0 7 2333 0
-0.187632 0.18048 1.70553
205 207 206
2 8 2678 0 7 2615 0
-0.224749 0.126777 1.71631
212 219 219
2 8 2680 0 7 2801 0
-0.224749 0.126777 1.71631
211 218 219
2 8 2681 0 7 2802 0
-0.0716343 0.266095 1.71589
217 222 221
2 8 2715 0 7 2300 0
-0.191078 0.157935 1.71617
205 211 211
2 8 2819 0 7 2785 0
-0.00812135 0.221944 1.77314
217 222 219
2 8 2898 0 7 2600 0
0.238589 0.00237109 1.99542
113 123 120
3 8 2904 0 7 2163 0 10 3961 0
0.239103 0.00190311 1.99751
119 130 127
4 8 2905 0 7 2164 0 10 3772 0 11 4006 0
-0.247563 0.120644 1.71011
211 216 216
2 8 2953 0 7 3349 0
-0.0850021 0.260697 1.71249
211 216 215
2 8 2956 0 7 2781 0
0.201228 0.240038 1.85579
72 79 73
3 8 2972 0 7 2392 0 10 4949 0
-0.135748 -0.109729 1.88187
217 223 223
2 8 2985 0 7 2922 0
-0.0687039 0.243762 1.73502
211 218 217
2 8 3004 0 7 2477 0
0.0907706 -0.0039471 1.93946
53 58 59
2 8 3026 0 7 2729 0
-0.126188 0.0080723 4.2607
61 66 68
2 8 3047 0 7 3079 0
-0.0978238 -0.348142 2.0966
190 194 190
2 8 3054 0 9 2839 0
-0.0426634 -0.1201 3.30307
35 43 43
2 8 3056 0 7 2708 0
-0.0426634 -0.1201 3.30307
35 43 43
2 8 3057 0 7 2707 0
0.0193096 0.168082 1.81835
106 101 115
2 8 3060 0 7 2540 0
-0.318604 0.0109674 1.73847
206 209 208
2 8 3096 0 7 3606 0
-0.305583 0.0406409 1.73316
75 77 77
2 8 3107 0 7 3069 0
0.142291 -0.337929 2.37446
112 86 95
2 8 3130 0 7 2822 0
-0.074895 0.239057 1.73385
94 90 94
2 8 3139 0 7 3104 0
0.180763 0.166207 1.9618
51 58 55
2 8 3148 0 7 3125 0
-0.117632 0.226267 1.71459
218 224 223
2 8 3217 0 7 2975 0
-0.234966 0.0085442 1.78355
183 191 191
2 8 3244 0 7 4572 0
-0.180961 -0.0424591 1.82665
77 83 81
2 8 3260 0 7 3244 0
0.0187325 0.188642 1.8025
69 69 70
2 8 3262 0 7 3380 0
0.284362 -0.232507 2.39365
170 147 162
2 8 3269 0 7 3502 0
-0.245613 -0.182163 1.92571
50 57 55
3 8 3336 0 9 4576 0 10 5458 0
-0.209668 -0.221974 1.90779
211 216 213
2 8 3349 0 7 3777 0
0.055809 -0.0810202 1.90511
76 82 80
2 8 3352 0 7 2858 0
0.199649 0.0493799 1.95932
57 61 60
2 8 3354 0 7 3424 0
-0.11708 -0.352026 2.09662
213 217 214
2 8 3364 0 9 2931 0
-0.223082 0.105564 1.7345
139 146 148
2 8 3372 0 7 2919 0
-0.0635148 0.275877 1.71335
213 217 217
2 8 3393 0 7 2792 0
0.30915 0.0100699 2.17428
84 90 87
2 8 3396 0 7 3085 0
-0.0935703 -0.3436 2.09277
184 189 185
2 8 3400 0 9 3309 0
-0.0628483 0.272541 1.71608
215 221 221
2 8 3410 0 7 2725 0
-0.241032 -0.625018 12.8584
47 51 53
2 8 3456 0 7 4144 0
-0.105267 0.246956 1.70995
202 206 208
2 8 3491 0 7 2585 0
0.149623 0.0161818 1.95015
78 77 78
2 8 3500 0 7 1805 0
0.245621 0.165096 1.91758
189 196 192
2 8 3502 0 7 2866 0
0.242322 0.167291 1.91665
53 57 53
2 8 3540 0 7 3037 0
-0.207053 0.149903 1.71305
126 129 129
2 8 3559 0 7 4652 0
-0.207053 0.149903 1.71305
126 129 129
2 8 3560 0 7 4653 0
-0.0790578 0.258875 1.71677
213 219 219
2 8 3638 0 7 3759 0
0.245926 0.00747295 1.99795
107 118 115
3 8 3686 0 7 2938 0 10 4971 0
0.210176 0.222931 1.8696
48 55 52
3 8 3688 0 7 3526 0 10 4104 0
0.210176 0.222931 1.8696
53 58 54
2 8 3689 0 7 3525 0
-0.193499 -0.150379 1.87785
217 224 222
2 8 3697 0 7 3879 0
-0.231372 0.138804 1.70793
209 213 213
2 8 3727 0 7 4212 0
-0.0707343 0.271054 1.71318
214 220 219
2 8 3769 0 7 3078 0
0.0233731 -0.113234 1.96381
137 122 134
2 8 3786 0 7 3060 0
-0.0415789 0.267661 1.73393
100 95 102
2 8 3833 0 7 3211 0
-0.111882 0.233072 1.71331
219 225 224
2 8 3854 0 7 2973 0
-0.111882 0.233072 1.71331
219 225 224
2 8 3855 0 7 2974 0
-0.131839 0.0523577 1.81378
83 87 90
2 8 3866 0 7 4835 0
-0.107304 0.209778 1.73413
189 194 191
3 8 3888 0 7 3339 0 10 5699 0
0.113461 0.135063 1.87325
82 88 88
2 8 3890 0 7 3745 0
-0.208826 0.151539 1.71204
204 207 206
2 8 3905 0 7 4215 0
-0.0674252 0.245578 1.73479
96 90 97
2 8 3944 0 7 3927 0
-0.0674252 0.245578 1.73479
96 90 97
2 8 3945 0 7 3928 0
-0.065998 0.273415 1.71441
214 220 220
2 8 3953 0 7 3046 0
-0.0272938 -0.103463 4.18367
66 73 74
2 8 3962 0 7 3880 0
-0.056467 -0.0336744 1.88365
219 224 227
2 8 4006 0 7 3297 0
-0.122251 0.0349237 1.82345
188 196 198
2 8 4008 0 7 4616 0
-0.224277 0.148833 1.70644
204 206 206
2 8 4039 0 7 4186 0
-0.192403 -0.252723 1.92525
181 180 174
2 8 4048 0 7 4642 0
-0.192138 0.160547 1.71419
206 211 210
2 8 4070 0 7 4192 0
-0.22841 0.132671 1.7127
207 213 213
2 8 4087 0 7 4546 0
-0.22841 0.132671 1.7127
207 213 213
2 8 4088 0 7 4545 0
-0.197022 0.160428 1.71221
203 209 208
2 8 4091 0 7 3819 0
-0.130976 -0.270339 1.96663
66 69 67
2 8 4100 0 7 5111 0
0.0603129 -0.123544 2.05436
104 110 109
2 8 4128 0 7 3988 0
0.0562151 -0.148882 1.99164
202 212 211
5 8 4198 0 7 3958 0 10 3582 0 1 1450 0 12 1650 0
0.26459 -0.358163 2.8583
147 126 140
2 8 4221 0 7 3632 0
-0.283123 0.0903316 1.7088
212 216 216
2 8 4251 0 7 4348 0
-0.283767 0.0291603 1.74522
195 201 200
2 8 4295 0 7 4581 0
-0.183444 0.164074 1.71542
209 215 214
2 8 4316 0 7 4915 0
-0.0986396 -0.0498771 2.14974
73 82 83
2 8 4336 0 7 3899 0
-0.22702 0.128915 1.71513
210 217 215
2 8 4371 0 7 4586 0
-0.243043 0.111258 1.71656
213 220 220
2 8 4389 0 7 4931 0
-0.130136 0.0512979 1.81318
172 180 183
2 8 4398 0 7 5221 0
-0.129911 0.0865584 1.79206
77 78 84
2 8 4425 0 7 4990 0
-0.180181 0.177878 1.71081
207 212 210
2 8 4446 0 7 4325 0
0.327062 -0.173608 2.37032
132 117 134
2 8 4448 0 7 3420 0
0.177925 0.187493 1.87515
96 102 100
2 8 4451 0 7 4707 0
0.177925 0.187493 1.87515
96 102 100
2 8 4452 0 7 4708 0
-0.123767 0.231826 1.70859
218 223 223
2 8 4455 0 7 4117 0
0.208024 -0.0858968 1.96059
83 75 85
2 8 4469 0 7 4158 0
-0.283327 0.0739073 1.71677
187 193 192
2 8 4483 0 7 5150 0
-0.240931 0.113438 1.71637
211 218 219
2 8 4497 0 7 5269 0
-0.144871 0.21765 1.70592
211 214 212
2 8 4507 0 7 3782 0
-0.131354 -0.304655 1.98388
60 63 59
2 8 4521 0 7 5008 0
-0.274502 0.0853782 1.71552
211 219 216
2 8 4573 0 7 4457 0
-0.244667 0.124387 1.70963
206 210 209
2 8 4603 0 7 4630 0
-0.135516 0.231105 1.70428
205 209 208
2 8 4623 0 7 4489 0
-0.189404 -0.15147 1.87712
207 213 212
2 8 4672 0 7 4975 0
-0.167593 -0.0241747 1.82963
60 65 66
2 8 4677 0 7 4235 0
0.0672079 0.093779 1.8725
210 214 215
2 8 4700 0 7 4644 0
0.185087 0.210051 1.86713
201 210 206
2 8 4754 0 7 4019 0
0.0306249 -0.150454 1.98259
210 219 219
2 8 4755 0 7 5312 0
-0.0410564 0.0441456 2.13695
92 102 103
2 8 4798 0 7 5396 0
-0.092284 -0.0281873 1.86345
71 81 82
2 8 4801 0 7 4108 0
0.217 0.135858 1.9183
224 229 228
2 8 4814 0 7 3114 0
-0.227599 0.10839 1.73156
185 192 192
2 8 4815 0 7 5204 0
-0.189996 0.162955 1.71398
207 212 213
2 8 4830 0 7 4273 0
-0.251736 -0.185539 1.92484
195 201 198
3 8 4836 0 9 5386 0 10 5308 0
-0.125879 -0.297198 1.98281
213 219 218
2 8 4842 0 7 5197 0
0.218563 0.203966 1.88302
199 206 204
2 8 4846 0 7 3188 0
0.201245 0.232095 1.86276
61 63 60
2 8 4886 0 7 4696 0
0.0277815 -0.0628635 1.93845
154 157 158
2 8 4949 0 7 3136 0
-0.218676 -0.229748 1.90526
198 194 181
2 8 4998 0 7 5149 0
-0.25218 0.0558775 1.74621
218 222 225
2 8 5022 0 7 5191 0
0.388045 -0.131394 2.38387
161 143 157
2 8 5024 0 7 4159 0
-0.186301 0.162834 1.71557
211 217 216
2 8 5076 0 7 5272 0
-0.0708688 0.146548 1.78866
165 174 174
2 8 5089 0 7 4867 0
0.033943 0.168726 1.81626
64 66 67
2 8 5097 0 7 2876 0
0.033943 0.168726 1.81626
63 66 66
2 8 5098 0 7 2875 0
-0.093624 0.251146 1.71346
212 219 218
2 8 5127 0 7 4771 0
-0.197424 0.162333 1.71101
205 209 209
2 8 5130 0 7 4885 0
-0.197424 0.162333 1.71101
205 209 209
2 8 5131 0 7 4886 0
-0.0454235 -0.0213793 1.88213
221 227 230
2 8 5138 0 7 4433 0
0.306838 0.064731 2.00007
207 217 213
2 8 5170 0 7 3907 0
-0.192853 0.0988987 1.75392
206 211 214
2 8 5200 0 7 5174 0
0.310445 0.0442185 2.00541
216 222 219
2 8 5259 0 7 4128 0
-0.201052 0.147797 1.71756
216 221 220
2 8 5262 0 7 4844 0
-0.128361 0.220186 1.7126
211 217 217
2 8 5264 0 7 5252 0
0.216669 0.187944 1.89139
226 232 229
2 8 5267 0 7 4610 0
0.102804 0.00978244 1.93885
95 91 93
2 8 5275 0 7 5130 0
-0.152381 -0.100915 1.86925
199 207 208
3 8 5295 0 7 4327 0 10 4545 0
0.202831 0.236626 1.85873
58 64 60
2 8 5319 0 7 4368 0
0.0287913 0.0113098 1.89515
208 218 219
4 8 5347 0 7 4345 0 9 4827 0 10 4322 0
0.179906 -0.062853 1.99808
235 235 235
2 8 5371 0 7 3954 0
-0.11641 0.2335 1.7112
214 219 220
2 8 5376 0 7 4978 0
-0.0442282 0.190716 1.77648
192 200 203
2 8 5400 0 7 4672 0
0.0266056 -0.11125 4.17865
224 229 232
2 8 5435 0 7 4124 0
-0.114816 0.243654 1.70692
212 217 219
2 8 5457 0 7 5085 0
-0.0187613 0.0788466 1.84428
175 185 185
2 8 5461 0 7 5102 0
-0.00546549 -0.0593208 2.54613
223 228 231
2 8 5462 0 7 4715 0
-0.0563017 0.28212 1.71455
212 216 216
2 8 5495 0 7 4036 0
-0.171471 -0.284638 2.11139
85 81 83
2 8 5509 0 7 4786 0
-0.0904834 -0.0321548 4.25188
36 45 47
2 8 5550 0 7 5468 0
-0.11562 0.226938 1.71487
129 135 135
2 8 5563 0 7 4312 0
-0.11562 0.226938 1.71487
129 135 135
2 8 5564 0 7 4313 0
0.0123155 -0.209111 1.99837
219 224 224
2 8 5603 0 7 4879 0
-0.102909 -0.0235447 3.32347
108 121 121
2 8 5618 0 7 5187 0
-0.171386 0.180618 1.71326
203 207 207
2 8 5631 0 7 5328 0
-0.118075 -0.136239 2.32815
56 62 63
2 8 5696 0 7 5224 0
-0.118075 -0.136239 2.32815
56 62 63
2 8 5697 0 7 5225 0
0.22267 -0.0246585 1.9973
123 132 126
2 8 5794 0 7 5160 0
-0.146342 0.219521 1.70469
211 212 210
2 8 5825 0 7 4821 0
0.0701714 0.0549862 2.84227
64 72 71
2 8 5836 0 7 4441 0
-0.155721 -0.248592 2.10735
46 45 46
2 8 5850 0 7 5196 0
-0.0190468 0.140473 1.7783
72 78 78
2 9 4288 0 7 2525 0
0.0373922 0.0468247 1.88124
162 171 172
3 9 5365 0 8 3266 0 10 5136 0
0.0500661 0.23875 1.73501
154 162 162
2 9 3767 0 7 4925 0
-0.21557 0.0212172 1.78409
158 166 166
2 7 3886 0 8 2826 0
-0.253792 0.0324072 1.75907
213 219 220
2 7 4391 0 8 4628 0
0.00879919 0.0156394 1.86851
227 233 234
2 9 24 0 8 15 0
0.0978034 0.201051 1.71876
81 78 81
2 9 438 0 8 303 0
-0.062462 -0.175283 1.97242
79 78 79
2 9 627 0 8 637 0
0.0822625 0.0707846 1.91958
224 230 233
3 9 1296 0 8 1193 0 10 1111 0
-0.0820288 -0.114722 1.90224
228 231 232
2 9 1325 0 8 1433 0
-0.0930388 -0.187141 1.97394
207 212 213
2 9 1337 0 8 1476 0
-0.276816 -0.20575 1.94066
209 214 212
2 9 1724 0 8 1818 0
-0.119561 -0.110575 1.89578
61 69 69
2 9 1739 0 8 1875 0
-0.246129 -0.185098 1.9251
216 223 220
3 9 1928 0 8 2454 0 10 1858 0
0.0616661 0.110864 1.52185
217 225 224
5 9 2078 0 8 1657 0 10 2162 0 11 2238 0 12 1624 0
-0.266475 -0.174151 1.91456
222 227 224
3 9 2530 0 8 2802 0 10 1425 0
-0.11708 -0.352026 2.09662
216 219 217
2 9 2930 0 8 3363 0
-0.224391 -0.140758 1.89206
65 74 71
2 9 3093 0 8 2393 0
-0.00337668 0.0638166 1.38293
227 233 232
2 9 3125 0 8 1850 0
-0.115552 -0.32009 2.07505
226 230 227
2 9 3256 0 8 3799 0
-0.0753126 -0.0487588 1.85816
218 226 228
2 9 3258 0 8 2527 0
-0.281222 -0.207924 1.93969
205 208 205
3 9 3275 0 8 3465 0 10 1783 0
-0.131735 -0.103872 1.88097
213 218 220
2 9 3357 0 8 2622 0
0.0771996 0.125544 1.55217
201 209 207
6 9 3419 0 8 2158 0 10 3556 0 11 4387 0 12 3330 0 4 1941 0
-0.138195 -0.113026 1.88028
70 78 74
3 9 3480 0 8 2596 0 10 3698 0
-0.111804 -0.314387 2.07259
218 222 219
2 9 3481 0 8 3937 0
-0.164227 -0.132159 1.89543
208 216 215
2 9 3703 0 8 4086 0
-0.208961 -0.150943 1.90123
213 219 218
3 9 3720 0 8 3387 0 10 3138 0
0.0584342 0.0625508 1.90177
211 219 221
2 9 4138 0 8 2350 0
-0.213663 -0.149332 1.90185
211 218 215
2 9 4145 0 8 4488 0
-0.100909 -0.351148 2.09626
172 177 173
2 9 4177 0 8 4861 0
-0.0983136 -0.111682 1.90811
63 71 70
3 9 4254 0 8 2034 0 10 4071 0
-0.0216246 -0.00647012 1.86008
183 193 194
2 9 4438 0 8 4513 0
-0.071907 -0.130782 1.93739
194 199 200
2 9 4443 0 8 4506 0
0.0396828 0.0520454 1.88309
146 151 149
2 9 4496 0 8 3205 0
0.0946567 0.135294 1.5717
42 45 43
3 9 4559 0 8 2841 0 10 5416 0
-0.129712 -0.112904 1.88873
216 221 223
2 9 4773 0 8 3309 0
0.0273693 0.00013427 2.30592
89 96 100
2 9 4981 0 8 4785 0
-0.120149 -0.326083 2.07664
77 85 80
2 9 5181 0 8 5601 0
-0.120149 -0.326083 2.07664
77 85 80
2 9 5182 0 8 5600 0
10.3256 4.01855 46.5971
57 59 62
2 9 5349 0 8 4143 0
10.3256 4.01855 46.5971
57 59 62
2 9 5350 0 8 4144 0
-0.208641 -0.148155 1.90094
40 47 47
2 9 5576 0 8 5100 0
-0.0118078 -0.0548436 2.4108
59 63 68
2 9 5679 0 8 5595 0
-0.264184 -0.191829 1.93007
49 54 51
2 8 2745 0 9 2819 0
-0.290795 -0.196342 1.93053
216 218 213
2 8 810 0 9 639 0
-0.254974 -0.189485 1.92818
213 219 217
2 8 3179 0 9 2980 0
-0.213418 -0.152451 1.90442
36 42 40
2 8 3895 0 9 3901 0
