drews 1.0
12 1461
0.869415 0.0418089 -0.0704122
0.900904 -0.432589 0.0353169
0.433887 0.895593 -0.0984061
0.010933 0.103978 0.994533
-0.46942 1.33832 0.795568
0.799916 -0.177256 2.64567
-0.300673 0.82584 0.477081
-0.914913 -0.391021 0.100258
0.26935 -0.406341 0.873131
-5.12348 -1.87258 0.585888
0.887426 0.0388688 0.00302072
-0.493358 0.702874 0.512597
-0.795671 -0.602745 0.0607974
0.351722 -0.377766 0.856595
-5.56867 -1.10951 1.42629
0.84817 0.0978332 -0.255972
-0.78176 0.14209 0.607219
-0.294889 -0.942181 -0.159212
0.549491 -0.30352 0.778455
-5.26406 0.773814 1.48213
0.868008 0.0413871 -0.0697255
0.938351 -0.34536 0.0151651
0.344871 0.932197 -0.1099
0.0238177 0.108354 0.993829
-0.145022 1.15769 0.345697
0.874782 0.0538743 -0.0927915
0.999959 -0.00841695 -0.00518538
0.00840413 0.999971 -0.00246779
0.00520627 0.00242534 0.999987
0.0245567 0.0570532 0.351856
0.873215 0.0345321 -0.0540185
0.962469 0.269108 0.0353459
-0.271402 0.955783 0.113307
-0.00329183 -0.118646 0.992934
-0.109184 -1.07269 0.47201
0.86926 0.0511912 -0.0821344
0.946836 0.320556 0.0284372
-0.321757 0.944637 0.0644307
-0.0062093 -0.0701533 0.997543
0.16342 -0.524542 0.288247
0.870753 0.0499423 -0.085624
0.886503 0.458471 0.0628214
-0.462752 0.878962 0.11537
-0.00232544 -0.131352 0.99134
-0.32839 -1.06863 0.522191
0.879104 0.0604677 -0.102693
0.29329 0.901246 0.319021
-0.944896 0.222437 0.240499
0.145789 -0.371973 0.916819
-2.87265 -2.70635 2.05548
0.881045 0.0493171 -0.0581839
0.141103 0.9233 0.357272
-0.968173 0.0533105 0.244606
0.206797 -0.380402 0.901424
-3.78268 -3.16969 2.03515
0.878537 -0.0171283 0.308293
-0.0803163 0.915864 0.393422
-0.969201 -0.163948 0.183851
0.232882 -0.366528 0.900817
-4.62648 -2.74353 1.40781
-0.986844 1.86544 9.37083
220 220 214
5 1 25 0 6 19 0 5 19 0 7 22 0 8 15 0
1.49361 -0.613274 8.72309
66 77 73
2 2 8 0 11 36 0
-0.267064 1.43505 10.7522
151 136 141
2 1 58 0 11 69 0
-1.95421 -2.09317 14.1506
174 157 163
2 2 470 0 1 959 0
0.117851 -1.45619 13.4677
171 155 160
4 2 559 0 1 925 0 11 835 0 9 1123 0
0.010588 -1.17636 13.4147
125 105 106
2 2 603 0 1 696 0
-2.05389 -1.88716 14.0335
169 153 160
4 2 868 0 1 953 0 9 1628 0 11 887 0
0.129676 -1.52697 13.469
111 96 99
4 2 1086 0 1 1303 0 11 1188 0 9 1754 0
0.129676 -1.52697 13.469
111 96 99
4 2 1087 0 1 1304 0 11 1189 0 9 1753 0
-1.15221 -1.04667 13.8043
118 106 108
2 2 1159 0 1 1776 0
0.322372 -1.5917 13.36
175 154 162
2 2 1277 0 1 2159 0
2.37002 0.970971 8.55161
213 221 214
7 2 1283 0 8 1815 0 6 1370 0 5 1219 0 7 1343 0 10 1861 0 11 1729 0
0.0453073 -0.856618 13.3276
140 128 131
2 2 1310 0 1 1606 0
-0.849465 -1.0701 13.7553
157 145 147
2 2 1323 0 1 2108 0
0.127512 -1.11752 13.0841
166 149 156
2 2 1435 0 1 1582 0
0.0818956 -1.57075 13.459
171 154 162
7 2 1458 0 1 2009 0 11 1608 0 6 1996 0 5 1618 0 8 2023 0 9 2537 0
0.256593 -1.55852 13.4023
177 159 164
2 2 1511 0 1 1899 0
0.256593 -1.55852 13.4023
177 159 164
2 2 1512 0 1 1900 0
-1.68728 1.36759 9.56715
69 77 73
2 2 1654 0 1 2160 0
1.21027 -1.26954 13.0001
144 125 124
2 2 1742 0 1 2639 0
-0.0101005 -0.894547 13.5954
109 98 99
3 2 1838 0 1 2544 0 11 1809 0
0.296174 -1.23325 13.3669
120 104 109
2 2 1973 0 1 2637 0
0.163793 -1.33131 13.3895
122 103 104
2 2 2069 0 1 2716 0
-4.56571 -4.47619 10.142
110 122 113
3 6 2085 0 7 3078 0 8 3235 0
0.929131 -1.56642 13.237
112 93 94
5 3 1280 0 1 2432 0 5 1623 0 7 1692 0 11 1420 0
0.922085 -1.6184 13.2422
174 156 161
5 3 1666 0 1 2218 0 5 1568 0 10 1917 0 11 1953 0
0.793474 -1.58201 13.2756
117 98 103
5 3 1840 0 1 1753 0 5 2159 0 7 2591 0 10 2115 0
0.782925 -1.53479 13.2799
155 138 141
5 3 2550 0 1 2656 0 5 2486 0 8 2965 0 11 2262 0
-1.41629 1.60952 9.49757
96 85 92
2 4 1 0 0 8 0
-0.9286 -2.30902 9.67835
69 64 68
2 4 6 0 0 12 0
-2.89251 1.58454 9.90244
138 129 145
4 4 7 0 0 14 0 5 5 0 7 7 0
-3.36861 -0.19509 10.4357
133 125 140
2 4 9 0 0 20 0
-0.6405 2.104 9.48228
209 209 205
2 4 16 0 0 29 0
2.46224 -0.97046 8.02789
135 123 124
4 4 39 0 0 69 0 7 87 0 6 66 0
3.90671 0.322841 8.19815
54 58 51
2 4 49 0 0 75 0
3.96334 -1.16801 8.38252
213 217 210
2 4 50 0 0 104 0
3.96334 -1.16801 8.38252
213 217 210
2 4 51 0 0 103 0
4.10311 -1.26048 8.11821
48 53 47
2 4 52 0 0 80 0
4.10311 -1.26048 8.11821
48 53 47
2 4 53 0 0 81 0
11.1237 -0.0267931 26.6282
205 185 203
2 5 88 0 6 82 0
-2.21185 -0.191771 9.6379
220 226 223
2 4 72 0 0 105 0
-2.21185 -0.191771 9.6379
220 226 223
2 4 73 0 0 106 0
-1.97544 -2.98913 10.2058
222 230 226
2 4 82 0 0 110 0
-1.97544 -2.98913 10.2058
222 230 226
2 4 83 0 0 109 0
-5.87676 -1.6859 10.563
215 224 217
2 4 97 0 0 137 0
-1.58038 0.657888 9.58304
226 236 234
2 4 104 0 0 127 0
-2.72262 -2.67688 9.90614
214 220 215
2 4 143 0 0 220 0
-2.72262 -2.67688 9.90614
214 220 215
2 4 144 0 0 221 0
-1.76568 -3.26638 9.14844
228 236 232
2 4 151 0 0 116 0
1.16115 2.52264 8.65626
234 243 238
2 4 161 0 0 187 0
-3.14442 -0.594385 10.6218
220 224 223
2 4 162 0 0 176 0
-3.14442 -0.594385 10.6218
220 224 223
2 4 163 0 0 177 0
-4.59762 -0.0620882 10.4859
228 237 231
2 4 164 0 0 233 0
-1.49246 -0.395288 9.90657
223 232 230
2 4 168 0 0 230 0
-4.02642 0.491071 11.0834
100 101 90
2 4 174 0 0 382 0
2.65312 -2.2819 8.69029
218 225 216
2 4 177 0 0 193 0
4.39918 0.803756 7.88938
215 221 213
2 4 179 0 0 222 0
-0.844266 0.75368 9.4116
221 227 224
2 4 182 0 0 235 0
-3.46346 3.31032 10.1264
233 242 237
3 4 201 0 0 269 0 5 251 0
-5.80497 -1.85063 10.6835
227 237 230
2 4 208 0 0 299 0
-5.80497 -1.85063 10.6835
226 234 228
2 4 209 0 0 298 0
-0.714815 -0.294008 9.6663
221 231 227
2 4 212 0 0 268 0
4.41006 0.759993 7.6485
216 222 215
2 4 221 0 0 389 0
-0.927673 1.32538 9.87492
217 223 220
2 4 225 0 0 259 0
-0.927673 1.32538 9.87492
217 223 220
2 4 226 0 0 258 0
-2.70485 3.44205 9.99295
235 244 240
3 4 239 0 0 295 0 5 289 0
-2.70485 3.44205 9.99295
235 244 240
3 4 240 0 0 296 0 5 290 0
3.87919 0.905657 7.84014
211 221 211
2 4 245 0 0 328 0
-0.347928 2.96209 9.39908
232 241 237
3 4 252 0 0 285 0 5 278 0
-0.00124793 0.0626463 9.2553
216 226 223
2 4 262 0 0 306 0
-0.935687 1.49212 9.39711
208 221 217
3 4 264 0 0 334 0 5 367 0
-5.96652 -1.05421 10.8154
231 241 234
2 4 265 0 0 312 0
-0.449144 -2.38088 9.34557
214 222 218
2 4 267 0 0 324 0
-1.19619 -2.46974 9.4558
216 224 220
2 4 269 0 0 310 0
0.0968776 -0.725729 9.09718
205 215 213
2 4 270 0 0 290 0
0.0968776 -0.725729 9.09718
205 215 213
2 4 271 0 0 291 0
3.84025 -0.468563 8.22707
64 68 61
2 4 278 0 0 323 0
-1.98394 0.403114 9.94247
115 111 125
2 4 284 0 0 339 0
4.04227 -0.519767 7.86178
51 55 45
4 4 292 0 0 398 0 5 390 0 6 391 0
-0.103938 0.833364 9.2092
207 218 214
2 4 293 0 0 329 0
4.10654 -0.265638 8.06618
43 45 39
2 4 294 0 0 392 0
4.74603 0.450967 7.5685
217 223 215
2 4 295 0 0 347 0
-5.40146 -0.993172 10.6785
224 231 224
2 4 297 0 0 340 0
-5.72134 -1.50568 10.4361
227 236 230
2 4 301 0 0 332 0
-5.72134 -1.50568 10.4361
227 236 230
2 4 302 0 0 333 0
-1.76612 2.78586 9.68561
129 127 136
4 4 305 0 0 356 0 7 222 0 6 132 0
-1.76393 2.77211 9.64904
127 125 133
3 4 306 0 0 357 0 7 221 0
-4.92633 -0.115375 10.6208
221 231 224
2 4 310 0 0 317 0
-4.95372 -2.53086 10.4538
221 229 221
4 4 318 0 0 360 0 5 374 0 7 495 0
3.97531 0.0390047 7.89631
57 60 52
4 4 323 0 0 428 0 5 435 0 6 407 0
3.66456 1.61727 8.14877
53 58 54
2 4 324 0 0 351 0
3.88926 0.830006 7.95143
58 61 54
4 4 330 0 0 399 0 5 442 0 7 448 0
-3.26655 -1.49869 9.53999
105 103 100
6 4 334 0 0 367 0 5 394 0 8 434 0 7 428 0 6 442 0
4.06547 -0.617867 7.88577
54 59 50
5 4 364 0 0 441 0 7 474 0 6 504 0 8 483 0
3.95306 -0.0247094 7.75357
198 203 191
4 4 381 0 0 432 0 7 509 0 6 487 0
-5.59378 0.589595 10.749
219 227 219
2 4 396 0 0 422 0
-4.83202 0.509465 11.3892
109 118 113
2 4 403 0 0 445 0
3.99555 1.954 9.73619
55 52 53
2 4 411 0 0 452 0
-0.252932 2.27905 9.60165
237 242 240
2 4 440 0 0 543 0
-5.59772 0.343828 9.9697
152 139 139
2 4 451 0 0 553 0
-5.59772 0.343828 9.9697
152 139 139
2 4 452 0 0 554 0
4.52725 0.70108 7.62029
211 221 211
2 4 453 0 0 473 0
4.52725 0.70108 7.62029
211 221 211
2 4 454 0 0 475 0
4.52725 0.70108 7.62029
211 221 211
2 4 455 0 0 474 0
4.36698 0.673245 7.76362
222 230 220
2 4 457 0 0 471 0
4.65365 0.373322 7.53633
129 136 128
2 4 460 0 0 476 0
4.39531 -0.947786 7.82201
195 201 193
2 4 462 0 0 605 0
-2.31014 2.10063 9.83755
114 106 113
3 4 476 0 0 667 0 5 532 0
-1.07215 2.10859 9.49373
71 76 70
2 4 489 0 0 555 0
4.69242 0.645359 7.58215
224 232 223
2 4 495 0 0 515 0
-3.03836 0.24567 10.0431
55 60 55
2 4 506 0 0 657 0
0.56547 -1.36623 8.6586
144 124 127
2 4 512 0 0 703 0
0.56547 -1.36623 8.6586
144 124 127
2 4 514 0 0 702 0
4.21289 -0.681314 7.8128
221 228 219
2 4 524 0 0 616 0
4.35279 0.142415 7.80336
194 201 192
2 4 530 0 0 890 0
-3.22599 0.876531 9.95001
139 131 149
2 4 538 0 0 633 0
-2.59826 -2.9065 9.90293
88 94 88
2 4 540 0 0 768 0
-2.18157 3.50839 9.86643
210 219 212
3 4 544 0 0 755 0 5 492 0
4.07188 0.409722 7.83088
222 229 222
2 4 545 0 0 743 0
4.07188 0.409722 7.83088
222 229 222
2 4 546 0 0 744 0
3.84906 1.33509 8.21723
63 68 62
2 4 554 0 0 1207 0
-2.90463 -0.547847 9.98053
81 85 79
2 4 564 0 0 1002 0
4.43447 0.13505 7.68821
218 226 216
2 4 567 0 0 905 0
1.3202 1.57803 8.88241
221 231 228
3 4 573 0 0 671 0 5 579 0
-2.97508 0.406695 10.166
100 106 103
2 4 598 0 0 682 0
-5.50244 -1.14372 11.1147
208 217 209
2 4 616 0 0 812 0
2.04986 -4.63414 8.9805
68 69 65
2 4 618 0 0 929 0
-5.18392 -0.105358 10.5049
46 55 48
2 4 619 0 0 924 0
-4.62859 -2.21735 10.4272
144 154 146
2 4 628 0 0 705 0
4.26877 0.919899 7.60817
208 216 207
2 4 630 0 0 625 0
4.66157 0.721259 7.60675
88 94 89
2 4 631 0 0 823 0
4.66157 0.721259 7.60675
88 94 89
2 4 632 0 0 824 0
-2.51362 1.87576 9.8448
229 237 233
3 4 642 0 0 857 0 5 601 0
-0.643777 -0.956545 2.06643
107 104 118
2 4 647 0 0 660 0
2.89057 -4.63555 8.55705
117 118 109
2 4 653 0 0 920 0
4.50869 0.26939 7.54
210 218 207
2 4 657 0 0 1006 0
4.68948 0.751516 7.59892
214 222 212
2 4 661 0 0 888 0
2.14728 1.87751 8.66714
150 131 133
2 4 669 0 0 1065 0
-3.61278 -3.72716 12.1957
77 78 73
2 4 675 0 0 1532 0
4.12433 0.0870402 7.80205
199 206 198
2 4 685 0 0 943 0
4.53521 1.05193 7.67127
180 187 177
2 4 702 0 0 928 0
-2.44351 1.91727 9.84791
71 81 77
3 4 703 0 0 908 0 5 664 0
-1.90403 2.5609 9.69574
139 134 148
6 4 710 0 0 1784 0 7 629 0 6 805 0 5 838 0 8 791 0
-2.01904 -1.48752 9.17476
140 129 128
2 4 717 0 0 861 0
3.63818 1.6917 8.19528
187 191 181
5 4 718 0 0 959 0 5 767 0 6 617 0 7 681 0
4.76244 0.397813 7.62346
116 122 113
2 4 719 0 0 1051 0
4.51941 -0.712009 7.78447
186 191 182
2 4 727 0 0 668 0
3.91489 -0.281464 8.14976
57 60 54
2 4 730 0 0 699 0
4.90338 0.321062 7.63122
202 209 200
2 4 733 0 0 805 0
-4.64723 1.19708 10.7614
114 121 117
2 4 740 0 0 1012 0
4.68853 0.245815 7.603
217 226 216
2 4 751 0 0 1254 0
4.25569 0.0271388 7.82894
218 226 217
2 4 755 0 0 878 0
1.28541 0.994646 8.65682
135 141 138
2 4 756 0 0 918 0
4.28288 -1.14369 7.79168
163 168 159
2 4 762 0 0 1146 0
4.28288 -1.14369 7.79168
163 168 159
2 4 763 0 0 1145 0
4.17252 1.17626 7.71456
191 200 192
2 4 769 0 0 1104 0
4.17252 1.17626 7.71456
191 200 192
2 4 770 0 0 1105 0
4.34856 0.152577 7.73148
220 226 217
2 4 773 0 0 1049 0
2.63007 -1.83863 8.60868
203 210 202
2 4 775 0 0 933 0
-6.47133 -1.33765 10.7653
100 114 108
2 4 797 0 0 965 0
-1.74379 1.2422 9.85602
138 141 142
2 4 799 0 0 791 0
-5.2651 0.634811 10.6078
203 215 208
2 4 800 0 0 648 0
-4.01259 0.0614668 22.0412
121 114 128
6 4 814 0 0 882 0 5 781 0 6 1083 0 7 1019 0 9 1022 0
-5.60654 1.42957 10.568
109 117 108
2 4 819 0 0 669 0
-5.27547 -0.706234 10.5197
160 170 162
2 4 832 0 0 1072 0
-4.37741 0.767123 12.1955
137 134 152
2 4 835 0 0 1227 0
-5.17716 -1.04346 10.3795
209 216 210
2 4 841 0 0 1092 0
4.78059 0.608415 7.55934
158 165 154
2 4 845 0 0 1175 0
-1.42149 -0.323457 9.75648
87 88 86
2 4 862 0 0 1087 0
-4.91661 -0.0552623 10.428
146 156 148
4 4 869 0 0 894 0 5 1098 0 7 1106 0
-5.23281 1.50251 10.5367
118 129 119
2 4 870 0 0 1053 0
4.34686 0.80759 7.67384
150 158 148
2 4 876 0 0 1151 0
-2.26653 0.369632 9.94643
79 81 80
2 4 887 0 0 1162 0
-4.39059 -0.034215 10.5982
79 84 79
2 4 888 0 0 1137 0
4.13514 -0.923044 8.16532
57 61 54
2 5 958 0 6 892 0
4.77296 0.361258 7.5611
200 207 198
2 4 890 0 0 1076 0
4.77296 0.361258 7.5611
200 207 198
2 4 891 0 0 1077 0
-2.265 3.66847 9.79441
98 104 100
3 4 902 0 0 1032 0 5 1058 0
3.96224 1.20427 9.46827
51 50 52
2 4 903 0 0 1435 0
-5.99419 0.0346111 10.8075
58 64 61
2 4 918 0 0 1361 0
-5.99419 0.0346111 10.8075
58 64 61
2 4 919 0 0 1360 0
3.90556 2.04583 9.55219
61 60 61
2 4 927 0 0 1255 0
-3.05958 0.0950756 9.78569
98 102 100
2 4 929 0 0 1055 0
-5.3953 -0.107513 10.629
120 127 119
2 4 932 0 0 1069 0
-4.8443 1.5626 10.4392
113 119 112
3 4 938 0 0 1114 0 5 1045 0
-4.86622 1.57616 10.4898
109 116 109
2 4 939 0 0 1115 0
4.73596 0.913615 7.55717
215 222 212
2 4 942 0 0 1307 0
4.75051 -0.030202 7.69278
185 190 180
2 4 951 0 0 987 0
4.80623 0.814058 7.73446
167 175 165
2 4 952 0 0 951 0
4.37267 -0.92978 9.70005
132 117 135
2 4 953 0 0 1174 0
-1.09317 -2.2264 9.66883
113 109 122
2 4 954 0 0 1025 0
-0.660388 -0.223951 9.5658
77 85 82
2 4 970 0 0 1315 0
-6.41459 -1.67606 10.8043
181 163 165
2 4 980 0 0 1134 0
-5.28994 -2.26462 10.698
206 214 208
2 4 981 0 0 1549 0
-1.34644 -0.119071 9.59021
129 124 140
2 4 986 0 0 955 0
3.29534 -0.340812 8.94311
93 98 87
2 4 990 0 0 2243 0
4.49372 1.03376 7.7258
180 189 178
2 4 1000 0 0 1376 0
-0.0327791 0.802276 9.31453
104 115 117
2 4 1015 0 0 1236 0
-4.52939 -2.25367 10.4784
207 216 211
2 4 1020 0 0 989 0
4.28322 1.06609 7.75983
213 220 209
3 4 1028 0 0 1208 0 5 984 0
4.13829 0.135756 9.34847
96 100 93
4 4 1033 0 0 1180 0 5 1024 0 7 970 0
4.15399 0.140358 9.38012
95 100 94
2 4 1034 0 0 1179 0
3.78381 1.67483 8.26872
116 121 114
2 4 1035 0 0 1442 0
-5.04251 3.15966 10.525
99 107 100
3 4 1037 0 0 1164 0 5 1530 0
4.27296 1.21076 7.69889
163 173 164
2 4 1041 0 0 1300 0
-4.34471 -0.101248 10.5357
193 202 198
2 4 1049 0 0 1060 0
4.54866 -0.69863 7.77183
218 223 214
2 4 1056 0 0 1250 0
4.32189 1.23715 7.72263
228 235 227
2 4 1057 0 0 1338 0
-5.88756 -0.456656 10.7157
117 109 110
2 4 1065 0 0 1172 0
4.02061 0.963523 9.52084
65 62 63
4 4 1077 0 0 1369 0 7 978 0 8 1496 0
4.63542 0.920317 7.52746
211 219 210
2 4 1086 0 0 1408 0
4.63542 0.920317 7.52746
211 219 210
2 4 1087 0 0 1407 0
4.26273 0.898477 7.7511
106 111 105
2 4 1090 0 0 1312 0
4.26273 0.898477 7.7511
106 111 105
2 4 1091 0 0 1313 0
4.26273 0.898477 7.7511
106 111 105
2 4 1092 0 0 1314 0
-5.44116 1.49623 10.6614
47 54 47
2 4 1121 0 0 1346 0
-4.22738 -0.199076 10.4995
43 50 49
2 4 1122 0 0 1632 0
4.22348 0.031631 9.78323
178 163 180
2 4 1136 0 0 1415 0
4.03323 1.28585 9.73442
180 165 183
2 4 1138 0 0 1444 0
3.68721 1.76027 8.26851
56 61 56
2 4 1141 0 0 1135 0
4.45283 0.376832 7.63378
112 120 111
2 4 1147 0 0 1429 0
-1.60791 2.49608 9.60731
102 100 100
3 4 1150 0 0 1334 0 8 949 0
-1.61078 2.50481 9.63004
109 107 108
4 4 1151 0 0 1335 0 8 948 0 6 980 0
4.73038 0.24833 7.72536
189 196 187
2 4 1154 0 0 1564 0
-1.00257 2.04981 9.40273
217 217 215
2 4 1159 0 0 1581 0
4.18165 -0.478383 7.82626
176 180 171
2 4 1162 0 0 1937 0
4.26207 0.937413 7.72705
219 229 218
2 4 1175 0 0 1381 0
1.18012 0.158041 9.20131
131 139 138
2 4 1182 0 0 1539 0
-5.89375 1.44479 10.9315
204 214 205
2 4 1188 0 0 1395 0
-4.91729 -2.46083 10.5302
50 58 51
2 4 1191 0 0 1261 0
4.16906 -0.398077 7.7884
222 225 219
2 4 1202 0 0 1673 0
4.52065 0.646784 7.59144
100 110 100
2 4 1203 0 0 2107 0
4.44775 -1.11393 7.88664
154 159 150
2 4 1205 0 0 880 0
-5.69142 -1.57711 10.7173
141 150 143
3 5 2861 0 6 1566 0 7 2181 0
2.367 0.981509 8.55157
219 228 222
2 4 1217 0 0 1518 0
2.35308 0.968563 8.49454
210 219 212
6 4 1218 0 0 1517 0 5 1220 0 6 1371 0 7 1342 0 8 1814 0
-5.75727 -0.0248104 10.5887
228 235 229
3 4 1221 0 0 1702 0 5 1016 0
4.51228 0.513779 7.66931
127 135 124
2 4 1222 0 0 1643 0
-3.00502 1.8417 9.96113
210 211 207
6 4 1229 0 0 1510 0 5 1401 0 7 1566 0 6 1615 0 8 1841 0
3.28895 -1.97413 8.25916
208 214 206
6 4 1232 0 0 1499 0 5 1437 0 6 1529 0 7 1544 0 8 1706 0
-0.725081 -3.44163 9.40825
71 67 67
3 4 1238 0 0 1480 0 7 2177 0
-5.80485 0.0294702 10.7216
175 184 177
4 4 1246 0 0 2138 0 5 1645 0 8 1271 0
4.25292 1.1056 7.72323
114 121 115
2 4 1255 0 0 2051 0
4.91223 0.798452 7.48564
219 226 217
2 4 1268 0 0 1513 0
4.91223 0.798452 7.48564
219 226 217
2 4 1269 0 0 1514 0
3.32736 -1.97519 8.45061
75 79 73
2 4 1285 0 0 1841 0
4.36153 0.907035 7.70005
142 151 143
2 4 1287 0 0 1817 0
1.99702 -3.1478 8.74178
147 138 142
2 4 1288 0 0 1258 0
2.57832 -1.79118 8.52332
83 85 82
6 4 1293 0 0 1923 0 5 1322 0 6 1314 0 7 1410 0 8 1526 0
2.56438 -1.78829 8.48183
87 87 86
3 4 1294 0 0 1924 0 5 1323 0
2.05947 -4.57886 8.92439
195 200 191
2 4 1303 0 0 1552 0
4.19394 0.939685 7.67368
156 165 155
2 4 1318 0 0 1669 0
4.2159 -0.665738 7.89874
158 165 156
2 4 1328 0 0 1803 0
4.2159 -0.665738 7.89874
158 165 156
2 4 1329 0 0 1804 0
-5.28262 -1.69134 10.5694
135 144 136
2 4 1332 0 0 1639 0
4.99116 0.696335 7.51427
140 146 140
2 4 1338 0 0 1450 0
4.99116 0.696335 7.51427
140 146 140
2 4 1339 0 0 1449 0
4.37164 -1.81953 9.58406
159 140 159
5 4 1342 0 0 1347 0 5 1262 0 7 1578 0 8 1879 0
-5.08206 -0.906835 10.564
196 207 200
2 4 1344 0 0 1469 0
4.59722 1.03198 7.57541
197 203 195
2 4 1357 0 0 2078 0
4.49867 1.04603 7.67853
213 221 210
2 4 1358 0 0 1495 0
-5.17233 -0.131813 10.5696
198 208 202
2 4 1361 0 0 1610 0
4.04519 0.389336 9.35557
103 106 99
2 4 1362 0 0 1824 0
4.5451 0.466733 7.56498
172 180 168
2 4 1365 0 0 1954 0
4.02308 1.08616 9.49304
103 111 103
2 4 1377 0 0 1556 0
4.02629 1.08771 9.49639
106 111 104
4 4 1378 0 0 1554 0 5 1369 0 7 1235 0
-1.71334 1.6215 9.32668
101 104 99
2 4 1380 0 0 2703 0
-2.18062 -2.69285 9.63809
218 228 222
3 4 1386 0 0 1654 0 5 1529 0
-5.1381 -2.44046 10.4821
224 230 224
2 4 1388 0 0 2301 0
4.92514 0.433002 7.54206
121 128 122
2 4 1396 0 0 1662 0
5.02046 0.723122 7.44669
111 118 113
2 4 1398 0 0 2043 0
4.09135 -0.408342 7.83282
167 172 160
2 4 1400 0 0 1953 0
4.59233 0.707631 7.62838
117 125 119
2 4 1404 0 0 1630 0
4.59233 0.707631 7.62838
117 125 119
2 4 1405 0 0 1629 0
3.96431 0.371494 8.11669
64 67 61
2 4 1409 0 0 2077 0
4.8008 0.900559 7.50799
201 209 199
2 4 1411 0 0 2065 0
4.43535 0.57608 7.76122
179 185 175
2 4 1414 0 0 1818 0
4.43535 0.57608 7.76122
179 185 175
2 4 1415 0 0 1819 0
4.57084 -0.302678 7.64973
219 223 214
2 4 1426 0 0 1286 0
4.43762 -0.490765 7.82017
194 200 193
2 4 1428 0 0 1717 0
-2.12481 3.69239 9.75607
225 233 229
3 4 1434 0 0 1787 0 5 1189 0
3.94663 1.39745 9.72463
226 208 227
2 4 1445 0 0 1950 0
4.5335 -2.33376 9.7495
151 132 147
2 4 1454 0 0 1748 0
4.07859 -0.665159 7.86249
151 157 145
2 4 1458 0 0 1695 0
4.52638 0.414848 7.60076
97 105 95
2 4 1460 0 0 2273 0
4.52638 0.414848 7.60076
97 105 95
2 4 1461 0 0 2272 0
4.84793 0.197687 7.64387
212 219 211
2 4 1464 0 0 1760 0
4.84793 0.197687 7.64387
212 219 211
2 4 1465 0 0 1759 0
-4.69663 0.0154918 10.5222
110 117 110
2 4 1483 0 0 1522 0
3.53236 2.54481 9.11955
207 186 202
2 5 2940 0 6 2409 0
4.36183 1.13168 7.71386
180 187 178
2 4 1498 0 0 1840 0
4.61384 -0.516186 7.75261
186 191 182
2 4 1499 0 0 1474 0
-3.49045 -3.65794 12.159
97 101 103
2 4 1500 0 0 1678 0
4.35137 1.0657 7.77611
99 103 96
3 4 1504 0 0 1897 0 5 2392 0
-3.0807 0.220921 10.2086
134 144 140
2 4 1506 0 0 1432 0
4.14756 0.81268 7.64863
221 227 221
2 4 1514 0 0 2067 0
-4.68368 0.164253 10.33
180 188 182
2 4 1519 0 0 1872 0
4.69828 0.927514 7.55582
133 141 133
2 4 1521 0 0 2782 0
4.7637 0.295055 7.61533
211 220 210
2 4 1526 0 0 1529 0
4.80613 0.379745 7.55582
150 158 149
2 4 1528 0 0 2673 0
4.53959 0.477583 7.51175
206 212 201
2 4 1529 0 0 2154 0
4.23825 0.8938 7.77878
212 220 211
2 4 1535 0 0 1806 0
3.92253 2.01561 9.59828
75 72 75
3 4 1537 0 0 1689 0 5 1565 0
-5.62971 -1.55636 10.7389
166 176 171
2 4 1540 0 0 2223 0
4.83299 0.489394 7.63175
142 149 141
2 4 1542 0 0 1215 0
-1.82403 -2.77389 9.64099
87 90 88
2 4 1545 0 0 2855 0
4.26955 1.03412 7.78088
94 103 95
2 4 1546 0 0 2790 0
4.69163 0.167065 7.61791
206 212 201
2 4 1548 0 0 1764 0
4.16736 -0.738741 7.77429
157 161 152
2 4 1550 0 0 1061 0
4.80563 0.101331 7.6677
214 221 211
2 4 1566 0 0 1929 0
4.80563 0.101331 7.6677
214 221 211
2 4 1567 0 0 1930 0
4.56767 0.951124 7.59151
216 224 213
2 4 1575 0 0 1789 0
4.56767 0.951124 7.59151
216 224 213
2 4 1576 0 0 1788 0
4.31107 0.801738 7.7762
215 223 212
2 4 1577 0 0 1642 0
4.13492 0.350093 9.49696
107 111 104
2 4 1582 0 0 2017 0
4.13492 0.350093 9.49696
107 111 104
2 4 1583 0 0 2018 0
-6.50195 -1.67129 10.7039
124 137 130
2 4 1587 0 0 1572 0
-5.64883 0.661789 10.9404
204 210 204
2 4 1592 0 0 1739 0
-4.00023 0.261347 22.0283
124 117 131
4 4 1603 0 0 1595 0 5 1681 0 6 1754 0
4.46506 0.913774 7.68984
142 151 141
2 4 1608 0 0 2879 0
4.2671 0.974503 7.70166
167 175 167
2 4 1610 0 0 2349 0
4.64156 0.906567 7.68608
201 209 200
2 4 1614 0 0 2635 0
-5.64476 -2.29876 10.7105
221 227 220
2 4 1626 0 0 2215 0
4.65828 -2.46431 9.82345
131 114 130
2 4 1628 0 0 1560 0
4.89195 0.780887 7.50274
107 115 108
2 4 1630 0 0 2811 0
4.57997 -0.511529 7.64531
215 220 210
2 4 1631 0 0 1798 0
4.57997 -0.511529 7.64531
215 220 210
2 4 1632 0 0 1797 0
4.48385 1.14072 7.66301
219 225 216
2 4 1633 0 0 2253 0
4.19061 0.0336896 7.83437
221 228 218
2 4 1635 0 0 1737 0
4.45273 -0.783991 7.77102
169 175 165
2 4 1638 0 0 2690 0
4.45273 -0.783991 7.77102
169 175 165
2 4 1639 0 0 2689 0
4.24253 0.987274 7.73007
216 223 213
2 4 1641 0 0 1830 0
3.87271 2.19104 9.47777
109 117 110
2 4 1649 0 0 1995 0
4.43321 0.196635 7.6882
158 166 157
2 4 1652 0 0 1810 0
4.7232 -0.187625 7.67271
177 185 172
2 4 1659 0 0 2086 0
4.74409 0.181085 7.64308
158 164 154
2 4 1662 0 0 1839 0
4.35482 1.00261 7.64042
194 202 191
2 4 1672 0 0 2442 0
4.19241 0.046801 7.77633
168 174 165
2 4 1674 0 0 2291 0
4.78663 0.170634 7.59529
158 165 156
2 4 1677 0 0 1584 0
4.78663 0.170634 7.59529
158 165 156
2 4 1678 0 0 1585 0
-0.648237 1.52027 9.60634
114 117 115
2 4 1685 0 0 1812 0
4.77848 0.799731 7.577
144 152 143
2 4 1688 0 0 1778 0
-0.858617 1.45802 9.48028
98 100 105
2 4 1691 0 0 1728 0
4.85392 0.337418 7.54036
148 157 147
2 4 1707 0 0 2217 0
4.7517 0.180957 7.60494
212 219 209
2 4 1733 0 0 2199 0
4.7517 0.180957 7.60494
212 219 209
2 4 1734 0 0 2198 0
2.75396 1.93598 8.41812
107 110 105
2 4 1735 0 0 1939 0
-6.05754 0.771904 10.7469
110 119 114
2 4 1739 0 0 2300 0
-5.41582 -1.70963 10.6035
147 156 147
6 4 1742 0 0 2008 0 5 2542 0 6 1954 0 7 2549 0 8 3217 0
4.22804 -0.849645 9.76151
173 158 175
2 4 1743 0 0 1594 0
-1.53379 0.48622 9.84121
71 77 73
2 4 1748 0 0 1852 0
4.9909 0.686696 7.41441
199 207 201
2 4 1763 0 0 2363 0
4.73188 0.880306 7.58224
119 127 119
2 4 1770 0 0 2425 0
-5.71452 -0.962446 10.6143
121 126 116
2 4 1774 0 0 2034 0
-2.54012 3.62782 9.85881
65 69 61
3 4 1778 0 0 2009 0 5 1844 0
4.50571 -1.83307 9.5277
53 47 51
2 4 1782 0 0 1289 0
3.84007 1.8875 9.53051
196 179 197
2 4 1796 0 0 2072 0
4.8366 0.883216 7.54338
134 141 132
2 4 1800 0 0 1974 0
4.25745 -0.702956 7.80863
197 203 194
2 4 1816 0 0 1647 0
3.80015 1.15414 8.20652
41 45 39
2 4 1829 0 0 1952 0
-4.33328 0.0248731 10.2017
127 136 130
2 4 1839 0 0 2229 0
4.95977 0.479693 7.55529
211 218 212
2 4 1848 0 0 2057 0
2.76581 -3.00928 8.63971
127 132 124
2 4 1855 0 0 2989 0
4.58805 0.784004 7.65698
117 124 117
2 4 1856 0 0 2834 0
4.23397 1.19654 7.70239
225 231 225
2 4 1866 0 0 1645 0
4.93476 0.831148 7.4971
112 118 112
2 4 1904 0 0 2503 0
4.33938 1.18976 7.73076
214 222 213
2 4 1926 0 0 2641 0
-3.49394 -0.608241 10.0437
66 69 66
2 4 1927 0 0 1882 0
-5.16327 -0.936931 10.6737
54 64 56
2 4 1931 0 0 2806 0
-5.16327 -0.936931 10.6737
59 70 62
2 4 1932 0 0 2807 0
-5.21711 -0.889699 10.4764
130 138 130
2 4 1933 0 0 2608 0
4.23162 -0.854445 9.64988
196 178 197
2 4 1935 0 0 2933 0
-4.62529 1.46691 10.7246
70 77 70
2 4 1953 0 0 2525 0
4.53966 0.974146 7.66433
214 221 209
2 4 1963 0 0 2630 0
4.53966 0.974146 7.66433
214 221 209
2 4 1964 0 0 2631 0
4.01529 0.0708702 8.18702
50 52 43
5 4 1967 0 0 2584 0 5 2531 0 6 2912 0 7 2224 0
4.87152 0.743301 7.56337
112 120 114
2 4 1972 0 0 2036 0
4.87152 0.743301 7.56337
112 120 114
2 4 1973 0 0 2037 0
4.5757 0.908729 7.60597
200 208 200
2 4 1985 0 0 2465 0
4.10332 -1.40165 9.68668
129 117 121
2 4 2004 0 0 2012 0
-4.53897 -2.22477 10.3207
216 227 220
2 4 2011 0 0 2455 0
-4.53897 -2.22477 10.3207
216 227 220
2 4 2012 0 0 2454 0
-5.76282 -0.0226036 10.7304
206 213 207
2 4 2016 0 0 2162 0
-4.86437 -0.0388244 10.4274
229 239 233
2 4 2019 0 0 2327 0
4.03831 -0.46544 7.82271
139 147 133
4 4 2022 0 0 2734 0 6 2874 0 5 2493 0
4.88602 0.403357 7.56425
123 128 120
2 4 2032 0 0 1967 0
4.88602 0.403357 7.56425
123 128 120
2 4 2033 0 0 1966 0
-1.67007 -2.26171 9.75189
95 93 102
2 4 2034 0 0 1576 0
4.23416 1.14364 7.70711
215 224 216
2 4 2050 0 0 2743 0
4.89123 0.122468 7.75565
174 180 170
2 4 2052 0 0 2376 0
4.21227 0.0581482 7.76394
219 225 216
2 4 2058 0 0 2102 0
5.01965 0.59509 7.51742
200 205 198
2 4 2067 0 0 2613 0
4.89552 0.749499 7.49202
196 204 196
2 4 2072 0 0 2479 0
4.89552 0.749499 7.49202
196 204 196
2 4 2073 0 0 2480 0
-4.65108 1.35317 10.7473
118 128 122
2 4 2078 0 0 2715 0
3.91137 1.43768 7.83445
202 208 203
2 4 2088 0 0 2365 0
4.46401 0.980928 7.71853
211 217 206
3 4 2090 0 0 2260 0 5 2228 0
4.32932 1.02749 7.64942
216 224 217
2 4 2092 0 0 2524 0
-3.85197 -3.37238 11.0525
47 52 46
2 4 2109 0 0 2123 0
-2.53461 1.71386 9.74372
131 123 135
5 4 2110 0 0 2177 0 5 1524 0 7 2438 0 8 2450 0
3.64483 -3.60433 8.40627
165 170 159
2 4 2120 0 0 1977 0
-0.439148 2.44969 9.66213
140 123 130
2 4 2143 0 0 2894 0
4.42738 0.0201112 7.73397
196 204 195
2 4 2144 0 0 2335 0
-2.12145 0.450698 10.3431
165 154 176
2 4 2156 0 0 1703 0
-2.12145 0.450698 10.3431
165 154 176
2 4 2157 0 0 1704 0
4.61802 0.996231 7.61448
198 205 196
2 4 2159 0 0 2861 0
4.23101 0.0377276 7.73311
190 195 188
2 4 2164 0 0 2557 0
-6.8894 -1.09171 10.9083
83 87 83
2 4 2196 0 0 1504 0
4.99704 0.657797 7.51209
207 215 209
2 4 2202 0 0 2726 0
4.72547 0.204895 7.59572
212 218 208
2 4 2204 0 0 2836 0
4.89043 0.425422 7.53784
196 203 196
2 4 2209 0 0 2840 0
-6.02865 0.786351 10.7891
162 155 154
2 4 2215 0 0 2968 0
-3.8771 0.267884 10.2148
229 237 232
2 4 2216 0 0 2323 0
-2.06293 3.68187 9.72947
231 241 235
3 4 2226 0 0 2644 0 5 1969 0
-2.06293 3.68187 9.72947
231 241 235
3 4 2227 0 0 2643 0 5 1970 0
4.25185 -1.8641 9.58188
69 58 63
6 4 2231 0 0 2353 0 5 1553 0 6 1727 0 7 1574 0 8 1474 0
-5.14477 -1.46854 10.5233
222 231 224
3 4 2246 0 0 1625 0 5 1446 0
-0.997203 -3.49738 9.58812
92 94 94
2 4 2258 0 0 1857 0
5.02869 0.652805 7.47513
211 217 211
2 4 2269 0 0 2372 0
4.5549 1.07818 7.61338
98 107 102
2 4 2273 0 0 2823 0
3.82015 1.8095 9.55085
208 189 208
2 4 2274 0 0 2663 0
3.90849 0.496398 7.86239
89 96 85
2 4 2278 0 0 2495 0
4.50637 0.778628 7.6489
212 219 209
2 4 2286 0 0 2358 0
-1.01496 -0.709187 4.17466
164 156 175
2 4 2293 0 0 1948 0
4.97772 0.758865 7.53569
205 214 207
2 4 2300 0 0 2838 0
2.0722 2.49983 8.51885
184 190 181
2 4 2309 0 0 2556 0
4.34416 -0.853239 9.43773
56 52 57
2 4 2317 0 0 2207 0
4.73049 0.646496 7.5814
147 156 146
2 4 2321 0 0 2942 0
-4.82795 0.00124237 10.4563
214 224 216
4 4 2324 0 0 2759 0 5 2645 0 6 2578 0
4.73021 -0.0233194 7.60949
204 209 200
2 4 2334 0 0 2658 0
-4.39223 -0.0922051 10.4912
197 203 201
2 4 2342 0 0 2476 0
4.12019 -0.777004 7.91021
157 163 152
2 4 2354 0 0 2698 0
-3.07406 0.00573879 9.85118
112 114 115
3 4 2357 0 0 2001 0 5 2876 0
4.599 -2.30805 9.8135
161 143 156
2 4 2358 0 0 2945 0
4.51654 0.718491 7.55574
121 129 120
2 4 2373 0 0 2386 0
-3.289 -0.581139 10.0879
100 103 106
2 4 2381 0 0 2617 0
4.36704 1.04546 7.79789
214 220 211
3 4 2400 0 0 2769 0 5 2716 0
4.87953 0.743032 7.52958
190 198 190
2 4 2411 0 0 2073 0
4.69772 -0.050698 7.6689
216 224 213
2 4 2443 0 0 2406 0
-5.10269 -0.677005 10.4655
73 86 77
2 4 2448 0 0 2160 0
4.6763 0.122897 7.56983
186 193 182
2 4 2458 0 0 2292 0
-4.97719 -2.51635 10.7677
197 207 200
2 4 2468 0 0 1038 0
-2.7927 3.73327 9.92392
107 102 107
3 4 2476 0 0 1855 0 5 2240 0
-2.69308 3.67248 9.87417
208 217 212
3 4 2487 0 0 2573 0 5 1992 0
-2.69308 3.67248 9.87417
208 217 212
3 4 2488 0 0 2574 0 5 1991 0
4.52281 1.04072 7.66683
173 181 170
2 4 2491 0 0 2679 0
4.81504 0.86878 7.5785
125 132 125
2 4 2512 0 0 2844 0
4.98072 0.621571 7.51788
202 209 202
2 4 2518 0 0 2738 0
8.32612 4.78489 27.2812
133 110 113
4 0 2328 0 3 1803 0 5 2310 0 6 2628 0
1.14269 2.4108 8.95938
124 122 119
2 4 2534 0 0 1889 0
3.86134 2.01792 9.73257
214 195 211
4 4 2535 0 0 2508 0 5 2422 0 7 2363 0
4.16446 0.245754 9.43347
85 89 81
2 4 2548 0 0 2860 0
-5.48378 -1.71482 10.5908
158 167 158
4 4 2549 0 0 3011 0 5 2501 0 7 2941 0
-4.23869 -0.00370583 10.0929
132 141 135
2 4 2573 0 0 2986 0
4.31636 -1.48447 8.45457
84 86 80
2 4 2589 0 0 2716 0
-5.30986 1.00103 10.5098
69 80 70
2 4 2605 0 0 2924 0
-3.97878 -2.80931 11.223
103 109 103
2 4 2608 0 0 2976 0
-5.13429 -2.50368 10.6264
200 207 200
2 4 2619 0 0 2791 0
4.64763 -0.296136 7.64807
214 219 211
2 4 2648 0 0 2808 0
-0.762753 -3.47831 9.49696
225 230 229
2 4 2682 0 0 2964 0
-0.762753 -3.47831 9.49696
225 230 229
2 4 2683 0 0 2965 0
4.9896 0.489138 7.5603
120 126 121
2 4 2692 0 0 2940 0
4.9896 0.489138 7.5603
120 126 121
2 4 2693 0 0 2939 0
-5.95681 -0.960553 10.6335
216 224 216
2 4 2712 0 0 2626 0
-5.55697 -1.72712 10.6539
150 159 151
4 4 2717 0 0 2676 0 5 2670 0 8 3250 0
2.32698 0.973552 8.55786
108 109 105
2 4 2723 0 0 1925 0
3.81684 2.63562 9.55247
118 124 115
5 4 2739 0 0 2955 0 6 2864 0 5 2660 0 7 2793 0
4.64166 0.471408 7.63255
128 136 124
2 4 2793 0 0 2934 0
2.40168 0.989808 8.56474
117 116 112
2 4 2810 0 0 2885 0
0.848108 -0.903311 13.2581
135 114 119
5 4 946 0 3 952 0 5 1095 0 6 1177 0 8 1165 0
0.570943 -0.988836 13.324
125 105 109
3 4 1048 0 3 1254 0 6 2148 0
-0.282134 -1.06801 13.5611
128 108 114
6 4 1129 0 3 976 0 5 1335 0 6 1465 0 7 1443 0 8 1472 0
0.909251 -0.496828 14.3817
124 111 115
2 4 1139 0 3 467 0
0.931762 -0.884199 13.2355
124 105 109
4 4 1752 0 3 1753 0 7 2114 0 8 2307 0
0.930379 -0.884018 13.2326
127 107 112
6 4 1753 0 3 1754 0 5 2087 0 6 2262 0 7 2115 0 8 2306 0
-0.536869 -1.0564 13.626
195 176 186
2 4 1836 0 3 1999 0
-0.274295 -1.13187 13.5619
184 164 172
6 4 1843 0 3 1416 0 5 1726 0 6 2253 0 7 2205 0 8 2715 0
-0.164477 -1.10476 13.5278
123 101 103
5 4 1956 0 3 1838 0 5 2420 0 7 2928 0 8 2594 0
-1.53606 -1.23773 13.9028
110 95 106
7 4 2288 0 3 1724 0 5 2225 0 6 2852 0 7 2966 0 8 3015 0 9 2961 0
-1.21053 -1.19929 13.8187
165 145 155
4 4 2322 0 3 1318 0 7 2744 0 8 2814 0
-0.045097 -0.964572 13.5125
158 138 144
4 4 2559 0 3 1573 0 5 2781 0 6 2831 0
-0.0244436 -1.08623 13.4993
179 159 165
3 4 2623 0 3 2030 0 7 2097 0
0.647749 -1.00364 13.3091
121 102 103
5 4 2714 0 3 1385 0 6 2285 0 7 1928 0 8 1646 0
0.715968 -0.878302 13.2976
184 165 170
5 4 2826 0 3 2752 0 6 2924 0 7 3161 0 11 2361 0
11.6993 1.80979 25.3721
54 57 52
2 5 75 0 6 69 0
2.46719 -0.977447 8.04454
144 126 128
3 5 83 0 0 70 0 6 67 0
-2.28263 0.574372 9.55262
224 232 229
2 5 123 0 0 93 0
-2.28263 0.574372 9.55262
224 232 229
2 5 124 0 0 92 0
11.5744 1.09474 26.2403
62 65 57
2 5 223 0 6 361 0
3.90437 0.766215 7.83104
198 203 191
3 5 264 0 0 294 0 6 344 0
0.300275 -2.28497 9.12877
217 225 221
2 5 286 0 0 349 0
4.01885 -0.114645 7.93682
56 58 51
4 5 430 0 0 380 0 6 488 0 4 288 0
4.02391 0.908521 9.5274
56 53 54
3 5 645 0 0 927 0 6 698 0
4.06461 -2.16937 7.65324
53 55 49
2 5 661 0 0 780 0
-2.61191 -2.93653 9.80718
201 212 206
2 5 856 0 0 825 0
4.1448 -0.987944 8.17125
52 53 47
3 5 901 0 6 1078 0 8 715 0
2.15548 0.115091 4.43893
46 49 44
2 5 1454 0 8 2974 0
3.86089 1.49684 8.28014
77 79 70
5 5 1512 0 0 1998 0 6 1716 0 7 1998 0 8 2702 0
4.29167 1.06089 7.75666
214 221 211
2 5 1643 0 0 1795 0
4.29167 1.06089 7.75666
214 221 211
2 5 1644 0 0 1796 0
4.00688 -0.459845 8.00287
58 60 49
2 5 1868 0 8 1975 0
10.8829 8.65353 26.6994
61 68 58
2 5 2044 0 6 1669 0
-4.1633 1.85744 10.3534
78 87 81
2 5 2088 0 8 1294 0
-5.60539 3.06323 10.6102
230 240 230
2 5 2213 0 0 2203 0
-3.01491 0.077983 9.63176
109 113 109
4 5 2249 0 0 1605 0 7 2543 0 6 1620 0
-2.02082 3.61229 9.84176
89 95 86
3 5 2341 0 0 1938 0 4 1261 0
4.34841 1.06518 7.77077
94 98 92
2 5 2391 0 0 1898 0
2.46914 -0.915916 8.01457
140 119 122
2 5 2755 0 0 2909 0
-2.96685 1.83083 9.9703
142 136 147
4 5 2790 0 0 3005 0 6 2649 0 7 2166 0
4.51177 0.453827 7.71117
71 78 69
2 5 2965 0 0 2491 0
-1.28149 0.0533878 28.7553
213 196 211
3 5 2352 0 1 2466 0 6 2661 0
1.69665 -0.719044 13.0457
187 168 176
5 5 705 0 3 923 0 6 769 0 7 886 0 8 1180 0
0.484084 -0.909576 13.364
190 171 181
4 5 745 0 3 572 0 6 776 0 8 710 0
0.659841 -1.62408 13.3026
118 98 101
4 5 852 0 3 628 0 7 986 0 10 962 0
-1.73261 -1.7212 13.9423
161 142 152
3 5 1692 0 6 1989 0 8 3001 0
1.89976 -0.739622 12.9843
87 77 84
3 5 1774 0 3 1713 0 7 1912 0
1.89976 -0.739622 12.9843
87 77 84
3 5 1775 0 3 1714 0 7 1913 0
0.616068 -1.5922 13.3171
172 154 159
3 5 1794 0 3 2488 0 7 2724 0
0.718535 -1.55596 13.2926
119 102 103
5 5 2246 0 3 1872 0 7 2272 0 11 1975 0 10 2260 0
-0.583625 -1.0917 13.6124
140 118 128
5 5 2382 0 3 1477 0 6 2272 0 7 2257 0 8 2521 0
0.443285 -0.956592 13.3669
118 99 105
4 5 2600 0 3 2051 0 6 2935 0 7 2838 0
0.503142 -1.60552 13.3545
154 136 138
2 5 2644 0 3 1893 0
1.55151 -0.832632 13.0883
176 158 165
5 5 2688 0 3 2349 0 6 3109 0 7 2895 0 8 3048 0
-0.0752107 -1.69733 13.5031
137 118 123
3 5 2985 0 3 2384 0 7 2540 0
-0.623437 -1.07201 13.6565
177 160 168
2 5 3003 0 3 2168 0
-2.50697 0.585047 9.60813
135 125 138
2 5 21 0 4 10 0
3.987 -0.354348 8.02781
191 194 182
2 5 106 0 4 69 0
3.61295 1.85159 8.27508
198 203 192
2 5 198 0 4 202 0
3.61295 1.85159 8.27508
198 203 192
2 5 199 0 4 203 0
3.83326 1.75786 7.94732
206 212 203
2 5 230 0 4 171 0
-4.92885 3.09471 10.434
233 242 235
2 5 437 0 4 387 0
3.90648 1.31551 8.1295
47 50 41
3 5 469 0 4 378 0 6 469 0
0.540262 -1.35916 8.36996
149 133 138
2 5 506 0 4 447 0
4.12785 -0.498754 8.16707
150 153 140
2 5 517 0 4 409 0
4.12785 -0.498754 8.16707
151 154 141
2 5 518 0 4 410 0
-4.05385 1.87231 10.1586
230 240 233
2 5 544 0 4 468 0
1.99009 1.71435 8.72594
142 131 133
2 5 576 0 4 606 0
-5.53852 1.0854 10.669
215 222 214
2 5 687 0 4 533 0
-5.53852 1.0854 10.669
213 218 211
2 5 688 0 4 534 0
-0.115575 -0.988787 13.5315
188 165 174
3 5 878 0 4 572 0 8 598 0
-1.52427 -1.302 13.9508
189 171 184
5 5 945 0 4 866 0 6 1635 0 7 907 0 8 1209 0
-5.55482 1.29834 10.6505
213 220 212
2 5 947 0 4 612 0
5.97259 6.46123 28.1832
132 108 114
3 5 1005 0 4 934 0 6 746 0
-4.07748 -0.811346 9.85815
74 77 72
6 5 1030 0 4 925 0 6 1102 0 7 1029 0 8 1072 0 9 1350 0
-2.03141 3.75967 9.7596
149 144 161
2 5 1069 0 4 625 0
4.32223 1.75626 7.82816
215 219 210
2 5 1112 0 4 972 0
-0.426487 -1.0362 13.6238
211 189 202
5 5 1182 0 4 1103 0 6 1188 0 7 1192 0 8 1228 0
4.04226 1.07464 9.7079
166 150 171
2 5 1200 0 4 1160 0
-5.44736 2.18264 10.6067
223 231 223
2 5 1269 0 4 1275 0
5.19415 -1.21135 10.7121
159 164 156
2 5 1291 0 6 1572 0
4.33646 -1.55673 9.48649
185 166 182
2 5 1353 0 4 1228 0
-0.0402331 -1.02273 13.4963
122 101 106
6 5 1367 0 4 1283 0 6 1485 0 7 1445 0 8 1505 0 3 1013 0
0.34855 -2.43648 8.98067
225 232 228
2 5 1426 0 4 1286 0
4.43006 1.27256 7.82845
193 198 186
2 5 1510 0 4 1440 0
0.980928 -0.855699 13.2194
207 188 199
5 5 1626 0 4 1524 0 6 1755 0 7 1703 0 8 1957 0
-5.94961 -0.247996 10.7078
214 223 212
2 5 1653 0 4 1227 0
8.00631 7.31278 27.4246
142 116 119
2 5 1677 0 4 1651 0
0.0665297 -0.00632537 9.18086
85 95 96
2 5 1707 0 4 1634 0
4.28913 1.76009 7.88127
220 227 216
2 5 1736 0 4 1373 0
-5.45885 -1.53796 10.5994
162 171 163
2 5 1770 0 4 2190 0
-4.92357 -0.096716 10.4069
207 216 208
2 5 1785 0 4 1658 0
-2.57523 -1.40906 14.2324
95 79 85
5 5 1951 0 4 1838 0 6 2241 0 7 2090 0 8 2335 0
-4.73448 0.767454 10.423
123 130 122
2 5 1956 0 4 1125 0
4.31315 1.72753 7.86301
190 196 185
2 5 1989 0 4 1726 0
4.31315 1.72753 7.86301
190 196 185
2 5 1990 0 4 1727 0
-4.60571 1.61374 11.0362
127 134 126
2 5 2003 0 4 2148 0
-0.268491 2.83294 9.36547
217 230 225
5 5 2067 0 4 2817 0 6 1444 0 7 1584 0 8 1587 0
4.31769 1.77108 7.88086
186 190 181
2 5 2119 0 4 2111 0
-1.53582 -1.23749 13.9002
115 98 111
6 5 2226 0 4 2289 0 6 2851 0 7 2965 0 8 3016 0 9 2962 0
-3.97306 0.865865 10.1566
87 93 86
3 5 2252 0 4 2154 0 7 2636 0
4.30727 -2.75936 9.53803
123 112 114
2 5 2258 0 4 2141 0
-4.61131 -1.51436 9.90212
127 132 126
5 5 2302 0 4 1379 0 6 3166 0 7 2485 0 8 3204 0
4.53699 1.68718 7.81449
123 131 120
2 5 2313 0 4 2672 0
-2.14966 -2.67826 9.65958
108 112 107
2 5 2331 0 4 2223 0
-2.24312 -1.35538 14.1334
108 92 98
5 5 2357 0 4 2340 0 6 2299 0 7 2213 0 8 3324 0
-4.61835 0.171509 10.3226
164 172 164
2 5 2490 0 4 2349 0
3.80721 2.69295 9.69983
167 148 161
5 5 2544 0 4 2222 0 6 1718 0 7 2058 0 8 1919 0
4.40568 1.8043 7.84929
90 95 85
2 5 2550 0 4 1775 0
0.716842 -0.918322 13.3001
125 105 108
5 5 2569 0 4 2574 0 6 2951 0 8 2978 0 3 2534 0
4.01651 0.301257 8.30178
45 47 40
2 5 2639 0 4 2323 0
4.48115 -9.43192 23.4111
176 157 170
2 5 2655 0 7 2321 0
-1.13648 -2.1727 9.16096
175 185 182
2 5 2656 0 4 1761 0
4.03815 0.285849 8.27804
71 74 64
2 5 2662 0 4 2700 0
3.94027 1.88981 9.48787
94 97 90
5 5 2739 0 4 2740 0 7 2897 0 6 2618 0 8 3216 0
4.042 -0.497052 8.06947
58 60 49
2 5 2844 0 4 2825 0
-1.25539 -1.22889 13.8382
213 191 206
3 5 3025 0 4 2729 0 8 3178 0
-2.19548 -2.74805 9.68874
234 240 238
3 6 159 0 7 192 0 8 175 0
-3.61235 -1.77071 9.61581
62 68 62
2 6 175 0 0 174 0
-3.61235 -1.77071 9.61581
62 68 62
2 6 176 0 0 175 0
-4.67799 0.259456 10.5674
222 229 223
3 6 212 0 7 244 0 8 246 0
-6.20928 0.496222 11.2463
225 232 225
3 6 499 0 8 479 0 7 524 0
4.65205 -1.79439 7.59978
226 232 223
2 6 705 0 7 735 0
-3.98895 0.305106 10.4461
223 230 225
2 6 707 0 7 826 0
-4.12247 -2.92749 10.2167
99 107 100
2 6 1266 0 0 1481 0
3.56021 2.67223 9.82617
83 71 71
2 6 1473 0 0 1500 0
7.31211 0.286694 19.0428
48 39 36
2 5 2857 0 8 2833 0
-0.25949 -1.45725 13.5555
127 106 112
5 6 1814 0 1 1906 0 8 1996 0 10 1803 0 11 1769 0
-0.25949 -1.45725 13.5555
127 106 112
5 6 1815 0 1 1905 0 8 1995 0 10 1804 0 11 1768 0
-0.103766 -1.48993 13.5231
135 115 119
5 6 1899 0 1 1725 0 5 1537 0 8 1934 0 11 1929 0
0.730921 -1.3083 13.3089
167 147 152
3 6 2517 0 1 2514 0 8 2787 0
-5.21932 -0.532181 30.1355
147 141 155
2 6 2982 0 5 1960 0
-0.164481 -1.44857 13.5325
128 109 113
4 6 3082 0 1 1999 0 8 2774 0 11 2349 0
-3.8423 -2.33029 9.54415
73 79 75
3 6 135 0 5 188 0 8 183 0
-0.172612 -1.06939 13.5066
137 114 116
5 6 889 0 3 447 0 4 557 0 7 693 0 8 811 0
6.93908 -0.601145 22.9843
138 117 116
2 6 949 0 3 1227 0
6.93908 -0.601145 22.9843
138 117 116
2 6 950 0 3 1226 0
0.471126 -1.04158 13.347
109 90 94
5 6 1001 0 3 656 0 7 985 0 8 1071 0 9 1444 0
1.796 -0.878791 13.023
121 102 103
4 6 1160 0 3 799 0 7 1118 0 8 1606 0
0.359004 -1.01653 13.3786
156 139 143
2 6 1166 0 3 715 0
0.37247 -1.14264 13.3831
116 99 101
3 6 1258 0 3 1051 0 8 1280 0
-1.51232 -1.18513 13.8781
183 165 178
6 6 1298 0 3 812 0 5 1224 0 4 1148 0 7 1248 0 8 1319 0
0.512823 -1.00368 13.3412
190 171 179
7 6 1592 0 3 1464 0 7 2012 0 4 1081 0 8 2724 0 5 1340 0 9 2489 0
0.520386 -1.11693 13.3555
187 169 175
5 6 1697 0 3 1832 0 7 1810 0 8 1885 0 9 2329 0
0.880713 -1.11363 13.2584
180 162 169
4 6 1721 0 3 1647 0 7 1711 0 8 1901 0
0.453917 -1.13941 13.358
107 89 92
3 6 1746 0 3 1383 0 9 2337 0
-0.161895 -1.21928 13.5331
117 96 100
4 6 1851 0 3 972 0 7 1799 0 8 1628 0
-1.36355 -1.21736 13.8644
152 133 143
5 6 1906 0 3 985 0 5 1424 0 7 1742 0 8 1686 0
-0.314125 -1.17015 13.5686
165 146 155
3 6 2128 0 3 1259 0 8 2494 0
-0.639495 -1.11912 13.6586
152 132 138
4 6 2331 0 3 1220 0 8 1578 0 9 2626 0
1.57631 -0.869242 13.0784
124 104 106
4 6 2413 0 3 2041 0 7 1975 0 8 2231 0
-0.105525 -1.15483 13.5155
138 115 117
4 6 2493 0 3 1410 0 7 2459 0 8 2451 0
1.60336 -0.794241 13.0573
115 96 101
3 6 2761 0 3 2530 0 4 2387 0
-0.15892 -1.16124 13.5353
177 158 163
3 6 2939 0 3 2521 0 4 2501 0
-4.25664 -2.95995 10.3011
85 92 85
3 6 3145 0 3 1102 0 7 2971 0
0.353574 0.363532 8.71904
150 129 140
2 6 4 0 4 0 0
0.915309 -0.825372 8.93296
78 86 87
3 6 711 0 4 553 0 8 806 0
-1.38643 -1.299 13.9153
207 188 202
4 6 961 0 4 681 0 7 844 0 8 845 0
-2.45439 -1.40241 14.2026
108 91 96
4 6 1101 0 4 880 0 7 1175 0 8 1614 0
-3.57915 -0.124319 9.80603
99 102 95
3 6 1254 0 4 1225 0 8 1244 0
-0.282386 -1.07008 13.5779
136 114 120
4 6 1464 0 4 1128 0 7 1442 0 8 1471 0
-2.33707 -1.36891 14.1532
117 99 104
4 6 1625 0 4 1330 0 7 1455 0 8 1770 0
-6.03307 0.0474628 10.7919
185 198 188
4 6 1699 0 4 1392 0 5 1649 0 7 1823 0
4.37098 -1.93166 9.52434
158 140 157
5 6 1879 0 4 1872 0 5 1474 0 7 1674 0 8 1903 0
4.15516 -0.115269 9.35291
64 66 60
3 6 1961 0 4 2056 0 8 2051 0
0.850216 -0.844147 13.2777
168 147 153
3 6 2109 0 4 2440 0 8 2328 0
4.01869 0.92293 9.66552
198 176 193
2 6 2124 0 4 2615 0
-0.444428 -1.20741 13.5995
192 169 181
3 6 2473 0 4 2499 0 9 3159 0
-2.39468 -1.42405 14.2024
156 138 144
4 6 2886 0 4 2416 0 7 2705 0 8 2832 0
3.06757 1.00012 8.41526
47 39 37
2 6 2974 0 4 1945 0
-2.36639 -1.48805 14.2182
98 81 84
2 6 3011 0 4 2660 0
-1.19102 1.59405 9.4025
82 75 78
3 6 16 0 5 10 0 8 13 0
-0.671917 -2.24271 9.15466
69 64 64
3 6 20 0 5 11 0 8 16 0
3.45089 -1.86247 8.19915
92 83 82
2 6 30 0 5 29 0
-0.412421 -2.51645 9.22282
231 240 236
3 6 47 0 5 58 0 8 62 0
-0.014762 1.21518 0.173106
208 213 205
2 6 65 0 8 74 0
11.6993 1.80979 25.3721
56 59 53
2 6 70 0 5 74 0
3.40024 1.94763 8.13363
208 212 200
2 6 74 0 5 91 0
3.40024 1.94763 8.13363
211 215 204
2 6 75 0 5 90 0
3.82169 -1.06187 8.09487
69 70 65
2 6 78 0 5 101 0
12.0552 1.47354 25.5882
190 193 180
2 6 91 0 5 109 0
12.0552 1.47354 25.5882
190 193 180
2 6 92 0 5 110 0
4.10847 8.6424 28.9428
158 135 140
2 6 140 0 5 383 0
-0.281891 2.22189 5.50751
225 232 228
2 6 168 0 5 296 0
12.0116 -8.44395 26.6419
100 96 94
2 6 178 0 5 270 0
3.20219 -0.363855 8.36041
71 64 61
3 6 194 0 5 276 0 8 146 0
9.7333 0.367388 26.415
94 81 80
2 6 217 0 5 196 0
-3.96662 -3.69314 10.2024
73 81 72
3 6 231 0 5 304 0 8 252 0
-1.69339 1.41465 9.69146
220 228 224
4 6 254 0 5 321 0 7 269 0 8 274 0
10.8859 -3.27582 25.7101
92 83 83
2 6 264 0 5 274 0
-4.67984 0.691551 10.4625
226 234 228
3 5 283 0 8 259 0 7 279 0
1.08608 -2.47816 8.94404
229 237 233
3 6 298 0 5 216 0 8 312 0
3.98243 0.523737 8.06924
69 75 65
3 6 308 0 5 361 0 7 167 0
4.23638 -1.47865 7.83712
206 211 198
2 6 312 0 5 298 0
0.363264 2.29315 5.799
112 99 107
2 6 328 0 5 378 0
0.83986 3.16939 9.05039
149 133 135
2 6 340 0 5 353 0
0.367673 1.84096 5.28837
112 100 104
2 6 358 0 5 306 0
-4.03774 2.87356 10.5048
136 130 141
2 6 369 0 5 446 0
8.2598 6.20776 26.9812
119 96 97
2 6 388 0 5 377 0
3.70241 2.17576 7.95175
65 69 61
2 6 389 0 5 380 0
6.06183 2.08728 27.0176
248 225 235
2 6 406 0 5 401 0
-5.68904 2.5637 10.7999
228 236 228
2 6 462 0 5 454 0
4.09849 -0.893963 7.87239
69 72 64
3 6 465 0 7 413 0 8 490 0
4.21001 -1.4428 7.93453
72 77 66
2 6 475 0 5 440 0
8.01535 5.35531 27.1656
136 114 113
2 6 477 0 5 460 0
10.0407 0.716411 26.7866
92 82 79
2 6 510 0 5 476 0
0.679212 0.470565 1.72547
96 86 85
2 6 551 0 5 501 0
3.85439 -9.8368 30.1979
230 235 232
2 6 585 0 5 633 0
0.612406 -1.46488 13.3533
172 153 160
3 6 607 0 5 789 0 8 888 0
-3.29331 -1.42285 14.4167
139 124 128
2 6 621 0 5 713 0
-1.37229 -2.16457 9.10003
105 103 111
3 6 622 0 5 671 0 8 933 0
4.41581 -0.777175 7.83228
198 202 191
2 6 629 0 5 609 0
-1.27849 1.73933 9.34207
70 66 69
3 6 643 0 5 779 0 8 830 0
6.31306 -9.75081 25.5601
149 121 130
2 6 702 0 5 607 0
6.31306 -9.75081 25.5601
149 121 130
2 6 703 0 5 606 0
3.91072 1.6479 9.45472
62 58 55
3 6 722 0 5 722 0 8 719 0
2.90237 8.0188 28.995
153 132 139
2 6 733 0 5 737 0
4.19351 -0.711589 7.78284
221 226 213
2 6 734 0 5 769 0
-1.13507 -2.54885 9.5488
81 86 82
3 6 756 0 5 686 0 7 792 0
-5.67865 -2.34979 10.6745
63 71 65
4 6 772 0 5 627 0 7 640 0 8 829 0
4.17165 -0.674584 7.81865
137 142 130
2 6 829 0 5 927 0
4.17165 -0.674584 7.81865
137 142 130
2 6 830 0 5 926 0
-0.320287 -1.00708 13.5491
206 185 197
3 6 843 0 5 625 0 8 677 0
4.08975 0.709104 9.62387
67 59 60
3 6 845 0 5 740 0 8 889 0
-5.33953 -3.89071 10.5636
103 110 103
3 6 866 0 5 936 0 7 903 0
5.67848 -9.74733 30.1372
195 180 193
2 6 872 0 5 1268 0
0.871215 -0.874426 9.03445
181 190 188
2 6 898 0 5 675 0
0.413077 -2.50048 9.15109
153 138 145
4 6 905 0 5 555 0 7 768 0 8 1195 0
-1.06771 2.9561 9.66112
73 80 75
3 6 915 0 5 621 0 7 858 0
4.28774 -0.925289 9.53065
137 122 139
4 6 918 0 5 776 0 7 889 0 8 1001 0
-1.00341 1.64906 9.2268
105 94 99
4 6 921 0 5 771 0 7 1398 0 8 1556 0
11.0602 -4.00408 26.7743
82 73 71
2 6 926 0 5 691 0
-1.03282 -3.34069 9.50745
78 84 80
2 6 938 0 5 795 0
4.37089 -1.11358 7.75363
163 168 157
2 6 965 0 5 1044 0
-1.32748 -0.993326 9.59278
92 98 97
4 6 991 0 5 1174 0 7 1095 0 8 1105 0
4.39894 -1.13247 7.74427
222 227 216
2 6 1007 0 5 1725 0
-5.31989 -3.87072 10.6232
227 235 227
3 6 1017 0 5 1295 0 7 859 0
4.13645 -1.11353 9.73295
85 72 75
3 6 1110 0 5 1116 0 8 1287 0
4.13645 -1.11353 9.73295
85 72 75
3 6 1111 0 5 1117 0 8 1286 0
3.74105 3.70257 9.6743
67 62 63
2 6 1119 0 5 957 0
4.18834 0.0275331 7.77752
152 155 143
2 6 1140 0 5 955 0
4.16195 -0.757747 7.76393
181 186 175
2 6 1184 0 5 910 0
-1.68295 -1.14879 14.0415
113 98 105
3 6 1196 0 5 1712 0 8 1310 0
6.17994 2.03117 26.7419
135 115 122
2 6 1212 0 5 1341 0
-3.22653 -2.82347 10.0137
97 102 99
4 6 1262 0 5 2197 0 7 2095 0 8 1612 0
4.59857 -2.94882 9.45894
163 147 160
2 6 1267 0 5 735 0
4.30665 -1.94013 9.60194
75 64 72
3 6 1277 0 5 819 0 8 1036 0
0.941096 -1.10754 23.7576
181 157 164
2 6 1295 0 5 1227 0
4.01512 0.665134 9.33906
126 125 113
4 6 1315 0 5 1823 0 7 1246 0 8 1355 0
-1.46655 -2.74487 9.59448
124 115 127
2 6 1319 0 5 1146 0
3.72898 3.59407 9.70458
164 148 164
2 6 1332 0 5 1433 0
-2.94171 0.588036 25.3189
108 105 113
2 6 1349 0 5 1060 0
3.93764 0.683118 8.21698
62 64 55
3 6 1359 0 5 1395 0 7 1310 0
-5.29442 -0.903294 10.6174
174 183 174
4 6 1368 0 5 865 0 7 1925 0 8 1486 0
0.0313827 -0.944992 13.2793
180 161 171
3 6 1374 0 5 1147 0 8 1392 0
-2.56769 -1.89167 14.1183
65 59 53
5 6 1375 0 5 1217 0 8 1346 0 9 1655 0 10 1205 0
-2.11918 -1.32925 14.0659
116 97 105
3 6 1396 0 5 2223 0 8 1925 0
4.18241 -0.8653 9.66851
212 193 215
3 6 1397 0 5 1772 0 8 1965 0
4.35556 -0.371176 12.3356
157 138 140
2 6 1410 0 5 993 0
3.75775 3.47057 9.74067
165 151 164
2 6 1468 0 5 1591 0
8.33564 6.18013 26.1582
136 131 128
2 6 1471 0 5 1123 0
-20.2071 2.75844 37.2307
176 172 168
2 6 1480 0 5 2336 0
2.23415 1.26494 4.79354
76 80 72
2 6 1494 0 5 2174 0
4.10703 -0.842789 7.83767
174 178 165
2 6 1511 0 5 1432 0
-5.0415 1.57823 10.67
138 148 138
2 6 1519 0 5 1982 0
3.30163 -1.98583 8.29538
205 211 202
4 6 1528 0 5 1436 0 7 1543 0 8 1705 0
4.34197 -1.04337 9.16357
66 70 61
2 6 1540 0 5 1638 0
0.251056 3.91449 9.41602
163 150 152
2 6 1579 0 5 1166 0
4.08557 0.398338 7.78702
120 124 115
2 6 1614 0 5 1698 0
4.70078 -3.01245 9.5102
120 111 119
2 6 1664 0 5 1387 0
2.93875 1.63167 8.44749
159 144 146
2 5 2676 0 8 1922 0
-5.45109 -0.926904 10.6762
172 179 171
3 6 1679 0 5 1188 0 7 1384 0
-2.61708 -2.75515 9.79716
196 207 198
2 6 1680 0 5 2434 0
4.16946 -0.490567 7.80775
171 175 164
2 6 1681 0 5 1701 0
-5.08288 -2.32788 10.5181
216 225 215
2 6 1690 0 5 1470 0
4.02143 0.756736 9.38419
107 110 103
4 6 1702 0 5 1614 0 7 1371 0 8 1596 0
4.20642 0.888333 7.72453
209 212 200
2 6 1731 0 5 2558 0
3.9343 1.57546 9.4366
106 109 100
4 6 1765 0 5 2096 0 7 1901 0 8 2460 0
3.80589 1.7732 8.24231
77 80 70
2 6 1785 0 5 1621 0
-5.35136 1.53092 10.7839
145 155 145
3 6 1791 0 5 1349 0 7 1506 0
4.52248 -9.66345 26.1186
179 160 170
2 6 1848 0 5 1471 0
12.9598 -6.20941 25.9662
63 67 60
2 6 1849 0 5 1133 0
3.92549 1.62326 9.40276
99 102 93
4 6 1885 0 5 1908 0 7 1672 0 8 2145 0
3.78852 1.68938 8.27166
112 116 106
4 6 1902 0 5 1713 0 7 1647 0 8 1680 0
3.38054 3.76377 10.3745
172 154 158
2 6 1905 0 5 2675 0
3.72123 3.79872 9.76062
176 162 176
2 6 1934 0 5 1657 0
4.11994 -1.10807 9.60443
124 112 117
3 6 1960 0 5 1715 0 8 1880 0
3.66769 3.51891 9.76766
221 201 217
2 6 1993 0 5 2833 0
-3.85698 0.272014 10.234
100 107 101
4 6 2030 0 5 2908 0 7 2355 0 8 2547 0
-2.33317 3.61586 10.188
177 184 178
2 6 2048 0 5 2189 0
3.9313 3.31918 8.97202
81 84 74
2 6 2079 0 5 2415 0
-4.38421 -0.108259 10.6134
191 201 195
4 6 2082 0 5 1841 0 7 1629 0 8 1734 0
1.58671 -1.22585 13.1131
126 107 109
2 6 2089 0 5 2452 0
9.10619 -11.6512 28.1221
72 78 71
2 6 2092 0 5 1477 0
-2.83809 -1.44295 14.3359
140 123 131
2 6 2117 0 5 1751 0
7.02452 3.96868 27.0262
105 96 96
2 6 2120 0 5 2586 0
-6.16322 0.139789 11.0335
201 216 203
3 6 2121 0 5 2445 0 7 1838 0
-4.65399 -0.576203 10.4551
208 218 211
3 6 2153 0 5 1619 0 7 2002 0
3.70187 3.52878 9.52314
64 60 60
3 6 2154 0 5 1838 0 8 2073 0
2.24 9.67032 26.6289
200 183 198
2 6 2210 0 5 2641 0
1.07955 -1.32066 13.2106
167 148 151
5 6 2234 0 5 1685 0 8 2305 0 11 1334 0 1 1356 0
6.39147 -9.60703 24.9449
175 151 161
2 6 2237 0 5 1767 0
3.73669 -1.92291 8.20844
103 105 99
2 6 2351 0 5 2960 0
-6.05349 -0.0326421 10.8583
215 225 216
4 6 2367 0 5 2723 0 7 2597 0 8 2727 0
-2.61802 -1.8658 14.1997
215 178 90
3 6 2411 0 5 2584 0 8 2472 0
-2.61802 -1.8658 14.1997
215 178 90
3 6 2412 0 5 2583 0 8 2473 0
3.75071 3.34008 9.53903
101 103 95
2 6 2423 0 5 2770 0
3.73321 3.32197 9.48609
98 99 92
4 6 2424 0 5 2771 0 7 1980 0 8 2175 0
-3.92673 0.614425 21.8316
148 143 160
2 6 2446 0 5 1748 0
-0.55112 0.583847 9.34587
214 223 218
4 6 2454 0 5 1808 0 7 2013 0 8 1748 0
-2.54378 3.62842 10.3075
149 152 142
2 6 2461 0 5 1070 0
2.063 -0.815251 4.86178
48 41 38
2 5 2166 0 8 3019 0
3.80749 2.61803 9.42074
114 118 109
4 6 2498 0 5 2873 0 7 2995 0 8 2788 0
9.29219 6.5803 27.5577
170 149 155
2 6 2536 0 5 2838 0
1.96409 7.44307 24.3579
169 155 165
2 6 2538 0 5 2769 0
1.09528 -0.82462 13.1884
218 199 211
3 6 2541 0 5 2692 0 8 3166 0
4.07753 -0.219544 9.63817
219 197 213
2 6 2555 0 5 2904 0
12.4946 2.25058 34.9873
134 118 122
2 6 2563 0 5 1981 0
3.92678 1.83869 9.47146
104 107 101
2 6 2590 0 5 2628 0
3.27612 -1.97758 8.33535
49 53 46
4 6 2596 0 5 2848 0 7 1683 0 8 1438 0
8.38739 6.64905 27.3041
141 119 122
2 6 2611 0 5 2448 0
1.84087 -0.816519 12.9813
136 115 119
4 6 2688 0 5 1962 0 7 1686 0 8 1985 0
-0.460696 -1.51961 13.606
183 162 171
4 6 2702 0 5 2344 0 8 2804 0 10 2144 0
1.67723 -1.27444 12.9378
164 143 148
2 6 2766 0 5 2746 0
9.81027 3.3413 24.7446
174 169 166
2 6 2804 0 5 1452 0
3.93619 0.833581 9.652
211 188 203
2 6 2835 0 5 2170 0
-3.81644 0.256428 21.4543
146 140 156
2 6 2871 0 5 2632 0
4.08057 -0.685952 7.86829
158 162 151
2 6 2887 0 5 2812 0
-0.0237058 -0.881756 13.5747
138 120 121
2 6 2905 0 5 2608 0
6.55227 9.27202 27.8869
132 108 110
2 6 2921 0 5 2898 0
4.19679 -0.856826 9.5811
231 209 230
4 6 2930 0 5 2503 0 7 1977 0 8 2529 0
4.09243 0.383412 7.76271
213 217 205
2 6 2931 0 5 2868 0
4.10124 -0.788137 7.87545
159 165 155
2 6 3003 0 5 2426 0
4.79136 3.77454 27.6636
156 132 140
2 6 3031 0 5 2643 0
-5.75263 1.45556 10.9285
201 211 202
2 6 3044 0 5 2190 0
10.6254 -3.46676 26.4084
53 45 44
2 6 3066 0 5 2042 0
-2.7326 -2.25598 16.4785
69 61 48
3 6 3107 0 5 2593 0 8 3053 0
-4.6276 -1.52125 9.93607
126 131 125
3 6 3167 0 5 2301 0 8 3203 0
4.5852 -2.64849 9.23937
48 50 45
2 6 3181 0 5 2027 0
-3.72641 -1.03452 21.4438
101 94 107
2 6 3184 0 5 2464 0
-2.19548 -2.74805 9.68874
234 240 238
3 7 191 0 6 158 0 8 176 0
-0.00109992 0.0528136 9.18569
220 227 224
3 7 260 0 5 300 0 4 261 0
0.000824758 0.0516392 9.23373
221 228 224
2 7 261 0 5 301 0
4.02958 1.03325 9.54355
52 50 51
3 7 552 0 0 503 0 5 531 0
-2.62989 -1.67738 6.54153
87 92 88
2 7 992 0 6 3205 0
-5.66054 0.0502783 10.6794
130 140 133
4 7 1281 0 0 1245 0 6 854 0 8 1009 0
3.92641 1.77913 9.51083
63 61 58
5 7 1688 0 0 2339 0 6 2199 0 5 2110 0 8 1790 0
5.83763 -7.36328 29.2877
163 142 151
2 7 1803 0 0 1160 0
5.85034 10.2767 27.8757
131 108 110
2 7 1888 0 0 2061 0
6.65793 -0.655625 16.6173
42 35 34
2 7 2042 0 0 2251 0
3.97592 -6.00077 25.2382
216 219 217
2 7 3039 0 0 2321 0
2.40346 0.829706 6.57962
48 40 38
2 7 3108 0 0 2863 0
-1.00681 -1.13002 13.7638
203 181 195
2 7 3115 0 0 2655 0
-5.46778 -1.56298 10.75
100 111 102
2 7 1277 0 8 1426 0
-2.5218 -2.14058 14.0902
80 74 59
4 7 3091 0 1 2178 0 10 2286 0 11 2084 0
-2.5218 -2.14058 14.0902
80 74 59
4 7 3092 0 1 2179 0 10 2285 0 11 2085 0
0.0257403 -1.44827 8.62477
100 100 95
2 7 571 0 6 575 0
-1.7676 -3.57084 9.73433
185 198 189
2 2 1831 0 11 2210 0
3.79177 0.478707 8.10015
148 155 146
2 7 2699 0 6 2231 0
1.87235 -0.866679 13.0028
158 139 142
2 7 751 0 3 1103 0
1.75605 -1.4574 13.02
121 100 101
2 7 1002 0 3 539 0
0.658714 -1.55408 13.3171
157 141 145
2 7 1041 0 3 914 0
1.81297 -1.50897 13.0039
190 172 180
2 7 1191 0 3 1245 0
1.92701 -0.787961 12.9907
165 149 153
2 7 1532 0 3 1417 0
1.83664 -1.55182 12.9962
131 115 121
2 7 2126 0 3 2009 0
0.976677 -1.66852 13.2179
143 124 128
3 7 2286 0 3 1988 0 10 2118 0
0.716646 -0.827495 13.3184
125 106 110
4 7 2349 0 3 1281 0 6 2287 0 8 2339 0
1.67527 -1.49821 13.0381
185 169 177
2 7 2379 0 3 1623 0
0.458562 -0.866058 13.4006
131 113 118
3 7 2968 0 3 1295 0 8 2652 0
-3.46942 -1.45444 14.5089
141 126 129
2 7 566 0 4 498 0
-2.49811 -1.46085 14.1942
161 144 150
4 7 937 0 4 709 0 6 976 0 8 935 0
-5.3957 0.888004 10.9246
165 175 168
2 7 1088 0 6 1013 0
3.82893 2.73359 9.54611
117 125 116
2 7 1180 0 4 696 0
3.89157 1.57643 8.35082
75 78 70
2 7 1534 0 4 1950 0
3.91581 1.02115 9.73482
122 109 113
3 7 1572 0 4 1190 0 9 1725 0
4.02924 -1.01965 8.1583
56 57 52
2 7 1766 0 4 2206 0
3.15064 -0.207295 8.34606
89 80 79
2 7 1806 0 4 2195 0
3.15881 -0.144396 8.38458
92 81 80
2 7 1853 0 4 2332 0
-4.98301 0.729352 10.5111
145 154 145
3 7 2003 0 4 1169 0 8 2929 0
0.0119023 -1.04957 13.4679
190 169 178
3 7 2019 0 4 1623 0 9 1973 0
1.09929 -0.826428 13.221
218 197 211
2 7 2630 0 4 2582 0
4.12959 0.00734198 9.39667
93 96 88
5 7 2877 0 4 1917 0 6 2866 0 5 2563 0 8 3069 0
-3.49448 -1.50751 14.5097
75 60 58
5 7 3103 0 4 2824 0 5 2438 0 6 2994 0 8 3094 0
-3.47273 -2.87814 9.99733
212 220 214
3 7 3109 0 4 2385 0 6 3211 0
-1.04289 -1.13601 13.7996
206 185 199
2 7 3114 0 4 2145 0
0.540772 -2.01209 8.63973
153 136 147
2 7 9 0 5 4 0
-3.00147 -1.43324 9.87612
53 50 48
2 7 62 0 5 53 0
2.29873 1.02015 8.34552
212 218 212
2 7 96 0 5 117 0
2.3136 1.02478 8.38987
209 215 208
3 7 97 0 5 116 0 8 94 0
3.03419 0.952996 8.60452
211 217 208
2 7 102 0 5 84 0
2.94519 0.484748 8.21045
206 213 204
2 7 110 0 5 108 0
1.0493 3.33116 8.69163
230 234 228
2 7 139 0 5 133 0
3.6595 0.549203 7.99363
195 197 185
2 7 154 0 5 146 0
3.11732 -0.325887 8.36902
167 172 165
3 7 227 0 5 257 0 8 211 0
-4.5346 -0.129474 10.6149
55 61 57
2 7 230 0 5 165 0
-4.20228 -2.87202 10.2796
227 236 230
3 7 266 0 5 243 0 6 270 0
4.29614 -1.83908 8.02112
40 44 35
2 5 337 0 6 373 0
-3.17658 -0.523126 9.86351
205 210 205
2 7 340 0 5 255 0
-3.19679 -0.527755 9.94015
206 211 206
3 7 341 0 5 256 0 8 157 0
4.29582 -1.94112 9.65544
70 63 65
3 7 351 0 5 299 0 8 330 0
-1.89192 3.03151 9.7702
229 235 231
4 7 372 0 5 317 0 6 347 0 8 327 0
-1.73882 -1.78442 9.14742
81 87 81
2 7 514 0 5 452 0
3.70737 2.71291 9.39205
72 69 68
2 7 525 0 5 494 0
0.0237426 -1.45172 8.62425
125 118 118
3 7 569 0 5 514 0 8 550 0
3.98772 0.523151 8.11093
49 53 45
2 7 656 0 5 1251 0
0.57564 1.45492 8.89561
171 183 180
2 7 692 0 5 1370 0
3.84747 0.864437 9.69632
102 87 89
3 7 736 0 5 1068 0 8 611 0
-2.58873 2.75864 10.0886
93 97 94
3 7 741 0 5 570 0 6 820 0
-1.1007 2.59839 8.93962
115 105 108
2 7 763 0 5 553 0
3.90631 -0.0707925 9.64602
114 103 105
3 7 872 0 5 841 0 8 667 0
-0.0592075 3.84132 9.25226
144 145 139
2 7 890 0 5 715 0
-4.34007 0.75434 12.042
142 135 146
2 7 896 0 5 746 0
4.44603 -1.17456 9.45018
83 85 78
3 7 902 0 5 2358 0 8 3027 0
-5.33953 -3.89071 10.5636
103 110 103
3 7 904 0 5 935 0 6 867 0
-4.98702 -3.84711 10.4789
94 103 94
3 7 914 0 5 1348 0 6 636 0
-3.91467 -3.65865 10.9998
101 108 100
2 7 917 0 5 1009 0
4.34554 -1.90974 9.62011
213 192 209
3 7 924 0 5 1197 0 8 1348 0
-2.48207 2.08907 10.0007
97 100 98
3 7 926 0 5 1475 0 6 807 0
-2.90265 -1.38556 9.96542
144 150 142
2 7 963 0 5 723 0
-0.0340402 0.778005 9.16812
78 87 88
2 7 964 0 5 1106 0
4.12086 0.13619 9.31263
97 100 92
2 7 971 0 5 1026 0
4.12086 0.13619 9.31263
97 100 92
2 7 972 0 5 1025 0
-0.211872 2.21478 9.28572
76 84 82
2 7 1035 0 5 810 0
-1.59422 2.46935 9.49524
134 131 136
2 7 1050 0 5 1017 0
-4.18701 -3.10259 10.1495
187 194 187
3 7 1108 0 5 1563 0 6 997 0
-4.79935 -0.0802987 10.4981
217 225 218
3 7 1136 0 5 847 0 8 750 0
-4.92687 -0.0154586 10.3958
231 239 231
2 7 1148 0 5 996 0
-0.703409 1.43674 9.24434
120 113 117
2 7 1151 0 5 811 0
-0.703409 1.43674 9.24434
120 113 117
2 7 1152 0 5 812 0
4.01335 0.860099 9.5799
168 147 160
2 7 1233 0 5 1413 0
-2.87056 -0.554546 9.87697
96 97 95
2 7 1243 0 5 749 0
-5.63498 -1.5703 10.7216
129 139 131
3 7 1329 0 5 1476 0 8 1559 0
-5.48332 -3.91649 10.6408
71 77 71
3 7 1332 0 5 895 0 8 1275 0
-3.56288 -0.129883 9.75824
98 99 94
2 7 1337 0 5 1255 0
3.73301 2.88661 9.61015
180 159 174
2 7 1356 0 5 1440 0
4.02853 0.757595 9.39764
106 111 102
2 7 1370 0 5 1615 0
-2.60521 -2.92739 9.93842
110 114 114
2 7 1488 0 5 1202 0
4.51312 -2.07745 9.47455
65 61 62
4 7 1551 0 5 1642 0 6 1694 0 8 1479 0
3.92549 1.62326 9.40276
99 102 93
4 7 1671 0 5 1907 0 6 1884 0 8 2146 0
3.28519 -1.98335 8.35981
50 55 47
3 7 1684 0 5 2847 0 8 1439 0
4.14715 -0.390334 7.80825
167 162 156
2 5 1611 0 6 1829 0
-2.07308 -3.62895 9.71018
130 118 125
3 7 1924 0 5 1245 0 6 2122 0
-4.21786 -4.16679 10.4454
178 184 176
3 7 1939 0 5 2891 0 8 2534 0
-4.21786 -4.16679 10.4454
178 184 176
3 7 1940 0 5 2892 0 8 2535 0
-4.42243 -4.05661 10.3494
207 214 206
4 7 2292 0 5 1852 0 6 2104 0 8 2609 0
0.0699533 -9.1615 29.2009
132 113 120
2 7 2404 0 5 1814 0
-3.02484 -7.08478 21.4451
102 95 107
2 7 2419 0 5 1817 0
-3.95866 1.12245 10.0676
231 237 231
2 7 2588 0 5 1703 0
-3.97029 0.865355 10.1474
83 89 82
2 7 2635 0 5 2251 0
4.16808 -0.0393513 9.39186
51 57 49
2 7 2753 0 5 2941 0
4.16652 -1.09865 9.62037
108 95 100
3 7 2760 0 5 2657 0 8 2810 0
3.81574 2.44144 9.45351
95 99 89
4 7 2949 0 5 2717 0 6 2805 0 8 3124 0
-3.38657 0.0857683 9.61705
235 236 231
3 7 4 0 6 0 0 8 1 0
-0.755099 2.14952 9.23661
215 215 209
3 7 11 0 6 15 0 8 11 0
0.238244 -1.79042 8.53146
238 241 238
3 7 49 0 6 38 0 8 55 0
-3.32818 -2.86213 9.76638
235 242 237
3 7 53 0 6 44 0 8 56 0
-3.11306 -4.37195 9.66282
234 243 236
3 7 73 0 6 55 0 8 63 0
2.17401 1.79558 8.55116
219 225 217
2 7 116 0 6 103 0
2.17401 1.79558 8.55116
219 224 218
2 7 117 0 6 102 0
3.78108 -0.803593 7.84186
192 195 186
2 7 125 0 6 108 0
3.78108 -0.803593 7.84186
192 195 186
2 7 126 0 6 109 0
-3.24656 1.92876 10.3368
230 236 230
2 7 133 0 6 106 0
-3.24656 1.92876 10.3368
230 236 230
2 7 134 0 6 105 0
3.75375 0.271471 8.11445
188 191 178
2 7 141 0 6 112 0
2.05273 1.90399 8.57965
219 224 217
2 7 152 0 6 123 0
-5.67152 -2.61876 10.5732
232 239 231
2 7 157 0 6 117 0
-3.42054 2.08129 10.413
227 233 229
2 7 179 0 6 137 0
-3.42054 2.08129 10.413
227 233 229
2 7 180 0 6 138 0
4.11995 -1.31977 7.65109
210 213 199
2 7 205 0 6 257 0
-3.45215 -3.58158 9.98626
73 78 72
2 7 220 0 6 128 0
-3.02724 -0.350548 10.0324
218 223 221
3 7 228 0 6 204 0 8 180 0
-3.02724 -0.350548 10.0324
218 223 221
3 7 229 0 6 203 0 8 181 0
2.17086 0.877363 8.49783
202 211 206
3 7 233 0 6 184 0 8 298 0
-2.70818 2.71797 10.3521
226 233 225
2 7 240 0 6 269 0
-3.98157 -3.52974 10.199
82 90 83
3 7 243 0 6 247 0 8 348 0
-0.350316 2.98113 9.50661
221 228 224
2 7 256 0 6 169 0
-6.57224 1.68933 11.3439
228 239 230
2 7 289 0 6 295 0
-5.63867 -2.60091 10.5076
233 240 232
3 7 331 0 6 314 0 8 295 0
-3.03112 -1.28682 10.0248
155 158 147
3 7 332 0 6 356 0 8 373 0
-3.03746 -1.29241 10.0563
155 158 147
2 7 333 0 6 357 0
-0.363964 -1.18187 13.561
211 189 202
3 7 334 0 6 235 0 8 316 0
3.05239 -0.464518 8.33673
138 142 133
2 7 336 0 6 377 0
-3.89344 -4.31222 9.94174
238 245 239
3 7 346 0 6 326 0 8 375 0
2.55068 -2.21886 8.38282
224 230 223
2 7 375 0 6 352 0
-4.37913 -5.19036 10.2613
215 224 216
3 7 378 0 6 293 0 8 321 0
-3.14686 0.914634 9.9027
213 220 216
3 7 380 0 6 299 0 8 341 0
-6.53655 2.20341 11.5464
224 233 222
2 7 386 0 6 370 0
-4.38005 -5.19177 10.0774
51 63 57
3 7 415 0 6 329 0 8 392 0
2.44452 -1.68901 8.27241
213 220 213
2 7 420 0 6 468 0
2.44452 -1.68901 8.27241
213 220 213
2 7 421 0 6 467 0
-4.00104 1.70801 10.4884
77 82 75
3 7 422 0 6 209 0 8 250 0
-4.00104 1.70801 10.4884
77 82 75
3 7 423 0 6 210 0 8 251 0
2.55803 -2.21366 8.41851
222 230 222
2 7 463 0 6 452 0
-4.59936 -4.42128 10.1517
236 245 237
3 7 466 0 6 435 0 8 440 0
-1.88906 2.80125 9.92087
228 234 228
3 7 492 0 6 455 0 8 437 0
-1.88906 2.80125 9.92087
228 234 228
3 7 493 0 6 454 0 8 438 0
-5.52762 0.604699 10.9218
223 231 223
2 7 499 0 6 497 0
-5.15855 -1.44588 10.5922
223 231 223
3 7 500 0 6 476 0 8 473 0
-4.74706 -5.19084 10.1947
219 228 220
2 7 502 0 6 458 0
-5.50629 -3.05688 10.6528
225 236 228
3 7 512 0 6 481 0 8 477 0
4.02752 -0.481315 7.97436
144 146 134
3 7 523 0 6 501 0 8 504 0
3.82395 1.36089 8.08431
152 156 142
2 7 546 0 6 520 0
3.82395 1.36089 8.08431
152 156 142
2 7 547 0 6 521 0
4.02451 -0.36804 7.77451
184 189 175
3 7 549 0 6 549 0 8 525 0
4.68981 -1.60666 7.63913
227 231 221
2 7 559 0 6 547 0
-5.3481 -3.78334 10.4834
232 237 232
2 7 563 0 6 555 0
-4.08862 -4.38695 10.0975
211 219 212
2 7 580 0 6 553 0
1.69637 -0.772825 12.9425
130 109 115
3 7 637 0 6 583 0 8 606 0
-5.69401 -2.35861 10.7018
59 68 61
3 7 641 0 6 771 0 8 828 0
2.54171 -2.01344 8.47681
222 228 222
3 7 660 0 6 676 0 8 668 0
-3.31462 -6.00976 10.4663
57 62 52
2 7 662 0 6 1379 0
4.0005 -0.106096 7.80511
181 184 170
3 7 663 0 6 903 0 8 965 0
-4.29288 -5.37871 9.93791
89 101 93
3 7 683 0 6 779 0 8 870 0
4.16219 0.034228 7.72949
144 148 137
3 7 709 0 6 1141 0 8 943 0
-2.80774 -4.39717 9.60255
144 133 146
3 7 710 0 6 814 0 8 1079 0
1.05387 3.53802 9.13523
156 140 144
2 7 722 0 6 873 0
1.6178 -0.918968 13.0611
163 142 147
3 7 766 0 6 851 0 8 736 0
-3.26816 1.83214 10.2744
101 106 100
3 7 772 0 6 823 0 8 853 0
-2.50312 -2.3183 9.32048
120 122 119
2 7 811 0 6 687 0
4.32095 -1.06602 9.39272
124 112 122
2 7 812 0 6 966 0
-5.21575 -0.692257 10.6965
54 62 57
3 7 817 0 6 614 0 8 804 0
4.09523 0.12136 7.75265
194 197 187
3 7 837 0 6 1070 0 8 912 0
4.33139 -0.911522 7.70484
180 186 174
3 7 854 0 6 1097 0 8 818 0
-5.26095 -4.57205 10.3563
59 67 62
2 7 884 0 6 754 0
2.3182 0.9673 8.5196
127 108 111
3 7 910 0 6 1246 0 8 1405 0
-0.255834 2.88753 9.41791
140 126 130
3 7 912 0 6 806 0 8 1006 0
-4.91278 -3.7721 10.3072
94 102 95
2 7 913 0 6 637 0
-4.94482 2.34319 11.2827
67 73 65
2 7 916 0 6 992 0
-4.91262 1.58373 10.8292
210 220 212
3 7 932 0 6 1351 0 8 1061 0
-5.01918 1.599 10.8479
147 159 149
3 7 944 0 6 964 0 8 1084 0
4.04641 0.389069 7.79063
221 224 213
3 7 949 0 6 935 0 8 978 0
4.04641 0.389069 7.79063
221 224 213
3 7 950 0 6 936 0 8 979 0
-5.33623 -1.5338 10.6559
143 151 143
2 7 960 0 6 768 0
-0.323187 3.21175 9.52027
121 119 118
2 7 975 0 6 859 0
-0.845033 1.54177 9.2289
91 91 93
2 7 979 0 6 1376 0
-0.520993 -1.16978 13.6186
184 162 171
4 7 989 0 6 929 0 8 998 0 9 1480 0
-4.86851 -2.45498 10.4168
67 77 68
2 7 994 0 6 1131 0
-1.51911 0.584993 9.64931
80 86 83
3 7 1001 0 6 912 0 8 1176 0
3.15064 -1.31478 8.24522
90 91 83
3 7 1012 0 6 1121 0 8 1033 0
-5.25182 -1.5238 10.6536
131 140 132
3 7 1022 0 6 847 0 8 973 0
-5.25182 -1.5238 10.6536
131 140 132
3 7 1023 0 6 848 0 8 972 0
-3.163 1.16594 10.1813
82 86 82
3 7 1026 0 6 817 0 8 968 0
-4.83757 -5.42319 10.0756
207 214 206
2 7 1037 0 6 1402 0
-5.01893 -4.78188 10.2444
149 160 152
2 7 1056 0 6 1292 0
-0.411806 3.9036 9.6943
109 108 104
2 7 1064 0 6 951 0
4.09003 0.0196475 9.49073
194 173 191
2 7 1071 0 6 1147 0
1.03974 3.45307 9.11751
161 140 145
2 7 1097 0 6 1181 0
-5.45664 -3.10965 10.5994
109 116 110
3 7 1101 0 6 998 0 8 1441 0
-5.43424 -3.09605 10.5582
111 118 111
2 7 1102 0 6 999 0
4.37177 -0.951068 7.72594
224 230 218
3 7 1104 0 6 1053 0 8 878 0
-4.83935 -3.77841 10.3272
87 94 86
3 7 1121 0 6 808 0 8 1043 0
-4.83935 -3.77841 10.3272
87 94 86
3 7 1122 0 6 809 0 8 1044 0
3.24532 -1.90252 8.32221
143 147 140
3 7 1126 0 6 1164 0 8 1124 0
0.0651631 -0.00920006 9.25204
79 87 87
2 7 1146 0 6 1296 0
3.92397 1.54369 9.45419
55 51 50
3 7 1158 0 6 1260 0 8 1201 0
4.48756 -0.712404 7.67907
223 227 216
3 7 1164 0 6 1191 0 8 1250 0
4.48756 -0.712404 7.67907
223 227 216
3 7 1165 0 6 1192 0 8 1251 0
4.07396 -0.392918 7.7847
158 163 150
3 7 1173 0 6 1558 0 8 1187 0
3.74192 3.37743 9.5777
61 57 58
2 7 1181 0 6 1236 0
4.45392 -0.845357 7.65846
152 156 145
3 7 1183 0 6 1085 0 8 1220 0
4.45392 -0.845357 7.65846
152 156 145
3 7 1184 0 6 1086 0 8 1219 0
4.41144 -0.78499 7.76848
219 223 212
3 7 1194 0 6 1366 0 8 1603 0
1.57927 -0.977033 12.9872
128 108 110
3 7 1205 0 6 1190 0 8 1333 0
4.14911 -0.239209 9.52915
183 163 180
3 7 1218 0 6 1309 0 8 1807 0
4.51944 -1.05494 7.67716
189 194 182
3 7 1220 0 6 1612 0 8 1416 0
4.51944 -1.05494 7.67716
189 194 182
3 7 1221 0 6 1613 0 8 1417 0
-0.140103 -1.29647 13.5393
189 167 175
3 7 1231 0 6 1310 0 8 1562 0
-0.140103 -1.29647 13.5393
189 167 175
3 7 1232 0 6 1311 0 8 1563 0
2.57155 -1.81512 8.44076
223 230 221
3 7 1234 0 6 1229 0 8 1247 0
4.40969 -1.23221 9.52761
129 117 130
3 7 1257 0 6 1339 0 8 1634 0
-5.8044 0.0739362 11.0443
217 227 219
3 7 1258 0 6 1095 0 8 916 0
3.92948 -1.07313 8.01989
60 63 55
3 7 1259 0 6 1648 0 8 1483 0
3.92948 -1.07313 8.01989
60 63 55
3 7 1260 0 6 1647 0 8 1484 0
-5.46865 -1.56252 10.7489
127 139 129
3 7 1276 0 6 865 0 8 1427 0
3.76201 3.32176 9.62179
78 72 72
2 7 1286 0 6 1479 0
-5.08666 2.30549 11.6454
67 73 64
2 7 1297 0 6 1373 0
4.45378 -0.820467 7.68789
217 223 211
3 7 1304 0 6 1240 0 8 1487 0
-5.99206 2.35673 11.3221
138 145 137
2 7 1311 0 6 1330 0
-4.58317 -0.804488 10.4812
156 165 159
3 7 1313 0 6 863 0 8 726 0
2.38102 0.976693 8.45433
126 107 110
3 7 1315 0 6 1275 0 8 1541 0
-5.67429 -1.58869 10.7987
126 136 127
3 7 1328 0 6 750 0 8 1560 0
-3.22767 0.962801 10.1145
218 226 221
3 7 1350 0 6 1064 0 8 970 0
1.90014 -2.8971 8.60464
67 74 71
2 7 1360 0 6 1250 0
0.590275 -1.11328 13.316
126 105 108
3 7 1403 0 6 1548 0 8 1500 0
-6.87883 0.501689 11.3534
225 228 221
3 7 1414 0 6 1463 0 8 1397 0
1.09258 -2.22942 8.90454
65 72 71
2 7 1425 0 6 1568 0
-2.33411 -1.56717 14.1925
169 147 154
3 7 1426 0 6 1523 0 8 1582 0
0.3604 -2.33823 9.1389
70 77 76
2 7 1436 0 6 1385 0
-1.81506 2.77959 9.95587
102 104 105
2 7 1450 0 6 1213 0
-2.39824 -4.93087 9.49089
105 110 103
2 7 1451 0 6 1685 0
4.16898 -0.00275953 7.80668
216 219 208
3 7 1472 0 6 1726 0 8 2024 0
1.08371 4.19948 9.18107
128 129 128
2 7 1474 0 6 1489 0
-6.32775 1.45425 11.4043
151 161 152
2 7 1476 0 6 1401 0
-4.12125 -3.68935 10.1491
92 99 91
3 7 1517 0 6 1342 0 8 1108 0
1.25068 -3.0082 8.83577
113 117 113
3 7 1527 0 6 1440 0 8 2343 0
2.42444 1.10714 8.50916
189 195 188
2 7 1536 0 6 1619 0
4.35838 -0.469653 7.68864
194 198 188
3 7 1538 0 6 1792 0 8 2178 0
-5.00218 -4.7792 10.1604
228 239 231
2 7 1539 0 6 1564 0
-9.1678 -2.31174 16.3864
177 156 160
2 7 1545 0 6 1333 0
3.65434 3.34985 9.87575
111 96 98
2 7 1550 0 6 1476 0
-3.9254 0.0706476 10.3166
214 222 217
3 7 1581 0 6 1636 0 8 1622 0
3.6589 4.34171 9.64589
110 116 105
2 7 1585 0 6 1571 0
-2.23748 -0.174218 10.0273
190 195 192
2 7 1620 0 6 1630 0
-1.57073 -1.35338 13.8848
166 148 161
4 7 1632 0 6 2244 0 8 1832 0 9 2855 0
-1.65889 1.73511 9.72486
95 98 97
2 7 1685 0 6 2690 0
1.17645 3.40353 9.13415
121 125 119
2 7 1705 0 6 1483 0
3.88445 1.4539 9.59516
190 169 180
3 7 1710 0 6 1639 0 8 1461 0
-3.19236 1.01378 10.2723
104 112 110
2 7 1712 0 6 1657 0
-5.4874 0.66752 10.9674
49 59 51
2 7 1725 0 6 1919 0
-3.46722 -5.20596 10.553
84 88 81
2 7 1740 0 6 2734 0
3.88453 1.5316 9.74934
194 173 182
2 7 1747 0 6 1910 0
-2.15556 -2.67485 9.70261
106 108 105
3 7 1748 0 6 1228 0 8 1570 0
-6.51772 1.89024 11.4696
230 235 226
2 7 1750 0 6 1842 0
-3.59124 -1.43187 14.8454
88 74 71
3 7 1756 0 6 1233 0 8 1178 0
1.41959 0.976181 8.77023
95 99 99
3 7 1788 0 6 1593 0 8 1757 0
-0.161537 -1.22593 13.5799
126 104 109
3 7 1798 0 6 1850 0 8 1629 0
3.3424 -2.02749 8.33397
163 170 159
3 7 1831 0 6 2279 0 8 2390 0
-6.0399 1.66436 11.2008
173 183 175
3 7 1839 0 6 1389 0 8 2065 0
-0.542511 -1.23943 13.626
206 185 196
4 7 1840 0 6 1642 0 8 1855 0 9 2116 0
-4.97705 -4.83121 10.2865
229 238 232
3 7 1876 0 6 2177 0 8 2681 0
4.10685 -0.375924 7.73648
173 177 166
3 7 1878 0 6 1830 0 8 1591 0
-6.89115 0.503256 11.2773
183 163 163
3 7 1879 0 6 1597 0 8 1767 0
-4.01335 -3.81339 9.96897
206 213 206
2 7 1905 0 6 1777 0
2.75368 -1.2953 7.70761
216 218 212
2 7 1930 0 6 2363 0
3.95524 0.733506 7.7901
196 198 186
2 7 1931 0 6 2305 0
3.86941 1.48781 9.63901
160 137 149
2 7 1936 0 6 2039 0
-4.01783 0.801057 22.1653
145 138 154
2 7 1941 0 6 1653 0
4.34409 -1.06548 7.65113
217 223 212
2 7 1946 0 6 1986 0
3.80376 3.74154 9.91046
173 156 169
3 7 1960 0 6 1553 0 8 1831 0
-4.78544 -0.645945 10.5483
129 140 132
3 7 1996 0 6 1656 0 8 2310 0
4.56935 -1.02165 7.66213
178 184 170
3 7 2010 0 6 2873 0 8 2676 0
4.02073 0.76304 9.57735
196 175 190
2 7 2016 0 6 2754 0
-3.03218 -4.59325 9.78195
224 234 227
3 7 2024 0 6 1856 0 8 2058 0
3.8921 1.52773 9.62325
202 177 188
3 7 2027 0 6 2116 0 8 1988 0
4.06337 0.573776 9.6179
151 132 142
3 7 2072 0 6 2112 0 8 2725 0
-5.64875 -0.252417 10.9613
211 218 210
2 7 2096 0 6 2915 0
4.14028 -0.00933889 9.25067
80 82 74
2 7 2128 0 6 2508 0
3.62418 4.3095 10.0399
212 193 205
2 7 2137 0 6 1764 0
-0.441549 -1.37318 13.6052
193 173 181
5 7 2139 0 6 1872 0 8 2264 0 9 3135 0 10 2355 0
3.56169 4.45864 9.94007
226 205 220
2 7 2172 0 6 1928 0
4.67953 -1.19249 7.65822
157 161 150
3 7 2175 0 6 3022 0 8 2933 0
-0.248687 2.811 9.42539
145 127 132
2 7 2185 0 6 1509 0
2.09118 6.08547 23.7416
168 152 165
2 7 2222 0 6 2280 0
-3.79833 -5.42254 9.83601
203 212 202
3 7 2247 0 6 1719 0 8 1640 0
0.922348 -1.04616 13.1944
208 188 198
2 7 2309 0 6 2165 0
0.922283 -1.04647 13.1976
207 186 197
3 7 2310 0 6 2166 0 8 2749 0
4.6069 -0.897812 7.72235
220 224 214
3 7 2374 0 6 1442 0 8 1171 0
3.9413 1.51414 9.45656
106 109 101
2 7 2387 0 6 2687 0
-0.97528 -3.41419 9.32527
131 132 134
2 7 2411 0 6 3207 0
4.64559 -1.12509 7.64427
218 224 211
3 7 2413 0 6 2470 0 8 2667 0
-4.72093 -0.635228 10.5775
102 111 103
3 7 2432 0 6 1106 0 8 996 0
-0.106046 -1.16198 13.5616
148 123 127
2 7 2460 0 6 2492 0
0.398269 -2.44918 9.03023
146 133 138
2 7 2464 0 6 1962 0
-2.98769 0.219623 9.98498
107 108 106
2 7 2465 0 6 2269 0
0.985791 -0.753678 13.3114
150 132 137
3 7 2492 0 6 2501 0 11 1311 0
-0.345612 -1.33905 13.4895
150 125 132
3 7 2493 0 6 2714 0 8 2813 0
4.60192 -1.04455 7.67879
209 214 204
3 7 2530 0 6 2613 0 8 2714 0
3.62037 4.42982 9.81715
175 154 168
2 7 2542 0 6 2729 0
3.78225 1.84547 8.3323
61 64 52
2 7 2547 0 6 2419 0
4.143 -1.03623 7.76834
179 184 173
2 7 2558 0 6 2054 0
2.22082 0.288922 8.56204
72 75 71
2 7 2569 0 6 2306 0
4.16314 -0.769403 7.7868
183 189 177
2 7 2580 0 6 2430 0
4.16314 -0.769403 7.7868
183 189 177
2 7 2581 0 6 2429 0
-3.75285 -0.926856 21.8422
149 141 157
2 7 2614 0 6 1659 0
4.04076 0.59834 9.36817
104 108 99
3 7 2622 0 6 2731 0 8 2975 0
4.11688 -1.26222 9.5528
91 78 82
2 7 2655 0 6 2991 0
4.65996 -1.18728 7.6665
208 213 202
2 7 2668 0 6 2261 0
-0.5991 -1.13958 13.6243
217 195 207
2 7 2681 0 6 2589 0
-6.36393 0.597527 11.3373
225 233 224
2 7 2691 0 6 1854 0
0.529938 -1.12926 13.1688
115 96 99
2 7 2692 0 6 2212 0
-5.01574 -3.42527 10.4497
217 224 216
3 7 2704 0 6 2266 0 8 3247 0
3.56411 3.60322 9.9972
104 90 90
2 7 2715 0 6 3012 0
-2.74955 -4.25824 9.63145
192 201 194
3 7 2727 0 6 2627 0 8 2634 0
4.20437 -1.97321 9.43293
60 50 54
2 7 2747 0 6 2207 0
4.63709 -1.1128 7.70144
219 223 211
3 7 2756 0 6 2448 0 8 2195 0
1.96879 3.36975 8.84468
110 111 104
2 7 2774 0 6 2658 0
2.58788 -1.80431 8.63278
205 214 206
2 7 2798 0 6 2304 0
4.59022 -0.928231 7.62482
218 222 211
2 7 2814 0 6 3137 0
3.74466 3.51099 9.54087
96 102 95
3 7 2817 0 6 3112 0 8 2964 0
3.5894 4.57642 9.64591
76 79 72
2 7 2865 0 6 2937 0
-2.86786 -1.33448 9.95175
100 108 100
2 7 2875 0 6 3126 0
-5.74867 1.70991 11.1581
176 188 178
2 7 2878 0 6 2813 0
-5.74867 1.70991 11.1581
176 188 178
2 7 2879 0 6 2812 0
-2.99961 -0.24249 10.2446
111 110 108
2 7 2900 0 6 2535 0
3.62794 4.34837 9.86004
170 150 164
2 7 2924 0 6 2314 0
-1.67374 1.34599 9.81948
111 121 117
2 7 2933 0 6 2671 0
3.50248 4.57644 9.67646
112 114 109
2 7 2964 0 6 2610 0
-0.912558 -1.35165 11.4616
150 152 153
2 7 2991 0 6 2655 0
-5.18936 -1.69064 10.6278
182 192 183
2 7 2998 0 6 3174 0
3.81043 0.222205 8.05132
44 46 41
2 7 3017 0 6 2445 0
3.72302 3.69996 9.78105
142 126 138
3 7 3028 0 6 2987 0 8 2866 0
-3.06523 -4.56956 9.80914
93 101 93
3 7 3059 0 6 2916 0 8 2909 0
-4.25209 -5.39273 9.93133
210 219 209
2 7 3069 0 6 3023 0
4.27075 -1.74231 9.45806
221 201 218
2 7 3080 0 6 3132 0
4.06364 -7.37387 21.4944
172 153 164
2 7 3081 0 6 2294 0
-3.56866 -3.98798 11.3739
134 143 139
2 7 3100 0 6 3128 0
-2.48427 -3.4077 9.70767
106 108 107
2 7 3104 0 6 2632 0
-3.38226 -2.81475 9.94668
80 87 81
2 7 3157 0 6 2861 0
-1.7676 2.73116 9.6739
112 112 117
2 8 696 0 0 1193 0
0.391353 -0.918346 13.3719
195 175 185
4 8 1282 0 3 2040 0 6 1203 0 5 1062 0
0.0145858 -1.0507 13.4903
186 168 175
4 8 1983 0 3 1675 0 6 1730 0 5 1590 0
-2.49081 2.11461 9.64735
227 234 229
2 8 132 0 5 139 0
10.288 3.8673 24.2173
66 69 62
2 5 226 0 6 131 0
-3.86981 -2.3457 9.61175
77 85 81
2 8 182 0 5 189 0
12.1808 -5.33172 25.0122
197 199 188
2 5 192 0 6 300 0
-1.69339 1.41465 9.69146
220 228 224
4 8 275 0 5 320 0 7 268 0 6 255 0
-0.792355 1.37424 9.37755
221 229 222
2 8 279 0 5 153 0
-0.792355 1.37424 9.37755
221 229 222
2 8 280 0 5 154 0
-3.2889 -1.51303 9.60257
93 93 85
4 8 433 0 5 395 0 7 427 0 6 443 0
-16.8561 -11.65 33.0324
235 241 233
2 5 345 0 6 424 0
-5.00496 -0.663522 10.5303
154 165 158
2 8 610 0 5 1179 0
3.24981 2.3119 8.80136
135 119 120
2 8 630 0 5 738 0
-5.97269 -1.47063 11.0821
89 88 85
2 8 674 0 5 584 0
10.0264 -3.75334 23.9215
133 121 124
2 8 742 0 5 982 0
-0.514905 -2.11835 8.85646
91 81 85
2 8 765 0 5 836 0
3.16129 6.12898 28.8309
151 131 139
2 8 894 0 5 974 0
-0.258787 -3.40289 9.20451
207 218 216
2 8 931 0 5 854 0
-1.31891 -1.13679 13.8393
191 169 181
2 8 969 0 5 989 0
-1.92833 1.45029 9.35445
118 111 117
2 8 1021 0 5 610 0
8.37663 -10.9312 26.9047
163 158 155
2 8 1081 0 5 1041 0
1.00441 -1.3332 13.0676
130 109 111
3 8 1088 0 5 1402 0 6 646 0
4.39138 -1.12139 9.25862
64 68 59
3 8 1155 0 5 992 0 6 1003 0
4.11688 -0.407856 7.87161
160 165 151
3 8 1186 0 5 1388 0 7 1172 0
3.92546 1.66203 9.61646
167 146 158
2 8 1222 0 5 1342 0
-5.84752 0.0246709 10.7996
164 174 166
2 8 1272 0 5 1646 0
6.48179 -9.10966 25.5965
158 135 145
2 5 1136 0 6 1186 0
6.72093 -10.0893 26.2244
176 153 162
2 8 1520 0 5 1768 0
-2.36958 0.92255 9.53582
114 115 111
4 8 1527 0 5 1050 0 7 1869 0 6 1741 0
-17.5071 2.61791 36.5516
226 235 227
2 5 1275 0 6 1031 0
5.47225 -11.6425 28.2097
184 168 182
2 8 1801 0 5 2795 0
-2.77677 -1.46817 14.262
163 147 152
3 8 1835 0 5 1706 0 6 1823 0
-4.43805 0.555023 12.3807
109 107 97
4 8 1910 0 5 1391 0 7 2650 0 6 1804 0
-5.41518 -0.113161 10.6811
149 157 148
2 8 2033 0 5 1716 0
3.99861 -0.0905319 9.74579
100 89 92
2 8 2089 0 5 1953 0
0.197069 1.07503 8.87005
141 123 131
2 8 2232 0 5 2059 0
-15.6076 2.75021 32.3532
176 187 180
2 8 2395 0 5 1943 0
3.98757 0.807759 9.62469
206 184 199
2 8 2433 0 5 2901 0
0.547354 -1.49824 13.3123
147 125 132
2 8 2439 0 5 2165 0
-4.65991 2.68225 12.2232
73 77 68
2 5 2638 0 6 2380 0
-3.72436 -2.51173 9.67649
56 61 55
4 8 2544 0 5 2327 0 7 2985 0 6 1736 0
-3.06058 1.82503 10.0364
136 131 144
2 8 2617 0 5 1980 0
-2.88485 1.79034 18.1768
185 195 191
2 8 2618 0 5 1998 0
-0.568932 -1.58284 13.6924
202 179 192
2 8 2685 0 5 2333 0
-0.568932 -1.58284 13.6924
202 179 192
2 8 2686 0 5 2334 0
7.21736 1.62987 27.3537
141 122 126
2 8 2732 0 5 2335 0
-1.30718 -11.256 28.2017
92 83 85
2 8 2839 0 5 2748 0
-2.36653 -1.77051 14.0616
70 62 45
5 8 3054 0 5 3035 0 6 3106 0 11 1852 0 1 2408 0
-4.89652 -0.0439825 10.4867
227 238 228
2 8 3093 0 5 2506 0
-4.45082 -0.0677997 10.5275
194 203 199
2 8 3137 0 5 2329 0
-5.76468 0.59919 10.8327
212 222 214
2 8 3185 0 5 2510 0
-0.42283 -1.55009 13.5917
203 184 194
3 8 3269 0 5 2399 0 11 1794 0
-2.2493 -0.233766 9.80295
226 230 225
3 8 196 0 6 188 0 7 246 0
-2.2493 -0.233766 9.80295
226 230 225
3 8 197 0 6 189 0 7 245 0
-3.49542 2.58636 10.4773
225 232 229
3 8 218 0 6 196 0 7 212 0
0.160988 1.37002 1.10849
222 229 222
2 8 240 0 6 221 0
-7.02925 0.566696 11.3633
228 234 224
2 8 284 0 7 293 0
0.315967 0.957676 0.860104
97 88 88
2 8 652 0 6 1039 0
3.73307 3.47899 9.5718
61 59 59
4 8 983 0 6 882 0 7 705 0 5 844 0
0.546987 -3.86073 8.96597
85 92 85
2 8 1135 0 7 1070 0
-3.99379 -4.41282 10.0288
79 88 82
3 8 1295 0 6 1447 0 7 1314 0
-1.81863 2.84044 9.82014
83 87 82
4 8 1539 0 6 1247 0 7 2249 0 5 1746 0
-2.1293 3.19058 10.0366
120 117 128
3 8 1584 0 6 1983 0 7 2784 0
4.27751 -1.11826 7.82287
217 222 212
3 8 1763 0 6 2469 0 7 1446 0
-0.19923 -4.09351 9.06458
156 168 165
3 8 1847 0 6 1392 0 7 1593 0
0.512377 -1.32847 13.3385
153 133 137
3 8 1861 0 6 2743 0 9 3094 0
-0.388795 -1.40295 13.5885
188 166 175
3 8 1877 0 6 1520 0 10 1696 0
0.452938 -1.14147 13.3544
118 99 102
3 8 1893 0 6 1747 0 9 2338 0
-5.31929 -0.122547 10.7979
46 56 49
3 8 2426 0 6 1797 0 7 1708 0
0.0434588 1.18921 0.302728
54 44 43
2 8 2518 0 6 2624 0
-4.34517 0.562057 12.5422
140 134 148
3 8 2527 0 6 3182 0 7 2242 0
-0.0698589 1.18008 -0.00119331
153 136 140
2 8 2606 0 6 3054 0
-0.0599931 -1.52642 13.505
164 145 150
3 8 2633 0 6 2381 0 10 2463 0
-0.573844 -1.33787 13.5833
197 175 185
3 8 2641 0 6 1393 0 9 1768 0
-3.85744 -3.80135 10.7825
70 75 69
3 8 2759 0 6 1846 0 7 2067 0
0.412211 -1.34313 13.3635
136 117 123
4 8 2783 0 6 2115 0 9 2597 0 10 2420 0
4.47205 -1.92555 9.52341
164 146 161
3 8 2829 0 6 3203 0 7 1863 0
-2.37644 -4.95128 9.64916
237 242 237
2 8 172 0 7 217 0
-7.11 0.374542 11.356
226 233 224
2 8 272 0 7 316 0
-7.02925 0.566696 11.3633
227 234 224
2 8 283 0 7 292 0
-0.659454 -4.16176 9.19333
102 94 98
2 8 462 0 7 461 0
-0.659454 -4.16176 9.19333
102 94 98
2 8 463 0 7 462 0
-0.374044 -1.34219 13.6549
167 143 150
2 8 577 0 7 620 0
-0.249879 -4.05615 9.01747
67 74 71
2 8 590 0 7 624 0
-3.78276 -5.901 9.89121
76 88 77
2 8 619 0 7 603 0
-4.60128 -5.26275 10.1793
75 84 74
2 8 638 0 7 679 0
4.51219 -0.906809 7.64935
203 208 197
2 8 749 0 7 743 0
-3.05419 1.18582 10.2093
140 128 141
2 8 754 0 7 1203 0
4.58987 -1.10218 7.74679
222 227 215
2 8 762 0 7 856 0
-1.24295 -2.52392 9.44362
116 117 117
2 8 788 0 7 747 0
-4.32037 -5.41273 9.9989
91 105 98
2 8 869 0 7 682 0
4.44664 -8.26741 27.3563
172 152 162
2 8 908 0 7 1460 0
-5.9357 -1.06006 10.8236
206 216 206
2 8 1017 0 7 888 0
3.4614 4.3136 9.91093
106 90 90
2 8 1086 0 7 795 0
-5.73405 -0.785347 10.8699
144 154 147
2 8 1116 0 7 799 0
1.405 1.0446 8.58499
141 133 138
2 8 1142 0 7 827 0
-4.89824 -2.47279 10.4827
70 78 72
2 8 1268 0 7 993 0
-1.02666 -3.28164 9.37975
72 80 76
2 8 1300 0 7 1093 0
-1.71891 2.77329 9.78713
234 240 231
2 8 1448 0 7 1265 0
-0.375274 -1.24425 13.7595
214 193 204
2 8 1463 0 7 1268 0
-3.77467 -1.7602 22.1596
88 80 90
2 8 1475 0 7 1464 0
-5.38737 1.72805 10.9001
178 189 181
2 8 1511 0 7 1318 0
-2.81193 -9.10744 20.8036
79 73 75
2 8 1557 0 7 1188 0
2.5864 -2.04843 8.49897
66 71 66
2 8 1726 0 7 1525 0
-0.541957 -1.30334 13.6235
168 147 154
3 8 1732 0 7 1659 0 9 2035 0
-0.541957 -1.30334 13.6235
168 147 154
3 8 1733 0 7 1658 0 9 2036 0
-1.10798 -2.69272 9.42413
210 223 221
2 8 1753 0 7 1439 0
0.354455 -2.3227 9.08862
63 71 67
2 8 1806 0 7 1435 0
-4.75486 -3.01247 10.4167
92 104 96
2 8 1889 0 7 2799 0
4.39934 -1.99978 9.58902
173 155 174
2 8 1902 0 7 1427 0
-2.38185 -1.52888 14.1528
145 125 129
2 8 1935 0 7 1820 0
-5.4547 0.666172 10.8974
52 61 55
2 8 1958 0 7 1724 0
4.31802 -0.381957 12.3417
157 136 139
2 8 2009 0 7 1983 0
-4.18457 -2.8971 10.19
232 242 236
2 8 2043 0 7 1909 0
4.7313 -1.16102 7.74021
175 180 170
2 8 2053 0 7 2660 0
-3.67916 -4.09291 11.7657
138 129 139
2 8 2185 0 7 1929 0
4.47824 -1.99641 9.4196
62 62 60
2 8 2200 0 7 1874 0
-2.59905 -1.94562 25.834
51 45 48
2 8 2203 0 7 2052 0
-0.218554 2.34856 9.24939
102 108 107
2 8 2276 0 7 1927 0
-4.7771 -0.644328 10.5302
128 139 130
2 8 2309 0 7 1995 0
-4.86012 -2.51961 10.4886
219 229 223
2 8 2420 0 7 2187 0
4.28337 -0.799188 9.31242
78 80 78
2 8 2559 0 7 1459 0
-5.75098 -1.58059 10.8804
206 216 208
2 8 2583 0 7 3054 0
3.96684 0.246238 8.12616
75 77 67
2 8 2719 0 7 2238 0
4.436 -2.14786 9.53149
191 173 191
2 8 2780 0 7 2573 0
-5.57835 -1.71223 10.72
228 235 227
2 8 2861 0 7 2281 0
-5.38783 -1.38441 10.7035
199 206 199
2 8 2892 0 7 2978 0
-5.38783 -1.38441 10.7035
199 206 199
2 8 2893 0 7 2979 0
-4.26085 -0.135764 10.6593
103 110 106
2 8 2932 0 7 3082 0
-6.15535 -0.0254754 10.9741
121 130 121
2 8 2936 0 7 2021 0
-5.61949 1.51038 11.0324
49 61 52
2 8 3026 0 7 2006 0
-0.280621 -1.22693 13.646
202 180 190
2 8 3083 0 7 3000 0
4.38058 -1.97931 9.48241
182 166 184
2 8 3123 0 7 2894 0
3.84704 1.40754 8.37816
45 46 40
2 8 3138 0 7 2088 0
3.89705 1.02549 8.36112
80 83 76
2 8 3200 0 7 2324 0
-4.94294 -3.45712 10.4398
199 204 198
2 8 3351 0 7 2707 0
-1.93947 -1.85795 13.9507
172 153 160
2 9 1304 0 1 1014 0
-1.9992 -1.83287 13.9965
124 105 111
3 9 2742 0 1 2671 0 11 2176 0
-1.9992 -1.83287 13.9965
124 105 111
3 9 2743 0 1 2670 0 11 2175 0
-2.78291 3.65744 9.94608
214 224 216
7 9 1849 0 2 831 0 10 1307 0 11 1032 0 4 2253 0 0 2370 0 5 2173 0
5.17314 -1.01434 23.3882
141 120 118
2 9 1668 0 3 1130 0
4.91537 -1.05739 23.4664
147 127 123
2 9 2213 0 3 1537 0
6.56448 -0.344745 22.9585
172 154 158
3 9 2246 0 3 1744 0 10 1669 0
0.459241 -1.28639 13.3592
119 100 100
2 9 1497 0 6 1158 0
-2.81306 -8.41897 21.626
164 157 174
2 9 2257 0 6 2011 0
-2.59786 -1.64462 14.1404
76 68 53
2 9 2909 0 6 2966 0
-2.59786 -1.64462 14.1404
76 68 53
2 9 2910 0 6 2967 0
0.0374591 -1.21464 13.4827
124 103 105
2 9 1700 0 7 1059 0
-0.61868 -1.40311 13.6359
145 123 130
2 9 1043 0 8 1396 0
-0.560663 -1.52773 13.6356
190 170 179
3 9 2138 0 8 2098 0 10 1427 0
-1.64563 -1.25373 13.9233
136 120 131
2 9 3073 0 8 3224 0
-1.53084 -1.28206 13.9096
178 163 175
2 9 3139 0 8 2906 0
-0.523392 1.63016 10.0695
160 143 149
2 10 63 0 1 59 0
-0.523392 1.63016 10.0695
160 143 149
2 10 65 0 1 60 0
-1.73882 -1.78442 9.14742
73 80 74
2 7 515 0 5 451 0
0.921987 -1.47321 13.3089
112 95 96
2 10 635 0 1 867 0
-0.163516 -1.27716 13.2935
118 99 99
2 10 882 0 1 552 0
0.857429 -1.14787 13.3904
128 110 113
2 10 1160 0 1 807 0
-0.0395971 -1.82685 13.3584
167 149 155
2 10 1354 0 1 1813 0
0.951444 -1.20783 13.3139
124 105 107
2 10 1386 0 1 1148 0
-0.138665 -1.29469 13.5283
174 155 158
2 10 1533 0 1 1584 0
-0.128042 -1.6161 13.4546
165 148 154
3 10 1543 0 1 1238 0 11 1182 0
-0.31944 -1.86436 13.5511
196 180 187
4 10 1618 0 1 1637 0 3 1105 0 11 1897 0
1.32676 0.843835 8.87209
174 193 189
3 10 1708 0 9 1891 0 11 1927 0
-0.435076 -0.909615 13.6042
86 74 75
2 10 1950 0 1 2111 0
1.01857 -1.36507 13.2626
116 97 99
2 10 2018 0 1 1985 0
-0.130497 -1.27183 13.6437
112 95 96
2 10 2075 0 1 1438 0
-1.33227 -1.04219 9.64715
103 114 107
2 10 2100 0 9 2372 0
-0.084872 1.40144 10.0488
220 218 213
2 10 2245 0 1 2416 0
-2.20765 -1.82015 14.1213
154 140 146
2 10 2294 0 1 2501 0
-2.34496 -1.93937 14.0443
69 66 53
3 10 2329 0 1 2363 0 11 1945 0
-2.34496 -1.93937 14.0443
69 66 53
3 10 2330 0 1 2362 0 11 1946 0
1.89612 -1.58608 12.9942
171 153 157
3 10 2333 0 1 2529 0 3 2255 0
-1.16209 -1.92647 13.7083
158 139 145
2 10 2482 0 1 2616 0
-0.075201 -1.70309 13.5096
141 122 127
2 10 2552 0 1 2458 0
-1.33118 -1.2567 9.61312
195 209 204
2 10 346 0 9 330 0
0.455391 -1.28159 13.3478
110 95 96
2 10 1092 0 2 705 0
0.523585 -1.33902 13.3652
140 124 125
2 10 1347 0 2 1287 0
-0.612701 -1.41678 13.6763
135 117 120
2 10 1579 0 2 742 0
-1.47506 0.575965 9.70541
148 138 142
2 10 1914 0 2 2194 0
-1.47506 0.575965 9.70541
148 138 142
2 10 1915 0 2 2193 0
0.456253 -1.13977 13.3678
108 95 95
2 10 2107 0 2 1217 0
0.377045 -1.14341 13.3745
116 99 102
2 10 2392 0 2 1318 0
0.574398 -1.74774 13.3367
182 165 170
2 10 833 0 3 532 0
0.6927 -1.72703 13.2833
182 165 170
2 10 1514 0 3 1061 0
0.6927 -1.72703 13.2833
182 165 170
2 10 1515 0 3 1060 0
-0.383523 -1.84011 13.6039
172 156 161
3 10 2452 0 3 1834 0 11 2155 0
-0.643854 -10.9493 27.1086
221 233 228
2 10 105 0 6 98 0
-3.2651 -1.52497 9.56249
124 115 116
2 10 344 0 9 487 0
0.846759 -1.2885 13.2598
118 100 101
2 10 2280 0 6 2830 0
0.775698 -1.49017 13.2856
122 105 106
2 10 2297 0 6 2721 0
1.42322 0.635132 8.99541
92 103 99
2 10 123 0 9 212 0
0.633102 1.42967 9.1298
201 223 220
2 10 396 0 9 540 0
-2.86557 -1.83646 9.99553
58 66 61
2 10 651 0 9 768 0
1.38797 0.800147 8.91516
78 91 89
2 10 670 0 9 939 0
1.38797 0.800147 8.91516
78 91 89
2 10 671 0 9 938 0
3.80601 -0.925258 12.594
111 93 92
2 10 719 0 9 1190 0
3.80601 -0.925258 12.594
111 93 92
2 10 720 0 9 1191 0
-0.722298 -0.103614 9.45838
223 237 231
2 10 742 0 9 732 0
3.78889 -0.986345 12.5356
152 131 132
2 10 827 0 9 1172 0
-0.600332 2.20618 9.34072
98 108 104
2 10 1226 0 9 1471 0
-0.555789 -1.54702 13.6782
182 164 171
2 10 1428 0 9 2137 0
-1.1475 -1.15612 9.57887
149 131 140
2 10 1455 0 9 1674 0
1.64997 -1.42691 13.1127
136 117 120
2 10 1489 0 9 1757 0
-0.970805 2.13186 9.43524
101 105 103
2 10 1642 0 9 1969 0
-1.73463 -1.75238 14.0119
150 133 139
2 10 1699 0 9 2193 0
3.83686 -0.885648 12.5245
149 130 132
2 10 1829 0 9 2089 0
3.78763 -1.02858 12.4716
119 101 101
2 10 1847 0 9 2515 0
3.72946 -1.18944 12.5829
127 106 107
2 10 2364 0 9 2657 0
-0.417826 -1.57202 13.64
187 168 175
2 10 2477 0 9 3021 0
-0.168524 1.60916 11.2597
210 211 204
2 11 14 0 1 12 0
-0.63808 1.72278 10.8153
140 157 153
2 11 51 0 1 49 0
-0.63808 1.72278 10.8153
140 157 153
2 11 52 0 1 48 0
1.0978 -1.70528 13.3498
201 182 191
2 11 317 0 1 328 0
-0.3792 -1.38509 13.2401
180 163 167
2 11 604 0 1 1319 0
1.93029 -1.29782 13.0758
113 96 95
2 11 789 0 1 898 0
-0.653645 2.15186 10.9505
160 175 170
2 11 968 0 1 1788 0
0.115296 -1.79478 13.4836
205 188 198
2 11 999 0 1 1166 0
-1.63338 -0.851238 11.2111
175 161 134
2 11 1063 0 1 1264 0
-2.92291 -1.39804 9.96906
81 93 88
2 11 1068 0 10 1390 0
0.132668 -0.856915 14.3325
91 78 77
2 11 1206 0 1 1494 0
0.19689 -1.92957 13.6355
157 139 145
2 11 1214 0 1 2267 0
1.90493 -1.39905 12.9961
148 129 130
2 11 1784 0 1 1811 0
0.0249808 -1.66661 13.558
170 153 159
2 11 1908 0 1 1883 0
0.200674 -1.78202 13.4612
197 179 188
2 11 2087 0 1 1903 0
-0.374465 3.21093 9.37228
224 236 231
2 11 177 0 2 195 0
-2.17582 -2.81172 9.80525
219 232 223
2 11 1179 0 2 899 0
-2.07325 3.43546 9.80318
160 170 159
2 11 2016 0 2 1784 0
1.45929 0.956783 8.91298
107 118 113
2 11 2368 0 2 2356 0
4.27786 -1.24024 12.4316
168 149 152
2 11 884 0 3 881 0
-1.43291 -1.03198 9.63576
70 81 74
2 11 1355 0 10 1734 0
-0.113669 -1.65051 13.5194
172 154 160
2 11 1181 0 5 1277 0
-0.351216 -1.49452 13.5934
182 164 171
2 11 1529 0 5 1742 0
0.668324 -1.46905 13.294
150 132 138
2 11 1820 0 6 1873 0
-2.51904 1.8621 9.81287
198 211 202
2 11 260 0 9 544 0
5.71801 -0.316006 22.8262
110 97 100
2 11 838 0 9 1201 0
9.54097 -3.37411 25.9593
128 105 105
2 11 842 0 9 1030 0
9.54097 -3.37411 25.9593
128 105 105
2 11 843 0 9 1029 0
4.44334 -1.14499 12.2313
153 138 141
2 11 1324 0 9 2536 0
9.54542 -3.50776 25.8927
176 153 156
2 11 1402 0 9 1810 0
5.40488 -13.7398 22.5015
168 148 153
2 11 1526 0 9 1530 0
9.6344 -3.40798 25.8925
167 143 145
2 11 1568 0 9 2430 0
5.8357 -0.386419 22.8821
179 161 166
2 11 1942 0 9 2575 0
1.7328 -1.34029 13.0477
136 119 120
2 11 2104 0 9 2858 0
-0.245537 2.82503 9.41011
221 236 232
2 11 2139 0 9 3082 0
-2.47589 3.60418 9.77533
207 218 209
2 11 145 0 10 178 0
-2.47589 3.60418 9.77533
207 218 209
2 11 146 0 10 177 0
-4.36041 -0.784393 10.2176
47 59 52
2 11 149 0 10 364 0
-3.70789 0.0955878 10.1129
43 46 42
2 11 154 0 10 292 0
-0.238865 2.38488 9.42318
212 232 229
2 11 306 0 10 348 0
-0.238865 2.38488 9.42318
212 232 229
2 11 307 0 10 349 0
-4.49489 -0.876758 10.3509
162 179 171
2 11 371 0 10 417 0
0.150871 -1.10393 9.15063
180 196 193
2 11 449 0 10 470 0
2.32064 0.897425 8.71158
82 75 75
2 11 501 0 10 588 0
2.32064 0.897425 8.71158
82 75 75
2 11 502 0 10 587 0
-4.11932 1.6399 10.3851
123 121 128
2 11 511 0 10 852 0
0.838175 -0.658949 8.99327
189 205 199
2 11 569 0 10 655 0
-2.33781 3.54359 10.0665
120 110 114
2 11 577 0 10 883 0
0.761703 0.0958716 9.06931
207 220 214
2 11 614 0 10 754 0
-2.3169 3.721 9.857
181 194 185
2 11 630 0 10 691 0
1.08338 -4.61782 9.87348
183 166 173
2 11 712 0 10 1204 0
1.74169 -1.43653 12.9869
123 106 106
2 11 746 0 10 1026 0
-4.43407 0.00808504 10.3541
210 221 212
2 11 810 0 10 638 0
-0.369634 -1.61531 13.498
187 172 177
2 11 816 0 10 1106 0
-0.308168 -4.22177 9.26884
174 192 184
2 11 919 0 10 767 0
-4.59497 0.319212 10.8974
110 125 115
2 11 1034 0 10 1005 0
-0.164413 -1.04582 14.8159
102 93 91
2 11 1137 0 10 2163 0
1.21128 -3.03237 8.92199
95 106 96
2 11 1171 0 10 1370 0
-0.641799 -1.08822 9.44789
115 129 125
2 11 1249 0 10 1555 0
1.80722 -1.50789 13.0017
196 180 186
2 11 1292 0 10 1423 0
7.86333 0.0469681 21.9206
94 80 80
2 11 1327 0 10 1818 0
-1.43291 -1.03198 9.63576
80 89 83
2 11 1356 0 10 1735 0
-0.523099 -1.64855 9.36998
103 113 109
2 11 1386 0 10 1871 0
-0.805466 1.99768 9.50944
233 232 225
2 11 1398 0 10 1407 0
9.76244 -2.59956 25.128
152 133 139
2 11 1484 0 10 1858 0
3.79164 -0.832266 12.3169
125 110 110
2 11 1548 0 10 1518 0
-1.38411 -1.14357 14.945
88 78 76
2 11 1662 0 10 2011 0
-0.916393 1.23509 9.65404
117 121 118
2 11 1695 0 10 2363 0
-2.98745 1.11853 9.72842
107 117 114
2 11 1698 0 10 1697 0
-1.56736 1.16082 9.78124
124 115 119
2 11 1716 0 10 1712 0
5.40213 -0.594613 26.6589
127 110 116
2 11 1764 0 10 1811 0
-4.71232 -0.0666042 10.4826
191 203 194
2 11 1851 0 10 2224 0
-2.72015 3.62575 10.2284
194 209 197
2 11 1860 0 10 1200 0
-2.16366 3.5536 10.0016
191 204 193
2 11 1879 0 10 2171 0
-2.16366 3.5536 10.0016
191 204 193
2 11 1880 0 10 2170 0
-2.29903 0.901737 9.69301
93 88 88
2 11 1890 0 10 1990 0
-2.12319 1.25616 9.43888
119 106 111
2 11 1905 0 10 2201 0
-0.0802164 -1.52477 13.5995
123 107 109
2 11 1928 0 10 1722 0
-0.0143649 3.85914 9.38529
140 126 129
2 11 2006 0 10 2279 0
6.37835 0.215415 26.2193
113 99 106
2 11 2007 0 10 2049 0
7.49663 -0.173444 22.8665
127 110 111
2 11 2026 0 10 1983 0
0.877076 -0.677846 8.97006
70 83 78
2 11 2043 0 10 2215 0
-1.43551 -0.244353 9.67078
81 91 85
2 11 2222 0 10 2436 0
