drews 1.0
12 736
0 0 0
0 0 0
0 0 0
0 0 0
0 0 0
0 0 0
0 0 0
0 0 0
0 0 0
0 0 0
0 0 0
0 0 0
0 0 0
0 0 0
0 0 0
0 0 0
0 0 0
0 0 0
0 0 0
0 0 0
2.87859 -257.241 54305.5
-0.310731 0.771147 -0.593169
-0.635569 0.323717 0.749976
0.734408 0.606927 0.382003
2.06908 -2.14183 7.34713
0.870699 0.0433567 0.396235
0.213718 0.704957 -0.676609
-0.728418 0.576362 0.370479
0.651123 0.413693 0.636676
2.17184 -0.82723 0.788342
0.849023 0.0749373 -0.307214
0.676406 0.505998 -0.53531
-0.549758 0.830836 0.0910167
0.490886 0.232836 0.840022
1.73666 -0.202585 0.284234
0.843054 0.0100028 -0.0262925
0.912499 0.278263 -0.299907
-0.285329 0.958209 0.0208628
0.293181 0.0665341 0.953759
1.01544 0.0668507 -0.00224744
0.835731 0.043095 -0.0950796
0.999998 -0.00246536 0.000191399
0.00246423 0.999997 0.00189513
-0.000196855 -0.00189465 1
-0.00569533 0.000330028 0.0554735
0.839422 0.0515248 -0.105178
0.908076 -0.285953 0.305998
0.275414 0.958153 0.0780692
-0.315514 0.0133836 0.948829
-0.953214 -0.239355 0.259496
0.84558 0.0568556 -0.128345
0.635235 -0.573556 0.517218
0.498461 0.816009 0.292698
-0.589932 0.071881 0.804252
-1.45432 -0.915235 0.85124
0.829333 0.133945 -0.254876
0.188538 -0.759862 0.622152
0.588695 0.594525 0.547722
-0.786074 0.262995 0.559409
-1.96583 -1.81354 1.56663
0.0767708 0.0929894 2.89469
171 165 160
3 5 1125 0 4 1074 0 6 1502 0
0.0769776 0.118119 2.88143
146 140 133
5 5 1141 0 4 847 0 6 1741 0 9 2178 0 8 2329 0
-0.00244753 0.0276113 2.9699
157 152 144
4 5 1238 0 4 1128 0 6 1270 0 7 2010 0
0.0609865 0.0955709 2.89251
200 194 190
3 5 1775 0 4 1277 0 6 3374 0
0.064235 0.121772 2.88384
232 225 219
6 5 1961 0 4 1876 0 6 2424 0 7 2396 0 8 3486 0 9 5050 0
0.0478372 0.111577 2.89803
230 224 220
4 5 2890 0 4 2936 0 6 3465 0 9 5769 0
-0.937525 -0.744664 4.09003
193 213 207
4 6 1951 0 0 830 0 7 4159 0 8 5552 0
0.0542157 0.104656 2.89875
148 144 137
3 6 2911 0 4 1170 0 5 1593 0
0.03428 0.0777849 2.92069
182 178 171
2 6 3718 0 8 5132 0
0.417871 0.304958 2.82825
147 144 136
2 6 245 0 5 261 0
-0.0303336 -0.107612 3.09342
205 196 183
2 6 305 0 5 200 0
-0.0782706 0.0464446 3.05935
191 184 172
2 6 331 0 5 216 0
-0.0782706 0.0464446 3.05935
191 184 172
2 6 332 0 5 217 0
0.345699 0.153184 2.81538
148 144 140
5 6 718 0 5 1508 0 7 783 0 9 781 0 10 1656 0
0.0609384 0.0828846 2.91175
163 159 153
2 6 798 0 5 816 0
0.117212 0.135817 2.86032
145 139 130
5 6 1230 0 5 1219 0 7 1444 0 8 1812 0 9 2115 0
0.0858311 0.133849 2.87131
241 235 230
5 6 1273 0 5 1319 0 7 1867 0 8 2337 0 9 3418 0
-0.0980215 -0.0249159 3.08001
223 213 206
2 6 1692 0 5 841 0
0.12349 0.151187 2.85273
251 248 247
2 6 1794 0 5 1184 0
0.109852 0.118602 2.87105
203 197 190
3 6 1881 0 5 1503 0 7 2980 0
0.33627 0.173322 2.80152
140 135 129
6 6 1989 0 5 1719 0 7 2353 0 8 2463 0 9 3082 0 10 3231 0
0.103522 0.131655 2.87593
145 139 130
3 6 2135 0 5 1015 0 7 2522 0
0.0570818 0.216434 2.92274
238 233 229
2 6 2489 0 5 1855 0
0.353521 -0.668952 2.9883
113 113 103
3 6 2731 0 5 1398 0 7 4663 0
0.289413 0.183655 2.80243
234 227 224
6 6 2885 0 5 2313 0 8 3519 0 7 996 0 9 4273 0 10 3270 0
0.272621 -0.932012 4.16454
189 206 199
3 6 2919 0 5 845 0 7 3371 0
0.302642 0.161875 2.81107
195 190 185
6 6 3001 0 5 2319 0 7 3225 0 8 3714 0 9 3358 0 10 4497 0
0.0991257 0.232341 2.89596
244 239 235
2 6 3025 0 5 1876 0
0.400216 -0.663157 2.98458
145 140 127
2 6 3173 0 5 1932 0
0.0617295 -0.291498 2.44941
243 239 241
2 6 3680 0 5 2089 0
0.329398 0.163843 2.80825
183 179 174
4 6 3692 0 5 2048 0 8 5858 0 10 5064 0
0.105959 0.109881 2.88041
151 144 137
4 6 3758 0 5 2057 0 7 5047 0 8 6990 0
0.413764 -0.490014 3.74874
62 64 49
2 6 4328 0 5 2938 0
0.0996585 0.155353 2.8573
250 245 247
2 6 4793 0 5 3295 0
0.105792 0.140512 2.85967
248 243 244
2 6 4892 0 5 2722 0
-0.0344872 0.0351722 2.98589
228 220 214
2 6 5039 0 5 3607 0
0.130788 -0.285379 2.43343
148 139 134
3 7 1588 0 0 3831 0 6 954 0
-0.819681 -0.515767 3.92728
195 220 219
2 7 39 0 6 22 0
1.01456 0.687035 2.61903
66 74 61
2 7 137 0 6 151 0
0.0134122 0.00579139 2.97584
220 212 201
2 7 298 0 6 312 0
0.0781144 0.224406 2.91366
244 237 229
2 7 326 0 6 327 0
-0.0590854 0.0750187 3.04032
203 196 184
2 7 413 0 6 274 0
0.143264 -0.795242 4.19261
46 55 46
2 7 574 0 6 307 0
-0.265744 -0.457193 3.7732
168 185 180
2 7 655 0 6 543 0
0.318084 0.152315 2.81538
168 162 155
2 7 766 0 6 1173 0
1.26787 0.247598 2.98774
51 56 33
2 7 965 0 6 1417 0
0.262463 0.213913 2.80585
246 239 236
4 7 1031 0 6 1112 0 8 1546 0 9 1619 0
0.59249 -0.461769 2.77801
74 76 68
2 7 1115 0 6 1290 0
1.24875 0.293766 2.94528
206 218 205
2 7 1156 0 6 1773 0
0.0427331 -1.0009 4.32628
85 99 89
2 7 1194 0 6 1118 0
0.286683 0.214641 2.80065
238 231 227
4 7 1206 0 6 1554 0 8 1135 0 9 1428 0
-1.2656 -0.00580279 3.45528
135 148 140
2 7 1208 0 6 1256 0
0.00404561 -0.302623 2.4737
219 213 209
2 7 1462 0 6 1503 0
-0.875194 -0.661568 4.05737
172 192 187
2 7 1478 0 6 1479 0
0.302527 0.173495 2.80447
150 144 139
3 7 1586 0 6 948 0 9 1425 0
-0.634903 -0.883992 4.35383
139 162 158
2 7 1724 0 6 1111 0
-0.518638 -1.06948 4.50703
153 170 161
2 7 1914 0 6 826 0
-0.518638 -1.06948 4.50703
153 170 161
2 7 1915 0 6 827 0
0.309159 0.218975 2.80019
238 232 228
2 7 1969 0 6 3772 0
-1.27912 0.0100313 3.44062
139 150 144
2 7 2088 0 6 1720 0
-0.645199 -0.870155 4.36169
28 42 37
3 7 2167 0 6 1380 0 8 3371 0
0.893446 -0.341416 3.56169
50 47 28
2 7 2193 0 6 3662 0
0.386606 0.269559 2.83431
221 216 209
4 7 2225 0 6 3443 0 8 3192 0 9 4503 0
0.0853502 0.170352 2.86696
239 232 229
2 7 2376 0 6 2588 0
0.396316 -0.200369 2.32935
221 210 199
2 7 2398 0 6 2978 0
0.106799 -0.556657 3.86065
51 51 36
2 7 2408 0 6 2607 0
-0.0172847 -0.708355 4.07958
29 40 34
2 7 2635 0 6 2214 0
0.328414 -0.946952 4.21365
195 211 203
2 7 2670 0 6 2370 0
0.323041 -0.984747 4.27138
141 157 147
2 7 2734 0 6 1495 0
0.285786 -0.241385 2.38196
239 232 226
2 7 2797 0 6 4906 0
-0.2547 -1.0877 4.43422
191 206 197
2 7 2896 0 6 2147 0
0.181262 -0.264445 2.41424
241 237 232
2 7 2981 0 6 2414 0
-1.0211 -0.611165 3.92512
180 196 189
2 7 3204 0 6 1617 0
-1.12014 -0.556466 3.88751
69 89 80
2 7 3273 0 6 1865 0
-1.16746 -0.477781 3.82224
187 204 198
2 7 3565 0 6 1438 0
0.343963 -0.669617 3.00131
104 104 95
2 7 3657 0 6 1798 0
0.173929 -0.650811 3.9664
118 120 104
2 7 3678 0 6 2899 0
0.150955 0.195333 2.83748
254 248 244
3 7 3687 0 6 4068 0 8 4848 0
0.12289 0.017068 2.81674
180 177 168
2 7 3709 0 6 5433 0
0.111637 0.0651353 2.88172
195 190 182
2 7 3764 0 6 3379 0
-1.13454 -0.611185 3.91431
148 165 156
2 7 3896 0 6 1753 0
0.626027 -1.75359 5.20137
102 129 126
2 7 4401 0 6 2566 0
-0.122356 -1.31674 4.64696
184 196 185
2 7 4570 0 6 3434 0
0.0936261 0.159438 2.86468
216 207 203
3 7 4660 0 6 3862 0 8 6402 0
-0.122954 -1.30312 4.64737
82 90 81
2 7 4934 0 6 3239 0
0.12653 0.297686 2.93664
233 231 226
2 7 4972 0 6 5001 0
0.495916 -0.623567 2.93699
190 192 186
2 7 5182 0 6 5071 0
0.0603503 -1.02154 4.33971
96 106 97
2 7 5246 0 6 2650 0
0.127851 0.131403 2.85745
199 192 185
2 7 5393 0 6 4846 0
-0.156255 0.229567 2.95729
199 198 192
2 7 5418 0 6 3150 0
0.578216 -0.554794 2.89597
146 149 139
2 7 5971 0 6 4894 0
0.33351 0.287551 2.83758
215 210 201
2 7 5978 0 6 4699 0
-1.60092 -0.680538 3.99299
174 193 186
3 8 4604 0 1 5542 0 9 5651 0
0.229043 0.268311 2.84905
255 254 248
2 8 221 0 6 281 0
0.179236 0.126128 2.84942
253 247 240
2 8 250 0 7 271 0
0.0264322 0.198272 2.9477
227 220 212
2 8 348 0 6 363 0
0.115618 0.272524 2.87906
146 141 133
5 8 963 0 6 1587 0 7 900 0 9 908 0 5 1655 0
0.315247 0.185535 2.79879
234 226 224
4 8 988 0 6 1615 0 9 1053 0 10 2222 0
0.223497 0.166654 2.81798
148 141 134
3 8 4410 0 6 3377 0 9 4146 0
0.119402 0.0978784 2.8837
231 223 215
2 8 5034 0 6 2914 0
0.101587 0.233918 2.89979
247 240 233
2 8 5076 0 6 3026 0
0.0512027 0.0889554 2.9157
175 170 162
2 8 5836 0 6 4305 0
0.103989 0.279813 2.87668
249 248 246
2 8 6252 0 6 5344 0
0.120159 0.162419 2.85224
249 242 238
2 8 6504 0 6 4130 0
0.203246 0.208811 2.86192
250 245 240
2 8 0 0 7 2 0
0.20607 0.228853 2.83083
208 203 194
2 8 158 0 7 204 0
0.444668 0.259566 2.81721
177 173 164
2 8 168 0 7 286 0
-0.922419 -0.712074 4.04712
100 114 107
3 8 998 0 7 482 0 9 696 0
-0.922754 -0.712685 4.05262
108 121 112
2 8 999 0 7 481 0
-0.717246 -0.885331 4.35672
38 54 49
2 8 1179 0 7 1056 0
-1.10103 -0.568322 3.90195
65 84 78
2 8 1230 0 7 767 0
-0.629334 -1.22613 4.56697
79 95 91
3 8 1280 0 7 1364 0 9 906 0
-0.560917 -1.33827 4.69347
182 204 199
2 8 1338 0 7 1564 0
-0.511885 -0.694171 4.05685
173 189 183
2 8 1371 0 7 707 0
0.0816213 0.0964817 2.8923
162 154 144
2 8 1394 0 7 1222 0
-1.39942 -0.596117 3.95157
212 239 236
2 8 1467 0 7 798 0
-1.0519 -0.675341 3.98994
150 167 162
3 8 1510 0 7 1260 0 9 1607 0
-1.58149 -0.25417 3.59572
203 226 225
4 8 1716 0 7 695 0 9 3568 0 10 5372 0
-1.28426 -0.714557 4.00674
182 204 196
2 8 1749 0 7 1008 0
-0.855082 -1.12324 4.50092
177 204 202
3 8 1864 0 7 796 0 9 2807 0
-1.18444 -2.06347 5.56664
125 134 117
2 8 1882 0 7 1304 0
-1.19822 -0.871056 4.04673
197 220 219
3 8 1947 0 7 935 0 9 1515 0
-0.594458 -1.42187 4.81811
166 191 188
2 8 1977 0 7 1835 0
0.282493 0.153677 2.81748
225 215 205
2 8 2000 0 7 909 0
-0.527222 -1.49247 4.78962
151 170 168
5 8 2031 0 7 1869 0 9 2016 0 10 2371 0 11 831 0
-1.11982 -0.920515 4.04549
203 228 227
4 8 2041 0 7 1184 0 9 2551 0 10 3307 0
0.414446 0.179128 2.79599
193 187 182
4 8 2101 0 7 1912 0 9 1499 0 10 2442 0
0.0632864 0.0842719 2.91963
158 149 139
2 8 2111 0 7 972 0
-1.29192 -0.739584 4.04564
61 79 71
2 8 2174 0 7 1210 0
0.131628 0.188532 2.84358
254 247 244
3 8 2228 0 7 2397 0 9 2956 0
-1.10687 -0.967812 4.05238
150 171 165
2 8 2346 0 7 999 0
-1.58352 -1.74992 5.20218
169 184 172
3 8 2391 0 7 993 0 9 2235 0
-1.345 -0.366421 3.69562
99 116 110
3 8 2392 0 7 1082 0 9 3174 0
-1.41616 -0.711427 4.04441
73 91 81
2 8 2447 0 7 1372 0
-1.41616 -0.711427 4.04441
73 91 81
2 8 2448 0 7 1373 0
-0.710922 -1.32739 4.70243
208 233 229
2 8 2567 0 7 1726 0
-0.7904 -0.27012 3.61049
141 156 151
2 8 2693 0 7 1246 0
-1.16791 -0.979758 4.04404
174 197 194
3 8 2712 0 7 1984 0 9 3849 0
-1.21594 -0.534554 3.90271
72 93 85
2 8 2726 0 7 1525 0
-1.34571 -0.567839 3.95663
60 82 76
3 8 2739 0 7 805 0 9 4365 0
-0.674139 -1.32398 4.70042
206 231 228
2 8 2779 0 7 2053 0
-0.674139 -1.32398 4.70042
206 231 228
2 8 2780 0 7 2054 0
-1.39687 -0.22036 3.53138
142 160 154
2 8 2817 0 7 944 0
-0.581388 -1.07078 4.53889
120 138 132
2 8 2820 0 7 1812 0
-0.884492 -0.677202 4.06438
58 75 69
2 8 2870 0 7 2137 0
-1.00737 -2.39955 5.88009
130 142 131
2 8 2908 0 7 2992 0
0.515174 -0.63028 2.94926
116 115 103
2 8 2967 0 7 3717 0
1.57956 0.282611 2.81799
87 88 52
3 8 3004 0 7 3803 0 9 1021 0
1.5969 0.30862 2.79997
99 104 67
3 8 3017 0 7 4494 0 9 1457 0
-0.282536 -1.01027 4.40213
133 147 140
2 8 3071 0 7 3301 0
-1.10582 -0.931916 4.0582
148 172 171
4 8 3133 0 7 2093 0 9 2896 0 10 3671 0
-1.50466 -0.118768 3.4282
207 227 224
3 8 3136 0 7 1038 0 9 4308 0
-0.41667 -1.17911 4.63624
160 176 170
2 8 3210 0 7 1235 0
-0.980499 -2.46659 5.96268
157 172 164
3 8 3294 0 7 3278 0 9 3381 0
-1.2909 0.513067 2.80838
66 83 73
2 8 3298 0 7 1292 0
-1.20996 -0.103647 3.52664
162 186 185
3 8 3345 0 7 1961 0 9 4914 0
-0.0366855 -0.0313806 3.04389
161 154 140
2 8 3398 0 7 3341 0
-1.15973 -0.752611 4.04256
208 232 230
3 8 3399 0 7 1106 0 9 4613 0
-1.20961 -0.810274 4.03161
229 252 250
3 8 3409 0 7 1646 0 9 4355 0
-1.383 -0.130886 3.41183
179 196 190
2 8 3479 0 7 1492 0
-1.52901 -0.03299 3.32951
192 209 206
3 8 3514 0 7 1055 0 9 3977 0
-1.57974 -0.408944 3.77591
171 192 188
3 8 3528 0 7 1989 0 9 6540 0
-1.13712 -0.937787 4.04958
195 218 213
2 8 3537 0 7 2825 0
-0.597527 -1.28742 4.64833
113 132 126
2 8 3585 0 7 2485 0
-1.56503 0.0223137 3.26973
114 128 124
3 8 3619 0 7 1514 0 9 5296 0
-1.40193 -0.0724479 3.35689
128 144 140
3 8 3624 0 7 955 0 9 5711 0
-1.40193 -0.0724479 3.35689
128 144 140
3 8 3625 0 7 956 0 9 5710 0
-1.36207 -0.148794 3.44282
118 136 129
3 8 3677 0 7 1046 0 9 6194 0
-1.39226 -0.232702 3.54823
198 213 210
2 8 3707 0 7 1911 0
-0.181844 -1.97848 5.30455
158 176 172
3 8 3756 0 7 2347 0 9 3187 0
1.06466 -2.44664 6.05958
120 142 142
2 8 3765 0 7 3497 0
-1.36882 -0.126708 3.42191
125 143 138
3 8 3889 0 7 1981 0 9 5671 0
-1.07829 -0.570208 3.90418
176 195 193
3 8 3909 0 7 1701 0 9 5026 0
-0.19503 -1.01282 4.44133
64 81 77
2 8 3959 0 7 3916 0
-0.600646 -1.4588 4.81119
201 228 226
3 8 3982 0 7 3762 0 9 4629 0
-0.759064 -1.0379 4.39947
175 195 191
3 8 3999 0 7 3210 0 9 4750 0
-1.40158 -0.431988 3.78412
226 247 241
2 8 4022 0 7 950 0
-1.19773 -0.701801 4.02607
170 196 193
3 8 4031 0 7 2195 0 9 5911 0
-1.21705 -0.820195 4.0267
231 253 251
3 8 4108 0 7 2217 0 9 5344 0
0.392591 0.093443 2.81604
123 117 107
2 8 4130 0 7 2496 0
-1.38303 -0.309897 3.64362
224 242 238
2 8 4285 0 7 1695 0
-1.12869 -0.758074 4.04372
223 248 246
3 8 4539 0 7 2678 0 9 5249 0
-1.21325 -0.865266 4.04241
227 248 244
2 8 4581 0 7 2233 0
-1.09372 -0.825868 4.05078
126 148 141
2 8 4684 0 7 3806 0
-1.14282 -0.764198 4.04058
172 197 191
2 8 4728 0 7 3336 0
-0.75335 -0.498631 3.87731
113 135 133
2 8 4756 0 7 4080 0
0.0332791 -2.0639 5.58506
95 112 110
3 8 4770 0 7 4311 0 10 2076 0
-0.40469 -1.58359 4.92494
75 91 87
4 8 4788 0 7 4251 0 9 4124 0 10 2887 0
-1.00557 -1.27622 4.17183
147 166 165
3 8 4868 0 7 3938 0 9 6440 0
-1.31467 -0.324526 3.64408
182 200 195
2 8 4920 0 7 2274 0
-0.589567 -1.30811 4.67967
184 205 200
2 8 4922 0 7 5883 0
-1.0217 -1.2695 4.17397
218 237 237
3 8 5092 0 7 2599 0 9 5501 0
-1.29235 -2.00133 5.46707
157 170 162
3 8 5158 0 7 3016 0 9 5292 0
-0.808425 -1.97036 5.27003
100 126 122
3 8 5259 0 7 3947 0 9 4956 0
-1.14296 -0.585143 3.87641
121 141 137
3 8 5339 0 7 4527 0 9 5157 0
-1.17891 -0.926968 4.04851
209 230 226
2 8 5340 0 7 4148 0
-1.34977 -0.748758 4.05917
212 236 228
2 8 5369 0 7 3441 0
-1.36783 -0.242302 3.55689
218 235 229
2 8 5373 0 7 1932 0
-0.722755 -1.28294 4.65087
199 223 221
2 8 5380 0 7 3219 0
0.293573 0.0873011 2.83359
124 122 115
2 8 5616 0 7 3839 0
0.0157168 0.0623326 2.94718
172 165 153
2 8 5649 0 7 4711 0
-0.751355 -1.29682 4.67411
171 196 193
2 8 5655 0 7 4197 0
0.186467 0.327993 2.9016
210 208 204
2 8 5801 0 7 5737 0
-1.08942 -2.29738 5.77551
175 192 186
3 8 5803 0 7 4038 0 9 4344 0
-0.915788 -2.57178 6.05796
147 163 154
2 8 5893 0 7 3189 0
-1.22922 -0.883597 4.05377
185 205 201
2 8 5926 0 7 3736 0
-1.0533 -2.38794 5.87451
147 163 158
3 8 5990 0 7 3534 0 9 5210 0
-1.26593 -0.445323 3.78867
185 203 199
2 8 6032 0 7 2500 0
0.0863701 0.111065 2.88449
191 183 173
2 8 6310 0 7 4581 0
-0.994537 -1.1501 4.13491
115 130 122
2 8 6318 0 7 4419 0
0.190923 0.311985 2.84617
196 194 187
2 8 6411 0 7 5050 0
0.326162 0.198487 2.79555
168 161 154
2 8 6437 0 7 4202 0
-0.150957 -2.10665 5.39801
167 185 181
2 8 6449 0 7 4292 0
-1.14371 -0.598298 3.88639
209 230 222
2 8 6458 0 7 3451 0
0.0649699 0.265368 2.89898
245 237 232
2 8 6474 0 7 5593 0
-1.32033 -0.339075 3.65881
127 144 139
2 8 6538 0 7 2729 0
-1.05351 -0.0628867 3.46866
140 166 165
2 8 6650 0 7 2888 0
-1.05351 -0.0628867 3.46866
140 166 165
2 8 6651 0 7 2887 0
-0.461366 -2.01819 5.42574
172 195 191
2 8 6817 0 7 5218 0
0.315833 0.201256 2.79991
239 232 231
2 9 2218 0 6 2553 0
0.300127 0.203656 2.79948
204 196 194
5 9 3336 0 6 3894 0 8 2716 0 7 2232 0 10 4818 0
-1.12812 -0.878321 4.05724
160 186 185
3 9 5065 0 6 1838 0 8 4949 0
0.27182 0.267209 2.80109
242 235 228
2 9 219 0 7 313 0
-0.0545658 0.207916 2.97063
133 129 121
2 9 852 0 7 867 0
0.347644 0.183697 2.79559
214 206 201
2 9 1682 0 7 1333 0
0.395207 0.17992 2.79488
200 194 190
4 9 2713 0 7 3830 0 8 2198 0 10 2581 0
-0.00674858 0.0397768 2.96791
168 163 155
2 9 4252 0 7 4120 0
0.291303 0.196728 2.80196
228 219 215
3 9 4409 0 7 4560 0 8 3905 0
0.211989 0.17295 2.81815
251 247 241
2 9 4808 0 7 3989 0
0.294129 0.287755 2.83685
179 173 166
2 9 6299 0 7 5609 0
1.11894 -0.257838 3.48018
147 166 168
2 9 16 0 8 51 0
-1.04538 -0.832923 4.13642
45 52 49
2 9 69 0 8 101 0
-1.8836 -1.0115 4.44265
146 157 146
2 9 99 0 8 67 0
-0.502974 0.787816 2.52496
217 224 223
2 9 108 0 8 75 0
0.565305 0.14925 2.83123
164 158 154
3 9 113 0 8 132 0 10 143 0
0.408118 -0.603608 3.06337
138 141 141
2 9 119 0 8 130 0
1.61099 0.303448 2.79924
177 182 144
2 9 270 0 8 435 0
0.245342 -2.3558 5.84081
178 204 206
2 9 271 0 8 265 0
-1.49588 0.204335 3.03032
166 186 184
2 9 280 0 8 312 0
-1.30417 0.0416032 3.39335
23 34 29
2 9 302 0 8 323 0
-1.81988 -1.41924 4.83707
83 97 89
2 9 318 0 8 296 0
1.27582 0.259188 2.9199
114 118 89
2 9 372 0 8 513 0
0.303418 0.646612 2.58141
216 235 235
2 9 398 0 8 268 0
-2.52737 -2.32759 5.94714
174 197 198
2 9 413 0 8 352 0
-1.00186 -0.752025 4.08111
55 68 62
2 9 414 0 8 555 0
-1.60983 -0.486591 3.85634
78 98 94
2 9 440 0 8 329 0
-1.60983 -0.486591 3.85634
78 98 94
2 9 441 0 8 328 0
-1.16763 0.399902 2.94943
112 129 125
3 9 472 0 8 494 0 10 861 0
-0.545437 0.767725 2.52706
98 100 81
2 9 510 0 8 457 0
-2.33524 -2.49966 6.09229
165 188 192
3 9 529 0 8 580 0 10 774 0
1.43986 0.0515542 3.11828
173 179 144
2 9 594 0 8 2454 0
-1.46379 0.163814 3.07975
143 160 156
2 9 595 0 8 588 0
-1.70127 0.200982 3.07424
171 187 185
2 9 649 0 8 539 0
-0.669012 -1.38017 4.74925
186 213 215
2 9 674 0 8 1283 0
0.283612 0.17106 2.80935
137 131 125
2 9 706 0 8 929 0
-1.78056 -1.03799 4.56453
114 127 108
2 9 708 0 8 924 0
-1.67817 -0.586704 3.88494
149 169 165
2 9 723 0 8 789 0
0.24537 -1.87811 5.32025
98 116 114
2 9 755 0 8 2425 0
-0.153683 -1.97292 5.29492
55 73 71
2 9 762 0 8 966 0
-1.45067 0.242826 3.12447
129 148 145
2 9 877 0 8 643 0
1.35495 0.207843 2.94421
167 175 157
2 9 896 0 8 1240 0
0.340028 0.644515 2.58276
159 176 173
2 9 960 0 8 1061 0
0.0630541 -2.26693 5.65054
180 201 201
2 9 991 0 8 3166 0
-1.55649 -0.835851 4.11247
201 224 221
2 9 1018 0 8 884 0
0.371403 0.229398 2.80531
159 155 150
2 9 1024 0 8 721 0
-1.70984 -1.37272 4.79679
195 212 203
2 9 1037 0 8 1293 0
0.324743 0.254132 2.82804
187 182 177
2 9 1074 0 8 1411 0
-1.63412 -0.461521 3.8358
83 105 103
3 9 1100 0 8 889 0 10 2650 0
-1.18878 -0.279145 3.58356
87 104 102
3 9 1108 0 8 1199 0 10 1380 0
-1.37912 0.111069 3.28305
129 152 150
2 9 1118 0 8 639 0
-0.665422 -1.13901 4.50468
205 228 228
2 9 1140 0 8 1325 0
-1.66875 -0.552711 3.87867
60 81 77
2 9 1152 0 8 1214 0
-0.992954 -1.12876 4.13662
174 199 196
2 9 1178 0 8 1383 0
-1.10763 -0.882976 4.05833
201 226 226
2 9 1193 0 8 1140 0
-1.05528 -0.470811 3.8106
136 157 153
2 9 1206 0 8 1266 0
-1.329 -0.0331212 3.35801
50 69 65
2 9 1231 0 8 1408 0
-1.91113 -0.997019 4.42804
154 166 156
2 9 1296 0 8 1637 0
-1.45194 0.16103 3.20344
105 124 119
2 9 1305 0 8 1691 0
-2.20167 -0.934505 4.27956
118 133 131
2 9 1315 0 8 775 0
-2.20167 -0.934505 4.27956
118 133 131
2 9 1316 0 8 776 0
-0.038772 -2.2257 5.50808
165 182 181
2 9 1326 0 8 1080 0
-1.02146 -0.736314 4.0692
137 155 150
2 9 1327 0 8 989 0
0.540363 0.128048 2.82116
118 114 108
2 9 1383 0 8 1119 0
-0.279926 0.62483 2.67861
121 125 97
2 9 1400 0 8 1784 0
-0.578936 -1.45038 4.8152
85 111 110
4 9 1403 0 8 1158 0 10 2019 0 11 1749 0
-1.86926 -1.31527 4.74093
160 173 165
3 9 1415 0 8 1310 0 10 1676 0
-1.71632 -0.477205 3.80523
185 209 206
2 9 1427 0 8 784 0
-1.96451 -1.27049 4.72004
61 72 63
2 9 1434 0 8 1658 0
-1.40116 0.0710021 3.27084
43 60 54
2 9 1486 0 8 1807 0
0.157072 -0.279021 2.43371
158 148 141
2 9 1487 0 8 2202 0
-1.4801 -0.841657 4.18528
66 89 86
2 9 1492 0 8 1853 0
0.028106 -2.10999 5.59941
159 179 179
2 9 1493 0 8 2474 0
1.60492 0.33005 2.79997
130 137 101
2 9 1498 0 8 2835 0
-1.52136 0.255971 2.99756
90 108 103
4 9 1500 0 8 743 0 10 2772 0 11 3060 0
0.610911 -2.49339 5.93074
174 194 193
2 9 1502 0 8 3405 0
-1.76762 -1.07784 4.58189
66 77 62
2 9 1508 0 8 1931 0
-2.23254 -0.8255 4.25224
69 84 71
2 9 1541 0 8 1101 0
-1.98517 -1.01611 4.38267
103 113 97
2 9 1546 0 8 1813 0
-1.04381 -0.704395 4.03745
133 151 148
2 9 1547 0 8 1391 0
-1.09022 -0.809639 4.06676
213 238 238
2 9 1567 0 8 1053 0
-1.48618 0.187861 3.06156
125 141 136
2 9 1602 0 8 1348 0
-1.64006 0.462786 2.81715
163 183 182
4 9 1624 0 8 1272 0 10 1787 0 11 1567 0
-1.11067 -0.583259 3.8951
169 190 190
2 9 1640 0 8 1295 0
-1.76042 -1.12709 4.57606
139 150 132
2 9 1650 0 8 2002 0
-1.17194 -2.64976 6.12289
187 209 211
3 9 1652 0 8 1899 0 10 1755 0
-0.0336982 -1.56814 4.97843
193 206 204
2 9 1749 0 8 2333 0
-1.22003 -0.241161 3.54085
136 156 152
2 9 1780 0 8 1789 0
-1.3511 -0.0122099 3.30745
121 141 139
3 9 1781 0 8 2703 0 10 2562 0
-1.86316 -0.177678 3.49919
205 229 227
2 9 1857 0 8 993 0
-1.86923 -0.998685 4.44348
158 170 156
2 9 1872 0 8 1468 0
-1.12761 -0.361647 3.7002
131 150 147
2 9 1882 0 8 1956 0
-1.62338 -1.73496 5.17175
80 95 86
2 9 1903 0 8 1718 0
-1.39534 0.0513254 3.22371
150 170 166
2 9 1906 0 8 1579 0
-1.48826 -0.436971 3.81105
94 116 113
2 9 1931 0 8 1715 0
-1.94809 -1.28949 4.70651
147 160 158
3 9 1947 0 8 1661 0 10 2459 0
-0.245549 -1.68573 5.12951
168 184 184
3 9 1954 0 8 1698 0 10 2015 0
0.928053 0.490309 2.78741
157 184 188
2 9 1956 0 8 1774 0
-1.40817 0.0707792 3.20103
125 144 139
2 9 1985 0 8 1480 0
-1.20092 -0.25997 3.56671
158 180 177
3 9 1987 0 8 1791 0 10 2419 0
-1.2019 -0.259677 3.56921
162 185 181
2 9 1988 0 8 1792 0
-1.22084 -0.271153 3.55951
122 141 138
2 9 2011 0 8 1340 0
-0.167081 -1.91846 5.28355
131 149 148
3 9 2015 0 8 2701 0 10 1650 0
-1.32726 -2.42094 5.89276
195 219 219
3 9 2028 0 8 2535 0 10 1190 0
-1.32444 -2.41696 5.88247
203 226 226
2 9 2029 0 8 2536 0
-0.512085 -2.00345 5.3955
96 122 122
2 9 2031 0 8 2221 0
0.0985567 0.128037 2.87037
137 132 123
2 9 2040 0 8 2124 0
-1.12015 -0.607771 3.90278
142 164 162
2 9 2044 0 8 1805 0
-1.93753 -0.165672 3.47628
31 46 40
2 9 2050 0 8 821 0
-1.43364 0.118481 3.20277
69 90 87
2 9 2055 0 8 1470 0
-1.75067 -0.00632137 3.33901
212 238 235
2 9 2091 0 8 1881 0
-0.692254 -1.55168 4.62434
154 173 170
4 9 2116 0 8 2992 0 10 2310 0 11 941 0
-1.04909 -2.51413 5.9874
104 125 121
3 9 2122 0 8 1032 0 10 2530 0
-1.08438 -0.419951 3.76221
130 151 148
2 9 2125 0 8 2345 0
1.23749 0.268102 2.9354
37 40 24
2 9 2141 0 8 2054 0
-1.10452 -0.571368 3.91563
58 78 78
2 9 2148 0 8 1229 0
-0.470916 -1.86886 5.24113
119 144 146
2 9 2165 0 8 2621 0
-1.89697 -1.30429 4.75242
62 73 61
2 9 2167 0 8 1202 0
0.494925 -0.70351 2.91812
138 131 120
2 9 2169 0 8 3648 0
-0.272458 -1.73635 5.09478
160 180 179
2 9 2176 0 8 2580 0
1.41023 -0.907444 4.08376
106 116 107
2 9 2208 0 8 4448 0
-2.26641 -0.644225 4.05589
84 97 88
2 9 2211 0 8 839 0
-0.848001 -1.97397 5.28688
176 200 195
2 9 2229 0 8 1334 0
-1.42184 0.177051 3.21218
124 145 143
3 9 2241 0 8 991 0 10 3108 0
-2.93054 -1.93049 5.50604
62 81 81
2 9 2246 0 8 1833 0
-1.14061 -0.548146 3.90115
83 108 109
2 9 2273 0 8 2081 0
-1.51948 -0.754153 4.0902
70 90 85
2 9 2276 0 8 2399 0
-1.52088 -0.753836 4.09355
68 89 86
3 9 2277 0 8 2398 0 10 2106 0
-1.5413 0.417959 3.02444
101 117 113
2 9 2278 0 8 1366 0
-1.84341 -0.0592209 3.39808
192 216 215
2 9 2280 0 8 1232 0
0.0067837 -2.42877 5.78856
140 161 162
2 9 2286 0 8 1872 0
-1.23084 -0.122386 3.5242
127 151 149
2 9 2288 0 8 1870 0
-1.06987 -1.07731 4.07617
210 230 229
5 9 2298 0 8 2154 0 10 2802 0 11 2872 0 1 2191 0
-1.43148 -0.332601 3.67633
210 232 231
2 9 2299 0 8 1095 0
-1.71959 -0.494901 3.79311
53 73 68
2 9 2301 0 8 1729 0
-0.332772 -1.63458 4.98974
167 182 181
2 9 2307 0 8 3454 0
-1.85157 -1.09114 4.51763
78 90 77
3 9 2315 0 8 2194 0 10 3126 0
0.00392095 -2.62066 6.01854
207 232 232
2 9 2320 0 8 2955 0
0.319802 0.152834 2.81898
148 142 136
2 9 2321 0 8 2783 0
-1.09084 -2.45182 5.92254
148 171 171
2 9 2323 0 8 2411 0
-1.80977 -0.155977 3.5035
78 96 90
2 9 2342 0 8 1820 0
-1.81065 -0.155871 3.50505
81 100 96
3 9 2343 0 8 1821 0 10 2715 0
-1.77989 -1.08554 4.54033
120 131 114
2 9 2349 0 8 1857 0
-1.69986 -0.265731 3.6145
60 74 70
2 9 2368 0 8 1273 0
-0.519584 -1.63939 4.9372
108 122 121
2 9 2372 0 8 3341 0
-1.78871 0.0412266 3.28237
183 206 204
2 9 2373 0 8 1222 0
-1.58786 -0.689944 4.0058
75 96 91
2 9 2379 0 8 2110 0
-1.79447 -1.04756 4.51931
111 123 105
2 9 2381 0 8 2273 0
-0.676269 -2.79962 6.44667
70 84 72
3 9 2384 0 8 2342 0 10 1544 0
0.487567 -0.63836 2.9488
130 131 121
2 9 2392 0 8 3960 0
1.21579 -0.718331 3.93214
121 136 132
2 9 2407 0 8 3500 0
-1.19651 -0.824512 4.02894
171 196 197
2 9 2418 0 8 1494 0
-1.19651 -0.824512 4.02894
171 196 197
2 9 2419 0 8 1493 0
-1.87274 -0.273439 3.57833
178 200 196
2 9 2437 0 8 2368 0
-1.64059 -1.7758 5.1855
141 159 150
2 9 2456 0 8 2102 0
-1.67594 -0.53226 3.8622
161 184 182
3 9 2464 0 8 1576 0 10 3427 0
-1.52759 0.263154 2.98524
130 152 149
2 9 2465 0 8 1983 0
-1.1079 -2.42446 5.89507
191 211 211
2 9 2472 0 8 2201 0
0.0248585 0.0838748 2.91903
136 130 123
2 9 2509 0 8 3652 0
-1.32414 -2.09114 5.5505
115 137 135
2 9 2510 0 8 1924 0
1.7125 -0.226049 3.47152
108 118 110
2 9 2522 0 8 5384 0
-1.16606 -0.194333 3.63393
30 44 41
2 9 2538 0 8 3878 0
-1.80761 -0.000597596 3.3316
114 134 129
2 9 2546 0 8 893 0
-1.22335 -0.0785597 3.54108
167 195 197
2 9 2552 0 8 1128 0
-2.21485 -0.715206 4.12139
89 102 93
2 9 2563 0 8 1142 0
0.370874 0.182375 2.79434
207 201 199
3 9 2591 0 8 2636 0 10 3458 0
-1.52573 -0.826243 4.12144
160 184 180
2 9 2605 0 8 1838 0
-0.494221 -1.75255 5.11867
182 202 202
2 9 2617 0 8 2765 0
-1.43821 0.136513 3.21302
109 131 129
2 9 2642 0 8 2058 0
-1.82605 -0.0662043 3.40593
66 85 81
3 9 2657 0 8 1686 0 10 4348 0
-1.79061 -1.1759 4.61258
79 88 75
2 9 2674 0 8 3573 0
-1.72883 -0.213975 3.56308
193 219 216
2 9 2680 0 8 1520 0
-1.73691 -0.481967 3.77381
191 212 207
2 9 2686 0 8 1730 0
-2.29359 -0.659999 4.06014
199 221 216
2 9 2692 0 8 780 0
-1.26851 -2.00617 5.46501
96 110 100
2 9 2704 0 8 3844 0
-1.26851 -2.00617 5.46501
96 110 100
2 9 2705 0 8 3845 0
-1.39827 0.0848516 3.28911
118 138 136
2 9 2712 0 8 2768 0
-2.34358 -0.807943 4.21861
193 213 213
3 9 2718 0 8 1324 0 10 3378 0
-1.67257 -0.263046 3.62707
65 80 76
2 9 2741 0 8 1703 0
-0.214255 -2.03029 5.34103
184 204 205
2 9 2749 0 8 2322 0
-0.934556 -2.47997 5.97923
144 159 151
2 9 2751 0 8 2620 0
-1.82675 -1.11355 4.56347
124 134 119
2 9 2761 0 8 2375 0
1.23466 0.290717 2.88926
163 168 151
2 9 2767 0 8 2359 0
-0.880949 -0.221872 3.59043
212 239 241
2 9 2785 0 8 1231 0
-1.83203 -1.0151 4.45587
137 149 133
2 9 2795 0 8 3439 0
0.356197 -2.64458 6.12651
86 105 108
2 9 2801 0 8 3007 0
-1.59489 -0.438258 3.81039
172 194 193
2 9 2811 0 8 1260 0
-1.43865 -2.14919 5.6138
128 149 149
2 9 2822 0 8 2901 0
-1.18406 -0.255024 3.61648
79 99 98
2 9 2823 0 8 4879 0
-0.775936 -1.4765 4.45044
88 105 101
3 9 2850 0 8 3691 0 10 1850 0
-0.986205 -1.17249 4.14561
146 165 161
5 9 2865 0 8 4822 0 10 3514 0 11 2513 0 1 2120 0
-1.22867 -2.26173 5.73403
133 153 152
3 9 2876 0 8 2986 0 10 3868 0
-0.446616 -1.79335 5.16565
191 215 216
2 9 2890 0 8 2471 0
-1.11959 -0.558898 3.90185
84 108 108
2 9 2916 0 8 2504 0
1.25633 0.234017 2.96481
78 85 68
3 9 2935 0 8 4833 0 10 2266 0
-1.77532 -0.26536 3.59191
81 98 92
2 9 2937 0 8 2370 0
-1.77532 -0.26536 3.59191
81 98 92
2 9 2938 0 8 2371 0
0.911117 -0.11535 3.26422
64 66 52
2 9 2939 0 8 5804 0
-1.20108 -2.42579 5.89636
204 226 227
2 9 2942 0 8 3139 0
-2.03902 -0.860548 4.21748
146 156 144
2 9 2952 0 8 1656 0
-2.03902 -0.860548 4.21748
146 156 144
2 9 2953 0 8 1657 0
-0.522522 -1.44154 4.77161
129 155 153
2 9 2961 0 8 5243 0
-1.71043 -0.364648 3.71085
141 165 159
2 9 2973 0 8 1878 0
-1.37975 -0.350901 3.69345
187 211 209
2 9 2979 0 8 1307 0
-0.620073 -1.19318 4.55486
141 162 159
2 9 2982 0 8 3987 0
-1.08055 -0.367277 3.78483
162 185 185
2 9 2986 0 8 2080 0
-1.83616 0.16902 3.15126
185 207 203
2 9 3021 0 8 1690 0
-3.09454 -1.70115 5.35327
78 96 99
2 9 3031 0 8 3143 0
-1.06785 -2.31011 5.78955
106 120 113
3 9 3032 0 8 3682 0 10 2596 0
-1.35608 0.077236 3.31389
119 142 140
3 9 3041 0 8 1840 0 10 4605 0
-0.50922 -2.21584 5.54605
113 137 134
2 9 3049 0 8 4698 0
-1.52613 0.37511 3.0514
48 66 62
2 9 3066 0 8 3785 0
-1.77635 -1.27192 4.69886
183 196 184
2 9 3071 0 8 2104 0
-1.25444 -0.151101 3.51932
64 85 83
2 9 3076 0 8 5163 0
-2.18031 -0.606745 4.01213
149 160 152
2 9 3136 0 8 1975 0
-0.312586 -1.60785 5.03085
60 77 77
2 9 3149 0 8 4670 0
-1.29168 -2.08997 5.54396
186 204 205
2 9 3168 0 8 2539 0
-1.76016 -1.28457 4.71384
91 101 88
2 9 3171 0 8 3488 0
-1.89533 -1.55016 4.99364
84 100 95
2 9 3185 0 8 2439 0
0.362873 0.17255 2.79935
132 129 124
2 9 3186 0 8 2841 0
1.64454 -1.53396 4.82517
85 98 93
2 9 3208 0 8 3235 0
1.64454 -1.53396 4.82517
85 98 93
2 9 3209 0 8 3234 0
-1.63594 0.194568 3.06847
134 148 144
2 9 3210 0 8 898 0
-1.82627 -1.03004 4.4829
71 82 68
2 9 3242 0 8 2672 0
-0.396097 -1.60003 4.91347
145 162 159
4 9 3248 0 8 4262 0 10 2732 0 11 1864 0
-1.71819 -1.67676 5.11987
142 158 155
2 9 3278 0 8 3273 0
-0.843261 -1.15926 4.52879
183 210 214
2 9 3287 0 8 2465 0
-1.26879 -0.682681 4.00548
223 248 249
2 9 3366 0 8 2305 0
-1.61683 -0.650311 3.96921
78 100 96
2 9 3368 0 8 3092 0
-1.54215 0.273402 2.96664
127 146 142
2 9 3369 0 8 3772 0
-1.84385 -0.190113 3.5026
78 96 90
2 9 3383 0 8 1946 0
-1.46326 -0.364897 3.71055
201 224 225
2 9 3387 0 8 2653 0
-0.19948 -1.74197 5.21301
75 93 93
3 9 3398 0 8 5041 0 10 2741 0
-1.2087 0.466576 2.90336
102 125 125
2 9 3447 0 8 5213 0
0.356346 -0.60065 3.09121
105 107 106
2 9 3462 0 8 2946 0
-1.54566 -0.159677 3.48579
187 210 210
3 9 3480 0 8 1741 0 10 5392 0
-1.80672 -0.122217 3.46233
198 223 220
2 9 3505 0 8 1580 0
-0.98202 -0.897572 4.28122
131 156 156
2 9 3533 0 8 4522 0
-1.69508 0.0813373 3.2276
168 189 189
3 9 3539 0 8 2187 0 10 4782 0
-1.21035 -0.210486 3.564
68 88 85
2 9 3550 0 8 5603 0
-1.21154 -0.209888 3.56705
66 86 84
3 9 3551 0 8 5604 0 10 4319 0
0.0836659 -2.13094 5.6436
75 92 91
2 9 3552 0 8 5131 0
-0.453275 -1.48561 4.81237
85 103 101
2 9 3557 0 8 3520 0
0.450995 -0.697701 2.84695
174 160 140
2 9 3563 0 8 4184 0
-1.58183 -0.25413 3.5969
210 237 236
2 9 3567 0 8 1717 0
-1.18213 -0.96533 4.04312
229 253 252
2 9 3575 0 8 1569 0
-0.149082 -1.83605 5.31703
77 91 89
2 9 3576 0 8 3484 0
-1.80575 0.102968 3.21485
100 120 116
2 9 3580 0 8 1005 0
0.373574 -2.08261 5.53031
78 103 103
2 9 3584 0 8 5542 0
-0.459186 -1.5074 4.82115
139 154 151
4 9 3590 0 8 4301 0 10 3895 0 11 1535 0
-0.77966 -1.51119 4.89946
113 138 139
2 9 3614 0 8 2625 0
-1.87731 0.00421479 3.32417
165 188 187
3 9 3636 0 8 2232 0 10 5277 0
-0.609248 -1.22635 4.57969
156 178 177
2 9 3637 0 8 5106 0
-1.43928 -0.905457 4.2055
130 154 152
2 9 3645 0 8 5934 0
-1.67021 0.066646 3.23876
190 214 213
2 9 3649 0 8 1961 0
-1.67021 0.066646 3.23876
190 214 213
2 9 3650 0 8 1960 0
-1.64657 -0.202709 3.5387
193 216 214
2 9 3657 0 8 1570 0
-0.946695 -1.011 4.381
155 183 182
2 9 3667 0 8 3539 0
-1.58365 -0.582127 3.94729
154 175 172
2 9 3672 0 8 3400 0
-1.23309 -0.662247 3.97078
116 139 136
2 9 3678 0 8 2113 0
-1.60283 -0.420786 3.79043
103 124 121
2 9 3708 0 8 1988 0
-1.53234 -0.497664 3.87287
71 91 86
2 9 3741 0 8 2864 0
-1.81029 -1.0687 4.52158
132 144 129
2 9 3753 0 8 2364 0
-0.992365 -0.889481 4.25699
62 82 81
2 9 3759 0 8 3802 0
-1.81335 -0.352184 3.66242
68 88 82
2 9 3802 0 8 2314 0
-0.813585 -0.959764 4.31543
114 135 135
2 9 3827 0 8 4736 0
-1.3534 0.00172862 3.33884
42 63 60
2 9 3909 0 8 6221 0
-1.49364 -1.77109 5.19362
155 170 158
2 9 3926 0 8 2277 0
-1.85701 -0.0827205 3.41711
86 106 102
2 9 3938 0 8 1754 0
-1.26027 -0.418354 3.7563
190 210 210
2 9 3991 0 8 3106 0
-1.35732 -0.38756 3.73212
201 224 224
2 9 4020 0 8 3303 0
1.21502 0.299192 2.93169
79 92 83
2 9 4022 0 8 3428 0
-0.339784 -1.53481 4.97145
113 131 131
3 9 4026 0 8 3512 0 10 3819 0
-0.830355 -1.30891 4.67434
168 194 195
2 9 4041 0 8 2828 0
-0.154415 -1.8556 5.30945
123 142 140
2 9 4048 0 8 3779 0
-2.78593 -1.61775 5.2185
88 110 106
2 9 4057 0 8 3737 0
-1.12448 -2.64468 6.1131
137 157 158
2 9 4060 0 8 5059 0
-0.428963 -1.54943 4.89675
76 90 88
3 9 4064 0 8 4098 0 11 2965 0
-0.428453 -1.55026 4.89631
77 92 90
4 9 4065 0 8 4097 0 10 2835 0 11 2966 0
-0.958137 -2.47593 5.96651
111 126 118
2 9 4072 0 8 5402 0
-2.02576 -2.85161 6.57414
133 154 157
2 9 4099 0 8 5371 0
0.387226 0.113789 2.8166
175 170 166
2 9 4113 0 8 5281 0
-1.16007 -2.09801 5.59663
128 141 127
2 9 4144 0 8 4359 0
-2.5165 -0.894162 4.31575
156 173 170
2 9 4150 0 8 2528 0
-1.49018 -0.331026 3.67872
87 108 105
2 9 4166 0 8 2401 0
-2.2645 -0.96893 4.31755
230 248 248
2 9 4169 0 8 2514 0
-1.80301 -0.370019 3.68709
57 77 72
2 9 4186 0 8 4534 0
-1.80301 -0.370019 3.68709
57 77 72
2 9 4187 0 8 4533 0
0.67823 -2.14483 5.55549
184 204 205
2 9 4196 0 8 3047 0
-1.71998 -0.248325 3.60029
205 229 226
2 9 4211 0 8 1823 0
-1.92447 -0.216974 3.5208
185 207 203
2 9 4219 0 8 2861 0
-1.80123 -1.20247 4.6405
145 157 142
2 9 4235 0 8 2878 0
-2.05111 -0.829596 4.19833
186 203 195
3 9 4256 0 8 2218 0 10 5274 0
0.298562 0.229153 2.80956
168 164 158
2 9 4263 0 8 3588 0
0.123022 0.149037 2.85134
254 246 242
2 9 4276 0 8 3001 0
-2.05386 -0.772197 4.18386
89 100 89
2 9 4288 0 8 3229 0
-1.93008 -0.0530688 3.36785
172 192 193
2 9 4293 0 8 2978 0
-1.30202 0.0276169 3.41152
25 36 32
2 9 4314 0 8 2996 0
-1.96481 -0.813167 4.25708
136 147 129
2 9 4321 0 8 4338 0
-1.77494 -1.05923 4.55511
127 138 121
2 9 4328 0 8 3250 0
-0.893039 -1.32689 4.25427
146 166 161
2 9 4351 0 8 4852 0
-2.24344 -0.817532 4.22827
175 194 190
3 9 4356 0 8 3375 0 10 4402 0
-1.8024 -0.355505 3.68029
160 182 178
2 9 4358 0 8 3124 0
-0.872891 -0.939545 4.30086
170 192 192
2 9 4375 0 8 3591 0
-0.993912 -1.00178 4.37379
73 97 96
2 9 4379 0 8 4446 0
-1.52888 -0.78068 4.10329
163 185 184
3 9 4390 0 8 3265 0 10 4712 0
-1.52833 -0.780585 4.102
173 195 192
2 9 4391 0 8 3264 0
-1.9262 -0.0650585 3.38582
57 72 69
2 9 4392 0 8 2645 0
0.0196678 -1.50327 4.90351
162 178 175
2 9 4402 0 8 5088 0
-1.23346 -0.189956 3.52866
121 141 137
2 9 4413 0 8 5162 0
-1.59149 0.471076 2.88167
164 181 177
2 9 4417 0 8 4047 0
-2.345 -0.743049 4.15784
100 119 117
3 9 4457 0 8 2863 0 10 4679 0
-1.4631 -0.86972 4.19028
82 109 106
2 9 4509 0 8 6665 0
-1.66171 -0.069695 3.39533
90 107 100
2 9 4512 0 8 2857 0
-1.64314 0.138899 3.14993
196 217 214
2 9 4538 0 8 3223 0
-1.62618 -1.50156 4.93095
168 184 174
2 9 4566 0 8 5860 0
-1.62618 -1.50156 4.93095
168 184 174
2 9 4567 0 8 5859 0
-1.86395 -0.002172 3.33106
60 77 69
2 9 4581 0 8 2677 0
-1.43479 -0.938788 4.22531
112 137 136
2 9 4586 0 8 5331 0
-1.16507 -2.60021 6.05885
151 171 173
3 9 4614 0 8 5906 0 10 3629 0
-1.89995 -1.36896 4.40872
185 203 201
2 9 4615 0 8 2021 0
-1.18135 -2.10096 5.57988
111 125 116
2 9 4648 0 8 4594 0
-1.28204 0.0101682 3.43592
153 176 176
2 9 4665 0 8 2964 0
-0.865973 -1.07885 4.45169
178 206 206
2 9 4675 0 8 3237 0
-1.62703 0.182218 3.09302
136 154 151
2 9 4687 0 8 1678 0
0.314795 -0.70694 2.97387
151 152 150
2 9 4691 0 8 3952 0
-1.47528 -0.462304 3.82091
70 92 88
2 9 4707 0 8 2941 0
-1.34512 -0.43518 3.78902
171 194 194
2 9 4716 0 8 5624 0
-0.756045 -1.03582 4.39009
175 199 197
2 9 4749 0 8 4000 0
-1.81326 -1.55744 4.99338
87 105 98
2 9 4757 0 8 2904 0
0.0272808 -2.63974 6.04075
154 179 178
2 9 4758 0 8 6822 0
-2.05446 -1.16548 4.3528
229 247 246
2 9 4782 0 8 2477 0
-1.89585 -1.13606 4.56957
134 146 134
2 9 4792 0 8 3626 0
-2.01131 -0.746129 4.19009
125 136 121
2 9 4802 0 8 2191 0
-1.32625 -1.98525 5.44356
155 173 171
2 9 4818 0 8 3083 0
-1.27713 -0.114091 3.4728
69 89 90
3 9 4822 0 8 6716 0 10 4441 0
-1.82956 -0.216787 3.5363
204 226 223
2 9 4824 0 8 2724 0
-1.5562 0.319823 3.05628
106 124 123
2 9 4832 0 8 3448 0
-0.924685 -1.05381 4.42289
173 198 199
2 9 4840 0 8 5437 0
-1.68987 -1.29824 4.74246
92 105 87
2 9 4845 0 8 5269 0
-2.27551 -1.02947 4.36936
219 237 235
2 9 4848 0 8 3351 0
-0.743849 -1.1028 4.46657
172 195 194
2 9 4868 0 8 4202 0
-1.1611 -2.17509 5.63306
163 178 174
2 9 4882 0 8 5701 0
-1.75517 -1.63868 5.07057
78 95 88
2 9 4889 0 8 5505 0
-1.66364 -0.563767 3.90241
142 165 161
2 9 4902 0 8 4393 0
-1.78407 -1.05306 4.54006
73 84 66
2 9 4941 0 8 6058 0
-1.24734 -0.174616 3.51812
117 137 133
2 9 4959 0 8 4859 0
-1.56246 -1.76913 5.19302
98 114 99
2 9 4970 0 8 4612 0
-1.62432 0.162897 3.11364
119 135 131
2 9 4975 0 8 2509 0
-1.71979 0.266916 2.96634
94 111 107
2 9 4992 0 8 2358 0
-1.62822 -0.190667 3.53444
64 86 80
2 9 5018 0 8 2052 0
-1.34474 -0.322716 3.65255
122 144 142
2 9 5039 0 8 3082 0
-1.22465 -2.08393 5.56342
164 178 172
2 9 5052 0 8 5576 0
-1.92948 -0.965736 4.37334
107 115 104
2 9 5059 0 8 3828 0
-1.71128 -0.329694 3.68417
65 87 81
2 9 5066 0 8 3467 0
-1.2422 -2.0842 5.55022
115 130 124
2 9 5072 0 8 7005 0
-1.6585 -0.590494 3.88889
154 176 173
2 9 5088 0 8 4321 0
-1.71615 -1.15389 4.66052
69 83 67
2 9 5124 0 8 6619 0
-1.83334 -0.997183 4.46062
85 98 80
2 9 5125 0 8 4746 0
-1.83334 -0.997183 4.46062
85 98 80
2 9 5126 0 8 4745 0
-2.03349 -0.831547 4.21082
122 132 115
2 9 5135 0 8 4876 0
0.316346 -0.666516 2.99147
99 99 97
2 9 5141 0 8 5578 0
-1.83231 -0.261001 3.57671
168 190 188
3 9 5150 0 8 2622 0 10 5140 0
-1.6024 0.481123 2.87281
157 179 176
2 9 5180 0 8 3175 0
-2.1332 -0.618964 4.03215
99 107 94
2 9 5195 0 8 5886 0
-1.81245 -1.46723 4.90411
119 136 129
2 9 5227 0 8 3750 0
-1.49865 -0.190308 3.52105
207 230 228
2 9 5271 0 8 3578 0
-1.91039 -0.912436 4.36007
87 97 79
2 9 5272 0 8 3522 0
-1.25594 -2.53923 5.99833
171 193 193
2 9 5282 0 8 7108 0
-1.51596 -1.79809 5.21905
65 78 69
2 9 5317 0 8 4778 0
-2.28349 -0.959914 4.33168
103 121 116
2 9 5365 0 8 5110 0
-0.749849 -1.49302 4.50389
65 87 81
2 9 5408 0 8 7142 0
-1.22099 -0.209095 3.54978
128 151 148
2 9 5434 0 8 4437 0
-2.3678 -0.736697 4.15199
203 221 220
2 9 5463 0 8 2393 0
-1.283 0.498092 2.82167
61 78 76
2 9 5480 0 8 4050 0
-1.21262 -0.397467 3.71929
108 126 124
2 9 5491 0 8 2984 0
-1.15492 -0.0331709 3.5507
22 37 38
2 9 5496 0 8 1395 0
-1.00601 -0.991281 4.36948
154 179 180
2 9 5508 0 8 4972 0
-1.16755 -0.536014 3.89672
94 119 118
2 9 5536 0 8 3505 0
-2.10635 -0.545129 4.03773
96 107 88
2 9 5572 0 8 4568 0
-1.76097 -0.258487 3.5994
133 153 148
2 9 5578 0 8 4913 0
-1.76097 -0.258487 3.5994
133 153 148
2 9 5579 0 8 4912 0
-2.21028 -0.551291 3.95487
197 210 206
2 9 5625 0 8 3636 0
-1.88491 0.125482 3.20785
191 213 211
2 9 5628 0 8 5780 0
-1.52843 0.395623 3.04934
110 128 124
2 9 5666 0 8 5154 0
-1.50779 -1.75436 5.19869
115 130 117
2 9 5668 0 8 6701 0
-0.296435 -1.62158 5.07671
121 140 138
2 9 5681 0 8 6050 0
-1.86217 -0.296278 3.58863
171 192 188
2 9 5682 0 8 5826 0
-1.11486 -0.674717 3.9794
128 148 147
2 9 5686 0 8 4994 0
-1.11977 -0.789832 4.06936
173 201 200
2 9 5708 0 8 5588 0
-2.13446 -0.647049 4.0503
67 79 66
2 9 5730 0 8 5450 0
-1.26399 -0.157888 3.45982
126 147 144
2 9 5750 0 8 5571 0
-2.2253 -0.954284 4.29828
204 222 221
2 9 5819 0 8 4997 0
-2.061 -0.749485 4.1692
91 101 91
2 9 5827 0 8 5086 0
-2.16106 -0.654101 4.05808
153 165 155
2 9 5831 0 8 4214 0
-1.94055 -0.862246 4.30794
125 134 117
2 9 5832 0 8 4475 0
-0.0111681 -0.290591 2.33359
219 211 209
2 9 5841 0 8 4134 0
-0.942455 -1.28041 4.66975
38 57 56
2 9 5845 0 8 6372 0
-1.28499 -0.00513939 3.45158
40 58 56
2 9 5853 0 8 4021 0
-0.558259 -2.22263 5.53866
146 166 164
2 9 5865 0 8 4431 0
-1.43133 0.236685 3.2112
113 130 128
2 9 5867 0 8 5880 0
-1.77713 -0.416024 3.7313
65 84 80
2 9 5870 0 8 6151 0
-1.34973 -2.57704 6.0401
209 230 231
2 9 5875 0 8 6124 0
-1.91974 -0.200332 3.51162
35 52 49
2 9 5889 0 8 4327 0
-0.192081 -0.296475 2.52134
226 219 217
2 9 5919 0 8 5436 0
-1.69388 -0.317332 3.67528
182 205 200
2 9 5939 0 8 3906 0
-1.28544 0.486342 2.82316
124 142 139
2 9 5955 0 8 5247 0
-1.27441 -0.140616 3.46289
65 87 81
2 9 5956 0 8 4737 0
-1.84077 -0.210192 3.53203
105 125 119
2 9 5993 0 8 5140 0
1.29994 -0.179141 3.40438
92 111 111
2 9 6023 0 8 4323 0
-1.7897 -0.408163 3.71077
142 163 159
2 9 6025 0 8 2975 0
-1.62716 -0.646198 3.95204
151 173 168
2 9 6044 0 8 5964 0
0.105261 0.140516 2.85831
247 240 235
2 9 6051 0 8 5724 0
-2.02672 -0.770238 4.20118
79 89 72
2 9 6066 0 8 6778 0
-1.68509 0.0412417 3.27219
180 201 199
2 9 6068 0 8 5423 0
-1.00116 -1.0914 4.14712
61 80 75
2 9 6078 0 8 5443 0
-1.79418 -1.49406 4.93633
151 168 159
2 9 6088 0 8 6037 0
-0.941403 -0.65532 3.99941
152 173 172
2 9 6105 0 8 5252 0
-2.2764 -0.688634 4.10314
86 101 93
2 9 6135 0 8 3256 0
-1.62994 -0.545345 3.88215
126 147 144
2 9 6136 0 8 5261 0
-1.37826 0.066228 3.32274
54 73 70
2 9 6142 0 8 6439 0
-1.26468 -2.03286 5.50497
140 155 145
2 9 6171 0 8 6949 0
-0.188578 -2.0087 5.31101
142 162 162
2 9 6172 0 8 6311 0
-1.75792 -0.00443877 3.32544
80 100 94
2 9 6179 0 8 3718 0
1.07174 -1.70042 5.06297
106 126 124
2 9 6204 0 8 5533 0
-1.96134 -0.841674 4.29408
116 126 108
2 9 6214 0 8 4608 0
0.249765 -0.149606 2.58175
212 208 201
2 9 6219 0 8 4523 0
-1.47874 -0.862619 4.17621
151 176 175
3 9 6240 0 8 5908 0 10 4877 0
-1.4965 -0.864576 4.15973
148 172 169
2 9 6247 0 8 6341 0
-1.20936 -0.669215 4.00594
148 167 166
2 9 6268 0 8 6290 0
-2.04368 -0.751556 4.17677
160 171 156
2 9 6309 0 8 6064 0
-1.64339 -1.58024 5.01243
173 187 176
2 9 6356 0 8 4693 0
-1.69671 -0.291709 3.64604
174 196 194
2 9 6371 0 8 4971 0
-0.407113 -1.55988 4.90392
148 167 164
2 9 6372 0 8 5829 0
-1.841 -0.334455 3.62826
171 192 187
2 9 6374 0 8 6394 0
-1.90096 -1.01069 4.4376
76 89 77
2 9 6407 0 8 6703 0
-1.2088 -0.241974 3.56284
59 78 77
2 9 6430 0 8 6315 0
-1.25248 -0.164182 3.5028
122 143 139
2 9 6438 0 8 6184 0
-1.46466 0.278945 3.1151
96 116 114
2 9 6468 0 8 6077 0
-1.60696 -0.641441 3.98172
168 190 186
2 9 6471 0 8 5033 0
-1.60696 -0.641441 3.98172
168 190 186
2 9 6472 0 8 5032 0
-1.49577 -0.54214 3.92444
156 184 182
2 9 6504 0 8 5682 0
-2.14251 -0.539679 3.97877
141 151 132
2 9 6514 0 8 5391 0
-2.65984 -1.37072 4.90955
144 163 160
2 9 6526 0 8 4710 0
-0.91737 -1.06674 4.44229
84 110 110
2 9 6547 0 8 6775 0
-1.61164 -0.40983 3.78498
161 187 183
2 9 6548 0 8 5017 0
-1.61164 -0.40983 3.78498
161 187 183
2 9 6549 0 8 5016 0
-1.58492 -1.7654 5.12845
89 104 90
2 9 6573 0 8 4122 0
-2.02767 -0.797295 4.21106
120 131 109
2 9 6596 0 8 5040 0
-1.46806 -0.352279 3.7026
95 117 113
2 9 6611 0 8 6859 0
-1.73071 -1.34788 4.78337
174 190 180
2 9 6643 0 8 6967 0
-1.79267 -0.282443 3.60445
176 200 196
2 9 6645 0 8 6069 0
-1.66709 -0.415864 3.78762
101 122 118
2 9 6679 0 8 5618 0
-1.24251 -0.649734 3.95677
212 233 233
2 9 6681 0 8 5787 0
-1.76578 -0.146963 3.48915
196 220 217
2 9 6687 0 8 4164 0
-1.37397 0.159819 3.28234
106 125 123
2 9 6724 0 8 5911 0
-1.75782 -1.30498 4.73629
162 178 166
2 9 6754 0 8 6632 0
0.267156 0.179573 2.8035
243 235 233
2 10 4379 0 8 6295 0
0.393967 0.124862 2.82067
212 205 201
2 10 4657 0 8 4782 0
0.622067 0.398535 2.74074
203 200 199
2 10 5357 0 8 5984 0
0.622067 0.398535 2.74074
203 200 199
2 10 5358 0 8 5983 0
-1.56243 -0.653407 4.0036
130 153 152
2 10 548 0 9 310 0
-0.0457033 0.760958 2.48135
103 111 106
2 10 562 0 9 363 0
-0.0457033 0.760958 2.48135
103 111 106
2 10 563 0 9 364 0
-1.05592 0.118001 3.24475
174 198 202
2 10 728 0 9 349 0
0.531167 0.238036 2.75807
181 178 178
2 10 781 0 9 500 0
-0.349697 0.69428 2.56013
125 128 102
2 10 782 0 9 378 0
-1.68796 -0.512924 3.83237
59 80 79
2 10 870 0 9 533 0
-1.23924 -0.0970244 3.49024
137 161 161
2 10 1570 0 9 1274 0
-1.13149 -0.28426 3.69592
122 146 146
2 10 1631 0 9 899 0
-1.13149 -0.28426 3.69592
122 146 146
2 10 1632 0 9 900 0
0.855817 -0.101478 3.18082
108 102 94
2 10 1706 0 9 1302 0
-1.5767 -0.490179 3.86521
186 209 210
2 10 1913 0 9 648 0
0.606286 0.156898 2.85462
129 129 125
2 10 2078 0 9 1986 0
-1.54834 -0.754115 4.06474
90 114 113
2 10 2368 0 9 1331 0
-0.261242 0.570214 2.71517
148 151 127
2 10 2486 0 9 928 0
0.532104 0.191315 2.82055
136 136 134
2 10 2646 0 9 2453 0
0.532295 0.0779505 2.84194
169 168 168
2 10 2708 0 9 3905 0
0.507335 0.187402 2.80509
177 173 173
2 10 2750 0 9 2106 0
-1.09676 -0.962423 4.0345
147 173 178
2 10 2751 0 9 1918 0
0.692589 -0.154863 3.05104
96 95 90
2 10 2774 0 9 993 0
-1.58881 -0.281481 3.61846
194 218 220
2 10 2858 0 9 1995 0
0.458804 0.167631 2.80044
186 181 183
2 10 2889 0 9 2954 0
-0.957163 0.0532335 3.34831
48 66 65
2 10 3249 0 9 3809 0
-1.00459 -1.09343 4.11046
101 125 125
2 10 3266 0 9 3461 0
-0.964885 0.0631974 3.33318
115 132 133
2 10 3316 0 9 2426 0
-1.13225 -0.259781 3.69696
78 101 100
2 10 3340 0 9 2103 0
0.148688 0.479377 2.78592
118 131 124
2 10 3385 0 9 3751 0
-0.14803 0.403063 2.89312
122 139 138
2 10 3422 0 9 3144 0
-1.49769 -0.78613 4.13945
123 149 149
2 10 3506 0 9 1648 0
0.082742 0.0978404 2.89577
161 159 153
2 10 3529 0 9 2132 0
-1.40235 0.104481 3.28516
29 48 48
2 10 3654 0 9 3230 0
0.516755 -0.12442 2.6592
123 124 121
2 10 3937 0 9 6320 0
-1.48276 -0.883746 4.15903
99 124 124
2 10 4150 0 9 3053 0
-0.971878 0.0506569 3.32652
85 106 106
2 10 4225 0 9 5151 0
-1.55444 -0.214637 3.55635
169 192 193
2 10 4228 0 9 1754 0
-0.0307731 -0.317162 2.48324
127 124 120
2 10 4321 0 9 3110 0
-1.19691 -0.253306 3.60373
123 149 147
2 10 4373 0 9 6381 0
-0.858014 -0.244716 3.58711
110 133 139
2 10 4565 0 9 4126 0
0.506348 0.0816184 2.83129
153 148 148
3 10 4732 0 9 4507 0 11 4275 0
-1.58367 -0.316725 3.67332
162 184 186
2 10 4738 0 9 2506 0
0.300598 0.203702 2.79838
205 197 198
2 10 4819 0 9 3337 0
-1.49941 -0.872795 4.13833
101 124 123
2 10 4903 0 9 3617 0
0.443637 0.206406 2.80192
194 189 190
2 10 4967 0 9 6688 0
-1.36224 0.00986163 3.36672
118 141 139
2 10 5180 0 9 4932 0
-1.01068 -1.18435 4.12235
189 207 204
4 11 4284 0 1 4455 0 9 6024 0 8 4158 0
0.165258 -0.565802 2.90229
53 56 55
2 11 1359 0 10 3631 0
-1.50634 0.323036 3.06214
125 143 144
2 11 1415 0 10 948 0
0.746527 0.0267352 2.94011
156 148 142
2 11 1778 0 10 1670 0
-1.57982 0.351985 3.00679
94 111 111
2 11 2103 0 10 2179 0
-1.56348 0.331543 3.03318
100 116 117
2 11 2415 0 10 2016 0
-1.52558 0.378482 3.04554
52 70 70
2 11 2691 0 10 2807 0
-1.23698 0.476508 2.85241
72 90 89
2 11 3124 0 10 2265 0
0.578381 -0.226272 2.56889
94 94 90
2 11 3252 0 10 2861 0
-1.54941 0.409656 3.01827
58 74 74
2 11 4440 0 10 4531 0
-1.21775 0.480616 2.9099
99 117 119
2 11 4507 0 10 4581 0
0.805277 0.0904367 2.99073
144 137 132
2 11 5123 0 10 5121 0
