drews 1.0
18 813
0.839224 0.0572437 -0.102714
0.396251 -0.76366 0.509776
0.733679 0.597252 0.32432
-0.55214 0.245509 0.796928
-2.76953 -1.29255 0.756682
0.838853 0.0650358 -0.125057
0.139325 -0.763201 0.630998
0.782751 0.475183 0.40191
-0.606568 0.437921 0.663603
-3.22371 -1.75745 1.50049
0.84264 0.0548837 -0.0988037
-0.251713 -0.74114 0.622467
0.78902 0.215261 0.575498
-0.560525 0.63599 0.530586
-3.12721 -2.82568 2.08945
0.844382 0.0486119 -0.0791459
-0.684687 -0.556811 0.470296
0.601831 -0.0678813 0.795767
-0.411165 0.827892 0.381579
-2.18462 -4.11826 3.08859
0.850421 0.0933514 -0.151074
-0.922048 -0.267912 0.280004
0.335231 -0.189607 0.922896
-0.194118 0.944802 0.26469
-0.816732 -4.76397 3.71997
0 0 0
0 0 0
0 0 0
0 0 0
0 0 0
0 0 0
0 0 0
0 0 0
0 0 0
0 0 0
0 0 0
0 0 0
0 0 0
0 0 0
0 0 0
0.788038 0.147147 -0.410517
-0.370574 0.769851 -0.519627
-0.73142 0.102956 0.674137
0.572479 0.629886 0.524927
2.99064 -3.03581 1.76261
0.814817 0.0688029 -0.121823
0.0214048 0.827402 -0.561216
-0.778783 0.365801 0.509606
0.626936 0.426156 0.652193
2.89445 -2.12146 1.16154
0.828533 0.0500999 -0.0733143
0.449113 0.727914 -0.518251
-0.691623 0.650574 0.314413
0.56606 0.217303 0.795526
2.66396 -1.28654 0.730379
0.832655 0.0506795 -0.0843774
0.73283 0.551267 -0.399006
-0.530916 0.829921 0.171634
0.42575 0.0861089 0.900833
2.19081 -0.5575 0.261895
0.834751 0.0510933 -0.090733
0.916157 0.313276 -0.250509
-0.312472 0.949214 0.0439496
0.251637 0.0380283 0.967451
1.27769 -0.0309142 -0.0409338
0.840961 0.0718205 -0.136542
0.999992 0.00761741 -0.00365695
-0.00756446 0.999904 0.0142533
0.00373962 -0.0142237 0.999926
-0.000985594 -0.0495994 0.139844
0.835528 0.0682484 -0.125978
0.931564 -0.304755 0.198438
0.292501 0.95214 0.0891554
-0.21608 -0.0250206 0.976089
-0.909204 -0.391044 0.0635639
0.836869 0.0588428 -0.107794
0.686938 -0.61817 0.382321
0.589796 0.781439 0.204017
-0.424859 0.0853617 0.90138
-1.80109 -0.974016 0.504187
0.839888 0.0650587 -0.121367
0.370586 -0.772338 0.516298
0.735281 0.583411 0.345544
-0.568034 0.251699 0.784023
-2.51937 -1.7687 1.21182
0.834101 0.0684987 -0.121796
0.362249 -0.756211 0.544948
0.731135 0.593181 0.337254
-0.578285 0.276275 0.767764
-2.83051 -1.68202 1.08278
0.208826 -0.964429 4.79305
69 72 55
4 1 20 0 0 16 0 16 18 0 17 19 0
1.20829 -1.50325 4.85921
236 224 188
4 1 28 0 0 38 0 15 63 0 16 47 0
-2.84407 -0.539749 4.93259
122 122 123
4 1 58 0 0 47 0 2 53 0 16 44 0
-2.59766 -0.438861 4.86509
114 114 112
5 1 66 0 0 50 0 2 44 0 16 52 0 17 44 0
0.977696 -1.32578 5.15139
220 215 185
2 1 89 0 0 67 0
-2.78297 -0.701529 5.06351
123 123 120
6 1 92 0 0 64 0 15 82 0 14 38 0 16 65 0 17 73 0
-2.99589 0.28765 4.30592
105 105 101
5 1 108 0 0 62 0 15 46 0 16 77 0 17 71 0
-2.99589 0.28765 4.30592
105 105 101
5 1 109 0 0 61 0 15 45 0 16 78 0 17 70 0
-2.83962 -0.725391 5.05919
102 102 98
6 1 113 0 0 76 0 15 81 0 14 45 0 16 82 0 17 105 0
-0.552217 0.486023 3.68902
199 204 189
2 1 131 0 0 75 0
1.47181 -0.490314 4.75841
110 110 105
2 1 132 0 0 103 0
-2.8424 0.356931 4.24638
112 112 111
2 1 209 0 0 86 0
0.31541 0.952796 3.67151
55 56 52
4 1 243 0 0 110 0 16 201 0 17 128 0
0.907171 -1.34655 5.11014
99 93 66
2 1 257 0 0 132 0
0.270443 0.937404 3.69023
52 54 51
4 1 265 0 0 119 0 2 386 0 15 217 0
0.271112 0.937171 3.68984
54 56 53
7 1 266 0 0 120 0 2 385 0 3 565 0 15 218 0 16 188 0 17 211 0
-0.10891 -0.294849 4.32388
153 147 116
5 1 306 0 0 175 0 15 197 0 16 195 0 17 221 0
0.282972 0.719083 3.86104
121 126 124
7 1 324 0 0 145 0 2 442 0 14 135 0 15 194 0 17 262 0 16 215 0
-2.89637 0.0702148 4.45323
130 130 127
6 1 336 0 0 126 0 2 431 0 3 371 0 16 135 0 17 172 0
-0.0519378 0.61605 3.5541
178 167 132
4 1 343 0 0 333 0 16 553 0 17 458 0
0.31234 -0.981768 4.89404
67 67 50
2 1 344 0 0 167 0
1.58657 -0.0752903 4.43524
220 218 214
7 1 345 0 0 226 0 2 367 0 3 661 0 13 682 0 16 302 0 17 311 0
-2.97658 0.385345 4.23784
103 104 99
3 1 356 0 0 274 0 15 111 0
0.999358 -0.930314 4.87708
173 186 171
5 1 365 0 0 148 0 16 119 0 15 580 0 17 154 0
-0.288098 -1.41459 5.53727
163 162 155
2 1 397 0 0 297 0
0.426132 -1.09057 4.97975
100 100 79
5 1 402 0 0 304 0 3 228 0 16 367 0 17 297 0
-0.886034 -1.9322 5.94228
122 121 117
3 1 405 0 0 345 0 17 464 0
-3.00264 0.236623 4.34962
120 120 118
3 1 421 0 0 312 0 16 489 0
1.48356 0.459383 4.02413
175 173 164
4 1 423 0 0 209 0 16 288 0 17 333 0
1.4836 0.45874 4.02332
174 172 164
3 1 424 0 0 208 0 16 287 0
1.38196 -0.323833 4.6354
155 155 154
8 1 451 0 0 323 0 2 275 0 3 436 0 4 1021 0 13 637 0 16 414 0 17 511 0
1.38164 -0.32358 4.63556
158 159 158
5 1 452 0 0 324 0 3 435 0 4 1020 0 17 510 0
0.243857 1.06645 3.5941
88 91 88
7 1 466 0 0 217 0 13 227 0 14 259 0 15 279 0 16 283 0 17 308 0
-2.73067 -0.142415 4.62514
150 151 151
2 1 469 0 0 331 0
0.793952 1.05979 3.57647
153 151 146
3 1 486 0 0 300 0 2 825 0
-0.102455 -0.396482 4.38642
158 147 114
7 1 507 0 0 466 0 13 491 0 12 238 0 14 789 0 15 691 0 16 723 0
0.456612 -1.65068 5.04289
211 209 185
2 1 522 0 0 309 0
0.95626 -0.232679 4.57361
101 106 105
5 1 548 0 0 458 0 2 736 0 3 949 0 16 519 0
0.954844 -0.231888 4.57557
86 91 88
3 1 549 0 0 457 0 16 518 0
0.0127433 -0.41554 4.40611
233 222 190
3 1 560 0 0 348 0 17 378 0
0.576527 -1.7423 5.0692
115 124 113
2 1 589 0 0 313 0
1.40674 -0.344325 4.65631
126 125 123
2 1 599 0 0 409 0
-3.06797 -0.697309 5.07599
141 141 139
5 1 606 0 0 377 0 2 661 0 16 396 0 17 525 0
-0.01472 -1.9701 5.94589
238 234 232
2 1 608 0 0 628 0
-3.02261 0.205453 4.38251
119 120 121
2 1 615 0 0 488 0
2.34384 0.198035 4.1958
114 111 105
2 13 685 0 14 747 0
0.254827 -0.834565 4.80773
80 84 65
4 1 648 0 0 301 0 16 610 0 17 435 0
0.0374073 1.40784 3.3324
124 126 123
10 1 659 0 0 302 0 2 894 0 13 172 0 11 100 0 10 251 0 14 207 0 15 282 0 16 386 0 17 425 0
1.52204 -0.0586889 4.43307
137 136 130
2 1 680 0 0 383 0
1.53534 -0.476246 4.74574
91 88 82
2 1 700 0 0 494 0
1.21649 0.378345 4.09745
144 142 138
6 1 709 0 0 339 0 2 945 0 15 680 0 16 552 0 17 527 0
-2.96519 0.2298 4.35761
145 143 139
5 1 723 0 0 235 0 15 205 0 16 265 0 17 326 0
1.17016 -0.273499 4.60547
158 159 156
3 1 735 0 0 439 0 17 614 0
1.53255 0.31984 4.13001
211 209 201
4 1 751 0 0 464 0 2 1016 0 16 645 0
-0.200539 -1.83276 5.85492
237 233 230
2 1 753 0 0 711 0
1.5077 -0.459307 4.73473
190 188 184
4 1 765 0 0 512 0 16 626 0 17 657 0
0.295919 1.04195 3.60842
137 138 135
9 1 777 0 0 316 0 2 863 0 13 293 0 12 191 0 14 292 0 15 315 0 16 378 0 17 461 0
-0.205289 -1.80323 5.83641
185 181 178
4 1 779 0 0 637 0 3 613 0 5 211 0
-3.26277 0.674061 4.02313
101 102 98
5 1 788 0 0 291 0 15 382 0 16 263 0 17 534 0
1.36806 -0.0453516 4.41922
211 208 203
5 1 800 0 0 497 0 2 888 0 16 720 0 17 687 0
1.3683 -0.0450402 4.41942
209 206 201
6 1 801 0 0 496 0 2 887 0 15 882 0 16 721 0 17 686 0
0.332589 0.945162 3.68267
129 131 129
8 1 821 0 0 286 0 2 1172 0 13 421 0 14 444 0 15 360 0 16 365 0 17 420 0
0.332589 0.945162 3.68267
129 131 129
8 1 822 0 0 287 0 2 1171 0 13 422 0 14 445 0 15 361 0 16 364 0 17 421 0
-2.19829 0.594717 4.0333
98 96 91
5 1 874 0 0 390 0 15 514 0 16 533 0 17 795 0
-2.19018 -2.13355 6.16757
130 129 127
3 1 878 0 0 480 0 16 711 0
-2.01202 -1.9774 6.0313
217 217 216
2 1 895 0 0 661 0
-0.341407 0.564744 3.6594
163 155 121
3 1 899 0 0 388 0 17 475 0
1.3358 -0.20633 4.5404
138 137 134
3 1 925 0 0 406 0 13 537 0
1.44255 -0.400231 4.69209
126 124 121
3 1 952 0 0 533 0 16 695 0
-3.27893 1.02544 3.74227
196 196 193
3 1 1002 0 0 461 0 16 691 0
-3.27893 1.02544 3.74227
196 196 193
3 1 1003 0 0 462 0 16 692 0
1.52646 -0.453058 4.73768
143 138 132
2 1 1028 0 0 598 0
-0.109833 -0.597952 4.52438
171 168 142
3 1 1034 0 0 700 0 16 756 0
-3.17277 0.172029 4.4011
137 137 136
3 1 1049 0 0 591 0 16 646 0
1.70288 -0.081165 4.43638
210 206 201
3 1 1135 0 0 564 0 2 1187 0
-2.08 -1.52536 5.67178
123 122 118
4 1 1177 0 0 672 0 2 974 0 17 796 0
1.58048 -0.455157 4.73695
117 112 106
3 1 1200 0 0 600 0 17 805 0
-0.260558 -1.44283 5.55395
197 192 184
5 1 1260 0 0 698 0 2 1121 0 3 1128 0 8 512 0
1.36595 -0.120911 4.47821
155 152 148
4 1 1283 0 0 671 0 2 930 0 16 665 0
-3.29971 0.679289 4.01708
144 144 142
4 1 1286 0 0 553 0 16 784 0 17 778 0
1.40024 -0.00479353 4.38544
111 109 102
2 1 1291 0 0 625 0
-2.31537 0.496969 4.11367
144 140 135
5 2 15 0 0 8 0 3 23 0 16 14 0 17 12 0
1.42581 -0.409849 4.68076
116 114 114
2 2 66 0 0 66 0
-2.64626 -0.340069 4.77713
138 138 135
4 2 244 0 0 107 0 16 136 0 17 129 0
-0.307167 0.650777 3.91268
129 125 97
2 0 346 0 16 444 0
-2.90113 0.0739179 4.45498
138 137 135
3 2 430 0 0 127 0 3 372 0
1.34976 -0.228437 4.56531
149 149 147
4 2 726 0 0 343 0 1 736 0 17 766 0
1.44696 -0.387329 4.68322
189 187 185
2 2 781 0 0 428 0
-2.78881 0.446352 4.17419
105 104 100
3 2 978 0 0 360 0 15 487 0
1.53255 0.31984 4.13001
211 209 201
4 2 1017 0 0 463 0 1 752 0 16 644 0
1.76917 -0.245352 4.5602
188 186 180
4 2 1028 0 0 575 0 16 743 0 17 613 0
1.33889 -0.047783 4.42206
205 202 197
2 2 1284 0 0 554 0
0.488942 1.34317 3.36705
164 163 160
2 2 38 0 1 34 0
-2.85013 -0.174212 4.71528
154 155 158
2 2 40 0 1 52 0
-1.55087 -0.423601 4.81062
128 124 120
3 2 54 0 1 73 0 3 34 0
1.48107 -0.00251399 4.38561
126 122 118
2 2 55 0 1 69 0
1.48107 -0.00251399 4.38561
126 122 118
2 2 56 0 1 68 0
0.691314 0.99789 3.62958
119 115 110
3 2 67 0 1 54 0 17 45 0
-2.87335 -0.835922 5.18104
128 128 126
4 2 90 0 1 142 0 3 62 0 17 85 0
-2.21556 1.69593 3.17261
123 121 118
2 2 119 0 1 98 0
0.397233 -1.23448 5.11125
104 100 74
2 2 121 0 1 147 0
-2.79458 0.335852 4.22647
136 134 134
2 2 139 0 1 210 0
1.62039 0.64447 3.87411
146 141 136
2 2 184 0 1 165 0
-2.71582 -0.536303 4.92703
157 158 161
2 2 204 0 1 222 0
-0.593867 -2.0624 6.03523
135 128 123
2 2 221 0 1 730 0
0.484636 -1.04276 4.95497
227 220 189
3 2 223 0 1 443 0 3 554 0
-2.87374 0.0653448 4.47729
168 167 164
6 2 258 0 1 179 0 3 280 0 4 238 0 16 92 0 17 131 0
1.5526 -0.444252 4.72877
189 182 176
6 2 300 0 1 241 0 3 461 0 13 907 0 12 544 0 17 289 0
1.44558 -0.388654 4.68431
200 197 194
5 2 334 0 1 407 0 3 387 0 16 320 0 17 357 0
1.44567 -0.389105 4.68396
193 190 187
6 2 335 0 1 408 0 3 386 0 13 606 0 16 321 0 17 358 0
1.33659 -0.209237 4.54452
170 169 168
3 2 341 0 1 348 0 3 1019 0
-3.14564 -0.67991 5.06381
165 164 163
3 2 344 0 1 353 0 3 267 0
-3.12925 -0.684762 5.05635
164 164 164
2 2 345 0 1 354 0
-2.64477 0.131242 4.41339
132 131 129
4 2 352 0 1 196 0 3 408 0 17 210 0
1.50568 -0.433676 4.71811
143 141 139
6 2 356 0 1 236 0 3 465 0 4 668 0 16 301 0 17 321 0
1.43079 -0.506168 4.77169
113 114 110
5 2 359 0 1 307 0 3 499 0 4 689 0 16 447 0
-2.23131 1.44002 3.36505
179 179 178
2 2 376 0 1 219 0
-2.55686 0.354696 4.23371
127 127 125
3 2 396 0 1 317 0 17 223 0
-2.55686 0.354696 4.23371
127 127 125
3 2 397 0 1 318 0 17 224 0
-2.79486 -1.17101 5.43476
136 137 134
2 2 474 0 1 674 0
0.363268 1.00402 3.63682
109 109 105
7 2 480 0 1 360 0 3 752 0 13 80 0 15 131 0 16 179 0 17 195 0
-2.23254 1.66562 3.196
119 117 112
3 2 509 0 1 416 0 16 307 0
-2.00297 -1.9784 6.02183
239 236 234
2 2 515 0 1 896 0
-0.0650089 -0.0539039 4.32934
104 101 74
2 2 519 0 1 309 0
1.57954 -1.41814 5.47964
209 206 204
2 2 525 0 1 742 0
-2.20312 -1.62082 5.74139
214 206 193
2 2 558 0 1 866 0
0.88484 0.951212 3.66211
137 136 131
6 2 563 0 1 561 0 13 495 0 14 286 0 15 296 0 16 235 0
-0.902364 -1.95403 5.96426
207 203 196
2 2 574 0 1 769 0
-1.32476 1.63184 3.18985
196 193 185
2 2 585 0 1 460 0
-0.191657 -2.02457 6.00273
243 237 235
2 2 593 0 1 916 0
-0.206085 -1.70525 5.74678
124 120 112
2 2 605 0 1 959 0
-2.77781 -0.0879107 4.55884
173 173 175
2 2 635 0 1 595 0
1.0507 -2.07152 5.22944
212 205 177
3 2 656 0 1 937 0 3 402 0
1.0507 -2.07152 5.22944
212 205 177
3 2 657 0 1 936 0 3 403 0
1.6603 -1.37367 5.44563
207 206 202
2 2 710 0 1 1050 0
1.6603 -1.37367 5.44563
207 206 202
2 2 711 0 1 1051 0
-2.74177 0.386315 4.20697
148 147 145
3 2 718 0 1 505 0 3 391 0
-2.64415 0.330397 4.25218
120 118 115
4 2 719 0 1 853 0 17 579 0 16 377 0
-2.6216 0.317166 4.24326
136 133 132
2 2 720 0 1 854 0
-0.692856 -1.69976 5.76924
232 229 223
2 2 735 0 1 1301 0
1.30307 0.158598 4.2717
172 168 165
3 2 752 0 1 771 0 3 1162 0
1.48748 -1.86759 5.82376
237 233 231
2 2 776 0 1 1246 0
1.44637 -1.81731 5.79274
238 233 232
2 2 777 0 1 977 0
1.44637 -1.81731 5.79274
238 233 232
2 2 778 0 1 976 0
0.287333 0.948572 3.68146
134 134 138
2 2 784 0 1 530 0
-2.7911 0.371366 4.2043
137 135 134
2 2 870 0 1 929 0
-2.68854 -0.7302 5.09819
156 155 158
2 2 905 0 1 468 0
-1.30148 1.68922 3.16176
207 204 198
3 2 919 0 1 968 0 16 349 0
-2.84081 -0.153975 4.63722
151 150 151
3 2 938 0 1 806 0 17 683 0
-2.2555 1.93408 3.00489
210 207 204
2 2 1010 0 1 705 0
-2.44758 1.53512 3.30854
206 203 197
3 2 1046 0 1 1009 0 16 613 0
1.31853 -0.42585 4.71435
181 180 179
2 2 1054 0 1 1072 0
1.31853 -0.42585 4.71435
181 180 179
2 2 1055 0 1 1071 0
-1.79617 1.9229 2.98462
141 135 128
2 2 1076 0 1 588 0
-0.246268 -1.83932 5.86071
117 113 103
5 2 1103 0 1 1127 0 4 400 0 5 302 0 8 432 0
1.25247 0.228228 4.19611
124 121 115
2 2 1118 0 1 550 0
-2.59895 -0.148604 4.6238
170 169 169
3 2 1123 0 1 623 0 3 676 0
1.66737 0.19844 4.22232
134 128 123
2 2 1136 0 1 1031 0
-1.84107 1.00646 3.70402
211 208 199
5 2 1139 0 1 1084 0 16 650 0 14 374 0 17 658 0
-1.84011 1.00502 3.70296
219 218 210
3 2 1140 0 1 1083 0 16 649 0
1.70314 -0.0815269 4.43608
225 220 215
2 2 1188 0 1 1134 0
1.43277 -0.991682 5.1532
66 67 66
2 2 1249 0 1 1340 0
-0.416984 1.62775 3.17649
95 93 87
4 2 1258 0 1 612 0 16 232 0 14 78 0
-2.27397 1.94764 2.98984
118 114 111
2 2 1276 0 1 743 0
-1.5773 1.42524 3.36612
166 164 160
2 2 1290 0 1 1069 0
-0.33695 -0.874171 4.47785
116 112 101
2 2 1351 0 1 264 0
1.06278 0.813841 3.76668
150 148 144
3 3 98 0 1 38 0 15 29 0
1.64451 -1.37999 5.44635
137 133 131
3 3 194 0 1 364 0 2 319 0
0.422483 -1.12842 4.99325
126 122 97
2 3 266 0 1 493 0
-0.196208 -0.0180899 4.27455
111 106 78
2 3 468 0 1 255 0
0.476516 -1.05891 4.96884
101 97 72
2 3 524 0 1 962 0
-3.06659 -0.189575 4.66727
151 150 147
3 3 583 0 1 763 0 17 536 0
0.53374 -0.890544 4.84069
167 159 130
3 3 328 0 2 261 0 4 402 0
0.493693 -0.906363 4.84918
158 151 123
2 3 345 0 2 339 0
-0.449344 0.618577 3.91401
124 121 96
4 3 395 0 2 614 0 4 609 0 5 307 0
-0.212567 -0.24841 4.29073
187 190 168
4 3 428 0 2 302 0 4 783 0 5 496 0
-0.27272 -0.269954 4.34272
188 191 178
2 3 634 0 2 766 0
-0.18634 0.0203965 4.23785
90 86 60
2 3 645 0 2 756 0
2.02501 0.482111 3.98869
209 205 199
4 3 834 0 2 439 0 14 454 0 16 213 0
2.02475 0.482093 3.98832
206 202 197
4 3 835 0 2 438 0 13 659 0 14 455 0
1.35081 -0.23012 4.5647
171 168 167
4 3 884 0 2 727 0 4 1042 0 5 474 0
1.17159 -0.276063 4.60244
184 186 187
2 3 1044 0 2 715 0
1.72029 0.484848 3.99755
193 191 185
7 3 1108 0 2 629 0 13 738 0 14 508 0 15 330 0 16 310 0 17 325 0
0.21594 -0.908568 4.69739
122 122 95
2 3 1148 0 2 1167 0
2.04869 0.468941 3.99754
195 191 184
3 3 1266 0 2 683 0 16 324 0
0.28243 -0.381018 4.34334
170 168 136
2 4 456 0 2 587 0
1.43937 -0.499289 4.75266
144 144 144
2 4 265 0 3 181 0
1.31968 -0.214045 4.55611
141 141 143
2 4 497 0 3 411 0
0.274301 -0.666794 4.66004
158 148 116
2 4 1035 0 3 1067 0
1.31791 -0.262222 4.59453
133 132 134
2 4 1403 0 3 826 0
2.06937 -1.10924 5.22213
180 177 167
3 7 260 0 13 644 0 14 828 0
0.58034 -0.665738 4.48183
123 120 90
3 8 203 0 7 248 0 9 118 0
0.305238 0.284315 4.04417
73 70 47
4 9 31 0 7 43 0 8 27 0 10 35 0
-0.254201 0.728999 3.42255
206 202 173
4 7 168 0 11 69 0 10 258 0 13 191 0
0.227412 -0.522835 4.55668
55 57 53
2 9 1 0 8 2 0
-0.267821 0.588911 3.54791
204 200 169
4 9 184 0 8 226 0 10 204 0 11 150 0
0.447817 -0.596634 4.31098
136 127 95
2 9 391 0 8 242 0
-1.05455 -0.733619 5.01999
177 169 155
3 9 484 0 8 462 0 10 722 0
0.300775 -0.540561 4.34326
147 135 100
2 9 924 0 8 775 0
-0.0512849 -0.402391 4.38384
148 136 101
5 9 936 0 8 951 0 11 671 0 12 689 0 13 798 0
-0.185355 -1.85802 5.87027
117 113 104
5 10 146 0 4 53 0 11 170 0 12 135 0 13 278 0
0.0371694 1.40782 3.33208
135 136 132
6 10 252 0 11 99 0 13 173 0 0 303 0 14 208 0 2 895 0
0.857788 -1.70081 5.01803
253 235 187
3 10 23 0 9 19 0 11 15 0
0.243146 -0.753745 4.62279
133 122 89
2 10 24 0 9 30 0
-0.308676 -0.146783 4.0682
154 142 109
2 10 44 0 9 41 0
0.211289 -0.148005 4.15448
192 173 127
2 10 69 0 9 183 0
-0.0992488 -0.408527 4.35655
182 174 143
2 10 80 0 9 94 0
-0.173677 1.40603 3.3382
115 116 113
5 10 109 0 9 265 0 13 105 0 14 139 0 15 199 0
0.0885318 0.0586125 4.2534
142 136 105
2 10 139 0 9 200 0
-1.02573 1.16636 3.54808
185 183 172
4 10 160 0 9 240 0 13 315 0 14 456 0
0.0925546 -0.175204 4.38817
77 68 44
3 10 201 0 9 554 0 11 415 0
0.141518 0.00907588 4.27173
85 79 52
4 10 214 0 9 197 0 11 158 0 12 328 0
0.0221997 1.43666 3.3105
125 127 123
7 10 225 0 9 704 0 11 119 0 13 160 0 1 678 0 14 221 0 15 337 0
0.560525 -0.868619 4.62309
152 139 105
2 10 239 0 9 251 0
-0.806419 1.29515 3.44193
163 161 150
5 10 260 0 9 421 0 13 355 0 14 567 0 15 951 0
-1.05123 1.19592 3.52434
154 152 143
4 10 263 0 9 425 0 13 588 0 14 733 0
0.512925 -0.628188 4.40899
118 113 82
3 10 340 0 9 170 0 11 311 0
0.172285 -0.856823 4.67239
116 111 84
3 10 392 0 9 509 0 11 335 0
-0.312435 1.40528 3.34394
90 91 86
6 10 417 0 9 705 0 14 477 0 13 381 0 11 255 0 15 761 0
0.198353 -0.844463 4.661
122 115 86
6 10 418 0 9 498 0 11 441 0 12 467 0 13 836 0 14 1088 0
-0.573719 1.3198 3.41778
107 109 104
4 10 433 0 9 560 0 13 432 0 14 654 0
-0.573719 1.3198 3.41778
107 109 104
4 10 434 0 9 561 0 13 433 0 14 655 0
-0.593046 -2.03406 6.01149
207 200 187
4 10 469 0 9 329 0 11 531 0 12 904 0
0.681131 -1.16533 5.00645
157 146 111
3 10 488 0 9 932 0 11 586 0
0.151422 0.00457518 4.25505
159 146 110
2 10 801 0 9 729 0
0.151422 0.00457518 4.25505
159 146 110
2 10 802 0 9 728 0
1.52905 -0.437483 4.7253
214 211 209
2 10 814 0 9 882 0
0.11628 -0.191064 4.39568
106 93 66
2 10 851 0 9 749 0
0.11628 -0.191064 4.39568
106 93 66
2 10 852 0 9 750 0
0.02218 1.43668 3.31045
123 125 121
9 11 120 0 9 703 0 10 226 0 13 161 0 1 679 0 14 220 0 15 336 0 16 400 0 17 451 0
0.207515 0.452274 4.00375
136 125 90
2 11 166 0 9 145 0
-0.344439 1.37825 3.36644
110 112 108
5 11 209 0 9 574 0 13 340 0 14 458 0 16 659 0
-1.04277 -0.206099 4.61669
150 145 132
3 11 695 0 9 578 0 10 673 0
-1.0429 -0.206132 4.61678
147 142 129
2 11 696 0 9 577 0
0.0586887 -0.277284 4.33908
55 53 39
2 11 5 0 10 4 0
-0.536035 0.69681 3.52811
167 164 132
3 11 16 0 10 25 0 12 23 0
-0.314567 0.604866 3.5856
217 201 156
3 11 24 0 10 22 0 12 40 0
0.246191 0.377107 4.02013
197 186 149
2 11 48 0 10 51 0
0.246191 0.377107 4.02013
197 186 149
2 11 49 0 10 52 0
0.0447913 0.500578 3.96478
170 158 122
3 11 53 0 10 137 0 12 51 0
0.0447913 0.500578 3.96478
170 158 122
3 11 54 0 10 136 0 12 52 0
-0.0170847 -0.43158 4.39463
183 176 144
2 11 76 0 10 123 0
0.0839026 -0.0770372 4.32061
137 131 101
2 11 95 0 10 122 0
0.821934 -1.52818 5.19241
69 67 52
2 11 98 0 10 78 0
0.342358 -1.76025 5.08239
132 127 112
2 11 117 0 10 290 0
0.362703 -0.683341 4.61983
163 153 120
2 11 125 0 10 256 0
0.0452988 0.0411661 4.24817
155 149 114
2 11 159 0 10 228 0
-0.206445 -1.30242 5.45156
98 91 79
2 11 200 0 10 104 0
-0.5321 0.719561 3.51012
122 118 102
5 11 204 0 10 412 0 12 170 0 13 275 0 14 557 0
0.0309985 0.420011 4.0248
136 126 91
3 11 211 0 10 236 0 12 246 0
-0.878682 -0.195119 4.60748
125 116 100
2 11 213 0 10 155 0
0.28792 0.299432 4.07098
151 138 104
3 11 217 0 10 313 0 12 308 0
-1.28446 -0.034145 4.49619
92 86 75
2 11 223 0 10 168 0
1.51731 -0.459565 4.7546
177 178 178
3 11 238 0 10 221 0 12 159 0
0.355645 -1.70971 5.74111
205 201 193
3 11 241 0 10 202 0 12 291 0
0.0743549 0.481409 3.97161
136 126 90
2 11 253 0 10 279 0
0.0743549 0.481409 3.97161
136 126 90
2 11 254 0 10 280 0
0.578845 -0.526851 4.41704
139 131 98
3 11 266 0 10 306 0 12 425 0
0.108683 -0.158059 4.3481
104 97 68
2 11 277 0 10 218 0
-0.212481 -1.70311 5.74939
105 98 86
2 11 294 0 10 289 0
-0.328947 0.548538 3.67771
151 143 107
2 11 297 0 10 520 0
0.50757 -0.629334 4.4009
119 113 83
2 11 312 0 10 341 0
-0.236007 0.779505 3.4344
127 128 101
2 11 322 0 10 539 0
-0.129721 -1.42285 5.53912
215 205 192
2 11 332 0 10 269 0
-0.129721 -1.42285 5.53912
215 205 192
2 11 333 0 10 268 0
0.676321 -1.15514 5.02134
223 209 171
3 11 354 0 10 317 0 12 673 0
0.0286862 0.491626 3.97131
128 117 82
3 11 361 0 10 540 0 12 331 0
0.112786 0.0646719 4.24398
187 175 140
6 11 384 0 10 509 0 12 180 0 13 239 0 14 320 0 15 246 0
1.45135 -0.389007 4.69727
182 183 182
2 11 399 0 10 797 0
0.132792 -0.202358 4.35875
92 89 67
2 11 412 0 10 378 0
1.6221 0.412671 4.04885
192 191 190
2 11 417 0 10 541 0
-0.198256 -1.79539 5.83267
176 168 159
2 11 465 0 10 425 0
-0.20195 -1.79424 5.82448
169 164 155
3 11 466 0 10 424 0 12 675 0
-0.10691 -1.25985 5.4112
186 177 163
2 11 488 0 10 448 0
0.741168 -1.89794 5.13499
144 144 121
2 11 493 0 10 589 0
2.64453 -1.48702 5.51009
136 139 141
3 11 546 0 10 779 0 12 412 0
-0.898717 -0.204068 4.62218
116 109 95
2 11 557 0 10 397 0
0.12271 -0.715879 4.57748
180 173 140
3 11 568 0 10 559 0 12 731 0
0.529545 -1.73169 5.05522
235 216 172
2 11 665 0 10 544 0
0.529545 -1.73169 5.05522
235 216 172
2 11 666 0 10 545 0
-0.849233 -0.182555 4.59091
134 124 109
2 11 714 0 10 840 0
0.189715 -0.14754 4.2119
184 172 133
2 11 715 0 10 521 0
1.53765 -1.94102 5.08825
133 132 127
2 11 723 0 10 113 0
-0.262923 0.553472 3.57732
119 112 76
2 12 140 0 10 62 0
0.0716503 0.470284 3.98663
171 159 123
4 12 187 0 10 495 0 11 218 0 13 337 0
0.606332 -0.56998 4.45349
192 180 144
2 12 199 0 10 170 0
-0.184186 0.480728 3.99583
119 110 76
2 12 452 0 10 552 0
0.863193 -1.79176 5.12445
149 139 108
2 12 837 0 10 414 0
0.452539 -0.66476 4.51384
154 143 109
2 12 5 0 11 3 0
0.933217 -1.19377 5.0321
159 150 113
2 12 12 0 11 12 0
-0.312659 0.604224 3.58766
213 198 153
2 12 41 0 11 23 0
0.142657 0.231983 4.13389
142 134 103
2 12 50 0 11 31 0
-0.486829 0.212238 3.83645
166 152 114
2 12 56 0 11 37 0
0.874057 -1.86631 5.03235
222 216 182
3 12 80 0 11 144 0 13 349 0
0.973436 -1.09569 4.95707
150 136 95
2 12 86 0 11 64 0
1.04109 -1.21813 5.02755
82 77 51
2 12 87 0 11 109 0
0.215623 -0.722453 4.58949
194 182 147
2 14 1168 0 15 638 0
0.146282 -0.353274 4.34555
204 191 153
5 12 127 0 11 86 0 13 176 0 14 233 0 15 119 0
0.0349341 -0.392126 4.3878
210 196 161
5 12 128 0 11 66 0 13 203 0 14 173 0 15 123 0
1.51876 -0.459746 4.75653
172 172 169
2 12 158 0 11 239 0
0.594849 -1.10477 5.10706
117 112 89
2 12 164 0 11 212 0
-0.531596 0.719998 3.51198
119 115 97
3 12 171 0 11 203 0 13 274 0
-0.0915067 -0.313278 4.32115
188 177 143
2 12 177 0 11 154 0
0.487417 -0.417492 4.35757
147 136 101
2 12 200 0 11 201 0
0.0463239 0.534898 3.94174
136 124 88
2 12 204 0 11 300 0
3.15104 -1.61539 5.57844
113 116 114
2 12 206 0 11 439 0
-1.61759 -2.16495 6.14812
181 178 173
2 12 213 0 11 78 0
3.2197 -1.94086 5.83313
121 121 119
2 12 247 0 11 260 0
0.3536 -1.7083 5.73522
195 192 182
2 12 292 0 11 240 0
-1.128 -3.38446 7.08082
224 221 211
2 12 296 0 11 167 0
-2.36407 -0.972621 5.23993
233 222 223
2 12 312 0 11 106 0
0.0309145 0.492562 3.97534
126 113 77
3 12 332 0 11 360 0 13 497 0
-0.215954 0.521859 3.97177
111 102 70
2 12 348 0 11 370 0
-2.33111 -1.18395 5.41235
250 243 238
2 12 365 0 11 310 0
2.67235 -1.49669 5.5098
161 161 156
2 12 371 0 11 448 0
2.67235 -1.49669 5.5098
161 161 156
2 12 372 0 11 449 0
0.123118 0.514505 3.94755
129 119 84
2 12 387 0 11 268 0
-1.22961 -3.21285 6.9466
116 112 104
2 12 390 0 11 259 0
-0.192761 0.754815 3.38404
86 89 66
2 12 422 0 11 576 0
0.587476 -0.981993 4.52518
215 203 168
2 12 451 0 11 236 0
-1.80639 -1.09976 5.33018
225 222 221
2 12 455 0 11 293 0
0.380226 -0.64407 4.51591
138 126 91
2 12 470 0 11 593 0
0.0398175 0.649634 3.87066
165 156 117
2 12 476 0 11 527 0
-0.63537 -2.0816 6.051
106 102 94
2 12 519 0 11 343 0
0.577432 -0.500962 4.40383
144 135 102
2 12 524 0 11 406 0
1.62617 0.414799 4.05292
178 175 169
2 12 555 0 11 416 0
0.112906 0.57047 3.91789
131 121 85
2 12 572 0 11 627 0
-2.40112 -0.989728 5.25567
232 223 221
2 12 656 0 11 481 0
-1.20663 -3.26801 6.99175
120 118 107
2 12 676 0 11 588 0
-1.81947 -1.27398 5.47096
246 241 238
2 12 683 0 11 261 0
0.669192 -1.11821 4.99787
253 246 194
2 12 718 0 11 409 0
-1.24768 -2.05609 6.03783
132 126 119
2 12 771 0 11 329 0
2.19602 -1.65521 5.65609
150 151 144
2 12 776 0 11 681 0
-0.862503 -3.29754 7.00257
211 206 194
2 12 795 0 11 434 0
-1.64214 -1.36865 5.52315
222 213 210
2 12 826 0 11 573 0
0.115473 0.0309543 4.25957
139 131 101
2 12 844 0 11 501 0
-1.75858 -1.27529 5.46926
247 240 239
2 12 852 0 11 461 0
-0.775841 -3.04642 6.7955
112 109 99
2 12 876 0 11 521 0
3.20467 -1.96377 5.84895
126 125 120
2 12 903 0 11 698 0
0.212752 -0.722188 4.58098
187 176 139
3 12 913 0 11 584 0 13 1001 0
-2.34511 -1.17968 5.39998
213 204 201
2 12 916 0 11 410 0
-0.227695 -0.565947 4.47771
110 113 91
3 13 70 0 0 89 0 14 95 0
-0.102455 -0.396482 4.38642
158 147 114
7 13 492 0 0 467 0 12 237 0 14 790 0 15 690 0 16 722 0 1 508 0
1.3355 -0.206558 4.53967
127 127 124
2 13 538 0 0 405 0
2.06811 -1.1084 5.21759
198 198 199
4 13 643 0 0 194 0 14 829 0 17 206 0
0.299285 -0.313397 4.3088
149 136 101
3 13 705 0 0 723 0 12 367 0
-0.781129 0.495856 3.69281
169 162 133
2 13 878 0 14 741 0
0.787082 1.04735 3.59305
142 141 136
2 13 323 0 1 462 0
-0.369835 0.580295 3.95431
134 129 106
2 13 1058 0 12 923 0
0.28698 0.949434 3.68142
111 116 119
3 13 202 0 2 785 0 14 218 0
0.90329 -1.1337 2.92218
119 118 113
2 13 347 0 2 30 0
1.7202 0.485028 3.99763
184 183 177
5 13 737 0 2 630 0 14 507 0 15 331 0 16 311 0
-0.00757414 -0.462684 4.42305
229 224 199
2 17 582 0 16 596 0
-0.806419 1.29515 3.44193
163 161 150
5 13 354 0 9 420 0 10 261 0 14 566 0 15 952 0
-0.367294 1.3882 3.35604
61 62 60
3 13 40 0 10 31 0 14 46 0
-0.329741 1.39048 3.35671
56 57 54
3 13 181 0 10 71 0 14 189 0
0.926345 -1.1795 5.01375
189 175 139
2 13 291 0 12 394 0
-0.600864 1.30601 3.42856
75 76 74
3 13 534 0 10 473 0 14 945 0
-0.600864 1.30601 3.42856
75 76 74
3 13 535 0 10 474 0 14 944 0
-1.06741 1.12175 3.58637
86 84 75
3 13 790 0 10 421 0 14 926 0
-0.173814 1.4066 3.33893
109 110 107
7 13 104 0 11 51 0 14 138 0 15 198 0 10 110 0 16 270 0 17 295 0
0.0738684 1.45714 3.29438
123 125 120
4 13 543 0 11 349 0 14 617 0 15 838 0
0.852057 -1.82149 5.04353
57 58 39
2 13 13 0 12 11 0
1.93346 -0.00872263 4.37838
113 112 107
2 13 54 0 12 44 0
0.103764 -0.114875 4.34519
60 56 35
2 13 59 0 12 46 0
-0.171581 -0.723939 4.59672
113 119 97
2 13 89 0 12 89 0
-0.100416 -0.258614 4.29353
220 205 167
2 13 106 0 12 74 0
2.99491 -1.32819 5.3609
98 99 92
2 13 148 0 12 202 0
0.172683 -1.84802 5.85556
115 114 107
2 13 163 0 12 91 0
3.17034 -1.62134 5.60136
97 96 89
2 13 184 0 12 207 0
0.866178 -1.25754 5.07336
184 170 133
2 13 195 0 12 101 0
1.46675 -0.0857472 4.4541
121 121 113
2 13 208 0 12 259 0
0.084092 0.0153418 4.27219
226 207 162
3 13 221 0 12 138 0 14 297 0
-0.137185 -0.0190665 4.42473
170 157 123
2 13 231 0 12 402 0
-0.189539 0.758587 3.43248
189 185 155
2 13 317 0 12 123 0
-1.11734 -0.774279 5.07763
231 226 225
2 13 326 0 12 83 0
-0.578168 -0.554068 4.88152
137 133 130
2 13 330 0 12 97 0
-0.13299 -0.380619 4.3804
224 208 171
3 13 356 0 12 223 0 14 432 0
0.0550297 0.257158 4.1332
197 182 143
2 13 420 0 12 250 0
-1.12505 -0.535351 4.88693
238 232 234
2 13 439 0 12 190 0
-0.107371 -0.0614983 4.33869
73 66 42
3 13 466 0 12 314 0 14 538 0
-0.0416524 -0.652081 4.5486
213 197 160
2 13 480 0 12 210 0
0.384929 -0.692858 4.55416
193 174 136
2 13 501 0 12 366 0
-1.27145 -0.533897 4.89302
232 225 227
2 13 509 0 12 274 0
-0.0669076 -0.032168 4.3051
182 170 135
4 13 516 0 12 701 0 14 373 0 15 340 0
0.351252 1.05425 3.59768
144 145 140
4 13 517 0 12 437 0 14 412 0 15 561 0
0.123512 -0.00776374 4.28649
129 120 89
2 13 526 0 12 410 0
-0.176513 0.497274 3.99301
189 177 140
3 13 533 0 12 454 0 14 561 0
0.004392 0.6233 3.89196
185 173 134
2 13 559 0 12 385 0
0.004392 0.6233 3.89196
185 173 134
2 13 560 0 12 386 0
-0.111865 -0.475389 4.43569
217 202 166
4 13 561 0 12 319 0 14 464 0 15 410 0
-0.141877 -0.577173 4.50278
215 201 164
2 13 564 0 12 248 0
0.483059 -0.458358 4.39139
162 144 106
2 13 576 0 12 369 0
0.413501 -0.662688 4.53452
226 205 165
3 13 596 0 12 284 0 14 788 0
-0.0150069 0.397923 4.04504
193 178 139
2 13 617 0 12 485 0
0.13026 0.403725 4.03045
127 115 80
2 13 618 0 12 523 0
-0.839303 -0.190502 4.6052
80 75 69
3 13 650 0 12 554 0 14 1240 0
-0.839303 -0.190502 4.6052
80 75 69
3 13 651 0 12 553 0 14 1241 0
-0.359471 0.503555 3.99019
67 64 41
3 13 653 0 12 277 0 14 1230 0
-0.149372 0.3503 4.08304
178 163 127
2 13 656 0 12 440 0
-1.20982 -0.477036 4.84024
223 217 218
2 13 660 0 12 258 0
-0.0864943 -0.566938 4.50152
225 209 173
3 13 673 0 12 426 0 14 888 0
0.333353 0.978794 3.66152
57 60 55
5 13 711 0 12 354 0 14 488 0 15 404 0 16 264 0
-0.109916 -0.348599 4.35542
160 143 108
2 13 718 0 12 364 0
2.93143 -1.10079 5.18927
128 127 123
2 13 746 0 12 622 0
0.440306 -0.484175 4.40968
173 154 115
4 13 762 0 12 655 0 14 745 0 15 668 0
-0.0112481 0.179132 4.18699
205 188 152
3 13 768 0 12 668 0 14 977 0
0.0221896 0.587532 3.91709
155 141 103
2 13 778 0 12 560 0
0.0179329 0.28847 4.11441
204 188 150
3 13 788 0 12 599 0 14 1159 0
-0.0568306 0.4836 3.98363
199 187 149
2 13 802 0 12 510 0
0.0338392 0.564954 3.92845
156 142 105
2 13 822 0 12 666 0
-0.597145 0.613301 3.58039
169 159 127
2 13 834 0 12 256 0
-0.395066 0.737822 3.48222
152 150 120
2 13 846 0 12 492 0
0.444407 -0.757813 4.5904
213 192 151
3 13 874 0 12 638 0 15 931 0
0.444868 -0.757907 4.59101
224 202 160
4 13 875 0 12 639 0 14 1061 0 15 930 0
1.05832 1.06153 3.58362
111 110 104
2 13 883 0 12 764 0
1.52823 -0.0626996 4.43776
119 117 112
2 13 885 0 12 933 0
-0.124022 0.413666 4.03452
170 155 117
2 13 920 0 12 522 0
-0.17651 -0.581065 4.5067
153 143 112
2 13 942 0 12 558 0
0.299228 -0.345793 4.32885
205 189 150
2 13 944 0 12 728 0
0.0381788 0.00493886 4.27383
222 201 155
3 13 956 0 12 973 0 14 897 0
0.0934822 0.50413 3.96727
172 158 123
2 13 996 0 12 590 0
2.30466 0.29756 4.1338
185 184 176
2 13 1023 0 12 946 0
2.30466 0.29756 4.1338
185 184 176
2 13 1024 0 12 945 0
0.419819 -0.379112 4.34164
212 194 156
2 13 1029 0 12 685 0
0.465265 -1.2441 5.08944
78 78 59
2 13 1034 0 12 586 0
0.125936 0.185629 4.17919
194 180 144
2 13 1086 0 12 730 0
-2.5805 -0.318945 4.76698
95 95 93
2 14 50 0 0 58 0
0.439992 -0.675858 4.53522
180 161 124
5 14 249 0 0 196 0 13 194 0 15 163 0 16 332 0
-0.118585 0.334235 4.09096
201 186 152
2 14 442 0 13 313 0
0.0664814 1.20516 3.4918
82 85 84
3 14 470 0 0 590 0 15 608 0
0.031895 1.22405 3.47689
79 80 79
4 14 760 0 0 658 0 15 723 0 17 814 0
0.315284 0.979204 3.65847
136 137 135
3 14 1186 0 0 639 0 15 943 0
-1.11839 0.496514 4.0801
81 80 72
2 14 118 0 1 401 0
-1.14889 1.4584 3.32742
204 201 191
5 14 199 0 1 981 0 15 304 0 16 475 0 17 555 0
-1.14889 1.4584 3.32742
204 201 191
5 14 200 0 1 982 0 15 303 0 16 476 0 17 556 0
0.282258 1.06565 3.58451
71 73 72
2 14 34 0 2 96 0
-1.13347 0.529389 4.04424
83 81 74
2 14 37 0 2 85 0
2.25346 0.449127 4.0052
230 226 219
2 14 437 0 2 299 0
1.73698 0.308423 4.13321
227 223 219
2 14 637 0 2 490 0
0.489825 -1.25449 5.09154
95 92 71
2 14 650 0 2 332 0
0.445607 -1.24874 5.08597
63 63 44
3 14 786 0 2 501 0 15 541 0
2.03567 0.473587 3.99229
114 112 105
2 14 939 0 2 1161 0
0.444878 -1.26502 4.31322
92 88 78
2 17 478 0 16 499 0
-0.660299 1.3166 3.41762
91 92 85
3 14 33 0 10 16 0 13 44 0
-0.800456 1.56572 3.23192
172 168 161
5 14 256 0 10 81 0 16 504 0 17 513 0 1 1206 0
-0.243858 -0.684527 4.5475
189 193 169
2 14 343 0 15 228 0
0.041037 1.43166 3.31377
57 57 54
5 14 401 0 10 446 0 11 518 0 15 896 0 16 687 0
-0.307156 1.27154 3.44739
107 110 109
3 14 351 0 11 157 0 13 259 0
-0.27659 1.44951 3.30946
71 71 66
3 14 870 0 11 623 0 13 512 0
-0.183392 0.483461 3.99791
124 115 83
2 14 982 0 11 346 0
0.671872 -1.38093 5.16855
151 136 104
2 14 347 0 12 175 0
0.0284733 0.281197 4.12503
200 185 148
2 14 486 0 12 168 0
0.141288 0.0974847 4.22875
172 158 121
2 14 853 0 12 815 0
-0.341018 1.40055 3.35455
51 54 51
2 14 55 0 13 43 0
-0.144644 -0.389722 4.37789
235 218 180
2 14 56 0 13 42 0
-0.176589 -0.452843 4.42472
253 235 199
2 14 57 0 13 35 0
0.396951 -0.583894 4.48304
238 210 172
2 14 73 0 13 76 0
0.0208515 0.401125 4.03555
221 203 165
2 14 96 0 13 85 0
0.28878 -1.21341 4.73271
186 194 177
2 14 141 0 13 419 0
0.805641 1.18523 3.49487
128 129 125
2 14 143 0 13 157 0
0.117423 0.229871 4.15332
166 148 109
2 14 156 0 13 108 0
-0.277601 0.185819 4.2051
50 49 30
2 14 165 0 13 186 0
0.899505 -1.69613 4.99479
72 72 49
2 14 166 0 13 99 0
0.899505 -1.69613 4.99479
72 72 49
2 14 167 0 13 98 0
-0.099886 -0.00365782 4.29448
225 208 168
2 14 168 0 13 149 0
0.688633 -0.514078 4.25774
248 238 205
2 14 184 0 13 180 0
0.287093 0.950007 3.68334
96 104 106
2 14 217 0 13 201 0
0.0320072 1.41974 3.31488
112 116 115
2 14 231 0 13 212 0
0.0320072 1.41974 3.31488
112 116 115
2 14 232 0 13 213 0
0.0263411 0.246905 4.13497
151 136 101
3 14 235 0 13 128 0 15 339 0
-0.207186 -0.0613639 4.33011
122 125 110
3 14 237 0 13 674 0 15 146 0
-0.22993 0.379876 4.07783
154 144 112
2 14 238 0 13 215 0
-0.234508 -0.0130949 4.28697
57 59 45
2 14 244 0 13 723 0
-0.201903 -0.0905283 4.34489
132 136 123
2 14 245 0 13 286 0
-0.253097 0.502668 4.00857
153 142 111
2 14 247 0 13 177 0
0.105739 0.19917 4.16819
217 201 162
2 14 263 0 13 130 0
-0.0771283 -0.393732 4.39098
235 214 175
2 14 273 0 13 171 0
-0.0164702 0.325807 4.08887
178 160 121
2 14 280 0 13 261 0
0.601267 -1.75859 5.11377
201 209 192
2 14 296 0 13 185 0
-0.0137619 -0.399741 4.39108
200 179 141
2 14 315 0 13 249 0
0.587333 1.03908 3.61243
104 104 101
2 14 318 0 13 389 0
0.351404 -1.07343 5.00501
62 64 44
2 14 329 0 13 338 0
-0.305852 1.26968 3.44335
107 111 110
2 14 350 0 13 258 0
0.188167 -0.319516 4.33098
213 193 150
2 14 354 0 13 331 0
0.380506 -1.1323 5.04143
67 68 52
2 14 355 0 13 482 0
0.000436593 0.260057 4.13533
204 189 152
3 14 368 0 13 225 0 15 351 0
0.356865 -0.652604 4.52253
223 203 163
3 14 379 0 13 265 0 15 298 0
-0.18104 -0.455337 4.43119
252 234 197
2 14 381 0 13 279 0
2.01367 0.402772 4.03394
97 96 91
2 14 392 0 13 691 0
-0.219144 -0.0171709 4.31559
105 104 83
5 14 402 0 13 548 0 15 234 0 17 208 0 1 368 0
0.269763 -0.804763 4.78971
154 155 136
2 14 404 0 13 580 0
2.3323 0.201753 4.2031
184 183 176
2 14 416 0 13 704 0
0.0759168 0.170409 4.19046
225 207 168
2 14 417 0 13 306 0
0.162581 -0.308778 4.31509
244 223 181
2 14 418 0 13 248 0
-0.129624 0.45367 4.01665
181 167 130
2 14 424 0 13 220 0
-0.129624 0.45367 4.01665
181 167 130
2 14 425 0 13 219 0
-0.0107751 0.103106 4.23309
196 178 138
2 14 426 0 13 342 0
-0.203112 0.533213 3.96948
203 189 153
2 14 428 0 13 361 0
0.0313726 0.421928 4.03122
168 153 116
2 14 483 0 13 449 0
0.261552 -1.27802 4.78237
235 213 169
2 14 497 0 13 132 0
2.04562 0.468962 3.98821
155 154 147
2 14 505 0 13 781 0
1.48037 0.458967 4.0142
185 186 182
2 14 510 0 13 614 0
0.433492 -0.530836 4.43838
233 209 165
3 14 546 0 13 359 0 15 650 0
-0.0588273 0.446261 4.02353
220 202 164
2 14 551 0 13 430 0
-0.0677529 0.514412 3.98671
215 199 160
2 14 559 0 13 453 0
-0.0486373 0.580038 3.92953
214 198 159
2 14 560 0 13 376 0
-0.0650145 0.00522918 4.31044
244 226 188
2 14 572 0 13 649 0
0.687512 1.20376 3.47895
125 126 120
4 14 575 0 13 469 0 15 291 0 17 213 0
-0.00793146 0.162027 4.20045
221 203 163
2 14 583 0 13 375 0
-1.48451 1.40767 3.35665
132 132 126
2 14 584 0 13 511 0
-0.222469 -0.54498 4.50302
184 177 149
2 14 589 0 13 426 0
0.279367 -0.331496 4.31746
189 169 129
3 14 593 0 13 373 0 15 499 0
0.279367 -0.331496 4.31746
189 169 129
3 14 594 0 13 374 0 15 498 0
-0.856323 -0.21609 4.63063
183 180 177
2 14 612 0 13 407 0
0.401725 -0.458994 4.4187
187 166 126
2 14 627 0 13 592 0
0.298951 0.960517 3.67677
45 48 44
2 14 630 0 13 757 0
-0.0616272 0.597349 3.92061
212 197 159
2 14 631 0 13 378 0
-0.510519 -1.99124 5.97131
144 143 143
2 14 643 0 13 352 0
-0.197167 0.560976 3.95512
206 192 156
2 14 667 0 13 479 0
-0.046968 0.326972 4.10438
222 205 165
2 14 691 0 13 801 0
0.242927 0.933643 3.69458
107 114 114
3 14 704 0 13 694 0 15 923 0
0.24295 0.934168 3.69583
113 117 116
3 14 705 0 13 693 0 17 629 0
0.206258 1.30763 3.41018
110 113 110
2 14 742 0 13 1022 0
-0.791098 1.29332 3.44421
74 76 70
2 14 746 0 13 387 0
-0.269018 1.45556 3.29896
135 137 131
2 14 755 0 13 641 0
0.229132 -1.26859 4.76539
245 225 185
3 14 802 0 13 457 0 15 577 0
-0.265471 0.538347 3.97654
168 159 127
2 14 803 0 13 820 0
-2.20022 -1.5981 5.71697
206 200 194
2 14 806 0 13 599 0
0.0930284 0.158998 4.1991
196 179 138
2 14 871 0 13 623 0
0.0930284 0.158998 4.1991
196 179 138
2 14 872 0 13 624 0
2.01082 -0.0261146 4.38791
147 145 140
3 14 895 0 13 957 0 16 525 0
-0.196331 -0.610487 4.5478
118 121 94
2 14 917 0 13 348 0
-0.0699995 0.457009 4.00542
209 192 154
2 14 949 0 13 702 0
-0.183398 0.481605 4.0009
132 120 85
2 14 983 0 13 696 0
-0.605943 -2.04659 6.0224
142 142 140
2 14 986 0 13 895 0
-0.18237 0.573131 3.93984
159 144 109
2 14 1006 0 13 742 0
-0.18237 0.573131 3.93984
159 144 109
2 14 1007 0 13 741 0
0.347577 -0.377312 4.35498
248 227 186
2 14 1012 0 13 900 0
0.381587 -0.643552 4.5222
175 152 112
2 14 1020 0 13 897 0
-0.312052 1.38663 3.35834
99 102 100
2 14 1052 0 13 850 0
-0.312052 1.38663 3.35834
99 102 100
2 14 1054 0 13 852 0
-0.121457 0.311719 4.10588
174 157 120
2 14 1101 0 13 804 0
-0.240482 0.406988 4.05686
157 148 116
2 14 1102 0 13 725 0
-0.720113 1.28469 3.44894
81 82 80
2 14 1103 0 13 675 0
-0.19218 -0.585181 4.52274
192 186 156
2 14 1108 0 13 939 0
-0.0296271 0.0531835 4.28132
214 195 153
2 14 1131 0 13 933 0
0.371812 -0.398829 4.36644
231 206 163
2 14 1132 0 13 951 0
0.499989 -0.772023 4.59701
201 175 132
2 14 1134 0 13 1093 0
0.125294 -0.359669 4.3459
218 207 175
2 14 1147 0 13 853 0
0.0566194 0.395078 4.04556
181 168 132
2 14 1180 0 13 1008 0
0.212277 -0.314798 4.32484
239 219 178
2 14 1200 0 13 1060 0
-2.93343 -0.205287 4.68231
84 84 80
5 15 7 0 0 14 0 14 9 0 16 19 0 17 20 0
-3.8582 0.372858 4.26102
76 75 71
2 15 16 0 0 23 0
-2.1865 -1.6328 5.79199
94 89 76
2 15 26 0 0 32 0
0.161181 1.16182 3.5188
85 87 84
7 15 187 0 0 238 0 16 244 0 17 514 0 14 278 0 1 784 0 13 333 0
0.285055 0.718228 3.85806
108 112 109
3 15 195 0 0 146 0 17 263 0
0.286925 0.949683 3.68268
85 88 84
4 15 242 0 0 219 0 16 294 0 17 408 0
-0.105139 -0.0621269 4.33346
64 64 42
2 15 265 0 0 364 0
-3.41068 0.668535 4.03068
86 85 78
2 15 338 0 0 351 0
-0.74286 0.756282 3.49992
128 125 105
3 15 534 0 0 578 0 14 376 0
-2.80278 1.03607 3.71421
86 85 79
2 15 553 0 0 431 0
-2.80278 1.03607 3.71421
86 85 79
2 15 554 0 0 430 0
-1.20131 0.877188 3.78825
78 73 61
2 15 587 0 0 489 0
0.305392 0.943446 3.68518
44 46 42
6 15 596 0 0 519 0 14 536 0 13 626 0 16 643 0 17 784 0
0.30535 0.94334 3.68511
45 47 43
5 15 597 0 0 518 0 17 783 0 14 537 0 13 627 0
0.320788 0.956983 3.68001
45 46 42
2 15 601 0 0 631 0
0.256687 1.07353 3.58628
46 47 42
3 15 633 0 0 510 0 17 782 0
0.466625 -0.521594 4.43679
154 143 109
2 15 664 0 0 514 0
0.00702336 -1.94969 5.92381
164 155 146
2 15 966 0 0 254 0
-0.203386 -0.435761 4.4141
200 192 160
3 15 969 0 0 714 0 14 1029 0
-0.586856 0.555284 3.66423
240 241 223
2 15 102 0 1 93 0
0.248755 -0.962343 4.88166
95 97 77
3 15 127 0 1 150 0 16 145 0
0.397596 0.0895886 3.72296
211 217 192
2 15 670 0 1 1079 0
-0.380463 1.57163 3.21569
97 92 80
2 15 959 0 10 716 0
1.16306 -1.42428 4.82476
212 199 161
2 15 74 0 14 82 0
0.0738684 1.45714 3.29438
123 125 120
4 15 839 0 11 350 0 14 618 0 13 544 0
-0.551679 0.443206 3.65732
202 197 167
2 15 888 0 17 817 0
1.06276 0.81775 3.76952
112 112 107
2 15 28 0 13 46 0
0.164502 -0.860388 4.68264
77 78 56
2 15 245 0 13 95 0
1.48401 0.460554 4.02422
171 171 165
2 15 287 0 13 613 0
0.464333 -0.712445 4.56087
186 161 116
2 15 402 0 13 542 0
0.816055 -1.27986 5.09561
202 177 131
2 15 509 0 13 706 0
0.460463 -0.784754 4.60496
234 210 167
3 15 520 0 13 979 0 14 1104 0
-2.2081 -1.60691 5.73674
181 176 163
2 15 540 0 13 600 0
0.635298 0.400415 4.09646
110 111 109
2 15 618 0 13 1092 0
-0.583458 1.3087 3.42019
40 40 36
2 15 665 0 13 314 0
-1.1155 1.41256 3.35638
130 127 117
2 15 937 0 13 456 0
-0.0680423 -0.397479 4.38617
217 199 160
2 15 941 0 13 811 0
-0.329459 0.0922617 4.06777
135 141 126
2 15 64 0 14 76 0
-2.67386 -0.531128 4.93302
87 89 84
2 15 97 0 14 93 0
0.0313942 -0.392973 4.40054
217 202 168
2 15 124 0 14 172 0
1.62127 0.649119 3.87577
124 125 120
2 15 136 0 14 170 0
-0.215897 1.09836 3.2431
172 166 136
2 15 138 0 14 151 0
0.0530658 -0.403348 4.39848
36 39 29
2 15 201 0 14 603 0
0.316054 -0.686909 4.55176
217 200 158
2 15 221 0 14 388 0
0.49264 -1.32926 5.12844
54 52 37
2 15 241 0 14 339 0
0.790646 -1.29129 5.1081
248 226 177
2 15 247 0 14 439 0
-0.0185691 0.021373 4.28341
205 193 156
2 15 263 0 14 353 0
0.281335 -0.988644 4.89557
162 167 150
2 15 313 0 14 998 0
-1.14344 1.4413 3.33681
179 176 166
4 15 317 0 14 242 0 16 521 0 17 542 0
-1.14344 1.4413 3.33681
179 176 166
4 15 318 0 14 241 0 16 522 0 17 543 0
0.435277 -0.776304 4.59308
201 175 132
2 15 329 0 14 335 0
-0.0320941 -0.0221267 4.29629
200 186 151
2 15 362 0 14 369 0
0.266868 -0.300132 4.29537
199 181 141
2 15 374 0 14 646 0
-0.443329 1.63696 3.17258
123 120 111
2 15 406 0 14 502 0
0.186106 1.30517 3.41501
72 72 68
4 15 414 0 14 204 0 16 419 0 17 397 0
-0.343376 1.3773 3.36428
92 95 91
2 15 505 0 14 457 0
0.727675 -1.1208 4.98636
240 215 169
2 15 512 0 14 607 0
-0.187137 -0.490092 4.44389
217 207 172
2 15 537 0 14 628 0
0.215623 -0.722453 4.58949
209 195 157
2 15 637 0 14 1167 0
0.251069 0.737595 3.85041
100 105 102
2 15 643 0 14 524 0
0.571528 -1.76649 5.05831
186 191 174
2 15 687 0 14 1128 0
1.12554 -1.38659 4.78818
234 221 185
2 15 829 0 14 1161 0
0.684658 0.139001 4.29704
113 118 114
2 15 842 0 14 1077 0
-0.0830578 0.458205 4.00347
152 141 107
2 15 886 0 14 1094 0
-0.0830578 0.458205 4.00347
152 141 107
2 15 887 0 14 1093 0
0.834297 -1.28632 5.09514
246 221 173
2 15 934 0 14 1058 0
0.101369 0.598523 3.54803
137 140 112
2 15 962 0 14 836 0
-0.129007 -0.383027 4.37673
217 204 168
2 15 963 0 14 773 0
-0.167226 -0.268043 4.29785
200 189 154
2 15 986 0 14 1195 0
-0.438733 0.62879 3.5432
235 222 187
2 16 10 0 0 7 0
0.391011 -1.17401 5.05472
93 92 74
3 16 20 0 0 18 0 17 21 0
-0.0641259 0.835081 3.44471
144 142 115
2 16 33 0 0 30 0
-0.517589 0.656349 3.65421
166 158 123
3 16 41 0 0 42 0 17 34 0
0.141491 -0.962995 4.7633
124 131 115
3 16 49 0 0 36 0 17 46 0
0.663956 -1.38058 5.13998
113 111 88
2 16 58 0 0 29 0
0.608994 -1.27927 5.09584
131 129 103
2 16 69 0 0 24 0
-0.479671 0.491487 3.70275
221 215 182
3 16 142 0 0 102 0 17 149 0
-1.25877 -2.04003 6.06106
227 224 222
3 16 150 0 0 112 0 17 147 0
-1.25877 -2.04003 6.06106
227 224 222
3 16 151 0 0 111 0 17 148 0
0.374133 -1.16268 5.01985
95 96 79
2 16 154 0 0 93 0
0.390881 -1.19091 5.02933
99 98 82
2 16 166 0 0 202 0
-0.303265 0.5538 3.6551
235 225 191
2 16 167 0 0 105 0
-1.5224 -2.12438 6.06348
118 119 116
3 16 168 0 0 129 0 17 169 0
-0.167547 -0.172191 4.37546
73 71 50
3 16 176 0 0 229 0 17 238 0
-0.195809 -0.344159 4.36842
160 158 127
3 16 189 0 0 178 0 17 114 0
0.459161 -1.335 5.08435
59 61 47
2 16 191 0 0 231 0
0.691838 -1.1327 4.9881
195 186 152
2 16 206 0 0 179 0
0.357969 -0.654892 4.51883
180 173 143
3 16 210 0 0 171 0 17 253 0
0.466413 0.128468 4.32177
79 83 79
3 16 225 0 0 154 0 17 269 0
0.372742 -1.21201 5.04502
63 65 50
3 16 233 0 0 361 0 17 201 0
0.192741 -0.891535 4.82319
163 169 153
3 16 253 0 0 245 0 17 320 0
0.0970535 -0.373488 4.3581
226 214 183
2 16 262 0 0 207 0
-0.214184 -1.82206 5.8283
159 154 149
3 16 289 0 0 200 0 17 196 0
0.250794 -0.869524 4.69003
80 83 63
3 16 316 0 0 508 0 17 473 0
0.25895 -0.815375 4.76565
77 80 62
3 16 338 0 0 241 0 17 190 0
0.884414 -1.68979 4.97861
212 203 167
3 16 416 0 0 418 0 17 553 0
0.884414 -1.68979 4.97861
212 203 167
3 16 417 0 0 419 0 17 554 0
0.476277 -1.03867 4.96953
176 171 144
3 16 493 0 0 525 0 17 229 0
0.576556 -1.76126 5.04073
172 182 168
3 16 498 0 0 410 0 17 626 0
-0.238122 0.8389 3.46736
143 141 113
2 16 500 0 0 588 0
-0.0496813 0.751281 3.44324
162 161 134
2 16 546 0 0 356 0
0.502044 1.05101 3.60587
120 118 111
2 16 585 0 0 402 0
-3.5357 1.08615 3.68908
104 102 97
3 16 603 0 0 397 0 17 762 0
-3.5357 1.08615 3.68908
104 102 97
3 16 604 0 0 396 0 17 763 0
0.179961 -0.908036 4.8265
82 86 70
2 16 617 0 0 527 0
-2.23506 -1.61749 5.76653
181 175 163
3 16 619 0 0 516 0 17 723 0
-2.23506 -1.61749 5.76653
181 175 163
3 16 620 0 0 517 0 17 724 0
1.51439 -0.470665 4.73941
106 104 100
3 16 651 0 0 400 0 17 692 0
0.173098 0.663353 3.91558
64 67 63
3 16 674 0 0 368 0 15 516 0
-0.875299 -1.93108 5.93209
123 120 116
3 16 675 0 0 344 0 17 465 0
-1.2094 -0.456196 4.82336
135 133 126
3 16 685 0 0 503 0 17 739 0
-3.78923 0.937223 3.81721
182 180 177
3 16 688 0 0 530 0 17 846 0
1.56902 -0.473786 4.74642
90 87 82
2 16 737 0 0 633 0
-0.551606 -2.01922 5.99435
167 163 159
2 16 757 0 0 475 0
-1.30719 -0.64896 4.9678
129 125 121
3 16 42 0 1 47 0 17 55 0
0.857525 1.34044 3.33912
110 111 104
2 16 45 0 1 105 0
1.52771 -0.43809 4.72262
204 200 193
2 16 116 0 1 136 0
1.52771 -0.43809 4.72262
204 200 193
2 16 118 0 1 135 0
-1.35879 -0.450503 4.81129
133 130 125
2 16 121 0 1 224 0
-0.405898 1.58503 3.19634
114 111 102
2 16 122 0 1 557 0
-1.31819 1.72774 3.13247
217 209 198
2 16 236 0 1 512 0
-1.31351 1.72446 3.13056
224 217 208
3 16 237 0 1 513 0 2 723 0
1.46709 -0.0847331 4.44341
146 143 134
2 16 240 0 1 269 0
1.13653 0.216398 4.22308
140 138 131
3 16 267 0 1 418 0 17 274 0
-1.30148 1.68922 3.16176
207 204 198
3 16 348 0 1 967 0 2 920 0
-0.925655 -0.409044 4.78409
93 87 76
2 16 421 0 1 746 0
-2.58588 0.907185 3.80491
195 194 190
2 16 453 0 1 861 0
-3.82228 0.490797 4.19869
129 129 126
2 16 574 0 1 1015 0
-2.25199 -1.62723 5.75767
101 93 78
3 16 633 0 1 744 0 17 631 0
0.433646 0.221408 4.25067
95 98 96
2 16 699 0 1 1183 0
0.56608 1.03927 3.60768
134 132 125
2 16 707 0 1 884 0
-3.64724 -0.248997 4.74914
204 204 200
2 16 787 0 1 1310 0
-3.64724 -0.248997 4.74914
204 204 200
2 16 788 0 1 1311 0
-2.7856 0.410394 4.19181
156 154 152
2 16 112 0 2 227 0
1.52316 -0.0625561 4.42731
146 142 139
2 16 479 0 2 619 0
2.00811 0.424711 4.03574
119 115 109
3 16 599 0 2 1197 0 15 822 0
1.99752 0.100708 4.28627
185 183 175
3 16 652 0 2 1157 0 17 610 0
1.99752 0.100708 4.28627
185 183 175
3 16 653 0 2 1156 0 17 609 0
-0.180188 1.3932 3.34697
48 49 46
4 16 415 0 11 180 0 15 267 0 14 266 0
1.09303 1.42413 3.29351
84 82 73
3 16 279 0 13 489 0 17 732 0
1.09511 1.44843 3.27465
88 84 77
3 16 290 0 13 307 0 17 331 0
1.09426 1.44756 3.27441
84 82 75
2 16 291 0 13 308 0
1.12694 1.42613 3.28719
85 84 77
2 16 544 0 13 634 0
-0.361021 -0.966374 6.67872
186 172 133
2 16 733 0 15 328 0
-0.816845 1.57961 3.2194
103 103 94
2 16 174 0 14 72 0
2.04525 0.456843 4.00641
90 89 83
3 16 428 0 14 736 0 15 972 0
-0.969349 1.70635 3.13958
90 89 81
2 16 482 0 14 262 0
-0.816632 1.60124 3.20695
154 154 145
2 16 705 0 14 331 0
-3.13282 0.694175 4.01332
89 88 81
2 16 81 0 15 98 0
-0.315143 0.644305 3.88981
119 114 83
2 16 124 0 15 168 0
-0.00430912 -0.19919 4.3576
87 83 60
3 16 359 0 15 225 0 17 449 0
-0.447516 1.75226 3.07443
158 153 144
2 16 437 0 15 260 0
0.37928 -0.643467 4.52047
156 144 110
3 16 623 0 15 456 0 17 751 0
-1.66615 -2.00132 6.07983
132 132 130
2 17 17 0 0 11 0
-2.81046 -1.0637 5.37903
129 130 124
2 17 109 0 0 191 0
-0.260348 -0.521529 4.45435
189 197 180
2 17 119 0 0 133 0
0.149785 -0.960387 4.70454
135 142 126
2 17 159 0 0 136 0
0.162263 0.651075 3.91417
30 33 32
2 17 215 0 0 266 0
-0.373219 0.663426 3.52403
147 143 113
4 17 226 0 0 224 0 16 261 0 15 883 0
-0.273776 0.557653 3.62458
150 144 111
2 17 304 0 0 230 0
0.214184 -0.712524 4.74941
98 97 76
2 17 329 0 0 98 0
-2.91322 -0.835598 5.15759
130 130 127
2 17 364 0 0 216 0
-2.67692 -0.749964 5.0708
98 98 95
2 17 373 0 0 292 0
0.270754 -0.982399 4.91351
172 175 160
2 17 438 0 0 460 0
0.282671 -0.985551 4.89584
169 172 156
3 17 439 0 0 459 0 16 300 0
-1.61262 -2.16994 6.15973
171 171 170
2 17 462 0 0 329 0
0.00199271 -0.347452 4.68429
39 40 34
2 17 482 0 0 370 0
0.0666137 0.722321 3.4281
144 144 117
2 17 535 0 0 250 0
-1.65858 -2.16379 6.16638
126 126 123
2 17 612 0 0 569 0
1.16979 -0.273317 4.60605
157 157 155
2 17 615 0 0 440 0
0.274114 -0.818638 4.7838
177 180 161
3 17 640 0 0 425 0 16 559 0
0.274114 -0.818638 4.7838
177 180 161
3 17 641 0 0 426 0 16 558 0
0.142179 -0.178912 4.07312
74 72 50
2 17 665 0 0 187 0
-0.145969 -0.26913 4.30382
175 171 142
2 17 753 0 0 456 0
1.61566 0.196065 4.2272
134 131 124
2 17 767 0 0 679 0
-0.59077 -2.03742 6.03026
222 218 214
2 17 788 0 0 696 0
-0.59077 -2.03742 6.03026
222 218 214
2 17 789 0 0 697 0
-2.54984 -0.196242 4.6775
110 110 109
2 17 48 0 1 33 0
-2.84782 -0.840258 5.16297
116 118 115
2 17 84 0 1 141 0
-2.17938 -3.01145 6.88919
163 163 162
3 17 130 0 1 129 0 16 102 0
-0.243424 0.662516 3.86821
160 151 116
2 17 146 0 1 342 0
-2.26054 -1.67007 5.8113
139 133 119
2 17 244 0 1 151 0
-3.02805 -0.826312 5.19941
121 119 118
2 17 282 0 1 410 0
-3.10774 1.14643 3.65054
119 117 113
2 17 387 0 1 369 0
1.43885 -1.28367 5.35131
102 102 100
2 17 390 0 1 579 0
0.647938 0.981594 3.64406
138 136 129
2 17 479 0 1 377 0
-1.46156 -2.31292 6.30148
141 140 138
2 17 650 0 1 598 0
-0.401269 0.518177 3.70083
174 169 136
2 17 691 0 1 1187 0
1.6249 0.400166 4.06566
205 201 195
2 17 709 0 1 1166 0
1.6249 0.400166 4.06566
205 201 195
2 17 710 0 1 1167 0
1.39481 -0.351918 4.66246
152 152 148
2 17 742 0 1 990 0
-0.895955 -0.217235 4.64373
93 86 71
2 17 803 0 1 1160 0
0.294439 0.721976 3.86729
58 61 57
2 17 868 0 1 1313 0
1.44264 -1.26545 5.36712
102 102 100
2 17 908 0 1 955 0
0.590821 -1.77211 5.10041
217 223 205
3 17 54 0 2 43 0 15 60 0
0.630257 -1.81908 5.09935
216 221 205
2 17 60 0 2 25 0
1.01753 -1.66964 4.93328
206 198 169
2 17 145 0 2 465 0
0.054141 1.22456 3.4759
61 63 60
2 17 183 0 2 640 0
1.53754 -0.422041 4.71136
142 138 134
2 17 251 0 2 181 0
1.40027 -0.339485 4.64643
132 131 129
2 17 440 0 2 508 0
1.44665 -0.0117806 4.39364
144 143 137
2 17 504 0 2 565 0
1.44471 -1.27587 5.38
149 148 145
2 17 564 0 2 839 0
0.213763 -0.778844 4.61265
85 85 62
2 17 570 0 2 852 0
1.45373 -0.988427 5.14722
63 65 65
2 17 701 0 2 860 0
1.18327 1.37748 3.32619
99 97 89
2 17 69 0 13 48 0
1.54395 -0.473922 4.74608
92 91 88
2 17 142 0 13 925 0
0.212137 -0.933883 4.87965
91 94 77
2 17 96 0 15 121 0
0.859782 -0.734447 4.73987
196 206 196
2 17 125 0 15 803 0
0.991742 -0.906641 4.86475
54 60 55
2 17 133 0 15 213 0
0.155253 -0.542713 4.51201
66 72 61
2 17 175 0 15 442 0
-2.15823 -0.114459 4.4672
112 112 104
2 17 25 0 16 26 0
0.91221 0.918656 3.66487
123 120 112
2 17 49 0 16 62 0
0.462439 -0.0403623 4.46481
71 76 74
2 17 78 0 16 64 0
0.0422711 -0.812287 4.45634
97 101 80
2 17 106 0 16 104 0
0.0655797 0.816122 3.72157
31 33 27
2 17 122 0 16 128 0
0.272421 -0.961668 4.84512
103 105 85
2 17 132 0 16 144 0
-0.047142 1.12582 3.55627
96 99 98
2 17 135 0 16 133 0
0.597953 -1.13823 5.12025
65 65 46
2 17 136 0 16 140 0
-0.170286 0.681143 3.81502
255 247 212
2 17 143 0 16 108 0
1.26877 -1.4714 5.04516
150 147 140
2 17 150 0 16 181 0
-0.183761 -1.80805 5.84728
167 163 155
2 17 152 0 16 125 0
-0.486559 0.487243 3.72915
115 120 98
2 17 178 0 16 170 0
0.395563 -1.2648 5.19541
74 74 55
2 17 180 0 16 190 0
-2.21959 1.40235 3.38659
139 140 133
2 17 184 0 16 120 0
-0.470331 0.570302 3.90383
126 129 108
2 17 194 0 16 216 0
-1.39488 -3.90398 7.49643
216 216 216
2 17 218 0 16 172 0
-1.39488 -3.90398 7.49643
216 216 216
2 17 219 0 16 171 0
0.258541 -0.728329 4.64335
76 77 56
2 17 227 0 16 192 0
0.252888 -0.767535 4.75539
106 107 86
2 17 230 0 16 230 0
0.782527 1.05295 3.59922
125 121 111
2 17 255 0 16 269 0
1.55749 -0.447313 4.71998
182 176 168
2 17 290 0 16 345 0
1.73569 0.309923 4.13777
205 201 189
2 17 293 0 16 280 0
-0.039313 0.79019 3.4717
103 104 74
2 17 299 0 16 159 0
0.84876 -0.748453 4.68512
50 54 49
2 17 305 0 16 153 0
0.84876 -0.748453 4.68512
50 54 49
2 17 306 0 16 152 0
1.58595 -0.0749282 4.43621
212 210 205
2 17 310 0 16 303 0
1.73004 0.491545 3.98193
107 103 91
2 17 341 0 16 298 0
0.583697 -1.76849 5.00875
238 237 215
2 17 345 0 16 319 0
0.602356 -1.7939 5.0172
229 230 206
2 17 348 0 16 333 0
-0.0730975 1.11709 3.5788
38 40 37
2 17 395 0 16 339 0
-0.0078086 1.05165 3.55592
38 40 36
2 17 417 0 16 246 0
-0.170961 -1.77835 5.80428
161 155 147
2 17 422 0 16 256 0
-0.361045 -1.39497 5.56679
120 114 101
2 17 424 0 16 696 0
-0.0575353 1.10823 3.55091
34 37 35
2 17 426 0 16 481 0
0.466723 -1.15401 4.93682
119 121 99
2 17 446 0 16 576 0
0.466723 -1.15401 4.93682
119 121 99
2 17 447 0 16 577 0
-0.0973535 1.11365 3.55482
37 39 35
2 17 450 0 16 273 0
0.445647 -0.514578 4.46561
152 142 110
2 17 468 0 16 505 0
-0.00623022 -0.258744 4.45685
80 76 54
2 17 492 0 16 373 0
-1.14924 0.691114 3.89395
87 83 71
2 17 516 0 16 259 0
0.423528 0.130254 4.19782
169 176 163
2 17 528 0 16 539 0
0.423528 0.130254 4.19782
169 176 163
2 17 529 0 16 540 0
0.246749 -0.890245 4.69264
150 152 129
2 17 653 0 16 528 0
-0.0419098 1.05357 3.57482
72 76 72
2 17 675 0 16 624 0
0.658035 -1.74637 5.0829
97 97 72
2 17 684 0 16 561 0
-0.168828 -1.79651 5.78009
200 195 189
2 17 688 0 16 708 0
-1.99229 1.56679 3.29617
135 129 121
2 17 699 0 16 487 0
1.44005 -0.337764 4.619
120 120 118
2 17 746 0 16 488 0
-0.220056 0.0309993 4.30869
80 79 56
2 17 775 0 16 590 0
0.59836 -1.75147 5.10296
157 164 148
2 17 863 0 16 782 0
1.25935 -1.41783 5.15353
141 139 136
2 17 913 0 16 566 0
