drews 1.0
15 686
0.522967 0.0278292 -0.0192379
0.852798 0.497114 -0.160982
-0.522128 0.821726 -0.22917
0.0183632 0.279472 0.960288
0.600706 1.17377 -1.48783
0.550054 0.161114 -0.247743
0.647452 0.702346 -0.296789
-0.741736 0.677283 -0.0185477
0.186963 0.231249 0.959607
1.23841 0.598055 -0.972916
0.721714 0.223059 -0.485644
0.423982 0.834082 -0.35332
-0.885055 0.465197 0.0371458
0.195328 0.29691 0.935426
1.9168 0.140146 0.6641
0 0 0
0 0 0
0 0 0
0 0 0
0 0 0
0 0 0
0 0 0
0 0 0
0 0 0
0 0 0
0 0 0
0 0 0
0 0 0
0 0 0
0 0 0
0 0 0
0 0 0
0 0 0
0 0 0
0 0 0
0 0 0
0 0 0
0 0 0
0 0 0
0 0 0
0 0 0
0 0 0
0 0 0
0 0 0
0 0 0
0 0 0
0 0 0
0 0 0
0 0 0
0 0 0
0.743848 0.000430642 0.0456592
-0.241744 -0.970399 0.0132911
0.819757 -0.19657 0.538446
-0.51988 0.141149 0.842864
0.0996033 -2.45989 0.583628
0.723093 0.0169852 0.0161368
0.312729 -0.933122 0.179203
0.869268 0.357011 0.342615
-0.383681 0.0486609 0.922513
-0.639665 -1.60869 0.116747
0.703525 0.0260095 0.0188903
0.694803 -0.710011 0.15153
0.685268 0.71258 0.164345
-0.224797 -0.0103949 0.981366
-0.405168 -0.814731 0.078195
0.721518 0.052474 -0.0292042
0.999556 -0.031692 -0.0136397
0.0320105 0.999326 0.0257836
0.0127907 -0.0262058 0.999643
0.046553 -0.0466323 -0.0143687
0.718362 0.0494568 -0.0208922
0.887482 0.43445 -0.154418
-0.446308 0.893527 -0.051386
0.11565 0.114539 0.98674
0.913348 0.310347 -0.00574905
0.536641 0.198956 4.28676
89 106 105
2 0 159 0 14 279 0
-0.910977 -2.33716 5.31501
39 62 59
4 1 678 0 2 591 0 13 1463 0 14 1118 0
0.783494 -0.603873 4.64571
246 168 139
3 1 771 0 0 313 0 3 1090 0
1.62747 -0.942905 4.94214
153 179 182
9 1 772 0 0 295 0 2 1325 0 3 936 0 4 694 0 5 614 0 6 732 0 13 1085 0 14 1338 0
0.592546 0.202308 4.35732
17 23 22
2 1 799 0 0 200 0
2.75052 -0.22954 4.66508
149 171 161
4 1 824 0 0 333 0 13 604 0 14 771 0
0.734558 -0.498104 4.6039
94 101 97
3 1 829 0 0 328 0 2 1409 0
2.78258 -0.244847 4.6819
22 35 25
11 1 975 0 0 388 0 2 1656 0 3 1304 0 4 1133 0 5 1029 0 6 1599 0 7 2380 0 8 1734 0 13 973 0 14 1062 0
0.802502 -0.453513 4.66903
17 23 22
3 1 980 0 0 449 0 2 717 0
0.832111 -0.611915 4.71047
102 90 98
2 1 1429 0 0 234 0
1.86989 0.00845201 4.54265
164 175 155
5 2 2180 0 0 710 0 6 2216 0 13 1562 0 14 1505 0
1.35256 -1.17794 5.03981
26 31 28
7 2 673 0 1 516 0 3 554 0 4 395 0 5 292 0 14 843 0 13 1214 0
0.983837 -0.332056 4.59656
53 69 67
2 2 784 0 1 1229 0
2.81363 -0.269404 4.59337
170 195 191
6 3 99 0 0 57 0 1 124 0 2 145 0 14 107 0 13 113 0
-1.85758 0.877578 3.67592
48 67 63
8 7 1858 0 6 669 0 8 3191 0 9 4317 0 10 1716 0 11 1509 0 12 2498 0 13 743 0
-0.489967 1.66951 3.24317
39 58 55
7 7 1874 0 6 617 0 8 2184 0 9 3514 0 10 1486 0 11 1518 0 12 2872 0
-0.148617 0.990714 3.69177
126 157 158
5 9 15 0 6 10 0 14 13 0 13 13 0 12 10 0
0.395779 1.506 3.39034
41 53 56
3 10 1016 0 4 1138 0 11 880 0
-0.206987 1.1657 3.54319
19 28 27
3 10 33 0 9 42 0 11 53 0
-0.26059 0.867274 3.71766
22 26 29
2 11 13 0 10 19 0
-0.360817 -0.388736 4.2176
233 189 179
2 11 55 0 12 63 0
0.700541 1.70776 3.06309
87 133 138
3 11 92 0 10 122 0 12 194 0
0.660052 1.6554 3.09867
118 168 176
3 11 100 0 10 130 0 12 157 0
-0.432307 1.03346 3.49387
52 52 49
4 11 121 0 10 154 0 12 195 0 13 192 0
0.551134 1.64014 3.08757
84 129 137
3 11 122 0 10 201 0 12 267 0
-0.0620316 1.32945 3.28553
114 166 179
3 11 136 0 10 210 0 12 150 0
0.55609 1.6186 3.11102
140 193 205
3 11 137 0 10 215 0 12 248 0
1.26829 -0.763829 4.34498
76 109 113
2 11 142 0 12 557 0
-0.101867 1.96798 3.09597
113 162 169
3 11 144 0 10 171 0 12 230 0
0.116057 1.64412 3.15901
27 52 54
3 11 148 0 10 220 0 12 229 0
-0.0473815 1.46558 3.24777
141 196 212
3 11 163 0 10 257 0 12 188 0
-1.41806 0.0765607 4.12765
107 151 160
2 11 167 0 12 161 0
-1.41734 0.140482 4.07539
78 110 114
2 11 175 0 10 227 0
0.391897 1.92324 3.01583
69 112 117
3 11 176 0 10 224 0 12 247 0
0.583769 1.71142 3.06903
72 112 117
3 11 177 0 10 291 0 12 222 0
0.583769 1.71142 3.06903
72 112 117
3 11 178 0 10 290 0 12 223 0
-1.81881 0.368076 3.80996
101 144 153
3 11 185 0 10 151 0 12 234 0
0.47329 1.69193 3.09632
81 126 132
3 11 191 0 10 261 0 12 238 0
0.274823 1.84765 3.07421
65 104 109
3 11 193 0 10 313 0 12 189 0
-0.032958 1.73063 3.12322
132 186 199
3 11 196 0 10 226 0 12 283 0
0.605759 1.72996 3.06481
148 204 216
3 11 200 0 10 273 0 12 227 0
-0.148516 1.53854 3.23576
67 108 114
3 11 225 0 10 285 0 12 217 0
0.393485 1.76436 3.09005
103 153 162
3 11 258 0 10 294 0 12 338 0
-0.6758 1.38973 3.3492
104 132 138
4 11 274 0 10 320 0 12 488 0 13 352 0
-0.371536 1.02518 3.51369
74 101 104
2 11 283 0 10 250 0
-1.69893 0.579264 3.77336
59 88 89
4 11 309 0 10 307 0 12 496 0 13 253 0
-0.454094 1.10143 3.43252
121 162 172
3 11 342 0 10 317 0 12 522 0
-0.31529 1.33386 3.33201
98 143 153
4 11 347 0 10 342 0 12 462 0 13 190 0
-0.0712686 1.58175 3.20885
147 204 218
3 11 360 0 10 486 0 12 394 0
-0.922415 1.7411 3.24253
128 169 179
3 11 370 0 10 529 0 12 498 0
-1.85381 0.828004 3.68677
133 179 188
3 11 380 0 10 455 0 12 305 0
0.207927 1.90277 3.07583
83 127 133
3 11 397 0 10 536 0 12 537 0
-0.040252 1.56751 3.20819
95 144 156
3 11 403 0 10 457 0 12 564 0
-0.0405361 1.56607 3.20778
98 149 161
2 11 404 0 10 456 0
0.00292877 1.57733 3.20864
106 159 172
3 11 444 0 10 613 0 12 678 0
-0.226673 1.80392 3.12876
65 104 108
3 11 451 0 10 849 0 12 672 0
-0.226673 1.80392 3.12876
65 104 108
3 11 452 0 10 848 0 12 673 0
-2.11736 0.367671 3.76473
112 159 169
5 11 456 0 10 784 0 12 629 0 13 262 0 14 178 0
0.465486 1.52938 3.37197
79 119 124
2 11 474 0 10 683 0
-1.86003 0.789962 3.72243
135 181 191
4 11 539 0 10 762 0 12 630 0 13 261 0
-0.0128618 2.01189 3.05556
125 173 178
3 11 549 0 10 915 0 12 707 0
-0.429535 1.72267 3.20758
79 122 129
3 11 563 0 10 638 0 12 1198 0
-0.831558 1.7028 3.25297
138 183 192
3 11 603 0 10 906 0 12 822 0
-0.931705 1.93303 3.15279
142 189 200
3 11 645 0 10 1132 0 12 692 0
0.353068 1.89772 3.04937
98 149 155
3 11 675 0 10 918 0 12 1387 0
-0.69365 1.57755 3.27715
130 176 184
3 11 688 0 10 964 0 12 1426 0
-0.459638 1.63919 3.24987
49 78 79
3 11 695 0 10 1258 0 12 845 0
-0.619886 1.87506 3.16533
125 172 182
3 11 702 0 10 1271 0 12 994 0
0.363463 1.98173 3.00116
96 142 149
3 11 715 0 10 1508 0 12 811 0
-0.508706 1.42348 3.33563
78 118 125
4 11 736 0 10 1360 0 12 713 0 13 330 0
-0.299497 1.99235 3.09434
113 160 166
3 11 772 0 10 1186 0 12 1207 0
-0.625489 1.55529 3.30157
67 102 107
3 11 773 0 10 1280 0 12 1123 0
-0.420147 1.85337 3.1504
140 191 204
3 11 798 0 10 1591 0 12 729 0
-0.418424 1.49761 3.29008
71 107 113
4 11 816 0 10 1190 0 12 1166 0 13 413 0
-0.794648 1.47838 3.30982
67 52 45
3 11 826 0 10 965 0 12 1086 0
-0.634312 1.86683 3.15806
41 70 76
3 11 832 0 10 892 0 12 1724 0
0.306648 1.79735 3.08982
140 193 204
3 11 858 0 10 1283 0 12 1638 0
-0.697198 1.54129 3.31528
116 156 163
3 11 861 0 10 1173 0 12 1577 0
-0.0368484 1.94149 3.10338
81 126 132
3 11 867 0 10 1768 0 12 1414 0
-1.85263 0.667355 3.76946
117 169 181
3 11 869 0 10 1390 0 12 838 0
-0.152046 1.94532 3.0881
132 182 187
3 11 872 0 10 1359 0 12 1250 0
0.18984 1.87269 3.08902
95 142 149
3 11 876 0 10 1457 0 12 1603 0
-0.21935 -2.95785 5.51269
77 113 112
2 11 881 0 12 1639 0
-0.650709 1.36848 3.36728
61 84 87
3 11 897 0 10 1208 0 12 1459 0
-0.376054 1.56324 3.24473
85 126 136
3 11 898 0 10 1265 0 12 1502 0
-0.849223 1.72965 3.24711
132 174 183
3 11 901 0 10 1358 0 12 1315 0
-1.976 0.417666 3.75181
103 150 161
4 11 911 0 10 1059 0 12 1292 0 13 387 0
1.08623 0.820496 3.59203
51 75 71
2 11 921 0 10 995 0
-0.603803 1.53512 3.3006
145 196 208
3 11 922 0 10 1861 0 12 887 0
-0.530531 1.42922 3.33203
138 189 202
3 11 933 0 10 1753 0 12 1500 0
0.156408 1.64385 3.15973
44 74 75
2 11 938 0 10 1369 0
-0.252289 1.74798 3.14899
151 207 222
3 11 969 0 10 2090 0 12 928 0
0.0245981 1.86184 3.10968
23 50 54
3 11 971 0 10 1378 0 12 1773 0
-0.488869 -2.06012 5.29692
123 169 180
2 11 978 0 12 1494 0
-0.359073 1.55125 3.24982
139 190 204
3 11 985 0 10 1413 0 12 1496 0
-0.676164 1.65084 3.27251
133 182 192
3 11 1002 0 10 1470 0 12 1064 0
1.60819 0.845912 3.5541
88 120 112
2 11 1012 0 10 800 0
-0.399006 1.96598 3.10333
23 46 54
3 11 1024 0 10 1808 0 12 1487 0
-0.229464 2.00067 3.0724
34 65 72
3 11 1033 0 10 1382 0 12 1596 0
-0.0653264 1.77801 3.10945
96 148 159
3 11 1037 0 10 1762 0 12 1097 0
-0.0653264 1.77801 3.10945
96 148 159
3 11 1038 0 10 1761 0 12 1096 0
-0.661299 1.93452 3.13368
129 173 183
3 11 1040 0 10 1215 0 12 2386 0
-0.643515 1.49571 3.32182
36 62 61
3 11 1043 0 10 1293 0 12 1531 0
-0.577061 1.4978 3.32376
66 104 109
3 11 1044 0 10 1787 0 12 1153 0
0.495818 1.92552 3.0301
73 119 127
3 11 1051 0 10 1928 0 12 1341 0
-0.411853 1.42545 3.31839
94 142 151
3 11 1064 0 10 1541 0 12 1774 0
-0.611686 1.6473 3.26144
141 190 201
3 11 1065 0 10 2057 0 12 972 0
-0.316433 1.59264 3.23397
96 146 156
3 11 1076 0 10 1575 0 12 1319 0
-0.680596 1.57292 3.29215
30 50 50
3 11 1078 0 10 1050 0 12 1975 0
0.324103 1.79245 3.09189
102 153 163
3 11 1112 0 10 2015 0 12 1540 0
-0.499964 1.48733 3.30772
144 192 204
4 11 1116 0 10 2043 0 12 1142 0 13 386 0
0.418372 1.50294 3.38332
84 122 128
2 11 1138 0 10 1616 0
-0.570091 1.95873 3.12157
61 98 104
3 11 1146 0 10 2188 0 12 945 0
-0.523353 1.45851 3.31921
141 187 197
4 11 1154 0 10 2167 0 12 1307 0 13 405 0
-0.337278 1.61803 3.23374
138 193 207
3 11 1157 0 10 2069 0 12 1599 0
-1.99613 0.612378 3.75492
60 92 92
3 11 1182 0 10 1491 0 12 2225 0
-0.135584 1.75313 3.13044
62 103 111
3 11 1200 0 10 1915 0 12 1456 0
-1.60203 0.551497 3.76353
106 153 164
3 11 1203 0 10 2027 0 12 1619 0
-0.186032 1.17202 3.61118
83 120 128
2 11 1244 0 10 1198 0
-0.67478 1.5294 3.31908
40 62 65
4 11 1250 0 10 1656 0 12 2266 0 13 617 0
0.0463515 1.9805 3.07232
27 58 62
3 11 1259 0 10 1376 0 12 2706 0
0.186065 1.84999 3.09967
119 166 171
3 11 1263 0 10 1752 0 12 1793 0
-0.283049 0.7972 3.60003
173 114 93
3 11 1280 0 10 1047 0 12 4280 0
-0.184236 1.76822 3.12925
133 186 197
3 11 1288 0 10 1543 0 12 2233 0
-0.476247 1.7719 3.19665
29 59 63
3 11 1291 0 10 1862 0 12 2331 0
-2.04048 0.89292 3.70283
49 80 82
4 11 1293 0 10 1534 0 12 1830 0 13 453 0
0.461125 1.55022 3.37248
20 38 40
2 11 1298 0 10 2392 0
-0.440093 1.12648 3.42336
83 123 128
2 11 1306 0 10 1619 0
-0.342971 1.97855 3.10615
35 64 70
3 11 1309 0 10 1451 0 12 2439 0
-0.71364 1.95123 3.13119
32 57 67
3 11 1325 0 10 1494 0 12 2167 0
-0.584224 1.77252 3.20623
140 187 199
3 11 1328 0 10 2185 0 12 1642 0
-2.11924 0.847536 3.72454
133 178 189
3 11 1356 0 10 1603 0 12 2030 0
-0.178475 1.74458 3.14902
34 70 73
3 11 1362 0 10 2037 0 12 1734 0
-0.630198 1.92675 3.15695
123 166 175
3 11 1398 0 10 2244 0 12 1649 0
0.000687647 1.88417 3.10059
69 112 115
3 11 1422 0 10 2326 0 12 2020 0
-0.400107 1.48317 3.29174
137 187 198
4 11 1436 0 10 2233 0 12 2457 0 13 756 0
-0.6491 1.93491 3.15176
26 48 56
3 11 1440 0 10 1956 0 12 2334 0
-0.0512322 1.96619 3.08201
73 117 124
3 11 1447 0 10 1802 0 12 2287 0
-0.887147 1.81217 3.20839
43 72 78
3 11 1463 0 10 1904 0 12 2142 0
-0.689393 1.80943 3.20719
29 51 56
3 11 1484 0 10 2020 0 12 2016 0
-0.457426 1.36385 3.34349
141 191 205
3 11 1503 0 10 2103 0 12 1205 0
-0.457426 1.36385 3.34349
141 191 205
3 11 1504 0 10 2104 0 12 1206 0
-0.357845 1.48113 3.28688
88 134 145
3 11 1505 0 10 1878 0 12 2235 0
-1.85758 0.877578 3.67592
53 79 81
4 11 1507 0 10 1715 0 12 2496 0 13 742 0
-1.85453 0.877151 3.67332
54 82 84
3 11 1508 0 10 1717 0 12 2497 0
-0.457068 2.03787 3.08368
71 111 118
3 11 1510 0 10 2191 0 12 2031 0
-0.242096 1.69415 3.17439
53 89 96
3 11 1527 0 10 2502 0 12 2247 0
-0.468629 1.81203 3.19872
23 50 53
3 11 1548 0 10 2519 0 12 2491 0
-0.217933 1.15658 3.6117
82 120 128
2 11 1579 0 10 2219 0
-0.288702 1.93611 3.11944
34 62 66
3 11 1580 0 10 1958 0 12 2755 0
-2.12823 0.543444 3.72115
105 155 166
4 11 1599 0 10 1755 0 12 2106 0 13 576 0
-0.655943 1.9193 3.14762
120 165 173
3 11 1611 0 10 2083 0 12 2646 0
-0.921074 1.67534 3.27848
82 97 98
3 11 1612 0 10 2055 0 12 3466 0
-2.33161 0.319786 3.79875
100 147 157
5 11 1625 0 10 2192 0 12 1936 0 13 442 0 14 352 0
-0.658293 1.95314 3.14586
42 72 78
3 11 1656 0 10 2045 0 12 2620 0
-0.565983 1.77061 3.20994
77 116 121
3 11 1657 0 10 2475 0 12 2919 0
-2.11342 0.681586 3.70389
94 139 147
4 11 1660 0 10 2097 0 12 2461 0 13 460 0
-0.652967 1.85068 3.16715
68 103 108
3 11 1700 0 10 2170 0 12 4262 0
-0.110868 1.95332 3.09218
121 169 178
3 11 1704 0 10 1896 0 12 2484 0
-0.604559 1.61144 3.27117
140 191 202
3 11 1718 0 10 2144 0 12 2475 0
-0.529251 1.48306 3.31629
76 115 121
4 11 1729 0 10 2333 0 12 2459 0 13 692 0
-0.164779 1.19805 3.61875
74 107 115
2 11 1805 0 10 1747 0
-0.355412 1.86678 3.13902
117 164 171
3 11 1846 0 10 2016 0 12 4314 0
-0.164428 1.9594 3.08672
27 55 60
3 11 1851 0 10 2174 0 12 2143 0
-2.00699 0.627404 3.79234
81 113 115
3 11 1875 0 10 2086 0 12 3576 0
1.2112 -1.0862 4.51255
225 176 157
2 11 1972 0 12 3177 0
1.2141 0.678387 3.68279
171 217 227
2 11 1973 0 10 2453 0
-0.509053 2.00417 3.07995
132 181 191
3 11 2008 0 10 2423 0 12 3216 0
-0.426503 1.12281 3.43661
126 174 182
2 11 2057 0 10 1608 0
-0.686299 1.66991 3.26582
47 76 79
3 11 2133 0 10 2197 0 12 3380 0
-1.98878 0.706105 3.77904
110 149 155
4 12 527 0 10 774 0 13 158 0 14 196 0
-2.10075 0.670554 3.71199
134 180 190
3 12 2455 0 10 2343 0 13 652 0
-2.1 0.671277 3.71054
126 168 175
4 12 2456 0 10 2344 0 13 651 0 14 786 0
-2.09377 0.455976 3.74347
132 177 186
4 12 2797 0 10 2444 0 13 762 0 14 672 0
0.220433 -1.76932 4.95603
146 187 197
2 12 6 0 11 9 0
-0.864877 -0.755722 4.51336
129 183 198
2 12 27 0 11 30 0
-0.316213 -1.19462 4.70892
140 196 214
2 12 46 0 11 47 0
-0.316213 -1.19462 4.70892
140 196 214
2 12 47 0 11 48 0
0.421185 1.59944 3.12637
150 207 221
2 12 85 0 11 75 0
0.521544 0.218336 3.90988
60 95 103
2 12 92 0 11 77 0
-0.571712 1.68773 3.24152
143 195 208
2 12 96 0 11 139 0
-0.60322 1.47367 3.31461
141 191 207
2 12 107 0 11 192 0
-0.440777 1.75163 3.1881
144 197 211
2 12 131 0 11 222 0
-1.62401 0.608987 3.73788
142 192 206
2 12 170 0 11 238 0
0.289736 1.9418 3.04801
60 95 95
2 12 182 0 11 156 0
-0.132339 1.49484 3.24001
142 195 212
2 12 184 0 11 186 0
0.491489 1.614 3.12407
133 184 199
2 12 192 0 11 132 0
1.76926 -0.563738 4.34549
128 186 196
2 12 200 0 11 199 0
-0.956937 1.85129 3.18976
143 188 203
2 12 211 0 11 287 0
0.438542 1.70506 3.09665
155 209 223
2 12 216 0 11 233 0
0.111792 1.92301 3.07618
141 195 202
2 12 224 0 11 201 0
0.114471 1.64464 3.16179
32 55 57
2 12 228 0 11 147 0
-0.967136 1.73324 3.24518
41 40 40
2 12 243 0 11 130 0
-0.257403 1.51242 3.26788
128 180 195
2 12 270 0 11 220 0
0.211531 1.47499 3.19728
129 183 198
2 12 273 0 11 170 0
-2.35383 1.16948 3.57722
34 49 52
2 12 274 0 11 277 0
-0.103028 1.34509 3.28847
145 201 217
2 12 285 0 11 286 0
-0.182519 -3.0598 5.39816
122 172 179
2 12 289 0 11 138 0
-0.174786 1.58682 3.22067
55 87 92
2 12 299 0 11 296 0
-0.399038 1.80172 3.1678
139 190 204
2 12 322 0 11 291 0
0.493592 1.75239 3.08446
89 132 142
2 12 325 0 11 269 0
-1.06183 1.92667 3.15663
145 189 201
2 12 335 0 11 331 0
0.642183 1.77006 3.05083
148 202 218
2 12 365 0 11 355 0
-0.529882 1.35527 3.36396
127 170 182
3 12 368 0 11 305 0 13 150 0
-1.79712 0.432892 3.84933
120 161 171
4 12 370 0 11 428 0 13 131 0 14 144 0
0.597415 1.665 3.07372
132 187 198
2 12 380 0 11 284 0
-2.09741 1.22268 3.54148
150 196 211
2 12 387 0 11 508 0
-2.09741 1.22268 3.54148
150 196 211
2 12 388 0 11 509 0
-0.0717899 1.58212 3.20991
145 200 217
2 12 395 0 11 359 0
0.454315 1.91337 3.02823
59 97 102
2 12 399 0 11 357 0
0.170913 1.70924 3.10042
135 188 201
2 12 402 0 11 337 0
0.671589 1.75238 3.0472
110 163 177
2 12 409 0 11 315 0
0.483185 1.83085 3.0499
110 162 174
2 12 419 0 11 244 0
-0.198629 -2.96312 5.38396
87 131 134
2 12 435 0 11 207 0
0.231495 -2.05779 5.01708
98 132 139
2 12 436 0 11 210 0
-0.39898 1.73875 3.18688
68 109 116
2 12 451 0 11 390 0
-2.18322 1.26098 3.53515
144 190 203
2 12 485 0 11 825 0
-1.70026 0.580459 3.77626
59 86 87
3 12 495 0 11 310 0 13 254 0
-0.273672 1.90641 3.15079
37 67 69
2 12 505 0 11 335 0
0.524189 1.61752 3.11736
112 163 174
2 12 556 0 11 402 0
-0.447023 1.90905 3.13743
48 82 85
2 12 581 0 11 516 0
0.212996 1.67521 3.1493
56 91 95
2 12 604 0 11 350 0
-0.374704 1.39534 3.32653
95 136 146
3 12 621 0 11 406 0 13 290 0
0.308553 1.76768 3.10399
103 154 166
2 12 659 0 11 400 0
-2.31974 0.893835 3.62777
135 181 192
2 12 771 0 11 678 0
-2.31974 0.893835 3.62777
135 181 192
2 12 772 0 11 677 0
-2.21288 0.73768 3.68586
145 192 204
3 12 773 0 11 899 0 13 264 0
-2.21267 0.739356 3.6855
149 200 216
2 12 774 0 11 900 0
-0.643379 1.66441 3.27445
41 64 69
2 12 775 0 11 1060 0
0.363022 1.98105 3.00104
94 138 146
2 12 812 0 11 716 0
-0.166562 1.77545 3.13346
34 61 66
2 12 819 0 11 547 0
-2.10549 1.02219 3.64976
31 51 48
2 12 841 0 11 809 0
-2.43459 0.969745 3.60088
41 71 73
2 12 897 0 11 597 0
0.147831 1.74094 3.104
103 154 168
2 12 901 0 11 701 0
0.147831 1.74094 3.104
103 154 168
2 12 902 0 11 700 0
0.527803 0.27669 3.99205
13 35 35
2 12 908 0 11 542 0
-2.14955 1.14299 3.60961
38 60 57
2 12 920 0 11 1392 0
-0.790075 1.80322 3.20479
150 197 211
2 12 929 0 11 930 0
-0.329359 1.67758 3.22587
135 185 199
2 12 943 0 11 581 0
0.635629 1.72865 3.06101
126 181 195
2 12 947 0 11 766 0
0.635629 1.72865 3.06101
126 181 195
2 12 948 0 11 767 0
-0.827357 1.8745 3.18581
134 181 195
2 12 949 0 11 1381 0
-2.44231 1.28046 3.53997
127 167 174
2 12 960 0 11 769 0
0.0529128 1.96233 3.07685
127 175 183
2 12 964 0 11 552 0
0.151885 1.9983 3.00617
135 181 192
2 12 966 0 11 851 0
-2.47661 1.31397 3.52465
27 44 50
2 12 1002 0 11 670 0
-0.304839 1.72999 3.19699
55 91 96
2 12 1005 0 11 744 0
-0.379453 1.47051 3.292
93 137 149
2 12 1029 0 11 943 0
-2.468 1.34086 3.52841
124 161 166
2 12 1031 0 11 1156 0
-0.699295 1.69583 3.25526
31 51 55
2 12 1044 0 11 936 0
-0.716659 1.68257 3.2565
140 188 200
2 12 1051 0 11 732 0
-0.399845 1.86097 3.16127
32 56 57
2 12 1056 0 11 683 0
-2.43817 1.02706 3.55763
147 197 211
2 12 1075 0 11 1131 0
0.0674438 1.75811 3.13675
147 205 218
2 12 1088 0 11 811 0
-2.02429 1.20956 3.5487
143 184 192
2 12 1115 0 11 1420 0
-2.02429 1.20956 3.5487
143 184 192
2 12 1116 0 11 1419 0
-1.88073 0.730776 3.74867
131 177 189
3 12 1117 0 11 1023 0 13 408 0
-2.43781 1.1684 3.52612
35 55 57
2 12 1139 0 11 902 0
-2.12503 0.99025 3.65483
122 163 169
3 12 1144 0 11 1022 0 13 303 0
-0.163374 1.91535 3.12822
133 185 192
2 12 1231 0 11 1258 0
-0.0758125 1.91998 3.10614
138 187 194
2 12 1244 0 11 862 0
-0.699824 1.64049 3.28737
26 43 45
2 12 1252 0 11 829 0
-0.229138 1.8299 3.12582
78 122 130
2 12 1265 0 11 1500 0
-1.66847 0.550428 3.78334
91 129 140
2 12 1299 0 11 1353 0
-0.296151 1.76515 3.15979
148 201 214
2 12 1335 0 11 1490 0
-0.476211 1.42237 3.32235
144 194 208
2 12 1346 0 11 1977 0
-2.39266 0.98876 3.59414
138 185 199
2 12 1351 0 11 1261 0
-0.214238 2.00667 3.0604
145 196 205
2 12 1360 0 11 734 0
-1.69391 0.709113 3.71431
101 143 154
2 12 1400 0 11 1127 0
-0.126844 1.66226 3.19052
58 95 104
2 12 1406 0 11 591 0
-0.126844 1.66226 3.19052
58 95 104
2 12 1407 0 11 592 0
-2.12306 1.46082 3.42782
65 92 89
2 12 1458 0 11 1304 0
-2.00765 0.954566 3.66125
140 184 191
3 12 1461 0 11 1637 0 13 291 0
-2.23596 1.11274 3.61174
139 182 194
2 12 1507 0 11 1544 0
-0.554893 1.41961 3.34176
48 76 78
2 12 1536 0 11 1160 0
0.295069 1.90687 3.05663
83 125 132
2 12 1539 0 11 724 0
0.0518352 1.91102 3.09347
57 95 95
2 12 1542 0 11 1426 0
0.0518352 1.91102 3.09347
57 95 95
2 12 1543 0 11 1425 0
-2.32421 0.389874 3.79264
123 175 188
2 12 1544 0 11 1155 0
-1.67426 0.666026 3.7223
104 147 157
2 12 1545 0 11 1130 0
0.224511 1.91736 3.06342
135 181 190
2 12 1554 0 11 706 0
0.215802 1.70898 3.13864
85 124 134
2 12 1564 0 11 1175 0
-2.13284 1.0251 3.64254
144 188 201
2 12 1581 0 11 1323 0
-0.22757 1.99806 3.06837
38 66 74
2 12 1595 0 11 1032 0
-0.688275 1.71401 3.23648
43 69 74
2 12 1632 0 11 834 0
-1.93266 0.98389 3.65662
38 60 59
2 12 1646 0 11 1389 0
-0.541196 2.00535 3.08706
146 196 209
2 12 1663 0 11 975 0
-0.485045 1.37292 3.34876
112 161 176
2 12 1690 0 11 894 0
-2.26504 0.823409 3.66996
139 186 198
2 12 1691 0 11 1515 0
-2.33905 0.632299 3.75299
56 95 98
2 12 1701 0 11 1282 0
-2.4048 0.956941 3.60186
51 82 84
2 12 1711 0 11 1497 0
-0.63502 1.8665 3.15851
39 65 71
2 12 1723 0 11 833 0
-0.0996953 1.73015 3.12719
102 153 167
2 12 1740 0 11 1147 0
-0.590439 1.9465 3.12937
134 182 194
2 12 1748 0 11 1102 0
-0.533595 1.70134 3.23978
28 52 54
2 12 1751 0 11 1583 0
-1.97198 1.07656 3.6144
33 51 49
2 12 1755 0 11 1228 0
-0.0827037 1.94078 3.0996
82 126 131
2 12 1761 0 11 680 0
-0.988653 1.95906 3.16085
43 62 72
2 12 1768 0 11 1582 0
-0.747878 1.61194 3.26349
142 191 207
2 12 1777 0 11 1458 0
-2.13633 0.683618 3.69971
141 187 199
3 12 1780 0 11 1364 0 13 398 0
0.419347 1.18987 3.50836
132 186 197
2 12 1792 0 11 776 0
-0.504602 1.98156 3.08663
129 172 185
2 12 1836 0 11 1545 0
-2.09149 0.989457 3.64964
124 163 169
3 12 1839 0 11 890 0 13 461 0
-2.09149 0.989457 3.64964
124 163 169
3 12 1840 0 11 891 0 13 462 0
-2.27779 -0.141408 4.42912
33 51 52
2 12 1870 0 11 958 0
-2.13817 1.39443 3.44331
100 139 146
2 12 1893 0 11 1489 0
-0.915521 2.02917 3.11942
118 162 177
2 12 1900 0 11 1448 0
-0.256481 1.59604 3.23323
148 202 216
2 12 1910 0 11 1320 0
-0.469088 1.39363 3.32536
134 184 196
2 12 1944 0 11 1822 0
-2.16275 1.28018 3.54218
47 67 67
2 12 1954 0 11 1432 0
-2.33353 0.99492 3.59456
129 174 184
2 12 1960 0 11 1405 0
-2.28752 0.814558 3.66871
39 64 66
2 12 1969 0 11 1369 0
-2.28752 0.814558 3.66871
39 64 66
2 12 1970 0 11 1368 0
-2.29987 0.860258 3.64256
137 183 198
2 12 1971 0 11 1214 0
-2.29987 0.860258 3.64256
137 183 198
2 12 1972 0 11 1215 0
-0.755438 1.59384 3.26811
70 105 114
2 12 1994 0 11 1738 0
-0.544576 1.39929 3.34606
131 174 186
3 12 2000 0 11 1511 0 13 520 0
-2.47313 0.958721 3.61559
37 62 65
2 12 2004 0 11 2553 0
-1.14087 2.0203 3.14384
139 181 192
2 12 2010 0 11 1536 0
-2.09106 0.614673 3.71292
91 131 139
3 12 2012 0 11 1550 0 14 335 0
-0.621307 1.98964 3.14228
35 62 68
2 12 2040 0 11 1572 0
-2.34251 1.06776 3.57859
116 155 165
2 12 2042 0 11 1347 0
-0.805838 1.88243 3.18709
34 61 65
2 12 2043 0 11 1085 0
-0.328921 1.63105 3.25271
58 90 96
2 12 2064 0 11 1467 0
-2.14426 0.579666 3.71648
91 132 141
4 12 2071 0 11 1563 0 13 406 0 14 350 0
1.59562 0.216301 4.00366
71 92 85
2 12 2077 0 11 636 0
-2.17187 0.693538 3.69754
90 135 146
2 12 2082 0 11 1754 0
-0.323295 1.97199 3.10366
124 168 178
2 12 2120 0 11 1560 0
-1.992 0.865824 3.70361
48 79 84
2 12 2129 0 11 1451 0
0.296329 1.82884 3.07829
133 182 192
2 12 2157 0 11 887 0
-0.203732 1.94579 3.10364
56 94 98
2 12 2162 0 11 1201 0
-1.98705 1.12599 3.5793
127 162 167
3 12 2191 0 11 1592 0 13 786 0
-0.422311 -2.67357 5.53492
24 42 42
2 12 2227 0 11 520 0
-2.34093 1.34512 3.50488
143 192 201
2 12 2230 0 11 2517 0
-2.02299 1.18627 3.56482
34 49 48
3 12 2241 0 11 1571 0 13 613 0
-0.0319084 1.68319 3.16925
95 137 146
2 12 2242 0 11 1181 0
-2.0648 1.07482 3.60807
34 56 56
3 12 2243 0 11 1924 0 13 654 0
-0.241949 1.69324 3.17342
56 89 99
2 12 2248 0 11 1526 0
-2.38987 0.854537 3.63393
33 66 71
2 12 2252 0 11 1551 0
-0.52222 1.89588 3.15045
25 54 62
2 12 2298 0 11 1870 0
-0.52222 1.89588 3.15045
25 54 62
2 12 2299 0 11 1871 0
-1.75593 0.756744 3.70618
116 165 180
2 12 2317 0 11 2371 0
-1.75593 0.756744 3.70618
116 165 180
2 12 2318 0 11 2372 0
-2.37329 1.15061 3.56355
100 136 144
2 12 2320 0 11 1357 0
-0.502155 1.82601 3.17056
42 68 75
2 12 2322 0 11 2202 0
0.47622 1.92452 3.02632
127 173 180
2 12 2329 0 11 1104 0
0.155134 1.88649 3.08702
130 178 184
2 12 2342 0 11 1132 0
-1.90086 0.960623 3.64572
140 179 187
3 12 2344 0 11 2033 0 13 701 0
-2.23979 0.35288 3.7796
144 190 201
4 12 2365 0 11 2205 0 13 426 0 14 356 0
0.418017 1.16394 3.52365
135 190 205
2 12 2369 0 11 1086 0
-0.910398 1.93592 3.16149
43 70 76
2 12 2375 0 11 1232 0
-0.44619 1.65463 3.24257
137 191 206
2 12 2377 0 11 1937 0
-2.41848 0.755682 3.72252
130 177 187
2 12 2391 0 11 1649 0
-1.07129 -3.41742 5.82063
37 66 65
2 12 2404 0 11 1833 0
-0.242808 1.56716 3.2413
144 194 209
2 12 2426 0 11 1670 0
-1.62973 0.553024 3.76756
139 189 202
2 12 2427 0 11 2286 0
-2.40199 1.20688 3.58496
24 38 42
2 12 2441 0 11 1317 0
-0.144036 2.01643 3.063
121 165 170
2 12 2460 0 11 1727 0
-2.15343 1.06822 3.63522
40 66 64
2 12 2465 0 11 1904 0
-2.17406 1.35515 3.48918
40 66 64
2 12 2485 0 11 1787 0
-1.99911 0.423024 3.74999
134 177 186
4 12 2490 0 11 1741 0 13 789 0 14 595 0
-0.841594 1.92201 3.19213
110 149 160
2 12 2529 0 11 2246 0
-2.17781 1.32702 3.49686
50 71 74
2 12 2531 0 11 1428 0
-0.638392 1.84889 3.18072
25 47 53
2 12 2544 0 11 1988 0
-2.27456 0.867238 3.6488
38 66 68
3 12 2545 0 11 1827 0 13 761 0
1.63102 -0.231122 4.18084
74 90 107
2 12 2547 0 11 1148 0
-0.430826 1.81796 3.17123
37 69 76
2 12 2575 0 11 1746 0
-0.417035 1.88553 3.13905
143 195 206
2 12 2622 0 11 2203 0
-2.24552 0.788041 3.67364
135 179 190
3 12 2627 0 11 2175 0 13 610 0
-2.00156 0.880612 3.69701
129 173 181
2 12 2650 0 11 2050 0
-1.96256 0.912269 3.67871
64 99 102
2 12 2656 0 11 1806 0
-2.47363 0.936907 3.61841
139 187 204
2 12 2666 0 11 1823 0
-0.344516 2.00801 3.0723
71 106 111
2 12 2670 0 11 1164 0
-0.55242 1.71265 3.22719
138 187 201
2 12 2722 0 11 1384 0
-0.574784 1.9281 3.16047
42 71 73
2 12 2738 0 11 1850 0
-1.73825 0.613203 3.767
67 107 114
3 12 2746 0 11 2512 0 13 612 0
-2.22103 0.79777 3.67566
59 92 94
3 12 2760 0 11 1816 0 13 681 0
-0.439199 1.44786 3.31394
110 162 175
2 12 2799 0 11 2044 0
-2.30034 0.931435 3.62626
114 153 162
2 12 2805 0 11 1751 0
-0.263801 1.79123 3.14587
59 98 105
2 12 2808 0 11 1896 0
-0.692986 1.43181 3.35545
33 46 50
2 12 2837 0 11 1441 0
-2.22311 0.857252 3.66818
119 160 168
3 12 2848 0 11 2005 0 13 837 0
-0.47222 2.04114 3.08009
138 188 201
2 12 2917 0 11 2414 0
2.09506 -0.563264 4.21452
100 131 115
2 12 2935 0 11 1413 0
-2.35698 0.984158 3.59164
51 84 89
2 12 2945 0 11 2256 0
-0.336538 1.76978 3.19009
135 184 195
2 12 2952 0 11 2306 0
-0.134257 2.03421 3.0629
47 79 80
2 12 2965 0 11 1965 0
-2.23154 0.824259 3.66306
76 114 120
3 12 2987 0 11 2322 0 13 618 0
-2.042 1.19975 3.54688
32 49 49
3 12 2997 0 11 1781 0 13 659 0
-0.860399 2.032 3.13943
34 56 64
2 12 3026 0 11 1453 0
-0.0783003 1.80417 3.10747
119 172 187
2 12 3046 0 11 2359 0
-2.44575 -0.175836 4.35741
32 61 65
2 12 3048 0 11 1693 0
-0.608217 -3.60881 5.69396
52 79 78
2 12 3049 0 11 1221 0
-0.334769 1.99706 3.08015
102 144 149
2 12 3066 0 11 1948 0
-0.0999999 1.71211 3.1365
113 163 179
2 12 3069 0 11 1786 0
-0.0992133 1.9802 3.07948
125 171 179
2 12 3139 0 11 2527 0
-0.6313 1.39887 3.36742
49 73 76
3 12 3184 0 11 2048 0 13 966 0
-2.33357 1.40095 3.49308
59 90 92
2 12 3186 0 11 2053 0
-0.674612 1.43619 3.35266
102 130 135
3 12 3198 0 11 2443 0 13 958 0
-2.41479 0.986589 3.5896
42 67 67
2 12 3213 0 11 1856 0
-2.04553 1.15653 3.55978
82 116 121
2 12 3243 0 11 2262 0
-2.25619 0.757393 3.68871
135 183 195
2 12 3246 0 11 2218 0
-2.25382 0.755741 3.68669
132 176 186
3 12 3247 0 11 2217 0 13 957 0
-2.28147 1.04852 3.66629
93 127 131
2 12 3257 0 11 1778 0
-0.121275 1.78929 3.11882
91 143 151
2 12 3287 0 11 2083 0
-1.86542 0.577896 3.81996
98 137 146
4 12 3309 0 11 2567 0 13 1151 0 14 551 0
-0.281169 1.98622 3.09606
50 83 90
2 12 3310 0 11 2172 0
0.173449 1.84921 3.11722
39 68 72
2 12 3313 0 11 2131 0
-1.97181 0.67815 3.80223
122 166 178
3 12 3328 0 11 2588 0 13 1099 0
-1.81732 0.854137 3.67629
87 124 132
2 12 3392 0 11 2525 0
-1.93501 0.637102 3.79682
66 95 99
4 12 3408 0 11 2245 0 13 1022 0 14 1156 0
-2.4849 1.19948 3.49079
42 69 74
2 12 3426 0 11 2269 0
-2.25342 1.25508 3.54941
126 167 175
2 12 3446 0 11 2574 0
-2.48048 1.07368 3.54089
132 180 191
2 12 3453 0 11 2440 0
-1.79908 0.85319 3.69583
78 103 104
4 12 3474 0 11 2486 0 13 1245 0 14 802 0
-2.03562 1.17625 3.55479
124 158 164
3 12 3481 0 11 2078 0 13 1137 0
-2.12658 0.653101 3.70827
100 139 149
4 12 3491 0 11 2419 0 13 826 0 14 604 0
-2.48414 1.08533 3.53115
54 86 95
2 12 3505 0 11 2490 0
-0.682001 1.54309 3.31766
112 150 161
2 12 3522 0 11 2289 0
-1.91305 0.876786 3.68081
50 83 85
3 12 3528 0 11 2290 0 13 1064 0
0.230337 2.02493 3.02597
29 59 60
2 12 3561 0 11 1808 0
-2.26475 0.844602 3.66072
70 103 108
3 12 3567 0 11 2071 0 13 1116 0
-2.04119 0.817762 3.74253
73 108 113
3 12 3587 0 11 2291 0 13 872 0
-0.600262 1.59798 3.28622
40 71 77
2 12 3604 0 11 2228 0
-0.327696 1.87523 3.15049
44 77 80
2 12 3606 0 11 1921 0
-2.33996 0.839933 3.64994
134 176 185
2 12 3624 0 11 2370 0
1.92578 -0.622616 4.25364
23 52 49
2 12 3631 0 11 2231 0
-2.26717 0.723054 3.70057
139 189 202
2 12 3669 0 11 2394 0
-0.56409 1.74044 3.22398
105 144 152
2 12 3678 0 11 2385 0
-2.45624 1.26135 3.53366
31 57 60
2 12 3685 0 11 2304 0
0.0407412 2.03248 3.02585
57 95 99
2 12 3716 0 11 2451 0
-1.92763 -0.686076 4.92051
26 38 46
2 12 3725 0 11 2611 0
-0.703866 -2.25232 5.27972
54 85 85
2 12 3760 0 11 2380 0
-0.169662 1.63662 3.21768
91 137 148
2 12 3782 0 11 2088 0
-2.31679 1.07702 3.60781
77 102 105
2 12 3796 0 11 1680 0
-0.111346 1.71858 3.13244
133 184 199
2 12 3854 0 11 2191 0
-2.39706 1.13518 3.54605
44 72 77
2 12 3855 0 11 2464 0
-1.02974 -3.43849 5.77943
50 83 81
2 12 3861 0 11 1601 0
-0.143322 1.9106 3.12326
97 147 154
2 12 3913 0 11 2355 0
-2.1995 0.817877 3.68139
75 109 118
3 12 3945 0 11 2523 0 13 1163 0
-0.334835 1.96396 3.11024
40 69 74
2 12 3947 0 11 2400 0
-2.30904 0.827432 3.65662
125 168 179
2 12 3953 0 11 2287 0
-0.820965 0.134065 3.94411
191 126 91
2 12 3987 0 11 2121 0
-0.128381 2.01329 3.06757
38 71 74
2 12 3992 0 11 2356 0
-1.88488 0.958495 3.65244
58 81 83
3 12 4047 0 11 1992 0 13 1298 0
-0.183444 1.82401 3.12198
106 158 170
2 12 4092 0 11 2278 0
-0.849036 1.67255 3.29465
91 118 123
2 12 4195 0 11 2212 0
0.054803 1.92656 3.085
113 157 161
2 12 4226 0 11 2424 0
-0.694173 1.81505 3.19179
123 167 176
2 12 4233 0 11 2427 0
0.363891 1.99731 2.9945
116 162 167
2 12 4239 0 11 2260 0
-0.19903 1.92522 3.13047
119 163 170
2 12 4592 0 11 2324 0
-0.280035 1.75632 3.15634
100 150 163
2 12 4653 0 11 2554 0
-1.83333 0.485811 3.82216
122 162 169
3 13 242 0 11 575 0 14 136 0
-1.86914 0.481908 3.82611
22 31 30
3 13 357 0 11 953 0 14 330 0
-1.65931 0.670127 3.73481
125 162 171
2 13 706 0 11 2397 0
-0.40119 1.10199 3.53037
96 130 136
2 13 43 0 12 50 0
-0.335497 1.40056 3.32273
138 183 197
2 13 88 0 12 256 0
0.475161 1.22712 3.56353
114 162 173
2 13 102 0 12 130 0
-2.12495 1.10488 3.59643
138 180 191
2 13 156 0 12 555 0
-0.290946 1.38699 3.3176
90 129 135
2 13 161 0 12 357 0
-1.93988 0.266611 3.79206
84 114 119
3 13 178 0 12 430 0 14 108 0
-1.97474 0.834097 3.71506
136 180 190
2 13 184 0 12 575 0
-1.97611 0.270133 3.78174
149 192 202
3 13 187 0 12 515 0 14 124 0
-1.79323 0.801859 3.73832
128 165 175
3 13 195 0 12 608 0 14 173 0
-0.350258 1.36026 3.35371
140 186 197
2 13 196 0 12 460 0
-0.350258 1.36026 3.35371
140 186 197
2 13 197 0 12 459 0
-1.8979 0.478988 3.79977
100 134 142
2 13 210 0 12 424 0
-0.615201 1.42728 3.3309
128 167 177
2 13 216 0 12 489 0
-1.91541 1.07155 3.59941
136 174 182
2 13 225 0 12 597 0
-1.57147 0.292801 4.14881
99 126 131
2 13 269 0 12 632 0
-1.90744 0.649387 3.79047
123 161 169
3 13 273 0 12 778 0 14 255 0
-0.356317 1.46077 3.30085
135 178 189
2 13 276 0 12 571 0
-0.356317 1.46077 3.30085
135 178 189
2 13 277 0 12 570 0
-1.84016 0.961597 3.65954
132 169 179
2 13 283 0 12 975 0
-0.470358 1.47583 3.29865
79 114 122
2 13 307 0 12 722 0
-2.03185 0.610717 3.72434
60 89 88
2 13 308 0 12 580 0
-2.04159 0.424578 3.74084
138 184 196
2 13 314 0 12 706 0
-2.05479 1.23699 3.54015
43 54 52
2 13 324 0 12 529 0
-1.80474 0.575415 3.81058
114 156 169
2 13 336 0 12 1324 0
-0.195234 1.49795 3.26296
136 182 194
2 13 354 0 12 1103 0
-0.491264 1.22664 3.42798
74 103 106
2 13 355 0 12 669 0
-0.380799 1.47132 3.29441
94 133 142
2 13 370 0 12 1028 0
-2.29894 0.649667 3.72524
137 185 194
2 13 372 0 12 2865 0
-1.92996 0.98476 3.65319
41 57 57
2 13 393 0 12 1645 0
-2.11641 1.34113 3.49148
46 62 65
2 13 395 0 12 1644 0
-0.214544 1.50773 3.25779
85 124 133
2 13 397 0 12 867 0
-2.23938 0.575841 3.72506
141 183 190
3 13 399 0 12 2316 0 14 363 0
-1.87936 0.99065 3.62383
129 162 169
2 13 404 0 12 1754 0
-2.14564 0.580496 3.71926
87 124 131
3 13 407 0 12 2070 0 14 349 0
-1.68188 0.552742 3.80372
84 114 121
2 13 411 0 12 1298 0
-0.418479 1.49708 3.28983
72 106 111
2 13 414 0 12 1165 0
-2.03209 0.743613 3.7677
121 160 169
2 13 420 0 12 1009 0
-2.03586 0.933338 3.67731
54 82 83
2 13 440 0 12 1403 0
-2.32859 0.320412 3.7933
92 132 140
3 13 443 0 12 1937 0 14 351 0
-1.95449 0.63026 3.79334
116 155 162
2 13 459 0 12 1312 0
-2.14904 1.01123 3.6394
32 52 55
2 13 484 0 12 2123 0
-1.99077 0.306109 3.78574
108 148 156
3 13 485 0 12 1845 0 14 507 0
-0.576526 1.5202 3.29565
69 97 102
2 13 489 0 12 2571 0
-2.02269 0.915067 3.68688
126 165 173
2 13 492 0 12 2038 0
-2.12966 0.907051 3.70066
117 154 160
2 13 498 0 12 2778 0
-2.01639 0.630944 3.74614
73 100 101
2 13 512 0 12 871 0
-2.22611 0.763377 3.68342
64 92 96
2 13 515 0 12 2097 0
-2.18964 0.628811 3.6949
143 189 200
2 13 519 0 12 1884 0
-2.21535 0.878438 3.67896
64 89 91
2 13 533 0 12 1226 0
-2.23292 0.619307 3.71379
66 103 107
2 13 539 0 12 2597 0
-0.476257 1.50247 3.29153
125 166 178
2 13 548 0 12 2073 0
-2.01617 1.14738 3.56864
54 75 75
2 13 551 0 12 3583 0
-2.38182 0.541912 3.79637
77 113 119
2 13 552 0 12 3099 0
-2.22556 1.085 3.61433
124 159 166
2 13 555 0 12 3222 0
-2.32484 0.707862 3.71407
132 175 186
2 13 582 0 12 3550 0
-1.99433 1.04315 3.62584
128 162 170
2 13 586 0 12 2368 0
-2.13199 1.37008 3.47124
44 58 60
2 13 589 0 12 2639 0
-1.73363 0.718593 3.73018
132 172 184
2 13 600 0 12 1775 0
-0.530075 1.39091 3.35914
91 129 137
2 13 608 0 12 1758 0
-2.07921 1.1082 3.5814
67 101 106
2 13 629 0 12 3739 0
-1.89625 0.796128 3.7282
93 127 134
2 13 631 0 12 2450 0
-2.07088 1.03168 3.63382
129 163 168
2 13 664 0 12 3215 0
-1.8546 0.898281 3.67539
133 172 181
2 13 667 0 12 4101 0
-2.2175 0.79652 3.67019
58 88 90
2 13 680 0 12 2761 0
-2.23807 0.716562 3.69301
81 119 128
2 13 697 0 12 2860 0
-0.54697 1.48904 3.31492
129 171 180
2 13 712 0 12 2449 0
-1.9188 0.908447 3.65745
130 169 178
2 13 715 0 12 2817 0
-1.84878 0.863933 3.68625
121 153 157
3 13 720 0 12 2709 0 14 904 0
-0.439117 1.44972 3.31315
103 145 155
2 13 727 0 12 2798 0
-2.18119 0.771727 3.69612
125 165 174
2 13 739 0 12 885 0
-2.14751 0.55048 3.71016
138 184 195
2 13 745 0 12 2533 0
-2.01482 1.03847 3.62871
50 71 73
2 13 757 0 12 3553 0
-2.01482 1.03847 3.62871
50 71 73
2 13 758 0 12 3554 0
-2.14716 1.2999 3.52007
118 150 153
2 13 760 0 12 3084 0
-2.21107 1.12834 3.60177
45 72 72
2 13 765 0 12 2324 0
-0.496922 1.50631 3.29627
85 119 127
2 13 769 0 12 2871 0
-2.16858 0.695017 3.69389
84 121 129
2 13 781 0 12 2081 0
-2.10958 1.31927 3.4956
123 153 158
2 13 782 0 12 3208 0
-2.14693 0.653198 3.70882
131 170 178
3 13 787 0 12 3484 0 14 760 0
-2.10445 0.932864 3.66644
128 165 172
2 13 796 0 12 3413 0
-2.10445 0.932864 3.66644
128 165 172
2 13 797 0 12 3412 0
-2.19888 0.602951 3.71135
102 147 157
2 13 798 0 12 3327 0
-1.86901 0.951109 3.67076
55 79 77
2 13 802 0 12 3894 0
-2.05121 0.97138 3.66305
128 166 173
2 13 806 0 12 3480 0
-2.05121 0.97138 3.66305
128 166 173
2 13 807 0 12 3479 0
-2.0159 1.06509 3.61044
130 165 170
2 13 810 0 12 3121 0
-1.95354 0.862338 3.70173
71 99 104
2 13 811 0 12 4339 0
-2.21465 0.571094 3.72189
85 122 128
3 13 854 0 12 3347 0 14 560 0
-2.00162 1.09511 3.58931
124 158 163
2 13 859 0 12 3557 0
-1.97297 0.948101 3.6533
56 79 83
2 13 865 0 12 3789 0
-2.05867 0.946848 3.66557
128 165 173
2 13 867 0 12 4097 0
-2.04211 0.81809 3.74409
72 105 111
2 13 871 0 12 3586 0
-2.20045 0.660698 3.70015
140 184 195
2 13 884 0 12 3995 0
-1.81322 0.89617 3.67625
37 55 55
2 13 885 0 12 3267 0
-0.431557 1.4306 3.32005
118 159 168
2 13 889 0 12 2675 0
-2.24653 0.898425 3.63568
98 136 145
2 13 901 0 12 3963 0
-1.97525 1.08225 3.59506
113 145 150
2 13 903 0 12 3533 0
-2.05565 0.91617 3.68547
123 161 168
2 13 926 0 12 3638 0
-2.2791 0.754415 3.67236
135 174 184
2 13 937 0 12 3544 0
-1.81794 0.881025 3.69331
113 141 144
3 13 941 0 12 4170 0 14 803 0
-2.23023 0.902566 3.63889
129 167 176
2 13 950 0 12 3941 0
-2.10787 1.3004 3.51133
112 143 147
2 13 965 0 12 4082 0
-2.28651 0.785586 3.66436
134 174 181
2 13 971 0 12 4007 0
-2.26478 0.759276 3.67905
52 86 93
2 13 996 0 12 4141 0
-2.26478 0.759276 3.67905
52 86 93
2 13 997 0 12 4142 0
-2.16639 0.621143 3.70879
138 183 194
2 13 1017 0 12 3780 0
-2.04801 1.06295 3.60739
115 153 155
2 13 1030 0 12 3771 0
-2.18735 0.696398 3.69299
138 183 195
2 13 1035 0 12 4438 0
-2.18735 0.696398 3.69299
138 183 195
2 13 1036 0 12 4439 0
-0.546152 1.55028 3.28408
76 111 118
2 13 1059 0 12 3396 0
-2.15432 1.08953 3.61003
62 92 95
2 13 1074 0 12 4402 0
-2.21591 0.661882 3.69575
89 132 142
2 13 1081 0 12 4373 0
-2.05682 0.887249 3.69724
124 164 169
2 13 1103 0 12 3482 0
-2.09695 0.856568 3.72003
63 96 100
2 13 1109 0 12 4236 0
-2.09695 0.856568 3.72003
63 96 100
2 13 1110 0 12 4237 0
-2.10314 0.914642 3.69505
68 104 109
2 13 1112 0 12 4343 0
-2.10314 0.914642 3.69505
68 104 109
2 13 1113 0 12 4344 0
-2.43223 0.344959 3.80229
137 179 187
3 13 1121 0 12 4640 0 14 931 0
-1.96326 1.14344 3.57184
116 143 143
2 13 1128 0 12 4245 0
-1.98434 1.14971 3.574
51 66 67
2 13 1131 0 12 3891 0
-2.05826 1.18608 3.54945
66 89 94
2 13 1195 0 12 4455 0
-2.16845 0.726341 3.69538
112 151 157
2 13 1223 0 12 4286 0
-2.01306 1.1095 3.57704
94 121 126
2 13 1226 0 12 4426 0
-2.25266 0.86522 3.64536
106 141 149
2 13 1227 0 12 4114 0
-1.94944 1.06106 3.61342
65 91 96
2 13 1244 0 12 4665 0
-1.96703 1.0354 3.62203
72 100 104
2 13 1253 0 12 4555 0
-2.21113 0.817439 3.67294
118 156 161
2 13 1256 0 12 3901 0
-2.08973 0.940669 3.67549
56 89 95
2 13 1260 0 12 4598 0
-2.21492 0.902934 3.63939
77 110 113
2 13 1264 0 12 4234 0
-2.11943 0.974608 3.66917
54 84 90
2 13 1283 0 12 4622 0
-2.13351 1.28557 3.53257
100 126 128
2 13 1302 0 12 4535 0
-2.13351 1.28557 3.53257
100 126 128
2 13 1303 0 12 4536 0
-2.15876 0.71268 3.69673
120 160 169
2 13 1314 0 12 4292 0
-2.17762 1.10532 3.61939
105 139 145
2 13 1344 0 12 3997 0
-2.20557 0.793853 3.67917
118 157 163
2 13 1352 0 12 4133 0
-1.98989 1.01098 3.6385
105 139 143
2 13 1361 0 12 4393 0
-2.15972 1.07179 3.62155
111 144 150
2 13 1365 0 12 4644 0
-1.90402 0.894126 3.66877
134 169 178
2 13 1377 0 12 4575 0
-0.658905 1.4076 3.36484
63 87 89
2 13 1405 0 12 3530 0
-0.658905 1.4076 3.36484
63 87 89
2 13 1406 0 12 3529 0
1.2397 0.682229 3.89778
130 159 159
2 13 1503 0 12 2687 0
-2.19951 0.886186 3.68739
58 78 77
2 13 1541 0 12 4128 0
1.95663 0.457652 4.34198
33 52 44
2 13 1784 0 12 4072 0
0.583232 0.269824 4.32956
71 91 91
2 14 296 0 0 153 0
0.0588571 0.332576 4.16372
65 66 60
2 14 532 0 0 232 0
0.0257713 0.288834 3.97946
58 60 57
2 14 533 0 12 1409 0
-0.0683074 -0.203145 4.38177
63 65 65
2 14 566 0 0 249 0
0.0417447 0.306737 4.16871
56 42 37
2 14 712 0 0 362 0
-2.39424 -0.170144 4.31157
95 119 118
3 14 899 0 0 605 0 13 1738 0
-2.39263 -0.152135 4.31818
64 88 85
3 14 1237 0 0 634 0 13 1757 0
-0.427599 -0.349218 4.39883
224 151 124
2 14 1315 0 0 533 0
0.957193 -0.590746 4.83557
93 109 110
2 14 287 0 1 424 0
-2.34377 0.466624 3.74557
143 188 199
2 14 112 0 12 953 0
-2.62247 -0.262106 3.93518
88 124 129
2 14 116 0 12 534 0
-2.48686 -1.5933 8.70586
126 162 170
2 14 147 0 12 720 0
-2.39532 0.293713 3.79799
81 119 124
2 14 201 0 12 875 0
-2.53041 0.112032 3.83778
107 149 157
2 14 211 0 12 862 0
-2.0906 0.582895 3.72209
89 125 132
3 14 248 0 12 1049 0 13 377 0
-2.63704 0.342106 3.80393
128 169 176
2 14 249 0 12 1275 0
-2.58636 0.383748 3.79454
69 104 105
2 14 258 0 12 1268 0
-5.08455 1.51957 8.42923
131 171 180
2 14 315 0 13 1050 0
-2.65379 0.372273 3.79709
126 168 172
2 14 345 0 12 2139 0
-2.14206 0.442999 3.74449
140 183 190
3 14 355 0 12 1929 0 13 376 0
-2.72068 0.18678 3.81921
104 146 154
2 14 365 0 12 3190 0
-2.73933 0.195951 3.81417
141 187 195
2 14 372 0 12 2628 0
-2.42708 0.29981 3.80173
137 178 186
2 14 485 0 12 2734 0
-1.90093 0.831213 3.70802
103 136 140
2 14 494 0 12 2216 0
-2.35902 0.521392 3.74856
71 100 104
2 14 505 0 12 3337 0
-2.33925 0.355069 3.79403
94 131 137
2 14 535 0 12 3717 0
-2.721 0.310015 3.781
83 120 127
2 14 553 0 12 3390 0
-2.721 0.310015 3.781
83 120 127
2 14 554 0 12 3389 0
-2.44884 0.259123 3.82872
132 174 183
2 14 557 0 12 2835 0
-2.51191 0.393093 3.79248
127 169 179
2 14 611 0 12 2839 0
-2.78999 0.279264 3.78643
136 177 185
2 14 632 0 12 3304 0
-2.49022 0.49421 3.78085
84 117 122
2 14 634 0 12 3045 0
-2.62808 0.412175 3.78437
82 120 124
2 14 668 0 12 4463 0
-2.7488 0.330304 3.77473
73 110 113
2 14 671 0 12 4229 0
-2.62467 0.370383 3.78709
89 128 134
2 14 716 0 12 4588 0
-2.58317 0.438089 3.78043
121 159 165
2 14 718 0 12 3145 0
-1.93724 0.621829 3.81283
53 77 78
2 14 727 0 12 3054 0
-2.70792 0.319269 3.78632
124 165 169
2 14 738 0 12 3221 0
0.0275932 -0.289019 1.68515
90 115 127
2 14 1063 0 12 116 0
-1.21241 -0.446131 4.65683
136 171 177
2 14 1 0 13 15 0
-2.15033 -0.583665 4.46084
148 185 191
2 14 8 0 13 14 0
-0.840848 -2.2358 5.36646
130 166 168
2 14 48 0 13 63 0
-0.679803 -2.24058 5.49791
119 156 164
2 14 58 0 13 69 0
-2.31394 -1.70845 4.94361
166 205 209
2 14 73 0 13 95 0
-1.81142 -1.8949 5.28353
133 170 177
2 14 126 0 13 259 0
-1.88707 0.518655 3.80898
33 45 45
2 14 130 0 13 110 0
1.65924 -1.60021 5.17091
129 157 162
2 14 148 0 13 182 0
-2.30204 -0.547473 4.39132
128 160 163
2 14 162 0 13 175 0
-2.15578 0.478304 3.7535
81 112 112
2 14 189 0 13 284 0
-2.15576 0.382236 3.76207
142 181 189
2 14 208 0 13 239 0
-2.11602 0.43674 3.75301
81 112 114
2 14 214 0 13 343 0
0.0250841 0.656396 4.0323
87 116 123
2 14 242 0 13 260 0
-1.72232 0.674576 3.74353
122 155 159
2 14 262 0 13 316 0
-1.63153 0.746742 3.67635
124 156 161
2 14 265 0 13 356 0
-2.17185 0.476581 3.72371
139 179 185
2 14 286 0 13 333 0
-2.13961 0.441185 3.73956
136 175 178
2 14 354 0 13 375 0
-1.87661 0.635193 3.78012
94 126 128
2 14 392 0 13 472 0
-1.87661 0.635193 3.78012
94 126 128
2 14 393 0 13 471 0
-1.76861 0.763728 3.7261
93 122 126
2 14 448 0 13 717 0
-1.76861 0.763728 3.7261
93 122 126
2 14 449 0 13 716 0
-1.68054 0.700994 3.73899
123 154 157
2 14 499 0 13 523 0
-0.537972 -1.11557 5.03029
16 26 28
2 14 527 0 13 572 0
-1.86816 0.546925 3.82416
110 143 149
2 14 544 0 13 902 0
-1.74995 0.829127 3.71809
124 149 155
2 14 549 0 13 561 0
-2.16352 0.582371 3.70412
131 167 172
2 14 575 0 13 735 0
-1.64598 0.549693 3.78326
123 155 158
2 14 609 0 13 567 0
-2.44137 -0.18632 4.33416
99 132 134
2 14 622 0 13 1077 0
-2.19603 0.49385 3.7358
109 147 153
2 14 737 0 13 1219 0
-1.87894 0.427499 3.8419
71 93 90
2 14 759 0 13 1420 0
-1.7609 0.870922 3.70575
93 113 113
2 14 782 0 13 792 0
3.10034 -1.06893 4.99893
147 169 143
2 14 785 0 13 820 0
-2.55737 -2.28596 5.54692
41 63 65
2 14 804 0 13 1014 0
-2.31197 0.389511 3.77847
105 138 141
2 14 808 0 13 1060 0
2.32633 0.412304 4.35425
34 53 40
2 14 839 0 13 873 0
-1.83246 0.862195 3.70011
69 90 88
2 14 844 0 13 939 0
1.87746 -1.96781 5.3462
145 173 172
2 14 853 0 13 504 0
-2.19038 0.654309 3.70878
90 119 123
2 14 854 0 13 1312 0
-1.57392 0.354462 4.15416
32 36 34
2 14 909 0 13 850 0
-1.75482 0.79178 3.71795
98 125 130
2 14 921 0 13 1235 0
-2.15764 0.662744 3.70597
90 122 126
2 14 925 0 13 1374 0
-1.8727 -1.83791 5.40686
38 53 59
2 14 1007 0 13 1192 0
-1.87768 0.529805 3.83963
42 63 67
2 14 1122 0 13 1859 0
-1.98919 0.725899 3.76998
79 109 111
2 14 1293 0 13 1438 0
-1.77697 0.823362 3.71233
116 144 146
2 14 1368 0 13 1732 0
-0.637234 1.45228 3.47403
81 98 97
2 14 1375 0 13 1699 0
2.46097 -1.21141 5.25198
101 128 128
2 14 1394 0 13 1958 0
2.46093 -1.33458 5.41214
16 27 21
2 14 1443 0 13 1444 0
-1.79539 0.876884 3.70276
96 118 117
2 14 1501 0 13 1717 0
