drews 1.0
18 634
0.842052 0.0985285 -0.13987
0.999922 0.0154725 -0.00542586
-0.0155027 0.999913 -0.00852181
0.00528648 0.00861008 0.999974
0.0162376 0.0127966 0.00575186
4.08401 -666.269 149226
-0.913643 0.220046 -0.354351
-0.411608 -0.333459 0.849329
0.0686506 0.921533 0.395763
1.50816 -3.98407 20.1401
0.838418 0.10924 -0.209831
-0.664703 0.585596 -0.465179
-0.590524 -0.028179 0.807122
0.459414 0.811266 0.364393
2.13081 -4.00461 3.11349
0.84675 0.0650753 -0.0976326
-0.360293 0.732737 -0.577329
-0.742091 0.149897 0.65336
0.565269 0.663838 0.489742
2.85746 -3.28891 2.59861
0.854536 0.0772332 -0.141235
-0.0312943 0.777667 -0.627919
-0.816828 0.342259 0.464627
0.576229 0.527402 0.624529
2.98781 -2.5154 2.00292
0.860628 0.0843372 -0.0322713
0.362063 0.73961 -0.567387
-0.758332 0.58785 0.282242
0.542249 0.328039 0.773736
2.72188 -1.8302 1.67479
0.857859 0.12903 -0.294674
0.683431 0.573134 -0.45219
-0.572035 0.8053 0.156031
0.453587 0.152034 0.87821
2.37118 -1.18257 0.990055
0.851259 0.0980642 -0.199002
0.930387 0.271561 -0.246408
-0.272567 0.961681 0.0308052
0.245331 0.0384818 0.968733
1.50534 -0.5378 0.556823
0.850138 0.116855 -0.199178
1.00002 -0.00826292 0.00691079
0.00810467 1.00006 0.0108323
-0.00699597 -0.0107777 1.00005
0.265345 -0.478512 0.474852
0.846779 0.116232 -0.182154
0.999208 0.00462988 0.0416891
-0.00499164 1.00002 0.0101287
-0.0416466 -0.0103026 0.999168
-0.100089 -0.427478 0.248194
0.880679 0.106582 -0.162921
0.961747 -0.134823 0.238942
0.136233 0.990694 0.0105779
-0.238121 0.0223555 0.971062
-1.03246 -0.119106 0.338616
0.880246 0.149357 -0.389855
0.791983 -0.422076 0.441468
0.430113 0.898759 0.0876161
-0.433655 0.120414 0.893314
-1.95811 -0.629725 0.543788
0.866386 0.11667 -0.118349
0.407917 -0.687339 0.601197
0.690871 0.663117 0.288853
-0.597185 0.297515 0.745352
-2.58111 -1.73127 1.42569
0.805813 0.00443916 0.131188
-0.0127113 -0.74488 0.667454
0.764505 0.423247 0.48648
-0.644712 0.516415 0.564195
-2.54222 -2.68156 1.95481
0.639885 -0.00199035 -0.0349618
-0.469059 -0.300753 0.830898
0.816215 0.214615 0.537534
-0.339813 0.930146 0.145225
-3.24432 -2.69752 3.07411
0 0 0
0 0 0
0 0 0
0 0 0
0 0 0
0 0 0
0 0 0
0 0 0
0 0 0
0 0 0
0.435839 1.73215 -4.58778
-0.99669 -0.0463992 0.0721572
0.0517167 -1.00672 0.021005
0.0717126 0.0246639 1.00577
-0.215203 0.0770353 -1.84695
1.56083 0.00250531 4.20467
253 235 187
2 2 23 0 3 15 0
0.272805 -0.0765295 4.4949
133 122 89
2 2 24 0 1 30 0
-0.376216 0.136741 4.57598
77 68 44
2 2 201 0 3 415 0
-1.65274 0.0180863 4.29589
204 200 169
2 2 204 0 3 150 0
-0.58856 0.234418 4.49067
85 79 52
3 2 214 0 3 158 0 4 328 0
0.172869 0.176637 4.19576
118 113 82
3 2 340 0 1 170 0 3 311 0
0.380213 -0.144501 4.56722
116 111 84
3 2 392 0 1 509 0 3 335 0
0.37071 -0.122203 4.54376
122 115 86
6 2 418 0 1 498 0 3 441 0 4 467 0 5 836 0 6 1088 0
1.05125 0.20871 4.46071
157 146 111
2 2 488 0 3 586 0
1.83231 -0.690154 5.5191
240 233 220
2 2 621 0 13 304 0
1.18117 -0.548325 5.42305
108 102 90
3 2 718 0 3 652 0 16 191 0
0.190564 -0.126607 4.5581
178 171 138
3 3 568 0 2 559 0 4 731 0
-0.677144 -0.717541 5.46588
150 145 132
2 3 695 0 2 673 0
-0.340106 0.0147634 4.51941
55 53 39
2 3 5 0 2 4 0
-1.66192 0.00734041 4.36123
217 201 156
3 3 24 0 2 22 0 4 40 0
-0.578419 0.199353 4.38452
111 106 75
2 3 29 0 2 19 0
-0.578419 0.199353 4.38452
111 106 75
2 3 30 0 2 20 0
-0.996442 0.464267 4.32016
197 186 149
2 3 48 0 2 51 0
-0.996442 0.464267 4.32016
197 186 149
2 3 49 0 2 52 0
-1.21152 0.363399 4.433
170 158 122
3 3 53 0 2 137 0 4 51 0
-1.21152 0.363399 4.433
170 158 122
3 3 54 0 2 136 0 4 52 0
-0.207302 -0.122 4.57027
183 176 144
2 3 76 0 2 123 0
-0.510232 0.153099 4.54482
137 131 101
2 3 95 0 2 122 0
1.49372 0.138426 4.42061
69 67 52
2 3 98 0 2 78 0
1.43463 -0.432841 4.55295
135 130 118
2 3 117 0 2 290 0
0.28436 0.103345 4.45638
163 153 120
2 3 125 0 2 256 0
-0.872488 0.423085 4.31813
93 87 63
2 3 147 0 2 186 0
-0.666536 0.170817 4.54061
155 149 114
2 3 159 0 2 228 0
1.74168 -0.160755 5.13904
108 104 94
2 3 162 0 4 119 0
-0.972594 0.473788 4.34736
116 108 78
2 3 195 0 2 138 0
1.05299 -0.443129 5.34167
98 91 79
2 3 200 0 2 104 0
-1.89097 -0.125312 4.46208
122 118 100
4 3 204 0 2 412 0 4 170 0 5 275 0
-1.11581 0.321924 4.46894
136 126 91
3 3 211 0 2 236 0 4 246 0
-0.625574 -0.581149 5.36008
125 116 100
2 3 213 0 2 155 0
-0.885406 0.46671 4.3153
151 138 104
3 3 217 0 2 313 0 4 308 0
-0.989652 -0.847682 5.56127
87 81 69
3 3 223 0 2 168 0 17 340 0
0.625749 1.20488 3.92842
177 178 178
3 3 238 0 2 221 0 4 159 0
1.76935 -0.152764 5.11898
205 201 193
2 3 241 0 4 291 0
-1.18007 0.377012 4.41505
136 126 90
2 3 253 0 2 279 0
-1.18007 0.377012 4.41505
136 126 90
2 3 254 0 2 280 0
0.119554 0.298013 4.19357
139 131 98
3 3 266 0 2 306 0 4 425 0
-0.416125 0.132145 4.53001
104 97 68
2 3 277 0 2 218 0
1.54064 -0.602651 5.47521
105 98 86
2 3 294 0 2 289 0
-1.56659 -0.00460035 4.43324
137 131 95
2 3 297 0 2 520 0
0.16957 0.172189 4.19445
119 113 83
2 3 312 0 2 341 0
1.23079 -0.428429 5.33238
215 205 192
2 3 332 0 2 269 0
1.23079 -0.428429 5.33238
215 205 192
2 3 333 0 2 268 0
1.02864 0.195916 4.4703
223 209 171
3 3 354 0 2 317 0 4 673 0
-1.20699 0.346784 4.44565
128 117 82
3 3 361 0 2 540 0 4 331 0
-0.661065 0.238134 4.50173
187 175 140
6 3 384 0 2 509 0 4 180 0 5 239 0 6 320 0 7 246 0
1.02304 -0.432611 5.31865
188 177 164
2 3 396 0 2 301 0
0.508232 1.1776 3.94055
182 183 182
2 3 399 0 2 797 0
-0.36307 0.12732 4.51155
92 89 67
2 3 412 0 2 378 0
1.03529 -0.3498 5.25899
186 177 163
2 3 488 0 2 448 0
-0.617504 -0.597535 5.38267
116 109 95
2 3 557 0 2 397 0
1.46943 -0.274382 4.42358
235 216 172
2 3 665 0 2 544 0
1.46943 -0.274382 4.42358
235 216 172
2 3 666 0 2 545 0
-0.633996 -0.555553 5.33108
134 124 109
2 3 714 0 2 840 0
-0.471109 0.153592 4.36604
184 172 133
2 3 715 0 2 521 0
0.234285 0.143215 4.31552
158 147 112
2 4 5 0 2 2 0
-1.1633 0.372105 4.42559
171 159 123
4 4 187 0 2 495 0 3 218 0 5 337 0
0.187924 0.305706 4.19522
192 180 144
2 4 199 0 2 170 0
0.732663 -0.125339 4.43827
47 47 31
2 4 4 0 3 7 0
1.16472 0.377831 4.31006
159 150 113
2 4 12 0 3 12 0
-1.66113 0.00717203 4.36041
213 198 153
2 4 41 0 3 23 0
-0.850508 0.331582 4.43962
142 134 103
2 4 50 0 3 31 0
-1.2603 -0.293343 4.56705
166 152 114
2 4 56 0 3 37 0
1.05652 0.445124 4.2498
150 136 95
2 4 86 0 3 64 0
1.22415 0.446065 4.23313
82 77 51
2 4 87 0 3 109 0
-0.236697 0.0383895 4.45025
180 169 136
2 4 126 0 3 85 0
-0.241265 0.0344632 4.44647
204 191 153
5 4 127 0 3 86 0 5 176 0 6 233 0 7 119 0
-0.229934 -0.0644784 4.53935
210 196 161
5 4 128 0 3 66 0 5 203 0 6 173 0 7 123 0
-0.928645 0.476917 4.30081
84 80 50
2 4 154 0 3 74 0
0.627963 1.20674 3.92906
172 172 169
2 4 158 0 3 239 0
1.0015 0.192789 4.60702
117 112 89
2 4 164 0 3 212 0
-1.89179 -0.126224 4.46096
119 115 97
3 4 171 0 3 203 0 5 274 0
-0.381523 -0.135919 4.58605
188 177 143
2 4 177 0 3 154 0
-0.0423305 0.273743 4.23106
147 136 101
2 4 200 0 3 201 0
-1.25289 0.377868 4.4221
136 124 88
2 4 204 0 3 300 0
1.76935 -0.152764 5.11898
195 192 182
2 4 292 0 3 240 0
-1.20492 0.349378 4.44712
126 113 77
3 4 332 0 3 360 0 5 497 0
-1.33041 0.170851 4.60568
111 102 70
2 4 348 0 3 370 0
-1.20145 0.428544 4.37408
129 119 84
2 4 387 0 3 268 0
0.563121 0.0542983 4.14985
208 203 177
2 4 451 0 3 236 0
0.194744 0.101015 4.36672
138 126 91
2 4 470 0 3 593 0
-1.39211 0.420065 4.39859
165 156 117
2 4 476 0 3 527 0
0.0894667 0.308936 4.19122
144 135 102
2 4 524 0 3 406 0
-1.26935 0.445213 4.37116
131 121 85
2 4 572 0 3 627 0
-0.25449 -0.138042 4.58955
149 134 99
3 4 689 0 3 671 0 5 798 0
0.978922 0.203547 4.46413
253 246 194
2 4 718 0 3 409 0
-0.621229 0.227192 4.50565
139 131 101
2 4 844 0 3 501 0
0.229227 -0.0604493 4.50162
187 176 139
3 4 913 0 3 584 0 5 1001 0
-1.87474 1.09035 3.87484
127 126 120
7 5 28 0 0 22 0 4 15 0 8 38 0 3 18 0 9 24 0 10 53 0
-2.3348 0.70558 4.15974
124 126 123
9 5 172 0 0 302 0 3 100 0 2 251 0 6 207 0 7 282 0 8 386 0 9 425 0 10 659 0
-1.81669 0.748827 4.15704
88 91 88
7 5 227 0 0 217 0 6 259 0 7 279 0 8 283 0 9 308 0 10 466 0
-1.76653 0.780538 4.13079
137 138 135
8 5 293 0 0 316 0 4 191 0 6 292 0 7 315 0 8 378 0 9 461 0 10 777 0
-2.34642 -0.633281 7.22812
95 92 80
2 0 722 0 10 1067 0
0.240528 1.15853 3.93651
138 137 134
3 5 537 0 0 406 0 10 925 0
0.240156 1.1584 3.93596
127 127 124
2 5 538 0 0 405 0
0.410692 1.15279 3.95048
155 155 154
8 5 637 0 0 323 0 8 414 0 9 511 0 10 451 0 11 275 0 12 436 0 13 1021 0
-0.456481 0.153458 4.5413
60 56 35
2 5 59 0 4 46 0
0.0845513 -0.364028 4.74949
113 119 97
2 5 89 0 4 89 0
-0.450014 -0.121299 4.58006
220 205 167
2 5 106 0 4 74 0
1.88088 -0.341938 5.29175
115 114 107
2 5 163 0 4 91 0
1.22085 0.30177 4.37025
184 170 133
2 5 195 0 4 101 0
-0.616264 0.193058 4.52711
226 207 162
3 5 221 0 4 138 0 6 297 0
-0.586414 0.051075 4.78564
170 157 123
2 5 231 0 4 402 0
1.14665 0.378185 4.30542
203 188 148
2 5 291 0 4 394 0
-1.83339 0.142153 4.19112
189 185 155
2 5 317 0 4 123 0
0.0334092 -0.972719 5.73742
231 226 225
2 5 326 0 4 83 0
-0.0514635 -0.475005 5.29574
137 133 130
2 5 330 0 4 97 0
-0.313486 -0.195073 4.63685
224 208 171
3 5 356 0 4 223 0 6 432 0
-0.908346 0.27484 4.49762
197 182 143
2 5 420 0 4 250 0
-0.279713 -0.896811 5.64771
238 232 234
2 5 439 0 4 190 0
-0.591751 0.0143743 4.67844
73 66 42
3 5 466 0 4 314 0 6 538 0
0.0488889 -0.231942 4.64895
213 197 160
2 5 480 0 4 210 0
0.257856 0.0859032 4.38077
193 174 136
2 5 501 0 4 366 0
-0.334368 -1.00997 5.74623
232 225 227
2 5 509 0 4 274 0
-0.618974 0.0534704 4.63376
182 170 135
4 5 516 0 4 701 0 6 373 0 7 340 0
-0.571528 0.216345 4.51004
129 120 89
2 5 526 0 4 410 0
-1.2835 0.190944 4.58851
189 177 140
3 5 533 0 4 454 0 6 561 0
-1.37296 0.380583 4.42886
185 173 134
2 5 559 0 4 385 0
-1.37296 0.380583 4.42886
185 173 134
2 5 560 0 4 386 0
-0.193732 -0.218199 4.6444
217 202 166
4 5 561 0 4 319 0 6 464 0 7 410 0
-0.08008 -0.281108 4.69303
215 201 164
2 5 564 0 4 248 0
0.00891111 0.255129 4.24951
162 144 106
2 5 576 0 4 369 0
0.229696 0.118617 4.35248
226 205 165
3 5 596 0 4 284 0 6 788 0
-1.10489 0.276462 4.50589
193 178 139
2 5 617 0 4 485 0
-1.05909 0.391723 4.40656
127 115 80
2 5 618 0 4 523 0
-0.623152 -0.555148 5.32075
80 75 69
3 5 650 0 4 554 0 6 1240 0
-0.623152 -0.555148 5.32075
80 75 69
3 5 651 0 4 553 0 6 1241 0
-1.36418 0.0471957 4.70009
67 64 41
3 5 653 0 4 277 0 6 1230 0
-1.09769 0.151985 4.60676
178 163 127
2 5 656 0 4 440 0
-0.38863 -0.944204 5.67814
223 217 218
2 5 660 0 4 258 0
-0.0703892 -0.232612 4.65781
225 209 173
3 5 673 0 4 426 0 6 888 0
-0.236859 0.168594 4.33021
154 138 100
2 5 705 0 4 367 0
-1.66785 0.789742 4.13547
57 60 55
5 5 711 0 4 354 0 6 488 0 7 404 0 8 264 0
-0.342971 -0.163667 4.61301
160 143 108
2 5 718 0 4 364 0
0.0243315 0.210382 4.28396
173 154 115
4 5 762 0 4 655 0 6 745 0 7 668 0
-0.840214 0.190369 4.56025
205 188 152
3 5 768 0 4 668 0 6 977 0
-1.32143 0.381169 4.42908
155 141 103
2 5 778 0 4 560 0
-0.961055 0.257544 4.51248
204 188 150
3 5 788 0 4 599 0 6 1159 0
-1.22872 0.275241 4.50377
199 187 149
2 5 802 0 4 510 0
-1.29139 0.380206 4.42508
156 142 105
2 5 822 0 4 666 0
-1.79124 -0.22369 4.52571
169 159 127
2 5 834 0 4 256 0
-1.8704 -0.0181234 4.35335
152 150 120
2 5 846 0 4 492 0
0.356627 0.10499 4.35641
213 192 151
3 5 874 0 4 638 0 7 931 0
0.356326 0.104779 4.35635
224 202 160
4 5 875 0 4 639 0 6 1061 0 7 930 0
0.633085 1.24678 3.89641
189 182 176
6 5 907 0 4 544 0 9 289 0 10 241 0 11 300 0 12 461 0
-1.16831 0.195107 4.56806
170 155 117
2 5 920 0 4 522 0
-0.0884088 -0.309841 4.71664
153 143 112
2 5 942 0 4 558 0
-0.195659 0.156393 4.34035
205 189 150
2 5 944 0 4 728 0
-1.19406 0.403427 4.40423
172 158 123
2 5 996 0 4 590 0
-0.111503 0.23673 4.26826
212 194 156
2 5 1029 0 4 685 0
1.09123 0.0097535 4.65319
79 79 59
3 5 1034 0 4 586 0 6 650 0
-1.45261 0.0752302 4.69854
105 100 68
2 5 1058 0 4 923 0
-0.414666 1.62619 3.52794
109 106 100
9 5 1065 0 4 885 0 6 1033 0 7 662 0 8 579 0 9 611 0 10 639 0 11 1204 0 16 1029 0
-0.793406 0.302862 4.47295
194 180 144
2 5 1086 0 4 730 0
1.32583 0.289402 4.34483
83 80 61
2 0 132 0 10 257 0
-1.19115 -2.21991 6.61786
97 97 94
6 6 43 0 0 57 0 7 66 0 8 61 0 9 47 0 10 40 0
-0.143303 -0.352951 4.72268
110 113 91
3 6 95 0 0 89 0 5 70 0
-1.70248 0.324731 4.04261
162 160 132
2 0 250 0 9 535 0
0.259184 0.133686 4.34093
180 161 124
5 6 249 0 0 196 0 5 194 0 7 163 0 8 332 0
-0.28503 -0.178293 4.61757
158 147 114
7 6 789 0 0 466 0 5 491 0 4 238 0 7 691 0 8 723 0 10 507 0
-0.28503 -0.178293 4.61757
158 147 114
7 6 790 0 0 467 0 5 492 0 4 237 0 7 690 0 8 722 0 10 508 0
0.632555 -0.322915 3.99361
89 85 75
2 9 478 0 8 499 0
-1.27176 0.178791 4.5952
124 115 83
2 6 982 0 3 346 0
-0.944705 0.265175 4.51319
200 185 148
2 6 486 0 4 168 0
-0.686329 0.275789 4.47936
172 158 121
2 6 853 0 4 815 0
1.56201 -0.0922043 4.32258
211 198 157
5 6 867 0 4 514 0 7 387 0 8 156 0 9 155 0
-1.20585 0.24494 4.53364
145 134 100
3 6 1094 0 4 732 0 7 886 0
-0.315056 -0.21181 4.63476
235 218 180
2 6 56 0 5 42 0
-0.248965 -0.260551 4.67564
253 235 199
2 6 57 0 5 35 0
0.124537 0.135657 4.33645
238 210 172
2 6 73 0 5 76 0
-1.09972 0.302997 4.47477
221 203 165
2 6 96 0 5 85 0
-1.78942 0.227114 4.13937
206 200 170
2 6 134 0 5 112 0
0.737557 -0.261548 4.42945
186 194 177
2 6 141 0 5 419 0
-0.850328 0.313586 4.46608
166 148 109
2 6 156 0 5 108 0
-0.944883 -0.0132443 4.73677
50 49 30
2 6 165 0 5 186 0
-0.664485 0.0403993 4.64893
225 208 168
2 6 168 0 5 149 0
0.0581622 0.333039 3.9891
248 238 205
2 6 184 0 5 180 0
-1.65007 0.742636 4.17486
96 104 106
2 6 217 0 5 201 0
-1.64748 0.746984 4.18142
111 116 119
3 6 218 0 5 202 0 11 785 0
-0.911141 0.245147 4.51254
151 136 101
3 6 235 0 5 128 0 7 339 0
-0.638153 -0.0688361 4.73036
122 125 110
3 6 237 0 5 674 0 7 146 0
-1.15956 0.103113 4.6569
154 144 112
2 6 238 0 5 215 0
-0.715618 -0.0762388 4.72179
57 59 45
2 6 244 0 5 723 0
-0.605064 -0.0785935 4.72833
132 136 123
2 6 245 0 5 286 0
-1.31045 0.138198 4.64867
153 142 111
2 6 247 0 5 177 0
-0.821139 0.289843 4.47669
217 201 162
2 6 263 0 5 130 0
-0.276839 -0.155586 4.60353
235 214 175
2 6 273 0 5 171 0
-1.02175 0.243951 4.52054
178 160 121
2 6 280 0 5 261 0
-1.41735 1.22087 3.7975
137 136 131
5 6 286 0 5 495 0 7 296 0 8 235 0 10 561 0
-0.246031 -0.108656 4.56331
200 179 141
2 6 315 0 5 249 0
0.800162 -0.0247454 4.65956
62 64 44
2 6 329 0 5 338 0
-0.264265 0.0827554 4.41322
213 193 150
2 6 354 0 5 331 0
0.879509 -0.0260395 4.65457
67 68 52
2 6 355 0 5 482 0
-0.93248 0.232844 4.53235
204 189 152
3 6 368 0 5 225 0 7 351 0
0.195005 0.0765167 4.38292
223 203 163
3 6 379 0 5 265 0 7 298 0
-0.245173 -0.263386 4.68286
252 234 197
2 6 381 0 5 279 0
-0.691177 -0.0563494 4.73176
105 104 83
5 6 402 0 5 548 0 7 234 0 9 208 0 10 368 0
0.427598 0.00372381 4.60766
154 155 136
2 6 404 0 5 580 0
-1.82254 -0.188498 4.51385
186 173 140
2 6 408 0 5 223 0
-0.796604 0.255507 4.50535
225 207 168
2 6 417 0 5 306 0
-0.292662 0.0633355 4.41846
244 223 181
2 6 418 0 5 248 0
-1.21537 0.208793 4.56559
181 167 130
2 6 424 0 5 220 0
-1.21537 0.208793 4.56559
181 167 130
2 6 425 0 5 219 0
-0.75187 0.158029 4.57406
196 178 138
2 6 426 0 5 342 0
-1.33816 0.183726 4.59394
203 189 153
2 6 428 0 5 361 0
-1.0691 0.167997 4.58677
202 186 150
2 6 442 0 5 313 0
-1.11515 0.323266 4.47086
168 153 116
2 6 483 0 5 449 0
0.80774 -0.306126 4.46962
235 213 169
2 6 497 0 5 132 0
-0.485869 1.72197 3.44846
193 191 185
6 6 508 0 5 738 0 7 330 0 9 325 0 8 310 0 11 629 0
0.0778294 0.185438 4.3004
233 209 165
3 6 546 0 5 359 0 7 650 0
-1.17652 0.263454 4.52616
220 202 164
2 6 551 0 5 430 0
-1.25792 0.286623 4.52026
215 199 160
2 6 559 0 5 453 0
-1.3375 0.323472 4.47959
214 198 159
2 6 560 0 5 376 0
-0.648578 0.0798105 4.64369
244 226 188
2 6 572 0 5 649 0
-0.818286 0.186243 4.56194
221 203 163
2 6 583 0 5 375 0
-0.146769 -0.327422 4.74299
184 177 149
2 6 589 0 5 426 0
-0.220138 0.145066 4.34862
189 169 129
3 6 593 0 5 373 0 7 499 0
-0.220138 0.145066 4.34862
189 169 129
3 6 594 0 5 374 0 7 498 0
-0.599747 -0.576194 5.3351
183 180 177
2 6 612 0 5 407 0
-0.0230733 0.191671 4.30337
187 166 126
3 6 627 0 5 592 0 7 632 0
-1.65776 0.756575 4.16513
45 48 44
2 6 630 0 5 757 0
-1.36225 0.320917 4.48507
212 197 159
2 6 631 0 5 378 0
-1.56896 -0.203251 4.54941
210 218 202
2 6 658 0 5 609 0
-1.36704 0.201108 4.58631
206 192 156
2 6 667 0 5 479 0
-1.02615 0.225817 4.55263
222 205 165
2 6 691 0 5 801 0
-1.64807 0.700264 4.20612
107 114 114
3 6 704 0 5 694 0 7 923 0
-1.64864 0.700341 4.20532
113 117 116
3 6 705 0 5 693 0 9 629 0
-1.69763 -0.403099 4.70873
186 176 145
2 6 741 0 5 878 0
0.7891 -0.329724 4.48943
245 225 185
3 6 802 0 5 457 0 7 577 0
-1.36348 0.139533 4.63958
168 159 127
2 6 803 0 5 820 0
-0.775258 0.265041 4.49882
196 179 138
2 6 871 0 5 623 0
-0.775258 0.265041 4.49882
196 179 138
2 6 872 0 5 624 0
-0.0566446 -0.33198 4.74578
118 121 94
2 6 917 0 5 348 0
-1.20042 0.254804 4.52076
209 192 154
2 6 949 0 5 702 0
-1.26934 0.177827 4.59331
132 120 85
2 6 983 0 5 696 0
-1.37996 0.215254 4.5679
159 144 109
2 6 1006 0 5 742 0
-1.37996 0.215254 4.5679
159 144 109
2 6 1007 0 5 741 0
-0.137801 0.182354 4.31968
248 227 186
2 6 1012 0 5 900 0
0.189695 0.0994093 4.3616
175 152 112
2 6 1020 0 5 897 0
-1.04302 0.156654 4.59452
174 157 120
2 6 1101 0 5 804 0
-1.19837 0.104419 4.65354
157 148 116
2 6 1102 0 5 725 0
-0.0901268 -0.321678 4.72942
192 186 156
2 6 1108 0 5 939 0
-0.690509 0.128391 4.61172
214 195 153
2 6 1131 0 5 933 0
-0.103706 0.192128 4.30824
231 206 163
2 6 1132 0 5 951 0
0.384631 0.138747 4.31426
201 175 132
2 6 1134 0 5 1093 0
-0.248269 0.0120013 4.45224
218 207 175
2 6 1147 0 5 853 0
-1.07436 0.331534 4.45975
181 168 132
2 6 1180 0 5 1008 0
-0.261863 0.102887 4.3947
239 219 178
2 6 1200 0 5 1060 0
-1.42585 -2.16605 6.55338
84 84 80
5 7 7 0 0 14 0 6 9 0 8 19 0 9 20 0
-0.591512 -2.39953 6.78583
141 139 137
5 7 27 0 0 39 0 8 74 0 9 57 0 10 61 0
-1.42392 -2.02933 6.43441
149 150 148
4 7 30 0 0 51 0 10 59 0 12 56 0
-2.05967 -2.04059 6.40799
105 105 101
5 7 45 0 0 61 0 8 78 0 9 70 0 10 109 0
-2.05967 -2.04059 6.40799
105 105 101
5 7 46 0 0 62 0 8 77 0 9 71 0 10 108 0
-0.75804 -2.14151 6.57172
104 105 102
5 7 53 0 0 59 0 6 28 0 8 75 0 10 90 0
1.45124 0.341625 3.92941
236 224 188
4 7 63 0 0 38 0 8 47 0 10 28 0
-0.755289 -2.2715 6.64614
108 108 105
4 7 80 0 0 77 0 8 83 0 10 112 0
-0.755768 -2.27414 6.6515
102 102 98
6 7 81 0 0 76 0 6 45 0 8 82 0 9 105 0 10 113 0
-0.750149 -2.21419 6.62845
123 123 120
6 7 82 0 0 64 0 6 38 0 8 65 0 9 73 0 10 92 0
-1.34902 -0.0378186 4.59484
73 72 53
2 7 109 0 0 81 0
-1.96119 -1.91769 6.30008
122 120 116
6 7 157 0 0 212 0 8 223 0 9 284 0 10 387 0 11 434 0
-1.97307 0.715447 4.17142
83 84 81
5 7 186 0 0 237 0 8 245 0 9 515 0 10 785 0
-1.973 0.715695 4.17087
85 87 84
7 7 187 0 0 238 0 8 244 0 9 514 0 6 278 0 5 333 0 10 784 0
-1.35826 0.654736 4.25674
121 126 124
6 7 194 0 0 145 0 9 262 0 8 215 0 10 324 0 6 135 0
-1.35777 0.654847 4.24906
108 112 109
3 7 195 0 0 146 0 9 263 0
-0.407657 -0.14099 4.59064
153 147 116
5 7 197 0 0 175 0 8 195 0 9 221 0 10 306 0
-1.97118 -2.03358 6.41473
145 143 139
5 7 205 0 0 235 0 8 265 0 9 326 0 10 723 0
-1.6425 0.721493 4.18147
67 67 62
3 7 217 0 0 119 0 10 265 0
-1.64266 0.722248 4.1822
54 56 53
5 7 218 0 0 120 0 8 188 0 9 211 0 10 266 0
-1.65029 0.740865 4.16856
85 88 84
4 7 242 0 0 219 0 8 294 0 9 408 0
-0.59656 0.0152194 4.65844
64 64 42
2 7 265 0 0 364 0
-1.62856 0.775095 4.14363
129 131 129
7 7 360 0 0 286 0 8 365 0 9 420 0 10 821 0 6 444 0 5 421 0
-1.62856 0.775095 4.14363
129 131 129
7 7 361 0 0 287 0 8 364 0 9 421 0 10 822 0 6 445 0 5 422 0
-2.6446 -2.11531 6.45676
101 102 98
5 7 382 0 0 291 0 8 263 0 9 534 0 10 788 0
-1.74385 0.784294 4.13182
64 64 59
4 7 476 0 0 543 0 9 711 0 10 1012 0
-2.15056 -1.33154 5.81356
98 96 91
5 7 514 0 0 390 0 8 533 0 9 795 0 10 874 0
-1.63691 0.75295 4.16082
44 46 42
6 7 596 0 0 519 0 6 536 0 5 626 0 8 643 0 9 784 0
-1.63689 0.752847 4.16076
45 47 43
5 7 597 0 0 518 0 9 783 0 6 537 0 5 627 0
-1.82122 0.760785 4.14235
46 47 42
3 7 633 0 0 510 0 9 782 0
0.0862715 0.21854 4.28773
154 143 109
2 7 664 0 0 514 0
-0.550608 1.27916 3.80134
142 141 136
6 7 680 0 0 339 0 8 552 0 5 993 0 9 527 0 10 709 0
0.580642 0.205781 2.53159
217 203 164
2 0 150 0 10 273 0
-0.214359 -0.105308 4.51766
161 152 121
2 0 642 0 8 706 0
0.0504657 1.24489 3.86098
210 207 202
6 7 882 0 0 496 0 8 721 0 9 686 0 10 801 0 11 887 0
-0.277817 -0.27373 4.69099
200 192 160
3 7 969 0 0 714 0 6 1029 0
0.378655 -0.15171 4.57368
77 78 56
2 7 245 0 5 95 0
0.310613 0.139062 4.33204
186 161 116
2 7 402 0 5 542 0
0.393685 0.105242 4.35204
234 210 167
3 7 520 0 5 979 0 6 1104 0
-0.811244 0.821361 4.1554
110 111 109
2 7 618 0 5 1092 0
-0.268769 -0.151044 4.59766
217 199 160
2 7 941 0 5 811 0
-0.334677 -0.00644745 4.53057
42 41 29
2 7 4 0 6 6 0
-0.964627 -0.164414 4.63092
135 141 126
2 7 64 0 6 76 0
-0.221915 -0.0636318 4.55538
217 202 168
2 7 124 0 6 172 0
-0.205265 -0.0535832 4.53809
36 39 29
2 7 201 0 6 603 0
0.227003 0.0324916 4.42965
217 200 158
2 7 221 0 6 388 0
1.15703 -0.0252677 4.63159
54 52 37
2 7 241 0 6 339 0
-0.655759 0.118681 4.6032
205 193 156
2 7 263 0 6 353 0
0.656429 -0.0625443 4.65567
162 167 150
2 7 313 0 6 998 0
0.374489 0.0863193 4.36831
201 175 132
2 7 329 0 6 335 0
-0.61758 0.0846363 4.60997
200 186 151
2 7 362 0 6 369 0
-0.261842 0.146975 4.35086
199 181 141
2 7 374 0 6 646 0
1.00285 0.244304 4.42981
240 215 169
2 7 512 0 6 607 0
-0.206154 -0.285143 4.69668
217 207 172
2 7 537 0 6 628 0
1.05419 -0.0271447 4.65602
60 60 43
2 7 541 0 6 786 0
0.236244 -0.0571562 4.51181
209 195 157
2 7 637 0 6 1167 0
0.236244 -0.0571562 4.51181
209 195 157
2 7 638 0 6 1168 0
-1.39172 0.637799 4.27721
100 105 102
2 7 643 0 6 524 0
-0.456841 0.766332 4.22365
113 118 114
2 7 842 0 6 1077 0
-1.20708 0.244754 4.5297
152 141 107
2 7 887 0 6 1093 0
-1.72737 0.29239 4.22387
114 116 94
2 7 940 0 6 713 0
-1.51003 0.318492 4.0758
137 140 112
2 7 962 0 6 836 0
-0.309628 -0.19475 4.63525
217 204 168
2 7 963 0 6 773 0
-0.466137 -0.180757 4.62438
200 189 154
2 7 986 0 6 1195 0
1.21546 0.0147591 4.54875
74 72 52
4 8 12 0 0 10 0 9 14 0 11 7 0
-2.0701 -1.45015 5.9142
144 140 135
5 8 14 0 0 8 0 9 12 0 11 15 0 12 23 0
0.544798 -0.140411 4.59231
69 72 55
4 8 18 0 0 16 0 9 19 0 10 20 0
0.93496 -0.0319299 4.63453
93 92 74
3 8 20 0 0 18 0 9 21 0
-1.83463 0.296878 4.15217
144 142 115
2 8 33 0 0 30 0
-1.7477 -0.104832 4.53879
166 158 123
3 8 41 0 0 42 0 9 34 0
-0.97633 -2.20473 6.59047
122 122 123
3 8 44 0 0 47 0 10 58 0
0.498287 -0.203313 4.6004
124 131 115
3 8 49 0 0 36 0 9 46 0
-0.997173 -1.97883 6.42259
114 114 112
4 8 52 0 0 50 0 9 44 0 10 66 0
1.26815 0.0850427 4.50215
113 111 88
2 8 58 0 0 29 0
1.1374 0.0895193 4.52355
131 129 103
2 8 69 0 0 24 0
1.02412 -0.0463463 4.58874
96 94 78
2 8 90 0 0 104 0
0.893193 0.544515 4.21983
173 186 171
5 8 119 0 0 148 0 7 580 0 9 154 0 10 365 0
-1.76009 -2.04391 6.40577
130 130 127
6 8 135 0 0 126 0 9 172 0 10 336 0 11 431 0 12 371 0
-1.14304 -1.981 6.38946
138 138 135
3 8 136 0 0 107 0 9 129 0
-1.56681 -0.162166 4.50884
221 215 182
3 8 142 0 0 102 0 9 149 0
1.48719 -1.48035 6.12812
227 224 222
3 8 150 0 0 112 0 9 147 0
1.48719 -1.48035 6.12812
227 224 222
3 8 151 0 0 111 0 9 148 0
0.901306 -0.0509626 4.62604
95 96 79
2 8 154 0 0 93 0
-1.88402 -2.01285 6.31273
130 131 128
2 8 165 0 0 268 0
0.936895 -0.0520955 4.61697
99 98 82
2 8 166 0 0 202 0
-1.5742 0.00142112 4.38114
235 225 191
2 8 167 0 0 105 0
1.44766 -1.73097 6.25375
118 119 116
3 8 168 0 0 129 0 9 169 0
-0.50337 -0.0888127 4.67572
73 71 50
3 8 176 0 0 229 0 9 238 0
-0.375506 -0.223586 4.64228
160 158 127
3 8 189 0 0 178 0 9 114 0
1.11499 -0.0691334 4.58689
59 61 47
2 8 191 0 0 231 0
-1.65011 0.762417 4.15029
71 72 69
4 8 201 0 0 110 0 9 128 0 10 243 0
0.825873 0.150269 4.66223
170 160 128
2 8 204 0 0 204 0
0.99187 0.209339 4.4242
195 186 152
2 8 206 0 0 179 0
0.197106 0.0754864 4.35586
180 173 143
3 8 210 0 0 171 0 9 253 0
-0.523713 0.590835 4.34258
79 83 79
3 8 225 0 0 154 0 9 269 0
-1.81999 -2.06183 6.43609
153 153 152
5 8 226 0 0 157 0 9 225 0 10 195 0 12 360 0
-2.20821 -2.29945 6.63334
134 134 133
4 8 231 0 0 147 0 9 212 0 10 279 0
0.953895 -0.0740871 4.62889
63 65 50
3 8 233 0 0 361 0 9 201 0
-2.40645 -2.21459 6.55782
137 137 136
4 8 247 0 0 128 0 9 362 0 10 552 0
0.492663 -0.0951447 4.63604
163 169 153
3 8 253 0 0 245 0 9 320 0
1.64657 0.872935 4.26805
103 103 100
4 8 254 0 0 273 0 10 184 0 12 191 0
-1.79284 0.766513 4.1502
54 55 52
4 8 257 0 0 234 0 9 275 0 10 554 0
-0.235965 -0.0123563 4.45242
226 214 183
2 8 262 0 0 207 0
-1.83901 -1.93746 6.26595
106 106 102
2 8 277 0 0 149 0
-0.548651 1.5209 3.60435
174 172 164
3 8 287 0 0 208 0 10 424 0
-0.548955 1.5218 3.60565
175 173 164
4 8 288 0 0 209 0 10 423 0 9 333 0
1.62157 -0.628642 5.4193
159 154 149
3 8 289 0 0 200 0 9 196 0
0.176041 1.40652 3.73384
220 218 214
7 8 302 0 0 226 0 9 311 0 10 345 0 5 682 0 11 367 0 12 661 0
0.425935 -0.0839878 4.50218
80 83 63
3 8 316 0 0 508 0 9 473 0
0.425335 -0.0152054 4.57039
77 80 62
3 8 338 0 0 241 0 9 190 0
-0.811495 -2.43877 6.81318
108 108 104
5 8 363 0 0 290 0 9 249 0 7 143 0 10 272 0
0.842629 0.019704 4.59358
100 100 79
5 8 367 0 0 304 0 9 297 0 10 402 0 12 228 0
0.19494 1.41148 3.72875
119 116 110
4 8 382 0 0 342 0 10 636 0 11 642 0
-3.03243 -2.20162 6.51056
213 212 209
3 8 385 0 0 296 0 10 670 0
-0.857093 -2.4161 6.78078
141 141 139
4 8 396 0 0 377 0 9 525 0 10 606 0
1.53009 0.00510976 4.16249
212 203 167
3 8 416 0 0 418 0 9 553 0
1.53009 0.00510976 4.16249
212 203 167
3 8 417 0 0 419 0 9 554 0
-1.5075 0.155131 4.60909
119 115 91
2 8 444 0 0 346 0
-2.00182 -2.06634 6.44768
120 120 118
3 8 489 0 0 312 0 10 421 0
0.81237 0.0904252 4.55167
176 171 144
3 8 493 0 0 525 0 9 229 0
1.49201 -0.261663 4.37016
172 182 168
3 8 498 0 0 410 0 9 626 0
-1.89442 0.167467 4.27295
143 141 113
2 8 500 0 0 588 0
0.123022 0.84617 4.18158
86 91 88
3 8 518 0 0 457 0 10 549 0
0.123448 0.845952 4.17398
101 106 105
5 8 519 0 0 458 0 10 548 0 11 736 0 12 949 0
-1.75967 0.254125 4.11934
162 161 134
2 8 546 0 0 356 0
-1.58237 0.206968 4.16907
184 171 136
4 8 553 0 0 333 0 9 458 0 10 343 0
-1.69171 0.952218 4.00805
120 118 111
2 8 585 0 0 402 0
1.60091 0.859151 4.26705
130 129 127
5 8 586 0 0 381 0 9 501 0 10 876 0 11 354 0
0.463845 -0.0162528 4.61314
80 84 65
4 8 610 0 0 301 0 9 435 0 10 648 0
0.503275 -0.114513 4.64525
82 86 70
2 8 617 0 0 527 0
0.596979 -2.08074 6.57566
181 175 163
3 8 619 0 0 516 0 9 723 0
0.596979 -2.08074 6.57566
181 175 163
3 8 620 0 0 517 0 9 724 0
0.63256 1.20308 3.92656
190 188 184
4 8 626 0 0 512 0 10 765 0 9 657 0
-0.350797 1.51006 3.62715
211 209 201
4 8 644 0 0 463 0 11 1017 0 10 752 0
-0.350797 1.51006 3.62715
211 209 201
4 8 645 0 0 464 0 10 751 0 11 1016 0
-1.98634 -2.2173 6.56648
137 137 136
3 8 646 0 0 591 0 10 1049 0
0.647783 1.2032 3.92516
106 104 100
3 8 651 0 0 400 0 9 692 0
0.146971 1.21384 3.88567
155 152 148
4 8 665 0 0 671 0 10 1283 0 11 930 0
-1.32492 0.550052 4.34587
64 67 63
3 8 674 0 0 368 0 7 516 0
1.49067 -1.16837 5.84396
123 120 116
3 8 675 0 0 344 0 9 465 0
-0.444999 -0.9258 5.56833
135 133 126
3 8 685 0 0 503 0 9 739 0
-3.10608 -2.01588 6.35528
205 206 203
3 8 692 0 0 462 0 10 1003 0
0.532255 1.17309 3.94435
126 124 121
3 8 695 0 0 533 0 10 952 0
1.22638 -2.18435 6.64935
130 129 127
3 8 711 0 0 480 0 10 878 0
0.0513195 1.24342 3.85755
211 208 203
5 8 720 0 0 497 0 9 687 0 10 800 0 11 888 0
0.677454 1.24831 3.90063
90 87 82
2 8 737 0 0 633 0
-1.97465 0.579035 4.28695
79 81 78
2 8 744 0 0 546 0
-1.97465 0.579035 4.28695
79 81 78
2 8 745 0 0 545 0
1.73175 -0.952614 5.69998
167 163 159
2 8 757 0 0 475 0
-2.67033 -2.1441 6.4826
144 144 142
4 8 784 0 0 553 0 9 778 0 10 1286 0
-1.69107 0.820941 4.10313
109 109 105
5 8 179 0 5 80 0 7 131 0 9 195 0 10 360 0
-1.0988 -2.45172 6.81503
120 119 114
3 8 60 0 7 58 0 9 72 0
-1.52205 0.135364 4.60975
119 114 83
2 8 124 0 7 168 0
0.572628 -2.0521 6.56426
101 97 82
3 8 325 0 7 624 0 10 293 0
-0.425598 0.0154367 4.58481
87 83 60
3 8 359 0 7 225 0 9 449 0
-1.86806 0.210672 4.18657
145 143 111
3 8 432 0 7 180 0 9 404 0
0.198351 0.0987558 4.37424
156 144 110
3 8 623 0 7 456 0 9 751 0
1.33411 0.08785 6.47713
181 167 126
2 8 733 0 7 328 0
1.29708 -1.75545 6.36606
132 132 130
2 9 17 0 0 11 0
2.13092 -2.08641 6.57223
178 178 178
2 0 79 0 10 65 0
-0.289309 -2.32196 6.74328
129 130 124
2 9 109 0 0 191 0
-0.205907 -0.355802 4.70033
189 197 180
2 9 119 0 0 133 0
0.467176 -0.216009 4.54042
135 142 126
2 9 159 0 0 136 0
-1.31663 0.532507 4.33807
30 33 32
2 9 215 0 0 266 0
-1.76964 -0.0325618 4.3495
147 143 113
4 9 226 0 0 224 0 8 261 0 7 883 0
-1.58548 0.0162719 4.34777
150 144 111
2 9 304 0 0 230 0
0.312027 0.00884655 4.60191
98 97 76
2 9 329 0 0 98 0
-0.635179 -2.34361 6.69312
130 130 127
2 9 364 0 0 216 0
-0.658498 -2.14625 6.52068
98 98 95
2 9 373 0 0 292 0
-0.209206 -0.0897686 4.54735
233 222 190
3 9 378 0 0 348 0 10 560 0
0.648557 -0.0570988 4.62724
172 175 160
2 9 438 0 0 460 0
0.647681 -0.0566662 4.61763
169 172 156
3 9 439 0 0 459 0 8 300 0
1.49455 -1.78688 6.35263
171 171 170
2 9 462 0 0 329 0
1.48302 -1.1685 5.8161
122 121 117
2 0 345 0 10 405 0
-1.59917 -0.0204468 4.41895
163 155 121
3 9 475 0 0 388 0 10 899 0
-0.115186 0.0480659 4.76755
39 40 34
2 9 482 0 0 370 0
-3.04274 -2.20685 6.52919
217 216 213
2 0 295 0 10 671 0
0.411413 1.15191 3.94906
158 159 158
5 9 510 0 0 324 0 10 452 0 12 435 0 13 1020 0
1.99545 1.23991 3.98629
227 224 226
3 0 542 0 10 415 0 13 527 0
-0.775453 -0.0205452 4.66406
66 64 44
2 9 607 0 0 445 0
1.47449 -1.81563 6.38544
126 126 123
2 9 612 0 0 569 0
0.263793 1.00259 4.05894
157 157 155
2 9 615 0 0 440 0
0.444259 0.00144136 4.57521
177 180 161
3 9 640 0 0 425 0 8 559 0
0.444259 0.00144136 4.57521
177 180 161
3 9 641 0 0 426 0 8 558 0
-0.539579 0.0433895 4.24797
74 72 50
2 9 665 0 0 187 0
-0.453335 -0.159647 4.57894
175 171 142
2 9 753 0 0 456 0
-0.157323 1.53624 3.63691
134 131 124
2 9 767 0 0 679 0
1.73948 -0.974881 5.71432
222 218 214
2 9 788 0 0 696 0
1.73948 -0.974881 5.71432
222 218 214
2 9 789 0 0 697 0
0.533497 -1.93696 6.42076
123 122 118
3 9 796 0 0 672 0 10 1177 0
0.660615 1.26496 3.88644
117 112 106
3 9 805 0 0 600 0 10 1200 0
1.65764 1.29803 3.90989
193 191 192
5 9 810 0 0 653 0 10 748 0 12 843 0 13 1225 0
1.65739 1.29782 3.90988
197 193 195
4 9 811 0 0 652 0 10 747 0 12 844 0
-1.7635 0.830768 4.09986
161 160 153
2 9 869 0 0 624 0
-0.434023 1.62346 3.53296
206 203 198
5 9 276 0 6 382 0 8 242 0 11 272 0 10 180 0
0.569582 -0.0890471 4.69105
91 94 77
2 9 96 0 7 121 0
0.596958 0.507666 4.24808
196 206 196
2 9 125 0 7 803 0
0.864763 0.548803 4.22613
54 60 55
2 9 133 0 7 213 0
0.0149093 -0.0195878 4.5257
66 72 61
2 9 175 0 7 442 0
0.0827236 -2.71234 7.10827
110 111 105
3 9 517 0 7 615 0 8 484 0
-1.31042 -1.58929 5.95456
112 112 104
2 9 25 0 8 26 0
-1.37787 1.22236 3.7742
123 120 112
2 9 49 0 8 62 0
-0.246858 -1.07424 5.70354
129 125 121
3 9 55 0 8 42 0 10 47 0
-0.304254 0.531491 4.42728
71 76 74
2 9 78 0 8 64 0
0.162877 -0.301392 4.45972
97 101 80
2 9 106 0 8 104 0
-1.60767 0.490646 4.29793
31 33 27
2 9 122 0 8 128 0
-1.47614 -2.26321 6.69979
87 87 83
2 9 126 0 8 129 0
-1.73347 -2.02129 6.41109
162 162 159
5 9 131 0 8 92 0 10 179 0 11 258 0 12 280 0
0.59778 -0.0701869 4.60555
103 105 85
2 9 132 0 8 144 0
-2.00608 0.538075 4.31564
96 99 98
2 9 135 0 8 133 0
1.03016 0.177608 4.59538
65 65 46
2 9 136 0 8 140 0
-1.53761 0.24798 4.47691
255 247 212
2 9 143 0 8 108 0
1.54976 0.475021 4.06376
150 147 140
2 9 150 0 8 181 0
1.63421 -0.590828 5.42852
167 163 155
2 9 152 0 8 125 0
-1.55213 -0.161211 4.53768
115 120 98
2 9 178 0 8 170 0
1.09077 -0.0362994 4.7397
74 74 55
2 9 180 0 8 190 0
-1.51612 -0.0313365 4.69576
126 129 108
2 9 194 0 8 216 0
0.286342 -0.00654346 4.50899
76 77 56
2 9 227 0 8 192 0
0.378461 0.00496493 4.59353
106 107 86
2 9 230 0 8 230 0
1.60741 0.823344 4.29363
91 92 88
3 9 252 0 8 355 0 10 518 0
-1.58212 1.17951 3.83705
125 121 111
2 9 255 0 8 269 0
-0.376457 1.15511 3.90997
140 138 131
3 9 274 0 8 267 0 10 418 0
0.635765 1.24637 3.8917
182 176 168
2 9 290 0 8 345 0
-0.252888 1.67022 3.50598
205 201 189
2 9 293 0 8 280 0
-1.77056 0.298471 4.14418
103 104 74
2 9 299 0 8 159 0
0.573022 0.469302 4.19457
50 54 49
2 9 305 0 8 153 0
0.573022 0.469302 4.19457
50 54 49
2 9 306 0 8 152 0
0.176689 1.40738 3.73677
212 210 205
2 9 310 0 8 303 0
0.600243 1.21033 3.91441
143 141 139
6 9 321 0 8 301 0 10 236 0 11 356 0 12 465 0 13 668 0
-0.496714 1.72697 3.42962
107 103 91
2 9 341 0 8 298 0
1.48725 -0.274291 4.35089
238 237 215
2 9 345 0 8 319 0
1.52043 -0.272324 4.33972
229 230 206
2 9 348 0 8 333 0
0.51897 1.17897 3.93427
200 197 194
5 9 357 0 8 320 0 10 407 0 11 334 0 12 387 0
0.518524 1.17953 3.93599
193 190 187
6 9 358 0 8 321 0 10 408 0 11 335 0 5 606 0 12 386 0
-1.99652 0.51971 4.34746
38 40 37
2 9 395 0 8 339 0
-1.92829 0.522194 4.27033
38 40 36
2 9 417 0 8 246 0
1.59375 -0.578659 5.39784
161 155 147
2 9 422 0 8 256 0
1.08032 -0.577922 5.43099
120 114 101
2 9 424 0 8 696 0
-1.9986 0.516479 4.31218
34 37 35
2 9 426 0 8 481 0
0.889494 -0.00408233 4.5195
119 121 99
2 9 446 0 8 576 0
0.889494 -0.00408233 4.5195
119 121 99
2 9 447 0 8 577 0
-2.01723 0.489255 4.3412
37 39 35
2 9 450 0 8 273 0
1.61698 0.839105 4.28951
151 150 147
5 9 460 0 8 534 0 10 409 0 11 362 0 12 382 0
0.0868317 0.215099 4.30779
152 142 110
2 9 468 0 8 505 0
-0.319909 0.0129168 4.63808
80 76 54
2 9 492 0 8 373 0
-1.89587 -0.498718 5.12318
103 99 87
2 9 516 0 8 259 0
-0.61377 0.512756 4.27852
169 176 163
2 9 528 0 8 539 0
-0.61377 0.512756 4.27852
169 176 163
2 9 529 0 8 540 0
1.62179 0.855862 4.23813
150 151 149
2 9 565 0 8 681 0
-1.98668 -1.76274 6.1756
120 118 115
4 9 579 0 8 377 0 10 853 0 11 719 0
-0.168701 -0.130542 4.55506
218 209 178
2 9 582 0 8 596 0
0.116602 1.79905 3.41234
185 183 175
3 9 609 0 8 653 0 11 1156 0
0.116602 1.79905 3.41234
185 183 175
3 9 610 0 8 652 0 11 1157 0
0.589722 -2.09322 6.54813
101 93 78
3 9 631 0 8 633 0 10 744 0
0.443863 -0.101121 4.51437
150 152 129
2 9 653 0 8 528 0
-1.93322 0.50276 4.30757
72 76 72
2 9 675 0 8 624 0
1.53906 -0.173584 4.37189
97 97 72
2 9 684 0 8 561 0
1.59686 -0.597205 5.37338
200 195 189
2 9 688 0 8 708 0
0.43851 1.18541 3.90219
120 120 118
2 9 746 0 8 488 0
-0.556158 -0.160361 3.58237
161 156 125
2 9 748 0 8 573 0
-0.733612 -0.0274968 4.72436
80 79 56
2 9 775 0 8 590 0
-2.11873 0.523336 4.3258
86 89 86
2 9 781 0 8 636 0
1.52893 -0.216907 4.42176
157 164 148
2 9 863 0 8 782 0
1.55687 0.5405 4.16663
141 139 136
2 9 913 0 8 566 0
1.09394 0.789721 8.84891
211 205 176
2 10 39 0 0 43 0
-1.59791 -0.189312 4.52664
143 146 124
2 10 74 0 0 45 0
1.3597 0.373318 4.34227
220 215 185
2 10 89 0 0 67 0
-1.60352 -0.229086 4.54984
199 204 189
2 10 131 0 0 75 0
0.65649 1.16224 3.95751
110 110 105
2 10 132 0 0 103 0
1.11262 0.426298 5.02349
211 207 178
2 10 143 0 0 137 0
-2.10119 -1.91016 6.31978
112 112 111
2 10 209 0 0 86 0
2.1301 -2.43921 6.87935
148 149 146
2 10 281 0 0 206 0
0.657675 -0.0320223 4.60693
67 67 50
2 10 344 0 0 167 0
-2.16992 -1.99052 6.36965
103 104 99
3 10 356 0 0 274 0 7 111 0
1.10582 -0.541969 5.32765
163 162 155
2 10 397 0 0 297 0
-2.49921 -2.15649 6.47309
144 143 142
2 10 436 0 0 260 0
-1.43027 -1.99092 6.40612
150 151 151
2 10 469 0 0 331 0
-1.59654 1.18499 3.81462
153 151 146
2 10 486 0 0 300 0
1.55764 0.561925 4.62064
170 176 162
2 10 500 0 0 139 0
1.35338 -0.285092 4.46939
211 209 185
2 10 522 0 0 309 0
1.49424 -0.238191 4.40105
115 124 113
2 10 589 0 0 313 0
0.450651 1.16701 3.95033
126 125 123
2 10 599 0 0 409 0
1.87445 -0.523007 5.32788
238 234 232
2 10 608 0 0 628 0
-1.96945 -2.09157 6.48535
119 120 121
2 10 615 0 0 488 0
0.317947 0.818191 10.0385
127 131 111
2 10 627 0 0 470 0
2.15859 -0.583685 6.32039
173 166 161
2 10 633 0 0 363 0
0.134495 1.36534 3.7784
137 136 130
2 10 680 0 0 383 0
0.664265 1.21809 3.91394
91 88 82
2 10 700 0 0 494 0
-2.01294 0.965171 3.98078
111 110 106
2 10 732 0 0 341 0
0.264298 1.00383 4.068
158 159 156
3 10 735 0 0 439 0 9 614 0
1.64234 -0.615307 5.40112
237 233 230
2 10 753 0 0 711 0
1.6421 -0.615261 5.402
230 225 218
5 10 754 0 0 712 0 14 160 0 16 176 0 17 300 0
1.72557 -0.585044 5.37544
233 227 217
5 10 764 0 0 604 0 14 235 0 16 196 0 17 430 0
1.60744 -0.605763 5.39384
185 181 178
3 10 779 0 0 637 0 14 211 0
-3.53964 1.0947 13.3695
139 140 116
2 10 869 0 0 359 0
1.10625 -2.0096 6.48996
217 217 216
2 10 895 0 0 661 0
-3.10608 -2.01588 6.35528
205 206 203
3 10 1002 0 0 461 0 8 691 0
0.636665 1.22311 3.9196
143 138 132
2 10 1028 0 0 598 0
-0.0412419 -0.260316 4.66439
171 168 142
3 10 1034 0 0 700 0 8 756 0
0.230986 1.49574 3.66231
210 206 201
3 10 1135 0 0 564 0 11 1187 0
0.0504164 0.510992 6.77816
142 146 126
2 10 1194 0 0 623 0
1.14999 -0.53261 5.33192
197 192 184
3 10 1260 0 0 698 0 17 512 0
0.0115797 1.28448 3.82541
111 109 102
2 10 1291 0 0 625 0
-1.61651 -0.531688 5.20572
81 80 72
2 10 401 0 6 118 0
0.607431 -0.0761621 4.65615
95 97 77
3 10 150 0 7 127 0 8 145 0
-0.860647 0.296173 3.89439
211 217 192
2 10 1079 0 7 670 0
0.616389 1.22877 3.91083
204 200 193
2 10 135 0 8 118 0
0.616389 1.22877 3.91083
204 200 193
2 10 136 0 8 116 0
-0.51858 -1.04957 5.66871
133 130 125
2 10 224 0 8 121 0
0.139512 1.30784 3.8108
146 143 134
2 10 269 0 8 240 0
0.658685 1.12294 3.98508
113 114 110
5 10 307 0 8 447 0 11 359 0 12 499 0 13 689 0
1.44543 -2.55913 6.92182
148 147 146
3 10 441 0 8 474 0 0 285 0
-0.391383 -0.694244 5.40876
93 87 76
2 10 746 0 8 421 0
-1.65544 0.997794 3.97117
134 132 125
2 10 884 0 8 707 0
-2.54688 -0.920617 5.48007
219 218 210
2 10 1083 0 8 649 0
-0.657667 0.598053 4.35476
95 98 96
2 10 1183 0 8 699 0
-1.63144 -2.70375 6.98006
204 204 200
2 10 1310 0 8 787 0
-1.63144 -2.70375 6.98006
204 204 200
2 10 1311 0 8 788 0
-1.28129 -1.86383 6.31911
110 110 109
2 10 33 0 9 48 0
-1.5605 1.08322 3.91063
119 115 110
2 10 54 0 9 45 0
-0.602424 -2.29681 6.66383
116 118 115
2 10 141 0 9 84 0
-0.602424 -2.29681 6.66383
128 128 126
2 10 142 0 9 85 0
0.649014 -2.10132 6.57009
139 133 119
2 10 151 0 9 244 0
-1.73095 -1.82687 6.24468
132 131 129
4 10 196 0 9 210 0 11 352 0 12 408 0
-1.98083 -1.68612 6.11465
127 127 125
3 10 317 0 9 223 0 11 396 0
-1.98083 -1.68612 6.11465
127 127 125
3 10 318 0 9 224 0 11 397 0
-1.52584 0.195745 4.57064
160 151 116
2 10 342 0 9 146 0
-1.55307 1.04094 3.93672
138 136 129
2 10 377 0 9 479 0
-0.665366 -2.4101 6.79508
121 119 118
2 10 410 0 9 282 0
1.75012 0.768862 4.35453
174 176 164
3 10 539 0 9 628 0 11 495 0
1.75012 0.768862 4.35453
174 176 164
3 10 540 0 9 627 0 11 494 0
1.62202 0.837583 4.25198
102 102 100
2 10 579 0 9 390 0
1.73329 -0.975368 5.69992
238 230 223
2 10 706 0 9 787 0
-1.49651 -2.25794 6.60561
151 150 147
3 10 763 0 9 536 0 12 583 0
-1.45722 -2.08033 6.47706
151 150 151
2 10 806 0 9 683 0
-1.89845 -0.283932 4.96637
195 198 178
2 10 868 0 9 518 0
1.61651 0.857321 4.26662
102 102 100
2 10 955 0 9 908 0
0.455503 1.15484 3.96157
152 152 148
2 10 990 0 9 742 0
-0.617621 -0.602455 5.33699
93 86 71
2 10 1160 0 9 803 0
-0.415554 1.6132 3.53554
205 201 195
2 10 1166 0 9 709 0
-0.415554 1.6132 3.53554
205 201 195
2 10 1167 0 9 710 0
-1.56046 -0.083164 4.47531
174 169 136
2 10 1187 0 9 691 0
-1.35554 0.668298 4.2652
58 61 57
2 10 1313 0 9 868 0
0.279069 1.16225 3.93627
149 149 147
4 11 726 0 0 343 0 10 736 0 9 766 0
0.437842 1.16029 3.94123
132 131 129
2 11 508 0 9 440 0
0.0412731 1.31928 3.79929
144 143 137
2 11 565 0 9 504 0
0.293177 -0.0823434 4.48295
85 85 62
2 11 852 0 9 570 0
0.96753 0.113974 4.54175
79 78 63
2 11 1352 0 9 909 0
-0.626964 -1.18909 5.80473
128 124 120
3 11 54 0 10 73 0 12 34 0
1.01867 -0.0471749 4.67762
104 100 74
2 11 121 0 10 147 0
0.81618 0.0888508 4.5385
227 220 189
4 11 223 0 10 443 0 12 554 0 13 1095 0
0.24739 1.15552 3.92947
170 169 168
3 11 341 0 10 348 0 12 1019 0
-0.578325 0.0514931 4.61077
104 101 74
2 11 519 0 10 309 0
1.03207 -0.41094 4.69833
216 210 185
2 11 947 0 10 1348 0
0.516263 1.06042 4.01516
181 180 179
2 11 1054 0 10 1072 0
0.516263 1.06042 4.01516
181 180 179
2 11 1055 0 10 1071 0
0.928277 -0.433461 5.40138
201 193 182
4 12 321 0 1 267 0 13 211 0 15 152 0
0.93284 -0.351253 5.34179
207 199 187
3 12 455 0 1 342 0 13 359 0
0.93284 -0.351253 5.34179
224 215 203
3 12 456 0 1 343 0 13 358 0
-1.42066 0.280973 4.4093
169 159 120
3 12 678 0 13 940 0 14 1061 0
0.639115 1.13408 3.97255
141 141 139
3 12 181 0 9 234 0 13 265 0
-0.680441 -0.725925 5.40458
100 94 84
2 12 1212 0 9 754 0
0.877663 -0.00263452 4.6011
126 122 97
2 12 266 0 10 493 0
-0.692404 -0.0505714 4.65357
111 106 78
2 12 468 0 10 255 0
0.829482 0.0758865 4.56637
101 97 72
2 12 524 0 10 962 0
0.631228 0.185769 4.48542
167 159 130
3 12 328 0 11 261 0 13 402 0
0.629348 0.147703 4.51921
148 142 112
3 12 345 0 11 339 0 13 595 0
-1.51052 0.0275081 4.67394
124 122 99
3 12 395 0 11 614 0 13 609 0
-0.516001 -0.197727 4.63413
187 190 168
4 12 428 0 11 302 0 13 783 0 14 496 0
-1.48 0.163405 4.55969
174 163 129
2 12 625 0 11 424 0
-0.483412 -0.242785 4.69271
188 191 178
2 12 634 0 11 766 0
-1.53409 0.0633105 4.63018
129 122 93
2 12 684 0 11 789 0
0.283346 1.16064 3.93046
170 169 172
3 12 884 0 11 727 0 13 1042 0
0.264561 1.00283 4.05961
184 186 187
2 12 1044 0 11 715 0
0.442513 -0.131428 4.53257
122 122 95
2 12 1148 0 11 1167 0
1.00693 0.0134379 4.54763
83 78 54
2 13 2 0 12 0 0
-1.69904 -0.101191 4.49961
196 193 163
2 13 26 0 12 19 0
0.260085 1.13744 3.94045
141 141 143
2 13 497 0 12 411 0
-0.734527 -0.15473 4.68439
182 191 176
2 13 724 0 12 921 0
0.221623 0.062922 4.56081
158 148 116
2 13 1035 0 12 1067 0
1.73683 -0.259672 4.32594
238 228 196
2 13 1061 0 12 491 0
0.315603 1.12271 3.96522
133 132 134
2 13 1403 0 12 826 0
