drews 1.0
16 881
0.832401 0.0801057 -0.159127
0.882229 -0.381906 0.275427
0.469583 0.756652 -0.455066
-0.0346053 0.530793 0.84687
-1.28424 1.66531 0.449064
0.820255 0.048519 -0.0638412
-0.560633 0.660535 -0.499754
-0.706061 -0.0661147 0.70525
0.43268 0.748268 0.503458
2.11425 -2.47574 1.68732
0.831746 0.071536 -0.11284
-0.0507455 0.808818 -0.585912
-0.852793 0.270251 0.446926
0.519806 0.522344 0.67604
2.32449 -1.60473 1.05179
0.828612 0.0935865 -0.176842
0.485005 0.722741 -0.492368
-0.762949 0.624889 0.165724
0.427451 0.295271 0.854482
2.16958 -0.592862 0.711174
0.840661 0.074288 -0.162363
0.909852 0.328936 -0.253395
-0.343029 0.939284 -0.0120399
0.234041 0.0978883 0.967434
0.993294 -0.17106 0.297455
0.830708 0.075941 -0.129145
1.00003 -0.00822968 -0.00458525
0.00818802 0.999982 -0.00433909
0.00461147 0.00429728 1.00008
0.0030634 0.029937 -0.0180111
0.831134 0.0907325 -0.170649
0.93431 -0.29441 0.201
0.294413 0.955202 0.030579
-0.200991 0.0306071 0.979127
-0.963319 -0.197258 0.234261
0.832275 0.0782919 -0.116107
0.885707 -0.373641 0.275582
0.366971 0.927013 0.0774362
-0.284399 0.0325451 0.958173
-1.26763 -0.262038 0.231324
0.831863 0.0847664 -0.176457
0.897954 -0.35211 0.264107
0.325313 0.935153 0.140534
-0.29646 -0.0402721 0.954268
-1.30291 -0.385122 0.279734
0.840907 0.0495861 0.00108515
0.574786 -0.642786 0.506456
0.609767 0.749162 0.258827
-0.54577 0.160077 0.822527
-2.15813 -1.0999 0.905278
0.839653 0.113048 -0.252493
0.160082 -0.801655 0.575971
0.743563 0.481755 0.463873
-0.649337 0.354048 0.673162
-2.2485 -2.13414 1.61215
0.853283 0.159312 -0.525541
-0.357887 -0.787685 0.501738
0.688978 0.139933 0.711234
-0.63041 0.600236 0.492633
-1.61755 -3.19514 2.5747
0.732897 0.433849 -1.62293
-0.700238 -0.604844 0.379491
0.517833 -0.063891 0.853338
-0.49192 0.793849 0.358046
-1.04899 -3.57522 2.67521
0.849957 -0.0683363 0.748363
-0.960762 -0.267312 0.0741971
0.147314 -0.264957 0.952946
-0.235076 0.926478 0.293936
0.315565 -3.75534 2.87165
0.856498 -0.00472509 0.358316
-0.987286 0.0343225 -0.157835
-0.161017 -0.279279 0.946634
-0.0116085 0.959969 0.281341
1.06773 -3.5136 2.83035
0.85238 0.0606039 -0.0381831
-0.896981 0.316085 -0.309626
-0.397265 -0.267686 0.877848
0.194648 0.910399 0.365597
1.55344 -3.18711 2.39915
0.877124 -0.394307 3.38085
230 228 208
2 1 289 0 0 1008 0
1.11836 -0.443228 3.4617
192 188 164
2 1 420 0 2 407 0
1.00906 -0.371473 3.40289
228 222 200
5 1 699 0 0 163 0 4 677 0 15 461 0 14 542 0
1.00921 -0.372098 3.40259
231 222 197
7 1 700 0 0 164 0 4 676 0 5 619 0 6 623 0 14 543 0 15 462 0
0.953477 -0.32207 3.35881
201 190 164
8 1 1019 0 0 282 0 5 186 0 4 398 0 6 520 0 7 329 0 8 257 0 15 975 0
0.493148 -0.474434 3.38555
214 212 184
3 1 1297 0 0 819 0 2 998 0
0.480384 -0.398708 3.33217
61 62 50
2 1 1326 0 0 893 0
-0.319615 -0.329365 3.59902
181 168 137
3 2 169 0 0 166 0 3 254 0
0.451509 -0.5673 3.45075
183 177 156
2 2 1069 0 0 759 0
-0.308656 -0.514394 3.29684
85 81 60
2 2 2 0 1 3 0
-0.221984 -0.348841 3.61418
147 138 112
3 2 4 0 1 5 0 15 4 0
0.496368 -0.534047 3.43154
222 219 196
2 2 11 0 1 9 0
-0.369798 -0.229982 3.00814
45 47 38
3 2 12 0 1 22 0 3 10 0
0.387327 -0.758897 3.57864
240 234 208
2 2 45 0 1 34 0
1.67889 0.212821 3.3902
142 142 148
4 2 53 0 1 55 0 15 43 0 14 36 0
0.495479 -0.59973 3.48069
215 212 186
2 2 221 0 1 172 0
1.28392 0.22505 3.36848
144 143 148
2 2 252 0 1 174 0
0.485481 -0.501522 3.40517
218 212 183
4 2 297 0 1 512 0 3 325 0 15 643 0
0.265478 -0.691106 3.51585
243 238 212
2 2 313 0 1 529 0
0.377437 -0.716573 3.53002
201 195 166
4 2 345 0 1 240 0 3 275 0 15 297 0
-0.265231 -0.253714 3.56806
145 136 110
2 2 391 0 1 535 0
-0.0902505 -0.0473603 3.0963
196 190 160
4 2 403 0 1 841 0 3 400 0 5 687 0
-0.535337 0.263586 2.81406
216 209 180
4 2 433 0 1 510 0 3 201 0 4 395 0
0.0652545 -0.622023 3.43833
196 190 160
3 2 460 0 1 515 0 3 386 0
-1.08308 0.831599 2.77901
85 83 78
7 2 467 0 1 657 0 3 320 0 0 1049 0 5 659 0 6 778 0 7 843 0
0.437808 -0.233507 3.22059
147 137 102
3 2 485 0 1 485 0 3 756 0
-0.587229 0.0991733 2.92854
188 180 151
3 2 506 0 1 650 0 4 430 0
-0.654367 0.175889 2.86831
175 167 140
4 2 508 0 1 960 0 4 717 0 5 1010 0
-0.468504 0.18827 2.86704
223 222 196
2 2 518 0 1 677 0
-0.427648 0.260365 2.82473
182 175 147
4 2 520 0 1 1292 0 3 273 0 4 557 0
-0.517985 0.200047 2.86069
169 161 135
5 2 530 0 1 886 0 5 550 0 4 389 0 3 380 0
-0.517851 0.200374 2.86094
168 164 137
3 2 531 0 1 887 0 3 381 0
0.226667 -0.703611 3.50606
208 198 173
2 2 536 0 1 771 0
-0.424136 0.206593 2.86024
208 204 177
3 2 548 0 1 920 0 3 506 0
0.497769 -0.646961 3.48791
222 217 188
3 2 565 0 1 552 0 3 1094 0
-0.624245 0.16333 2.88019
178 173 145
4 2 579 0 1 791 0 5 734 0 3 270 0
-0.139208 0.159006 2.9124
197 193 165
2 2 582 0 1 660 0
-0.51645 0.107472 2.92641
176 166 140
4 2 623 0 1 1189 0 4 764 0 5 721 0
-0.51645 0.107472 2.92641
176 166 140
4 2 624 0 1 1188 0 4 765 0 5 722 0
-0.0299162 -0.57042 3.39217
219 212 187
4 2 635 0 1 718 0 3 648 0 15 752 0
0.00631949 -0.494309 3.34337
182 176 147
3 2 696 0 1 884 0 3 1053 0
0.361606 -0.683078 3.52185
245 241 216
2 2 738 0 1 994 0
-0.00105953 -0.448557 3.31007
192 182 154
3 2 744 0 1 474 0 5 697 0
0.484369 -0.580906 3.46701
194 193 165
2 2 767 0 1 1177 0
-0.33792 0.140978 2.91044
222 219 194
2 2 776 0 1 945 0
-0.733659 -0.205429 3.55771
155 149 136
2 2 920 0 1 1100 0
-0.733659 -0.205429 3.55771
155 149 136
2 2 921 0 1 1101 0
0.105115 -0.620953 3.66516
210 189 149
2 2 1157 0 1 1158 0
-0.425799 0.200612 2.86996
181 178 149
2 3 570 0 1 1237 0
0.267348 -0.284355 3.24131
195 191 160
2 3 985 0 1 1178 0
-0.91111 -0.796804 3.97315
173 169 161
2 3 1231 0 1 778 0
0.535685 -0.450892 3.38269
217 206 174
3 3 11 0 2 23 0 4 15 0
-0.245279 0.165146 2.91238
193 192 167
2 3 62 0 2 80 0
-0.0936915 0.102458 3.00479
195 190 162
2 3 72 0 2 119 0
-0.800686 0.0560495 2.9342
203 198 170
2 3 160 0 2 443 0
0.102638 -0.267256 3.18417
208 206 178
2 3 171 0 2 248 0
-0.1079 0.0593215 3.02564
226 221 192
2 3 231 0 2 320 0
0.144416 -0.146689 3.10863
234 227 194
2 3 292 0 2 257 0
-0.322222 0.143913 2.91967
202 200 174
2 3 294 0 2 371 0
-0.82047 0.0245568 2.96253
140 138 114
3 3 302 0 2 229 0 4 332 0
0.585572 -0.557987 3.42635
224 214 182
8 3 310 0 2 310 0 5 395 0 4 267 0 6 294 0 0 204 0 7 553 0 8 650 0
-0.829447 -0.0205028 2.97689
169 159 125
2 3 374 0 2 277 0
0.334667 -0.278966 3.24127
186 181 154
2 3 398 0 2 446 0
-0.0871468 -0.0437307 3.09961
198 193 163
2 3 399 0 2 402 0
0.497327 -0.672866 3.51626
198 193 163
2 3 443 0 2 339 0
-0.615466 0.145096 2.89377
219 211 181
3 3 460 0 2 591 0 4 477 0
0.403041 -0.663135 3.50783
137 137 112
2 3 467 0 2 342 0
-0.723334 0.0396133 2.95054
222 217 186
2 3 471 0 2 507 0
-0.113719 -0.118759 3.14454
205 193 162
4 3 540 0 2 526 0 4 586 0 5 560 0
-0.736588 0.0457156 2.95459
186 183 155
2 3 542 0 2 593 0
0.593952 -0.448388 3.38273
170 163 131
2 3 557 0 2 619 0
-0.454106 -0.279465 3.20987
176 158 122
2 3 615 0 2 426 0
-0.454106 -0.279465 3.20987
176 158 122
2 3 616 0 2 425 0
0.54547 -0.299972 3.28496
163 154 119
2 3 619 0 2 515 0
-0.100876 0.0841157 3.01228
216 212 182
2 3 647 0 2 807 0
-0.287537 -0.30597 3.58051
197 179 144
2 3 660 0 2 359 0
0.332177 -0.294182 3.25182
217 211 183
2 3 730 0 2 409 0
-0.39989 0.208117 2.86293
158 151 124
3 3 787 0 2 687 0 5 935 0
-0.374679 0.178689 2.88401
175 169 142
3 3 818 0 2 1051 0 5 896 0
-0.717466 -0.143646 3.44612
201 184 149
2 3 832 0 2 883 0
-0.615885 0.00558913 2.99397
158 157 129
3 3 849 0 2 647 0 4 879 0
-0.0808249 -0.105398 3.13809
192 180 150
4 3 879 0 2 867 0 4 1242 0 5 1375 0
0.211289 0.0245127 3.24466
136 138 116
2 3 964 0 2 1227 0
0.553351 -0.627274 3.4804
195 189 160
2 3 989 0 2 630 0
-0.681515 0.167738 2.8726
211 205 178
2 3 995 0 2 1041 0
0.188136 -0.604747 3.45959
232 222 192
2 3 1059 0 2 1124 0
0.118277 -0.342919 3.27168
215 212 184
2 3 1100 0 2 907 0
-0.0454116 -0.208762 3.22009
189 179 149
2 3 1125 0 2 742 0
0.105542 -0.348365 3.27183
177 173 146
2 3 1191 0 2 1002 0
-0.33591 0.22654 2.85714
184 182 155
2 3 1213 0 2 923 0
0.193513 0.0149805 3.24044
160 162 141
2 3 1217 0 2 980 0
1.28481 -0.533061 3.53642
192 183 157
11 4 525 0 0 184 0 5 535 0 6 470 0 7 385 0 8 458 0 9 364 0 13 409 0 14 486 0 1 773 0 15 507 0
-1.4107 0.447208 3.03372
117 114 109
7 4 542 0 0 689 0 1 572 0 5 774 0 2 454 0 6 828 0 7 1102 0
0.484457 -0.501269 3.40499
218 204 171
5 4 575 0 0 182 0 5 848 0 6 517 0 7 700 0
0.27581 -0.274319 3.22882
207 196 169
5 4 604 0 0 123 0 5 683 0 6 488 0 7 415 0
1.10174 0.298176 3.30415
155 153 153
10 4 675 0 0 371 0 6 462 0 7 412 0 8 425 0 9 327 0 10 314 0 11 410 0 12 817 0 14 798 0
0.423248 -0.00953024 3.27001
141 142 125
5 4 735 0 0 358 0 5 825 0 6 713 0 8 531 0
0.14749 -0.382152 3.30136
216 205 173
2 4 841 0 0 1242 0
-1.31366 0.597823 2.93111
139 136 130
6 4 877 0 0 1114 0 2 638 0 1 1127 0 5 946 0 6 1064 0
-1.31366 0.597823 2.93111
139 136 130
6 4 878 0 0 1113 0 2 639 0 1 1128 0 5 945 0 6 1063 0
0.348794 0.011397 3.24536
105 107 93
3 4 1002 0 0 685 0 5 980 0
1.4453 -0.499837 3.52511
234 221 194
6 4 1055 0 0 353 0 5 979 0 6 627 0 7 577 0 8 546 0
-0.455048 0.0429335 2.97947
149 142 118
3 4 1114 0 0 633 0 5 1025 0
-0.354063 0.19612 2.87527
199 192 165
5 4 1178 0 0 855 0 3 1038 0 2 1129 0 5 1145 0
0.892631 0.482826 3.15725
194 192 191
8 4 1182 0 0 902 0 5 1012 0 6 745 0 7 687 0 8 625 0 9 712 0 10 943 0
0.892671 0.482612 3.15717
194 193 192
7 4 1183 0 0 901 0 5 1013 0 6 743 0 7 686 0 9 711 0 10 942 0
1.26485 0.197935 3.38793
115 114 112
8 4 1192 0 0 329 0 7 360 0 8 468 0 11 486 0 12 536 0 13 1036 0 14 819 0
0.75306 -0.149358 3.38912
182 173 148
5 4 1245 0 0 604 0 5 1100 0 6 1116 0 8 965 0
1.2922 -0.498322 3.51502
238 224 195
6 4 1327 0 0 480 0 5 1156 0 6 760 0 7 789 0 8 729 0
-0.426243 0.0367595 2.98596
120 115 96
3 4 1369 0 0 1038 0 5 1203 0
-0.372664 0.102318 2.93743
180 165 130
2 4 761 0 5 916 0
-0.591775 0.132247 2.90431
228 217 188
2 4 195 0 2 125 0
-0.523242 0.246897 2.82475
180 171 142
4 4 219 0 2 461 0 3 132 0 5 233 0
-1.40675 0.664746 2.87547
150 148 143
4 4 382 0 2 349 0 5 636 0 6 1182 0
-0.392528 0.189145 2.87738
173 162 136
3 4 600 0 2 577 0 5 698 0
-0.694989 0.221287 2.83468
203 194 166
2 4 778 0 2 510 0
-0.338109 0.224527 2.85581
200 191 163
2 4 810 0 2 922 0
-0.109917 0.0685533 3.01296
199 188 159
2 4 964 0 2 796 0
-0.0914226 0.069548 3.01152
232 221 193
2 4 1193 0 2 1158 0
-0.0914226 0.069548 3.01152
232 221 193
2 4 1194 0 2 1159 0
-0.0293473 0.0691726 3.01921
206 197 168
2 4 1407 0 2 1225 0
-0.683536 0.0354275 2.96841
218 208 177
2 4 60 0 3 44 0
-0.583677 0.305985 2.77729
210 201 168
2 4 313 0 3 184 0
0.506711 -0.489453 3.39556
175 165 134
8 4 359 0 3 529 0 5 360 0 6 295 0 7 374 0 8 372 0 14 390 0 15 301 0
-0.0810593 -0.0373882 3.08522
231 218 185
3 4 429 0 3 432 0 5 313 0
0.311926 -0.255989 3.21929
204 191 162
5 4 432 0 3 392 0 5 548 0 7 511 0 8 500 0
-0.61146 0.114827 2.9233
214 204 171
2 4 470 0 3 142 0
-0.63123 0.00621464 2.99679
172 168 140
2 4 486 0 3 383 0
-0.315711 0.215213 2.86066
183 172 141
2 4 540 0 3 613 0
0.523637 -0.483115 3.39466
217 205 168
2 4 594 0 3 912 0
-0.501512 0.265566 2.81014
164 155 125
3 4 678 0 3 281 0 5 791 0
-0.751325 0.0988218 2.91877
194 182 149
2 4 729 0 3 448 0
-0.670348 0.200931 2.85222
164 154 121
2 4 813 0 3 678 0
-0.512441 -0.755107 3.95105
144 141 141
2 4 900 0 3 1237 0
0.159723 -0.146236 3.10519
192 179 144
3 4 958 0 3 941 0 5 566 0
0.396232 -0.770757 3.57034
237 225 187
2 4 969 0 3 1064 0
0.557778 -0.535454 3.43277
199 184 144
2 4 1103 0 3 873 0
0.0823484 -0.492676 3.36739
189 177 144
2 4 1353 0 3 1194 0
0.0823484 -0.492676 3.36739
189 177 144
2 4 1354 0 3 1195 0
1.47167 -0.635957 3.62174
235 223 194
6 5 231 0 0 67 0 4 348 0 8 213 0 6 169 0 13 118 0
1.03791 -0.519284 3.50855
214 200 170
3 5 555 0 0 229 0 4 1028 0
0.326901 -0.2633 3.2228
190 181 155
5 5 561 0 0 194 0 7 564 0 6 518 0 8 498 0
0.329899 -0.280617 3.23861
170 162 139
2 5 589 0 0 131 0
0.151275 0.0781662 3.18816
90 93 79
4 5 591 0 0 485 0 8 184 0 9 539 0
-0.58352 0.739842 2.87711
142 141 138
6 5 614 0 0 718 0 6 835 0 7 630 0 8 674 0 9 1079 0
0.413572 0.63206 3.01498
87 86 87
2 5 653 0 0 641 0
0.487346 0.698787 2.97515
121 120 120
6 5 676 0 0 780 0 6 631 0 7 556 0 8 459 0 9 581 0
-1.41277 0.448104 3.03628
107 104 99
4 5 773 0 0 688 0 6 827 0 7 1101 0
1.30699 -0.556012 3.5542
232 224 198
7 5 789 0 0 289 0 14 673 0 1 1094 0 9 448 0 6 685 0 15 724 0
0.0753696 0.431048 3.14517
154 155 153
5 5 826 0 0 1002 0 7 808 0 6 669 0 8 791 0
0.742685 0.812698 2.90674
180 178 175
4 5 872 0 0 1106 0 6 682 0 7 636 0
-1.64035 0.152592 3.2354
141 138 133
4 5 898 0 0 693 0 4 617 0 6 1107 0
1.00443 -0.340363 3.38191
192 180 153
3 5 1090 0 0 622 0 8 885 0
0.75306 -0.149358 3.38912
182 173 148
5 5 1101 0 0 605 0 4 1244 0 6 1117 0 8 964 0
0.990977 -0.59767 3.55854
237 224 196
2 5 1112 0 0 540 0
0.992347 -0.597361 3.56087
236 221 192
3 5 1113 0 0 539 0 7 992 0
0.781869 -0.202489 3.43288
215 206 185
3 5 1236 0 0 877 0 6 1079 0
1.13273 -0.603151 3.57664
211 200 174
6 5 1277 0 0 602 0 6 1090 0 7 1044 0 13 1001 0 14 1069 0
0.621481 -0.406666 3.32651
182 168 136
2 5 1422 0 0 1139 0
-0.112493 0.056006 3.02205
231 220 189
3 5 323 0 1 506 0 4 235 0
-0.40294 0.180641 2.88219
206 198 171
2 5 665 0 1 1142 0
-1.31265 0.588767 2.93702
93 89 84
4 5 977 0 4 1140 0 2 553 0 6 759 0
-0.638689 0.171372 2.87655
155 149 119
2 5 674 0 3 205 0
-0.555493 0.257865 2.81534
162 155 125
2 5 1293 0 3 592 0
-0.654933 0.185369 2.86041
182 176 147
2 5 1395 0 3 1142 0
0.572297 -0.129966 3.32793
119 122 107
2 5 8 0 4 8 0
0.6246 -0.316 3.27921
215 199 160
2 5 13 0 4 14 0
0.801745 -0.018926 3.43895
111 114 96
5 5 20 0 4 17 0 6 27 0 7 11 0 8 18 0
-0.683506 0.638358 2.89503
91 94 79
2 5 34 0 4 30 0
-0.751675 0.0277981 2.97006
173 173 155
2 5 129 0 4 145 0
-0.52127 -0.089623 3.07661
162 165 151
3 5 132 0 6 159 0 8 182 0
-0.0207354 -0.0154999 3.07722
181 167 136
2 5 175 0 4 152 0
0.413069 -0.579914 3.46092
240 221 187
2 5 178 0 4 162 0
0.416187 -0.644693 3.50093
207 197 169
4 5 207 0 4 383 0 7 181 0 9 679 0
0.323968 0.0458642 3.22534
121 122 106
5 5 222 0 4 254 0 6 253 0 7 301 0 8 438 0
0.668976 -0.162317 3.40009
195 185 158
3 5 244 0 4 328 0 8 290 0
-1.0435 1.03291 2.6078
76 75 72
2 5 245 0 6 546 0
0.233675 0.0534555 3.21538
160 158 136
2 5 273 0 4 324 0
1.11979 -0.442283 3.46198
198 189 164
9 5 276 0 4 236 0 6 217 0 7 176 0 15 311 0 1 419 0 14 319 0 0 86 0 13 290 0
1.0661 -0.409951 3.43915
198 182 152
4 5 293 0 4 513 0 7 196 0 8 205 0
-0.797256 0.06124 2.93917
197 186 158
2 5 339 0 4 418 0
-0.195957 0.189321 2.88639
116 115 94
2 5 341 0 4 319 0
0.155557 0.2486 3.22249
177 174 149
2 5 343 0 4 265 0
0.811755 -0.499698 3.47767
232 216 184
5 5 367 0 4 289 0 6 368 0 7 304 0 8 284 0
0.352998 -0.271776 3.23486
228 209 176
2 5 424 0 4 285 0
-0.0514844 -0.112645 3.15325
190 175 143
2 5 427 0 4 392 0
-0.0514844 -0.112645 3.15325
190 175 143
2 5 428 0 4 393 0
-0.554284 0.284503 2.78958
162 152 124
2 5 447 0 4 326 0
-0.554284 0.284503 2.78958
162 152 124
2 5 448 0 4 327 0
-0.893614 0.528451 2.9415
166 161 135
2 5 480 0 4 272 0
1.02345 -0.462568 3.47793
239 222 188
2 5 487 0 4 424 0
0.55143 -0.493293 3.40764
171 154 123
4 5 500 0 4 425 0 7 291 0 8 587 0
0.918257 -0.499577 3.48903
250 234 201
2 5 504 0 4 498 0
-0.670884 -0.0530066 2.95508
175 179 162
2 5 514 0 4 1141 0
0.0456843 -0.195351 3.21403
180 168 140
5 5 536 0 4 1162 0 6 299 0 7 451 0 8 475 0
0.47951 -0.307955 3.26282
206 181 146
2 5 545 0 4 426 0
0.312231 -0.256314 3.21868
207 194 165
4 5 549 0 4 433 0 7 512 0 8 501 0
0.435972 -0.0245382 3.28229
132 130 111
2 5 562 0 4 515 0
-0.517807 0.654809 2.9377
76 78 77
5 5 570 0 4 709 0 6 369 0 7 582 0 8 429 0
0.186373 -0.0970216 3.07891
139 147 132
2 5 579 0 4 745 0
-1.60065 0.143854 3.24311
171 168 160
4 5 596 0 4 441 0 6 785 0 7 842 0
1.04288 -0.386206 3.42121
225 209 178
4 5 597 0 4 607 0 6 533 0 8 548 0
0.102985 -0.365459 3.27306
240 221 185
2 5 601 0 4 635 0
0.972294 -0.584334 3.55094
246 225 189
2 5 609 0 4 687 0
0.970668 -0.583062 3.54724
239 221 187
4 5 610 0 4 686 0 6 549 0 8 522 0
0.489905 -0.0634313 3.31728
172 176 157
2 5 616 0 4 766 0
0.593758 -0.429091 3.36317
225 196 154
2 5 631 0 4 456 0
0.508273 -0.368942 3.31439
247 224 188
2 5 637 0 4 973 0
0.508273 -0.368942 3.31439
247 224 188
2 5 638 0 4 972 0
0.275778 -0.274559 3.23053
212 199 169
4 5 684 0 4 603 0 7 416 0 6 487 0
-0.0933107 -0.0468068 3.10093
193 179 146
2 5 688 0 4 694 0
0.550003 -0.0593793 3.31221
155 155 135
4 5 692 0 4 719 0 6 531 0 7 625 0
-0.466758 0.220985 2.84431
221 207 176
2 5 700 0 4 722 0
-0.189339 0.161047 2.89293
171 171 153
4 5 705 0 4 481 0 6 1014 0 7 990 0
-0.207911 0.193284 2.88797
217 204 175
2 5 712 0 4 578 0
-1.54313 0.339352 3.10572
147 143 136
4 5 731 0 4 446 0 6 1027 0 7 1086 0
-0.0210599 0.0355908 3.03583
225 210 179
2 5 741 0 4 548 0
1.41615 -0.747412 3.69829
197 187 159
10 5 751 0 4 922 0 6 545 0 7 601 0 8 629 0 9 615 0 13 411 0 12 372 0 14 776 0 0 684 0
0.455731 -0.260561 3.23057
218 196 161
3 5 781 0 4 690 0 6 990 0
-0.581365 0.141944 2.89734
179 169 138
2 5 782 0 4 893 0
50.0768 8.7723 204.8
129 131 125
2 5 786 0 4 772 0
0.227638 -0.142876 3.11202
221 206 176
2 5 815 0 4 868 0
0.341013 -0.255414 3.2176
152 137 110
3 5 837 0 4 850 0 7 1015 0
0.340337 -0.255148 3.21521
159 141 112
2 5 838 0 4 851 0
0.594253 -0.451374 3.38372
234 207 164
2 5 854 0 4 565 0
0.632562 -0.376889 3.29292
196 182 144
3 5 856 0 4 845 0 6 436 0
0.632562 -0.376889 3.29292
196 182 144
3 5 857 0 4 844 0 6 435 0
0.189098 -0.564497 3.43053
240 225 194
2 5 858 0 4 989 0
0.730791 -0.339618 3.28679
205 192 160
3 5 862 0 4 1269 0 6 797 0
-0.44193 0.0456093 2.98011
177 169 145
3 5 875 0 4 794 0 8 792 0
0.910531 -0.547069 3.52253
214 195 161
2 5 891 0 4 1234 0
0.604182 -0.387917 3.30501
238 219 179
2 5 900 0 4 631 0
-0.372664 0.102318 2.93743
178 163 133
2 5 917 0 4 760 0
-0.582171 0.343263 2.75305
200 187 159
2 5 929 0 4 820 0
0.220089 -0.659072 3.49242
244 228 194
2 5 934 0 4 1071 0
1.04564 -0.408626 3.44293
236 218 184
2 5 950 0 4 1276 0
0.581562 -0.493246 3.40918
223 200 158
2 5 968 0 4 1158 0
-0.50407 0.223669 2.84184
216 202 171
2 5 991 0 4 1075 0
1.31415 -0.452097 3.48786
232 216 186
5 5 992 0 4 1137 0 6 1012 0 7 867 0 8 782 0
0.122091 -0.0346935 3.26214
104 112 98
4 5 994 0 4 796 0 8 570 0 7 482 0
0.42844 -0.249803 3.22021
219 202 169
5 5 1004 0 4 1157 0 6 960 0 7 793 0 8 871 0
-0.235023 0.160575 2.9027
196 184 157
2 5 1030 0 4 1465 0
0.447326 -0.268083 3.23752
167 150 119
5 5 1049 0 4 1337 0 6 1191 0 7 947 0 8 919 0
0.447921 -0.267948 3.23978
183 157 122
2 5 1050 0 4 1336 0
-0.0831521 -0.0690143 3.10979
212 196 165
2 5 1063 0 4 830 0
0.693708 0.0563457 3.40034
221 211 181
2 5 1064 0 4 1435 0
-0.326306 0.222425 2.85768
218 202 170
2 5 1084 0 4 1149 0
-0.40357 0.200549 2.87117
205 189 161
2 5 1097 0 4 1031 0
0.647233 -0.0825654 3.32835
157 154 133
2 5 1104 0 4 1368 0
0.362698 0.0181969 3.25362
154 152 132
2 5 1129 0 4 1020 0
0.517205 -0.635252 3.48406
241 221 186
2 5 1135 0 4 1199 0
0.413204 -0.682431 3.51991
135 136 115
2 5 1139 0 4 1176 0
0.961137 -0.352515 3.3853
231 216 185
4 5 1144 0 4 1043 0 6 889 0 8 701 0
-0.354231 0.196532 2.88175
216 201 171
2 5 1146 0 4 1179 0
-0.19597 -0.0380697 3.08104
203 188 155
2 5 1149 0 4 1390 0
0.588227 -0.477932 3.40123
247 219 176
2 5 1176 0 4 673 0
-0.0978599 -0.0563974 3.09165
233 217 186
2 5 1218 0 4 1459 0
-0.408925 0.17279 2.88333
173 160 132
2 5 1242 0 4 1290 0
-0.408925 0.17279 2.88333
173 160 132
2 5 1243 0 4 1289 0
-0.493543 0.311084 2.77475
213 198 168
2 5 1252 0 4 1102 0
0.323826 -0.23846 3.20474
240 215 177
2 5 1256 0 4 1070 0
0.00442159 0.0162666 3.05966
233 217 185
2 5 1258 0 4 1170 0
0.119213 -0.497133 3.37831
202 183 151
2 5 1263 0 4 1325 0
-0.389252 -0.193722 2.96435
205 187 137
2 5 1275 0 4 1332 0
0.433527 -0.0366327 3.29002
147 148 130
2 5 1297 0 4 1095 0
-0.0298573 -0.568917 3.3914
230 212 181
2 5 1351 0 4 942 0
-0.734622 0.04665 2.95315
174 165 134
2 5 1352 0 4 859 0
-0.734622 0.04665 2.95315
174 165 134
2 5 1353 0 4 860 0
-0.414885 0.167097 2.89208
217 201 171
2 5 1384 0 4 1377 0
1.2266 -0.72095 3.66827
199 185 153
7 5 1438 0 4 1227 0 6 901 0 7 711 0 8 972 0 14 827 0 9 617 0
0.0560359 -0.237949 3.24328
69 67 47
2 6 18 0 0 14 0
-0.181581 0.0873259 2.96811
158 152 126
4 6 84 0 0 39 0 7 71 0 8 81 0
-0.181581 0.0873259 2.96811
158 152 126
4 6 85 0 0 40 0 7 72 0 8 80 0
-0.167176 0.11487 2.95217
162 156 131
2 6 96 0 0 43 0
0.63847 -0.469381 3.42798
188 178 154
2 6 310 0 0 677 0
1.15151 -0.492272 3.49825
238 223 193
5 6 325 0 0 247 0 5 422 0 7 279 0 8 258 0
0.139203 -0.322253 3.37316
179 178 156
2 6 337 0 0 1337 0
1.10107 0.298226 3.30461
147 146 145
5 6 461 0 0 370 0 8 424 0 9 326 0 10 313 0
1.04024 -0.459616 3.46825
204 193 168
4 6 480 0 0 213 0 7 480 0 14 595 0
0.985411 0.356725 3.25575
139 138 138
4 6 485 0 0 432 0 9 350 0 10 389 0
0.985318 0.356625 3.25518
148 147 147
4 6 486 0 0 431 0 12 1130 0 11 522 0
0.0315856 -0.431789 3.27642
234 228 202
2 6 489 0 0 436 0
1.40656 -0.757129 3.70706
237 223 194
7 6 500 0 0 141 0 5 577 0 7 394 0 8 479 0 9 377 0 13 267 0
-0.171552 0.160991 2.89999
152 152 135
6 6 512 0 0 596 0 7 320 0 8 377 0 9 486 0 10 790 0
0.875762 0.46908 3.16925
160 158 158
2 6 594 0 0 1134 0
0.875762 0.46908 3.16925
160 158 158
2 6 595 0 0 1135 0
0.377349 -0.718858 3.52916
179 169 142
6 6 607 0 0 148 0 5 656 0 4 577 0 7 524 0 8 584 0
0.0602963 -0.357511 3.26689
194 192 169
2 6 615 0 0 739 0
0.48668 -0.062364 3.30719
148 151 139
2 6 620 0 0 506 0
0.925777 -0.446188 3.44937
191 181 157
4 6 630 0 0 427 0 7 735 0 15 810 0
1.24949 -0.871669 3.77655
206 194 167
9 6 639 0 0 296 0 5 873 0 7 520 0 8 642 0 9 338 0 13 242 0 14 371 0 15 396 0
0.92255 0.229462 3.34377
186 184 182
6 6 650 0 0 663 0 7 571 0 8 608 0 9 551 0 13 923 0
-0.277337 0.132922 2.92633
133 131 113
2 6 801 0 0 590 0
0.0296096 -0.524071 3.39598
241 236 213
2 6 812 0 0 479 0
0.353664 -0.61359 3.18551
177 174 152
2 6 814 0 8 870 0
0.281862 -0.679568 3.51741
104 107 92
2 6 881 0 0 869 0
-0.194478 0.144779 2.89752
160 160 143
2 6 902 0 0 921 0
1.35044 -0.82803 3.75341
216 205 178
5 6 953 0 0 691 0 5 1116 0 14 801 0 15 881 0
0.912606 -0.451287 3.45437
221 208 183
3 6 1013 0 0 378 0 7 800 0
0.485057 0.687581 2.9788
91 90 88
4 6 1020 0 0 917 0 5 1272 0 9 560 0
0.488709 0.387054 3.20229
164 162 157
4 6 1065 0 0 1264 0 7 1054 0 8 937 0
0.489065 0.386231 3.20199
166 164 159
3 6 1066 0 0 1265 0 8 938 0
1.1328 -0.603114 3.5763
212 201 174
6 6 1091 0 0 603 0 5 1278 0 7 1043 0 14 1068 0 15 1044 0
-0.536091 -0.0614872 3.11083
64 67 52
3 6 78 0 7 64 0 8 99 0
0.644335 -0.165807 3.40278
122 120 98
3 6 167 0 4 161 0 5 460 0
0.491545 -0.604512 3.4811
212 199 169
5 6 296 0 4 233 0 5 442 0 7 276 0 8 308 0
0.914548 -0.497287 3.48178
237 222 193
4 6 326 0 4 499 0 7 313 0 8 478 0
1.31481 0.807528 2.94868
152 150 148
5 6 438 0 4 1009 0 5 736 0 9 381 0 10 858 0
0.377228 0.836278 2.86535
161 160 153
3 6 789 0 4 1068 0 8 983 0
0.672746 -0.191035 3.41517
205 197 173
3 6 1133 0 4 933 0 7 924 0
0.627556 -0.221537 3.40357
187 182 159
4 6 29 0 5 29 0 7 16 0 8 19 0
-0.358508 -0.235816 2.9753
30 32 22
4 6 34 0 5 28 0 7 26 0 8 35 0
-0.0807876 -0.58981 3.39491
177 171 147
4 6 60 0 5 44 0 7 48 0 8 60 0
-0.047293 -0.599543 3.41505
185 179 156
5 6 69 0 5 75 0 7 50 0 8 66 0 14 20 0
-0.405529 0.890672 2.76771
101 101 98
2 6 72 0 5 48 0
-0.405529 0.890672 2.76771
101 101 98
2 6 73 0 5 49 0
-2.06793 -1.26784 4.24537
94 92 89
4 6 105 0 5 87 0 7 90 0 9 137 0
0.991836 -0.275118 3.35931
176 182 169
2 6 168 0 5 327 0
1.30926 -0.663442 3.6289
229 209 175
3 6 170 0 5 242 0 7 167 0
0.647529 -0.186427 3.41506
190 183 157
3 6 178 0 5 187 0 8 185 0
-0.0206995 -0.0157797 3.07587
159 149 124
2 6 202 0 5 176 0
1.11995 -0.442749 3.46426
197 184 156
4 6 216 0 5 275 0 8 236 0 13 289 0
0.454455 -0.675257 3.50329
217 204 177
3 6 219 0 5 354 0 7 223 0
0.979902 -0.28791 3.34206
229 221 192
2 6 230 0 5 246 0
0.994976 -0.322579 3.36802
231 214 184
3 6 232 0 5 271 0 7 198 0
1.41943 -0.661051 3.6408
241 226 196
5 6 234 0 5 278 0 7 193 0 8 241 0 14 136 0
1.40946 -0.634138 3.61431
216 196 163
3 6 258 0 5 289 0 7 238 0
0.210266 0.105776 3.16531
191 196 181
2 6 260 0 5 322 0
1.00002 -0.569336 3.5445
234 216 185
4 6 271 0 5 315 0 7 257 0 8 288 0
-0.147364 0.928918 2.76875
117 116 113
3 6 277 0 5 247 0 9 699 0
0.965964 -0.370505 3.39619
201 184 156
4 6 279 0 5 264 0 7 295 0 8 286 0
-0.28231 0.946564 2.7473
110 109 102
3 6 282 0 5 213 0 8 207 0
-0.28231 0.946564 2.7473
110 109 102
3 6 283 0 5 214 0 8 206 0
1.19987 -0.462428 3.48114
241 223 192
4 6 306 0 5 477 0 7 307 0 8 275 0
1.1159 -0.356263 3.40204
235 219 188
3 6 308 0 5 386 0 7 213 0
0.678575 -0.328952 3.27002
213 204 173
4 6 312 0 5 398 0 7 306 0 8 338 0
1.37087 -0.581892 3.57797
231 217 189
6 6 315 0 5 351 0 7 289 0 8 310 0 13 252 0 9 250 0
1.42347 -0.697435 3.66876
246 228 194
4 6 323 0 5 455 0 8 333 0 7 457 0
-1.04514 1.0497 2.60607
155 155 149
2 6 329 0 5 212 0
1.46531 -0.612943 3.60294
211 195 163
4 6 386 0 5 471 0 8 400 0 9 169 0
1.4674 -0.614509 3.61264
214 196 162
3 6 387 0 5 472 0 8 399 0
0.689511 -0.178131 3.40427
166 160 136
3 6 392 0 5 325 0 7 298 0
0.90949 -0.578493 3.54354
243 225 192
4 6 394 0 5 321 0 7 364 0 8 393 0
1.1764 -0.404381 3.43323
238 220 190
4 6 396 0 5 369 0 7 454 0 8 405 0
0.423544 0.00554179 3.26628
127 129 112
2 6 400 0 5 270 0
1.14311 -0.454502 3.47167
204 193 165
6 6 402 0 5 437 0 7 350 0 8 379 0 13 311 0 14 492 0
1.14311 -0.454502 3.47167
204 193 165
6 6 403 0 5 438 0 7 351 0 8 380 0 13 310 0 14 493 0
1.5351 -0.261037 3.67829
195 188 162
3 6 409 0 5 456 0 7 285 0
-1.04565 0.826459 2.77568
90 90 86
3 6 441 0 5 235 0 7 621 0
-1.04475 0.825398 2.7734
88 89 86
2 6 442 0 5 234 0
0.496769 -0.45534 3.37447
215 200 165
2 6 510 0 5 1127 0
1.134 -0.432936 3.45125
241 222 190
3 6 561 0 5 749 0 7 435 0
0.80889 -0.151823 3.40394
182 172 147
2 6 580 0 5 796 0
-1.37778 0.650622 2.87865
66 65 58
2 6 585 0 5 648 0
1.63301 0.844725 2.93621
105 102 100
4 6 586 0 5 668 0 10 484 0 11 820 0
0.531212 -0.327429 3.29033
205 189 156
4 6 591 0 5 569 0 7 616 0 8 707 0
0.377191 -0.718661 3.52898
172 164 137
4 6 606 0 5 655 0 7 525 0 8 585 0
1.45339 -0.490505 3.53108
201 185 155
2 6 642 0 5 707 0
1.41418 -0.589174 3.58579
203 185 152
3 6 653 0 5 647 0 7 596 0
1.20872 -0.588294 3.57653
244 225 193
4 6 667 0 5 689 0 7 414 0 8 491 0
-0.417795 -0.229059 2.99096
187 179 152
2 6 692 0 5 1448 0
1.56268 -0.616129 3.61412
212 197 167
5 6 718 0 5 699 0 7 669 0 8 699 0 0 376 0
0.84743 -0.653315 3.59223
217 197 165
3 6 724 0 5 1185 0 8 813 0
1.39146 -0.464735 3.50018
202 185 158
3 6 775 0 5 819 0 7 906 0
0.955274 -0.459123 3.46328
211 191 159
2 6 777 0 5 804 0
1.44133 -0.473237 3.51425
221 222 207
3 6 800 0 5 1083 0 8 582 0
1.09055 -0.42484 3.44535
224 207 177
4 6 810 0 5 915 0 7 758 0 8 788 0
0.914816 -0.358873 3.38528
180 167 141
4 6 811 0 5 1430 0 7 1036 0 15 403 0
0.515103 -0.250554 3.20369
191 179 150
3 6 847 0 5 1232 0 7 1033 0
1.10535 -0.392099 3.42124
241 224 194
4 6 865 0 5 948 0 7 828 0 8 833 0
0.748733 0.912927 2.83826
172 170 166
3 6 866 0 5 1429 0 7 856 0
0.714393 -0.36289 3.29652
214 203 175
3 6 868 0 5 936 0 8 976 0
1.23582 -0.701581 3.65891
221 203 172
5 6 898 0 5 1053 0 7 731 0 8 818 0 9 559 0
1.02574 -0.435277 3.44944
235 217 185
3 6 937 0 5 959 0 7 529 0
0.77036 -0.124522 3.37117
206 209 192
2 6 940 0 5 1439 0
0.965594 -0.502184 3.4962
236 219 189
4 6 941 0 5 1015 0 7 785 0 8 749 0
0.533898 -0.0637978 3.31644
110 113 96
3 6 962 0 5 713 0 8 949 0
1.04042 -0.318507 3.36904
198 183 156
3 6 995 0 5 1367 0 7 874 0
0.260421 -0.289328 3.24589
172 165 138
3 6 996 0 5 1261 0 7 738 0
1.30116 -0.679428 3.64311
242 222 187
2 6 1009 0 5 1092 0
-1.54413 0.339941 3.10697
143 138 131
3 6 1028 0 5 732 0 7 1085 0
0.55563 1.07379 2.6992
81 80 76
2 6 1038 0 5 1096 0
1.14021 -0.593475 3.56962
244 223 189
2 6 1060 0 5 1211 0
0.779905 -0.201534 3.42274
209 200 177
3 6 1078 0 5 1237 0 7 873 0
-0.55481 0.670802 2.92845
63 65 63
3 6 1083 0 5 1051 0 7 1109 0
0.472027 -0.0809738 3.31106
175 182 170
2 6 1092 0 5 1267 0
1.06478 -0.373966 3.40695
228 211 182
4 6 1096 0 5 709 0 7 870 0 8 821 0
1.06478 -0.373966 3.40695
228 211 182
4 6 1097 0 5 708 0 7 869 0 8 822 0
0.291382 -0.273645 3.22177
200 190 163
4 6 1105 0 5 993 0 7 929 0 8 846 0
1.13648 -0.389752 3.42891
243 226 195
3 6 1114 0 5 1409 0 7 1115 0
0.456585 -0.249622 3.23398
182 163 127
2 6 1130 0 5 918 0
1.28975 -0.590731 3.57418
240 220 185
2 6 1138 0 5 1132 0
0.766718 0.678957 3.0005
98 98 96
2 6 1145 0 5 976 0
1.06684 -0.363324 3.39928
204 187 156
3 6 1158 0 5 1312 0 7 934 0
1.06684 -0.363324 3.39928
204 187 156
3 6 1159 0 5 1313 0 7 935 0
0.453826 -0.696197 3.51726
177 164 138
3 6 1166 0 5 1413 0 7 1126 0
-0.240174 0.186409 2.86901
156 155 136
2 7 8 0 0 9 0
-0.135874 0.155675 2.91606
150 144 121
3 7 103 0 0 61 0 8 108 0
1.0622 0.56869 3.10552
198 196 195
5 7 277 0 0 393 0 4 630 0 6 355 0 9 316 0
-0.244317 0.160732 2.91503
179 171 149
5 7 356 0 0 117 0 5 134 0 4 111 0 8 321 0
1.26524 0.198053 3.38723
114 114 111
4 7 361 0 0 328 0 8 467 0 14 820 0
0.443641 -0.553444 3.43662
217 205 174
5 7 397 0 0 442 0 5 1241 0 4 935 0 8 839 0
1.19088 0.286166 3.32106
184 180 180
6 7 484 0 0 418 0 6 794 0 8 350 0 9 418 0 10 466 0
0.922704 0.229533 3.34349
178 176 175
4 7 572 0 0 664 0 6 651 0 9 553 0
1.33222 0.304345 3.31616
102 98 97
5 7 586 0 0 985 0 6 869 0 8 754 0 9 876 0
1.01207 0.34819 3.26246
134 133 133
3 7 590 0 0 912 0 8 656 0
1.01296 0.348566 3.26445
142 141 142
4 7 591 0 0 911 0 9 525 0 10 581 0
1.13369 0.284991 3.31419
144 143 142
5 7 635 0 0 1011 0 6 932 0 8 627 0 9 567 0
0.450232 -1.05623 4.24511
119 116 111
4 7 651 0 0 219 0 9 590 0 10 507 0
0.450453 -1.05567 4.24234
115 113 110
3 7 652 0 0 218 0 9 592 0
1.13429 0.295634 3.30684
117 117 116
3 7 693 0 0 701 0 8 671 0
0.28674 -0.262552 3.21842
151 146 123
3 7 902 0 0 725 0 8 917 0
1.26868 -0.794468 3.72251
212 199 171
7 7 911 0 0 458 0 6 803 0 5 1401 0 8 780 0 13 321 0 14 696 0
0.857163 -0.52745 3.50324
205 195 172
2 7 926 0 0 813 0
0.497068 -0.506126 3.40767
207 200 176
3 7 1100 0 0 711 0 14 928 0
1.16304 -0.457381 3.47472
201 191 167
2 7 1112 0 0 534 0
1.0783 -0.401728 3.42922
224 214 191
2 7 1156 0 0 1050 0
0.896889 -0.368202 3.39207
229 216 186
3 7 179 0 4 156 0 8 214 0
0.292232 -0.628224 3.2769
217 205 177
2 7 549 0 4 451 0
0.298994 0.345788 3.20616
92 93 91
4 7 49 0 5 97 0 6 66 0 8 45 0
-0.230686 -0.188613 3.14501
187 179 152
2 7 62 0 5 82 0
0.201617 -0.705518 3.51622
203 194 169
2 7 93 0 5 102 0
-1.00033 0.520234 2.94306
164 161 136
3 7 650 0 5 664 0 6 729 0
1.09283 -0.190751 3.57777
204 211 198
3 7 703 0 5 1265 0 9 794 0
0.820183 -0.19143 3.42602
172 167 144
3 7 794 0 5 943 0 8 897 0
0.748733 0.912927 2.83826
176 174 170
3 7 855 0 5 1428 0 6 867 0
-0.265024 -0.186514 3.07743
182 180 160
2 7 1 0 6 1 0
0.786774 0.0516247 3.36754
199 193 168
3 7 9 0 6 21 0 8 11 0
0.456349 -0.711529 3.57663
180 173 147
3 7 12 0 6 22 0 8 15 0
0.456349 -0.711529 3.57663
180 173 147
3 7 13 0 6 23 0 8 16 0
-0.325737 -0.190479 3.01425
211 211 189
2 7 14 0 6 25 0
0.0640236 -0.232802 3.22394
65 65 46
3 7 24 0 6 17 0 8 32 0
0.673289 -0.263764 3.42113
73 77 63
2 7 27 0 6 31 0
0.674824 0.201911 3.32062
95 95 92
2 7 29 0 6 43 0
-0.290304 -0.258324 3.21245
161 157 130
3 7 34 0 6 45 0 8 38 0
-0.38072 -0.192089 2.9958
152 147 122
2 7 47 0 6 67 0
-0.266775 -0.0533084 3.06297
159 154 127
4 7 52 0 6 63 0 8 54 0 9 48 0
-0.263401 -0.0536321 3.05572
165 161 133
5 7 53 0 6 64 0 8 53 0 9 47 0 15 44 0
0.512712 -0.647845 3.56485
191 182 155
3 7 55 0 6 100 0 8 72 0
0.425299 -0.756953 3.56496
55 55 37
4 7 58 0 6 71 0 8 76 0 9 57 0
-0.318371 0.122488 2.94973
146 144 122
3 7 61 0 6 62 0 8 57 0
-0.0584498 -0.559619 3.39296
46 45 30
3 7 65 0 6 75 0 9 85 0
1.07622 -0.470137 3.56532
237 219 189
2 7 66 0 6 80 0
-0.0856696 0.14411 2.94279
151 147 123
2 7 77 0 6 74 0
0.789427 -0.498186 3.47695
223 207 179
2 7 89 0 6 112 0
-0.239933 -0.0673494 3.10873
227 224 202
2 7 92 0 6 93 0
0.584295 -0.139176 3.36213
93 97 83
2 7 99 0 6 109 0
-0.685397 -0.00730371 3.06398
73 77 61
2 7 116 0 6 125 0
-0.0571701 0.282984 3.29006
132 138 124
3 7 128 0 6 119 0 8 138 0
-0.10214 0.326295 3.11516
125 132 119
3 7 135 0 6 129 0 8 153 0
1.18619 -0.541622 3.54809
238 219 188
2 7 140 0 6 141 0
-0.626692 -0.0546485 3.08102
112 117 104
2 7 144 0 6 122 0
-0.155445 0.160328 2.90579
249 241 214
4 7 161 0 6 143 0 8 198 0 9 211 0
-0.231679 -0.0222227 3.06854
255 248 221
2 7 189 0 6 239 0
-0.30299 -0.246666 3.20609
169 163 137
3 7 203 0 6 304 0 8 254 0
0.386184 -0.699936 3.51472
196 190 166
3 7 208 0 6 156 0 8 249 0
-0.419601 0.286604 2.83542
152 150 128
2 7 211 0 6 177 0
0.996277 -0.38593 3.41394
202 186 159
3 7 215 0 6 220 0 8 231 0
0.524795 -0.517198 3.42134
207 194 166
2 7 233 0 6 218 0
0.795712 -0.0828125 3.46875
152 160 147
3 7 248 0 6 293 0 8 196 0
-0.354663 -0.310336 3.07613
199 195 169
3 7 249 0 6 255 0 8 359 0
0.821571 -0.4257 3.41067
219 207 180
3 7 252 0 6 250 0 8 346 0
1.17653 -0.674276 3.62917
204 190 163
4 7 269 0 6 244 0 8 215 0 14 192 0
1.17723 -0.673302 3.622
203 185 155
3 7 270 0 6 245 0 8 216 0
0.915902 -0.496572 3.47574
235 220 191
2 7 312 0 6 327 0
0.954806 -0.250972 3.35719
165 172 160
2 7 314 0 6 313 0
-0.51984 0.197987 2.86994
122 119 98
3 7 318 0 6 322 0 8 431 0
-0.295852 -0.324163 3.26706
252 247 220
4 7 322 0 6 340 0 8 303 0 9 187 0
0.0587684 -0.156028 3.20821
162 156 132
2 7 327 0 6 395 0
0.378039 -0.187337 3.19434
147 146 130
3 7 334 0 6 463 0 8 332 0
1.17531 -0.70273 3.66888
246 226 195
2 7 359 0 6 447 0
0.183274 -0.0932487 3.19832
115 118 107
2 7 366 0 6 469 0
-0.377883 0.166927 2.89342
158 154 131
3 7 370 0 6 351 0 8 412 0
0.361539 -0.238098 3.22425
187 177 150
3 7 376 0 6 226 0 8 313 0
0.746053 -1.265 4.42395
158 154 153
3 7 378 0 6 404 0 8 368 0
0.743139 0.155668 3.3849
153 153 148
6 7 382 0 6 521 0 8 374 0 9 547 0 10 678 0 11 711 0
1.31449 0.268515 3.32874
74 73 74
2 7 387 0 6 562 0
1.02745 -0.527309 3.50828
239 222 191
3 7 388 0 6 406 0 8 457 0
0.857506 -1.19193 4.37128
211 206 204
3 7 391 0 6 507 0 8 448 0
0.857305 -1.19236 4.3698
212 208 205
4 7 392 0 6 506 0 8 447 0 9 298 0
0.0369125 -0.509831 3.39452
178 172 145
3 7 395 0 6 431 0 8 390 0
0.339597 -0.179253 3.12772
125 131 117
3 7 396 0 6 414 0 8 465 0
1.20358 -0.433485 3.45678
239 223 192
3 7 402 0 6 474 0 8 417 0
1.20358 -0.433485 3.45678
239 223 192
3 7 403 0 6 475 0 8 416 0
-0.202062 0.190998 2.89693
112 111 90
3 7 404 0 6 375 0 8 801 0
-0.707059 0.492145 5.75583
124 130 115
2 7 413 0 6 393 0
1.07171 -0.614158 3.58089
212 196 166
3 7 436 0 6 434 0 9 359 0
0.788316 -0.249714 3.4817
76 75 62
3 7 437 0 6 906 0 8 261 0
0.610692 -0.393744 3.33351
197 188 156
3 7 439 0 6 437 0 8 560 0
-0.281538 -0.0947873 3.10243
215 213 191
3 7 442 0 6 399 0 8 504 0
1.00005 -0.5519 3.5409
213 197 165
3 7 461 0 6 426 0 8 527 0
0.970187 -0.272294 3.34929
164 169 155
2 7 463 0 6 933 0
1.29416 0.260964 3.34195
96 94 94
4 7 466 0 6 547 0 8 492 0 9 635 0
1.22678 -0.578873 3.54108
203 187 154
2 7 467 0 6 537 0
0.375526 -0.218445 3.18213
156 148 120
3 7 474 0 6 478 0 8 489 0
0.375526 -0.218445 3.18213
156 148 120
3 7 475 0 6 477 0 8 490 0
0.89274 -0.275524 0.984554
187 177 153
2 7 476 0 6 786 0
-0.351975 -0.350476 3.25891
72 71 59
2 7 477 0 6 284 0
1.0405 -0.459526 3.4682
208 200 174
5 7 481 0 6 479 0 14 594 0 15 556 0 1 923 0
0.839873 -0.424477 3.45862
225 212 184
3 7 488 0 6 608 0 8 704 0
0.659397 -0.461412 3.43254
255 251 221
3 7 496 0 6 557 0 8 769 0
-0.207949 0.205746 2.88872
146 146 128
2 7 497 0 6 1102 0
0.711545 -1.12922 4.3219
187 183 179
3 7 517 0 6 660 0 8 599 0
-0.150693 0.174133 2.91405
229 216 190
3 7 543 0 6 429 0 8 685 0
0.683451 -0.239908 3.46541
127 129 113
3 7 552 0 6 544 0 8 385 0
1.15712 -0.446012 3.47776
231 216 186
3 7 557 0 6 398 0 8 641 0
-0.446176 0.27996 2.82595
152 149 127
2 7 587 0 6 553 0
1.41397 -0.589208 3.58517
202 190 162
3 7 597 0 6 654 0 13 512 0
1.25326 -0.398185 3.44338
214 206 182
2 7 640 0 6 961 0
-0.0849042 -0.588273 3.32217
98 94 89
3 7 641 0 6 701 0 8 513 0
0.755711 -1.07206 4.28009
187 183 180
3 7 654 0 6 714 0 8 702 0
1.22501 -0.397276 3.42273
237 220 189
2 7 673 0 6 1142 0
0.42107 -0.294327 3.25783
203 193 165
2 7 674 0 6 644 0
0.42107 -0.294327 3.25783
203 193 165
2 7 675 0 6 643 0
-0.20497 0.13454 2.91102
154 153 133
3 7 685 0 6 1157 0 8 796 0
-0.43703 -0.271559 3.02662
146 142 121
2 7 689 0 6 540 0
-0.32205 -0.207432 2.97765
147 143 118
3 7 710 0 6 1149 0 9 882 0
0.568358 -0.521408 3.43442
193 180 146
3 7 727 0 6 552 0 8 658 0
0.576991 -0.496811 3.42744
188 173 142
3 7 729 0 6 645 0 8 778 0
-0.478137 -0.256344 3.04383
71 68 56
2 7 739 0 6 341 0
0.387412 -0.754045 3.67267
192 185 158
2 7 743 0 6 1076 0
1.11393 -0.488732 3.49242
236 219 188
3 7 759 0 6 935 0 8 761 0
0.607213 -0.559688 3.456
184 174 146
3 7 776 0 6 1192 0 8 668 0
0.589552 -0.401072 3.33524
198 185 152
2 7 797 0 6 944 0
0.812467 -0.483337 3.46881
194 182 156
3 7 815 0 6 706 0 15 974 0
0.812618 -0.482063 3.4585
193 177 149
2 7 816 0 6 707 0
-0.338842 -0.149283 2.96194
150 147 122
2 7 821 0 6 582 0
1.29359 0.279193 3.32608
123 119 116
2 7 824 0 6 1115 0
-0.444528 -0.257896 3.01151
147 142 120
2 7 834 0 6 674 0
0.293843 -0.220335 3.1969
184 176 151
2 7 850 0 6 1033 0
0.971896 -0.555915 3.53332
238 221 191
3 7 865 0 6 978 0 8 820 0
0.769558 -0.204633 3.41022
165 159 138
3 7 868 0 6 862 0 8 720 0
-0.231783 -0.0163986 3.04564
196 189 162
4 7 872 0 6 1183 0 8 905 0 9 860 0
-0.165655 0.175264 2.91573
138 132 114
2 7 876 0 6 982 0
0.516655 -0.261384 3.20421
200 191 163
3 7 880 0 6 1170 0 8 895 0
-0.219499 0.104676 2.91628
158 157 137
3 7 895 0 6 952 0 8 880 0
0.280738 -0.263081 3.23553
151 143 118
3 7 903 0 6 848 0 8 916 0
1.01075 -0.358875 3.36369
198 184 156
2 7 914 0 6 921 0
1.21674 -0.566102 3.54572
240 222 191
2 7 918 0 6 966 0
0.677267 -0.190718 3.38439
191 186 165
2 7 925 0 6 1134 0
0.856579 -0.527908 3.5088
206 191 163
3 7 927 0 6 954 0 8 835 0
1.17356 -0.735867 3.6681
210 192 158
2 7 933 0 6 1162 0
0.476721 -0.0721663 3.30419
108 112 100
4 7 939 0 6 883 0 8 923 0 9 789 0
0.0622246 -0.587944 3.44148
208 208 185
4 7 970 0 6 753 0 8 663 0 9 1058 0
0.955397 -0.45734 3.45145
201 186 158
3 7 971 0 6 776 0 8 984 0
0.449366 -0.797201 3.63739
172 164 142
3 7 979 0 6 571 0 8 868 0
0.586805 0.214677 3.33525
104 106 105
3 7 994 0 6 1067 0 9 998 0
-0.428491 0.189184 2.87651
156 152 129
3 7 1047 0 6 911 0 8 542 0
0.712142 -0.344088 3.28365
203 197 172
2 7 1063 0 6 950 0
-0.457254 0.27598 2.79007
121 118 95
3 7 1079 0 6 1075 0 8 657 0
0.498016 0.391939 3.18637
83 83 78
3 7 1081 0 6 938 0 8 935 0
1.05729 -0.35097 3.38809
230 215 187
3 7 1091 0 6 913 0 8 751 0
0.685467 -0.383999 3.32365
207 201 171
2 7 1093 0 6 899 0
1.14359 -0.506184 3.50695
202 182 150
2 7 1094 0 6 1128 0
1.14308 -0.506037 3.50806
194 186 161
5 7 1095 0 6 1129 0 13 815 0 9 696 0 12 796 0
0.323312 -0.238478 3.21282
190 181 156
2 7 1099 0 6 1049 0
0.449437 -0.699303 3.53833
167 159 134
2 7 1127 0 6 1167 0
1.13801 0.503125 3.14765
160 158 157
2 7 1142 0 6 1007 0
1.13801 0.503125 3.14765
160 158 157
2 7 1143 0 6 1006 0
0.547669 0.550406 3.08794
125 122 119
2 8 329 0 0 249 0
1.138 0.184773 3.3852
105 105 103
3 8 411 0 0 388 0 9 459 0
0.95957 0.429826 3.19952
109 108 106
4 8 461 0 0 483 0 9 446 0 12 846 0
-0.348713 -0.108755 2.98311
72 71 53
2 8 477 0 7 708 0
0.32667 -0.279351 3.23644
157 152 128
3 8 545 0 0 132 0 7 562 0
-0.325735 -0.119557 2.95818
163 160 141
2 8 648 0 7 728 0
1.28235 0.266965 3.34078
183 180 179
5 8 680 0 0 1258 0 7 807 0 6 1074 0 9 649 0
-0.567396 -1.05627 4.18776
132 130 126
4 8 845 0 7 732 0 6 666 0 9 706 0
0.997255 -0.586898 3.55594
202 192 168
2 8 953 0 0 796 0
1.30938 -0.432862 3.39796
188 175 145
3 8 451 0 6 1055 0 7 460 0
0.766522 -0.205011 3.42636
182 172 146
2 8 719 0 5 827 0
0.302577 -0.591993 3.47224
107 117 106
2 8 819 0 5 1239 0
0.560801 -0.150203 3.40917
91 95 81
3 8 4 0 6 6 0 7 5 0
0.566328 -0.14687 3.39282
97 101 86
2 8 5 0 6 7 0
0.133375 0.0412327 3.19691
87 88 72
2 8 7 0 6 9 0
0.765952 -0.21073 3.47874
168 162 140
2 8 9 0 6 14 0
-0.290304 -0.258324 3.21245
161 157 130
3 8 39 0 6 44 0 7 35 0
0.685101 -0.35962 3.31816
68 69 50
2 8 47 0 6 54 0
0.685101 -0.35962 3.31816
68 69 50
2 8 48 0 6 55 0
1.01749 0.0540901 3.47202
97 98 96
2 8 49 0 6 61 0
0.0920091 -0.058846 3.2578
190 194 180
2 8 64 0 6 48 0
0.195502 -0.164362 3.1582
58 60 41
2 8 78 0 6 49 0
0.195502 -0.164362 3.1582
58 60 41
2 8 79 0 6 50 0
-0.243036 -0.136222 3.13929
169 164 139
3 8 92 0 6 89 0 9 96 0
-0.0102894 0.298328 3.10338
86 88 70
3 8 105 0 6 58 0 7 78 0
-0.323649 0.154621 2.90273
147 144 121
3 8 181 0 6 155 0 15 360 0
0.814282 -0.162057 3.39813
167 162 140
2 8 191 0 6 187 0
-0.15681 0.15951 2.90663
250 245 220
4 8 199 0 6 142 0 9 210 0 10 238 0
0.381301 -0.203731 3.1815
183 177 152
2 8 201 0 6 161 0
0.1136 -0.241139 3.18828
176 170 144
2 8 229 0 6 200 0
0.525531 -0.0394972 3.32101
132 134 116
2 8 260 0 6 297 0
0.831358 -0.149336 3.39629
190 193 178
3 8 276 0 6 320 0 9 303 0
0.299745 0.0554204 3.20958
111 114 99
2 8 294 0 6 213 0
0.361539 -0.238098 3.22425
187 177 150
3 8 312 0 6 227 0 7 375 0
0.348893 -0.182452 3.17274
118 126 115
2 8 365 0 6 502 0
0.43997 -0.227105 3.18346
189 182 156
2 8 376 0 6 381 0
0.183261 -0.153832 3.12222
66 68 51
2 8 389 0 6 248 0
1.19316 -0.579197 3.55689
230 216 186
3 8 404 0 6 481 0 9 360 0
-0.14437 0.187273 2.90775
122 126 113
2 8 408 0 6 605 0
1.0272 -0.451866 3.48411
199 184 153
3 8 437 0 6 765 0 7 316 0
0.18073 -0.298152 3.24051
159 152 125
2 8 449 0 6 464 0
0.967961 -0.626017 3.57305
217 199 168
2 8 487 0 6 401 0
0.799896 -0.136708 3.39798
193 195 179
2 8 602 0 6 1004 0
0.893411 0.481842 3.15145
181 180 178
2 8 626 0 6 744 0
0.379607 0.025899 3.24431
113 117 101
2 8 651 0 6 635 0
0.029238 -0.43069 3.33194
179 172 143
2 8 712 0 6 1095 0
0.00672304 -0.102702 3.15848
150 145 121
2 8 734 0 6 807 0
-0.334651 -0.341515 3.25458
175 174 149
2 8 738 0 6 588 0
-0.19972 0.1908 2.89167
111 110 90
2 8 802 0 6 376 0
0.74331 -0.174926 3.39421
201 194 170
2 8 853 0 6 924 0
0.0837556 -0.32284 3.24477
172 166 144
2 8 878 0 6 1054 0
-0.0565555 -0.587249 3.42818
173 167 144
2 8 886 0 6 782 0
1.32285 0.277131 3.31766
80 78 78
3 8 887 0 6 698 0 7 1031 0
-0.291359 -0.313168 3.23099
189 184 155
2 8 892 0 6 1029 0
0.0197935 -0.469194 3.35004
239 232 203
2 8 920 0 6 1137 0
0.0197935 -0.469194 3.35004
239 232 203
2 8 921 0 6 1136 0
0.585637 -0.479186 3.40462
201 186 152
2 8 966 0 6 955 0
0.481573 -0.116851 3.30485
202 210 195
3 8 968 0 6 844 0 10 537 0
-0.198485 -0.484976 3.59179
82 79 70
2 8 12 0 7 10 0
0.060095 -0.23073 3.23434
68 68 49
2 8 33 0 7 23 0
-0.289096 -0.0387076 2.96559
158 153 131
2 8 74 0 7 74 0
-0.134411 0.155391 2.91259
152 145 120
2 8 107 0 7 104 0
-0.143892 0.0331603 2.97599
161 158 133
2 8 115 0 7 154 0
0.0454472 0.0183089 3.19028
113 116 101
2 8 125 0 7 85 0
-0.250674 -0.0212698 3.03672
166 159 129
3 8 128 0 7 100 0 9 65 0
-0.0573598 0.298808 3.14303
210 214 197
2 8 141 0 7 122 0
0.387774 -0.249129 3.21474
186 177 149
2 8 145 0 7 112 0
-0.307337 -0.0653279 3.03348
174 172 147
2 8 148 0 7 141 0
-0.150123 0.345338 3.11114
118 127 115
2 8 159 0 7 146 0
0.512678 -0.729502 3.67669
217 205 179
2 8 163 0 7 163 0
0.512678 -0.729502 3.67669
217 205 179
2 8 164 0 7 162 0
0.113225 -0.481929 3.50617
120 131 123
2 8 165 0 7 147 0
0.74865 -0.355146 3.40714
101 105 93
2 8 169 0 7 195 0
-0.0614852 0.295775 3.09664
113 122 108
2 8 197 0 7 342 0
0.805339 -0.231858 3.4561
86 83 67
2 8 245 0 7 221 0
0.580567 -0.0410666 3.31151
162 170 156
3 8 268 0 7 305 0 9 247 0
-0.0740371 0.222662 3.03218
118 124 111
2 8 279 0 7 358 0
0.653082 -0.311687 3.26605
190 185 161
2 8 289 0 7 194 0
-0.0343674 0.121629 2.98249
175 171 151
2 8 300 0 7 263 0
0.0951043 -0.135568 3.13634
156 152 127
2 8 301 0 7 280 0
0.49205 -0.0797355 3.3171
116 120 107
2 8 324 0 7 323 0
-0.574806 -0.0892499 3.06873
70 78 69
2 8 326 0 7 339 0
-0.340092 0.226062 2.85587
138 136 112
2 8 327 0 7 406 0
0.0818837 0.0915056 3.13291
122 125 108
2 8 336 0 7 417 0
0.606297 -0.591909 3.56225
204 199 173
2 8 341 0 7 639 0
0.743528 -1.27007 4.44119
156 152 152
2 8 367 0 7 379 0
-0.0708208 -0.41057 3.4265
210 192 162
2 8 369 0 7 190 0
-0.0620583 0.277024 3.10501
170 175 157
2 8 370 0 7 526 0
-0.509266 -0.101367 3.03231
69 74 62
2 8 384 0 7 796 0
0.463352 -0.796297 3.55767
205 196 176
2 8 386 0 7 446 0
0.908609 -0.57999 3.55188
240 224 195
2 8 392 0 7 365 0
0.824274 -1.20281 4.39957
122 117 116
2 8 398 0 7 308 0
0.0701669 0.0867436 3.11698
159 163 147
2 8 450 0 7 531 0
0.0481481 0.0455391 3.21354
100 104 88
2 8 453 0 7 647 0
0.202654 0.10662 3.20347
158 162 147
2 8 455 0 7 232 0
-0.226454 0.069475 2.96256
192 185 158
2 8 476 0 7 470 0
1.05846 -0.666884 3.63221
219 202 172
2 8 481 0 7 427 0
1.05846 -0.666884 3.63221
219 202 172
2 8 482 0 7 428 0
-0.520782 -0.715067 3.97535
81 77 69
2 8 508 0 7 583 0
-0.230834 0.0913593 2.98069
194 188 163
2 8 533 0 7 567 0
0.243122 -0.237578 3.21011
155 148 123
2 8 534 0 7 561 0
0.243122 -0.237578 3.21011
155 148 123
2 8 535 0 7 560 0
-0.371047 -0.325829 3.10726
80 75 65
2 8 555 0 7 679 0
0.0645104 -0.0628103 3.2657
135 141 127
2 8 561 0 7 563 0
0.706783 -1.13674 4.35264
191 187 184
2 8 600 0 7 518 0
0.464882 -0.146511 3.25711
158 165 150
2 8 601 0 7 750 0
0.46623 -0.16492 3.21663
152 160 146
2 8 617 0 7 521 0
-0.230699 -0.148344 2.89792
195 195 172
2 8 636 0 7 606 0
0.0769641 0.0643054 3.08221
163 167 149
2 8 675 0 7 795 0
-0.0664659 -0.0310396 2.71296
152 145 117
2 8 677 0 7 1051 0
-0.307835 -0.0865341 3.07363
234 233 211
2 8 688 0 7 666 0
0.027025 -0.508127 3.37594
235 229 203
2 8 690 0 7 706 0
0.027025 -0.508127 3.37594
235 229 203
2 8 691 0 7 707 0
0.580636 -0.59792 3.47838
192 182 155
2 8 692 0 7 662 0
0.751517 -1.07884 4.30873
190 186 182
2 8 703 0 7 653 0
-0.448447 0.121434 3.29338
86 86 66
2 8 717 0 7 954 0
-0.112559 -0.597029 3.4207
165 161 140
2 8 730 0 7 670 0
1.08483 -0.38316 3.40766
231 216 188
2 8 731 0 7 859 0
1.03643 -0.649608 3.58182
247 230 201
2 8 739 0 7 579 0
1.0363 -0.316538 1.54606
65 63 38
2 8 744 0 7 398 0
1.0363 -0.316538 1.54606
65 63 38
2 8 745 0 7 399 0
0.985235 0.354129 3.2335
138 137 137
2 8 758 0 7 678 0
0.985235 0.354129 3.2335
138 137 137
2 8 759 0 7 676 0
0.985235 0.354129 3.2335
138 137 137
2 8 760 0 7 677 0
-0.235356 0.0675988 2.92172
157 156 137
2 8 779 0 7 709 0
1.03819 -0.408249 3.43333
227 212 183
2 8 787 0 7 787 0
0.771373 -0.236544 3.44202
157 155 138
2 8 794 0 7 736 0
0.526317 -0.579805 3.46156
198 186 157
2 8 810 0 7 644 0
-0.0699028 -0.501279 3.36508
166 161 139
2 8 832 0 7 905 0
0.256414 -0.113646 3.1208
164 168 152
2 8 867 0 7 1025 0
0.345866 -0.267853 3.22969
191 185 160
2 8 873 0 7 825 0
-0.234577 -0.0880775 3.10688
225 222 199
2 8 888 0 7 912 0
0.557248 -0.632024 3.56228
228 219 192
2 8 891 0 7 871 0
-0.138128 0.123722 2.95069
200 191 165
2 8 907 0 7 1003 0
0.884649 0.511948 3.10414
168 167 164
2 8 914 0 7 1027 0
0.884649 0.511948 3.10414
168 167 164
2 8 915 0 7 1026 0
-0.239992 0.00992227 3.07614
205 197 168
2 8 927 0 7 983 0
-0.146557 0.149204 2.97789
206 196 169
2 8 928 0 7 976 0
1.13157 0.195149 3.3532
177 176 174
2 8 955 0 7 899 0
0.391408 -0.284596 3.23977
198 191 165
2 8 982 0 7 1080 0
0.455301 0.00274931 3.28553
157 162 148
2 8 988 0 7 734 0
-0.3577 -0.161445 3.08562
218 218 196
2 8 999 0 7 756 0
0.518414 0.22469 2.7829
99 96 95
2 9 93 0 7 105 0
1.19756 0.277995 3.32967
121 118 117
4 9 659 0 0 1124 0 8 640 0 7 791 0
0.752806 1.01481 2.75963
184 181 178
4 9 383 0 5 493 0 6 361 0 10 662 0
1.35852 -0.921665 3.81933
172 166 144
4 9 920 0 12 1042 0 13 937 0 0 1112 0
-0.190725 -0.0959306 3.12865
161 159 136
2 9 376 0 6 418 0
0.371601 -0.734177 3.54234
191 189 167
2 9 12 0 7 15 0
1.38548 -0.283654 2.51819
112 116 101
2 9 119 0 7 209 0
1.18306 -0.658131 3.6244
230 215 187
2 9 205 0 7 287 0
1.2538 -0.743966 3.68896
239 223 195
2 9 419 0 7 462 0
-0.496598 -1.23869 4.31789
123 121 119
3 9 35 0 8 71 0 10 42 0
-0.0732828 -0.557097 3.40995
50 49 33
2 9 84 0 8 118 0
-0.246307 -0.135089 3.14301
171 167 144
2 9 95 0 8 93 0
1.127 -0.425224 3.45436
219 211 187
3 9 186 0 8 248 0 13 254 0
0.493922 -0.120906 3.31367
111 119 104
2 9 219 0 8 220 0
0.573347 0.208975 3.33632
44 48 47
2 9 387 0 8 361 0
0.580652 -0.0545749 3.31666
117 120 105
2 9 505 0 8 549 0
0.602981 0.621357 3.04688
93 91 88
2 9 639 0 8 592 0
0.997883 -0.586426 3.5535
193 182 155
2 9 813 0 8 954 0
1.00169 0.31183 3.28778
167 167 166
2 10 1074 0 0 1349 0
1.00169 0.31183 3.28778
167 167 166
2 10 1075 0 0 1350 0
-0.205036 0.0257998 2.97867
213 205 176
2 10 8 0 9 3 0
-0.332876 -0.282598 3.05602
208 201 173
2 10 17 0 9 11 0
-0.0951904 0.156094 2.96082
166 167 146
2 10 57 0 9 33 0
0.785865 0.149943 3.40173
111 112 109
2 10 61 0 9 26 0
1.61205 -0.184901 3.67677
107 107 103
2 10 75 0 9 68 0
0.943945 0.563476 3.09558
110 110 108
2 10 93 0 9 44 0
-1.21593 -0.34851 3.62378
120 119 110
2 10 110 0 9 66 0
0.61333 -0.587243 3.52969
184 181 159
2 10 118 0 9 109 0
-0.318824 -0.294812 3.09626
181 181 159
2 10 123 0 9 101 0
-0.274803 -0.0470566 3.02844
255 255 231
2 10 144 0 9 141 0
-0.274803 -0.0470566 3.02844
255 255 231
2 10 145 0 9 142 0
-0.128553 0.159201 2.91089
167 165 141
3 10 173 0 9 106 0 11 219 0
-0.351293 -0.307646 3.06307
212 209 183
2 10 251 0 9 320 0
-0.518323 -0.721218 3.93742
144 135 124
2 10 340 0 9 230 0
-0.306493 -0.336766 3.18498
214 210 189
2 10 354 0 9 425 0
0.710294 -1.12903 4.31537
202 197 192
2 10 355 0 9 449 0
1.28427 -0.533556 3.53742
187 183 160
3 10 360 0 9 365 0 13 410 0
0.984794 0.357299 3.25717
147 147 146
2 10 390 0 9 351 0
1.13404 0.324263 3.30589
121 119 117
2 10 447 0 9 336 0
-0.186175 0.0913931 2.91425
197 193 168
3 10 503 0 9 463 0 11 1071 0
-0.309172 -0.330271 3.24959
190 184 161
3 10 509 0 9 611 0 11 527 0
-0.511574 -0.693032 3.92527
165 155 144
3 10 553 0 9 471 0 11 771 0
-0.511574 -0.693032 3.92527
165 155 144
3 10 554 0 9 472 0 11 772 0
0.375353 -0.589731 3.45998
179 181 160
2 10 576 0 9 184 0
1.01458 0.346975 3.26246
155 154 154
3 10 580 0 9 524 0 11 805 0
-0.0645698 -0.576538 3.38785
198 200 181
3 10 611 0 9 586 0 11 714 0
0.711345 0.585227 3.06761
143 139 138
2 10 709 0 9 502 0
0.863079 -0.994396 4.22975
105 101 94
3 10 759 0 9 971 0 15 589 0
0.755085 -0.92638 4.1952
141 136 128
3 10 769 0 9 829 0 12 870 0
0.141348 -0.645667 3.5541
171 173 155
2 10 805 0 9 990 0
1.12927 0.198418 3.37979
194 191 190
2 10 852 0 9 825 0
0.927664 0.539976 3.11013
137 137 134
2 10 871 0 9 811 0
0.935863 0.222046 3.3464
101 98 96
2 10 981 0 9 737 0
0.676171 -0.376993 3.29857
195 196 172
2 10 1073 0 9 616 0
0.357689 -0.714594 3.52443
185 180 156
2 0 859 0 15 694 0
0.69035 0.187767 3.32655
141 139 139
2 11 26 0 10 32 0
1.00558 -1.08746 4.30576
211 204 198
4 11 347 0 10 433 0 14 224 0 15 258 0
1.43904 1.19019 2.66347
122 116 113
2 11 545 0 10 294 0
1.09166 0.289349 3.30957
135 132 131
2 11 776 0 10 488 0
1.28094 0.268319 3.3447
208 204 203
2 11 996 0 10 468 0
1.28094 0.268319 3.3447
208 204 203
2 11 997 0 10 469 0
1.30977 -0.542083 3.5439
191 189 167
5 12 138 0 9 272 0 13 291 0 14 467 0 15 419 0
1.29653 -0.523634 3.52772
198 196 174
2 12 492 0 9 441 0
1.25681 0.213248 3.37433
152 151 151
5 12 417 0 11 134 0 13 378 0 14 496 0 15 441 0
1.00205 1.11003 2.69736
208 203 201
4 12 633 0 11 433 0 13 464 0 14 691 0
-0.233469 -0.0557604 3.06177
255 255 245
3 13 63 0 0 88 0 14 78 0
-0.292363 -0.289347 3.2195
192 190 165
2 13 181 0 0 62 0
1.11709 -0.655973 3.61414
188 183 161
3 13 803 0 0 620 0 9 978 0
1.29138 -0.560744 3.5565
191 189 168
4 13 830 0 0 408 0 12 554 0 9 670 0
1.10916 -0.428311 3.45292
218 217 198
2 13 1082 0 0 503 0
1.50959 -0.585712 3.5918
203 201 182
2 13 1137 0 0 999 0
-0.240859 -0.0959488 3.08607
191 188 160
3 13 79 0 7 96 0 14 83 0
-0.240859 -0.0959488 3.08607
191 188 160
3 13 80 0 7 97 0 14 84 0
1.36246 -0.561012 3.56107
211 205 183
4 13 672 0 7 698 0 14 916 0 15 970 0
1.36246 -0.561012 3.56107
211 205 183
4 13 673 0 7 697 0 14 917 0 15 969 0
1.42058 -0.735458 3.69271
242 233 206
2 13 740 0 7 696 0
1.55969 -0.671169 3.65369
231 225 202
2 13 316 0 9 252 0
1.07917 -0.845098 3.74554
222 216 192
2 13 416 0 9 812 0
1.37186 -0.915668 3.81681
227 222 197
2 13 496 0 9 846 0
1.44501 -0.501328 3.52386
216 212 192
3 13 588 0 9 509 0 15 1055 0
1.18871 -0.671919 3.63014
195 190 166
2 13 669 0 9 1010 0
1.19357 -0.564418 3.5535
199 193 171
2 13 711 0 9 422 0
1.11566 -0.65478 3.61372
192 188 165
3 13 804 0 9 977 0 14 1078 0
1.31588 -0.441073 3.47281
186 183 162
2 13 872 0 9 693 0
1.4412 -0.650281 3.63159
197 191 168
2 13 1035 0 9 808 0
1.37468 -0.79624 3.73054
190 184 159
2 13 1147 0 9 1008 0
-0.267527 -0.307922 3.26465
196 194 167
2 13 115 0 11 151 0
1.22607 -0.722165 3.66798
181 182 162
2 13 618 0 12 651 0
0.856035 -1.25642 4.4272
87 82 76
4 13 649 0 12 986 0 14 526 0 15 623 0
1.29073 -0.564855 3.56754
214 216 198
2 13 704 0 12 670 0
0.55566 -0.692829 3.52365
224 220 192
2 13 991 0 12 1288 0
1.31703 -0.528682 3.53729
207 210 190
2 13 1015 0 12 1097 0
1.30569 -0.728885 3.67941
216 217 199
2 13 1050 0 12 994 0
-0.157241 0.0808947 2.97877
247 245 222
2 14 61 0 0 37 0
-0.150027 0.134106 2.92949
186 185 162
3 14 115 0 0 45 0 12 269 0
-0.150433 0.133662 2.93009
182 179 156
2 14 116 0 0 44 0
1.41624 -0.745709 3.69938
203 199 179
2 14 777 0 0 683 0
0.909573 -0.547005 3.52097
202 199 179
3 14 1030 0 0 497 0 15 988 0
1.41627 -0.592497 3.58694
212 210 189
3 14 615 0 1 1123 0 15 639 0
1.41627 -0.592497 3.58694
212 210 189
3 14 616 0 1 1122 0 15 640 0
0.42496 -0.374324 3.26555
219 217 191
2 14 755 0 1 804 0
0.284921 -0.265623 3.17459
158 149 120
2 14 977 0 1 1119 0
0.0316028 -0.45804 3.33962
190 185 160
2 14 414 0 7 801 0
1.19403 -0.563555 3.55281
211 201 175
2 14 940 0 7 1097 0
1.19403 -0.563555 3.55281
211 201 175
2 14 941 0 7 1096 0
1.46948 -0.652368 3.63555
200 195 170
2 14 260 0 9 285 0
1.47062 -0.653768 3.63577
200 196 173
3 14 261 0 9 284 0 15 173 0
1.31414 -0.450673 3.4812
222 219 196
3 14 837 0 9 566 0 15 1041 0
1.00502 -1.08827 4.30481
206 200 194
3 14 225 0 10 432 0 15 259 0
0.118486 -0.287545 3.22885
169 166 139
2 14 193 0 15 156 0
0.410875 -0.550792 3.47487
189 189 168
2 14 898 0 12 1268 0
-0.290337 -0.260272 3.2015
194 192 163
2 14 18 0 13 32 0
-0.290337 -0.260272 3.2015
194 192 163
2 14 19 0 13 33 0
1.68107 0.221487 3.39196
143 140 142
2 14 35 0 13 34 0
-0.473001 0.979386 2.70128
165 161 159
3 14 58 0 13 77 0 15 34 0
0.538678 -0.634976 3.51498
191 186 158
3 14 95 0 13 87 0 15 334 0
-0.174483 0.0377304 3.03131
198 199 172
2 14 96 0 13 99 0
1.19092 0.276751 3.3401
148 146 145
2 14 191 0 13 172 0
-0.282942 -0.227537 3.13977
227 222 196
2 14 324 0 13 562 0
1.25975 0.311119 3.30224
176 173 173
3 14 357 0 13 375 0 15 155 0
0.505613 0.382929 3.19491
139 136 132
2 14 726 0 13 899 0
0.477222 -0.301416 3.25799
148 144 120
3 14 752 0 13 417 0 15 669 0
0.723729 -1.12431 4.32124
85 80 73
2 14 944 0 13 1177 0
1.30572 0.295302 3.31994
212 204 202
3 14 949 0 13 884 0 15 998 0
1.0987 -0.431194 3.45847
204 202 183
2 14 1032 0 13 1066 0
1.13362 -0.667137 3.61971
209 207 187
2 14 1055 0 13 1058 0
1.13653 0.304207 3.30081
201 197 197
2 14 1081 0 13 850 0
0.549981 -0.629052 3.5439
255 255 233
2 15 193 0 0 342 0
1.32799 0.162042 3.41453
156 155 154
4 15 287 0 0 77 0 14 174 0 13 218 0
0.550539 -0.492195 3.40156
162 156 132
2 15 541 0 0 250 0
0.560797 -0.484438 3.39508
193 186 163
2 15 676 0 0 478 0
0.226329 -0.625449 3.47484
215 210 187
3 15 754 0 0 516 0 1 1027 0
0.512249 -0.475896 3.38571
222 211 183
4 15 929 0 0 568 0 6 1200 0 5 965 0
0.956258 -0.458783 3.46171
204 201 180
2 15 1032 0 0 873 0
-0.0124323 -0.569747 3.39327
164 158 142
2 15 1058 0 0 1296 0
0.109497 -0.592153 3.57068
52 52 41
2 15 7 0 1 7 0
0.629107 -0.325595 3.27422
227 222 189
2 15 11 0 1 12 0
0.629107 -0.325595 3.27422
227 222 189
2 15 12 0 1 11 0
1.24324 0.332047 3.2814
147 144 146
4 15 41 0 1 53 0 14 54 0 13 65 0
-0.28698 -0.341767 3.71417
77 76 67
2 15 98 0 1 48 0
1.2801 -0.438635 3.45196
230 226 206
2 15 125 0 1 203 0
0.275103 -0.280345 3.22481
219 216 191
2 15 227 0 1 230 0
0.461372 -0.783574 3.58737
207 199 175
2 15 295 0 1 321 0
1.44843 -0.522946 3.53198
209 207 185
2 15 320 0 1 324 0
0.586727 -0.556366 3.42667
228 226 200
2 15 504 0 1 410 0
0.33042 -0.290818 3.23556
192 188 164
2 15 537 0 1 501 0
1.04126 -0.458138 3.4689
209 208 184
2 15 557 0 1 924 0
1.19056 0.277929 3.32054
212 209 209
4 15 626 0 1 690 0 14 855 0 13 589 0
0.777684 -0.929489 4.16804
90 83 73
3 15 632 0 1 1214 0 14 611 0
-0.437754 -0.446409 3.47743
146 136 110
2 15 658 0 1 1005 0
0.333018 -0.257263 3.22575
202 199 174
2 15 678 0 1 767 0
0.685862 -0.331965 3.27436
237 232 205
2 15 797 0 1 983 0
0.533854 -1.10098 4.2741
126 119 112
2 15 889 0 1 1230 0
1.15685 -0.916893 4.17077
149 141 132
2 15 938 0 1 1287 0
0.620273 0.906809 2.84942
205 204 203
2 15 976 0 1 1140 0
0.6786 -0.309386 3.25963
202 197 170
2 15 1073 0 1 1024 0
1.21008 -0.512959 3.51734
233 223 196
2 15 459 0 6 382 0
0.460747 -1.03496 4.23196
115 110 105
2 15 302 0 9 709 0
0.460747 -1.03496 4.23196
115 110 105
2 15 303 0 9 710 0
0.858192 -1.18971 4.37717
204 195 188
2 15 87 0 13 96 0
0.539105 0.784775 2.90345
160 154 153
2 15 102 0 13 121 0
0.236161 -0.13319 3.09168
206 203 183
2 15 29 0 14 45 0
-0.316103 -0.238148 3.0016
189 186 162
2 15 204 0 14 320 0
0.556906 -0.614013 3.85094
147 133 100
2 15 229 0 14 235 0
1.27726 0.218285 3.36372
135 135 133
2 15 280 0 14 269 0
0.539709 -0.564828 3.45212
201 197 172
2 15 329 0 14 805 0
1.18118 1.09278 2.71676
148 148 152
2 15 375 0 14 439 0
-0.327185 -0.351297 3.24834
233 214 176
2 15 384 0 14 576 0
1.13759 -0.396868 3.42043
232 230 209
2 15 469 0 14 481 0
0.551038 0.54351 3.08592
167 163 160
2 15 583 0 14 683 0
-0.201778 0.093764 2.91827
222 219 192
2 15 649 0 14 405 0
-0.201778 0.093764 2.91827
222 219 192
2 15 650 0 14 404 0
-0.308085 -0.327115 3.24394
207 196 165
2 15 691 0 14 612 0
0.345909 -0.246826 3.21965
148 145 122
2 15 737 0 14 564 0
1.09198 -0.905544 4.177
160 152 144
2 15 916 0 14 1033 0
1.16412 -0.904056 4.17996
136 130 122
2 15 937 0 14 816 0
1.16412 -0.904056 4.17996
136 130 122
2 15 939 0 14 815 0
0.506527 -0.65341 3.49807
189 188 166
2 15 985 0 14 1066 0
1.0836 -0.843121 3.73788
204 203 180
2 15 1025 0 14 1104 0
1.0836 -0.843121 3.73788
204 203 180
2 15 1026 0 14 1103 0
