drews 1.0
32 1436
0.811363 0.0223911 -0.125409
0.395144 -0.517051 0.759422
0.589485 0.776766 0.222119
-0.704731 0.359888 0.611596
-3.05942 -1.39873 0.929528
0.812424 0.0148671 -0.130075
0.538964 -0.486514 0.687987
0.54051 0.826492 0.160279
-0.646789 0.285425 0.708056
-2.82376 -1.08961 0.457633
0.800761 0.0485994 -0.243894
0.693161 -0.424397 0.582957
0.465433 0.88153 0.0879897
-0.551511 0.210429 0.807908
-2.42575 -0.727413 -0.0972458
0.801901 0.00461908 -0.0276809
0.824976 -0.344003 0.449118
0.369455 0.929186 0.0333275
-0.428834 0.138668 0.892951
-1.89332 -0.426641 -0.554068
0.807082 -0.00257796 -0.0370821
0.923195 -0.246771 0.295303
0.259139 0.965901 -0.00364129
-0.284307 0.0799139 0.955658
-1.255 -0.199303 -0.905072
0.80608 -0.0117998 0.00682097
0.979479 -0.145185 0.140106
0.149401 0.988586 -0.0200548
-0.135598 0.040581 0.989984
-0.586323 -0.064775 -1.1448
0.811507 -0.0272749 0.037693
0.999292 -0.0327262 -0.0203641
0.0323799 0.999343 -0.0176575
0.020924 0.0170096 0.999666
0.126793 -0.0104865 -1.25721
0.811317 -0.0116714 0.000248448
0.979008 0.0845399 -0.185567
-0.0852812 0.996365 0.00399424
0.185222 0.0119114 0.982637
0.885977 -0.0439832 -1.27119
0.80908 -0.00590308 -0.00876752
0.92176 0.194759 -0.335358
-0.192227 0.980511 0.0410898
0.336822 0.0265814 0.941213
1.59493 -0.15181 -1.16569
0.809231 -0.0139189 0.0103885
0.831195 0.298432 -0.469178
-0.288885 0.952823 0.0942179
0.475198 0.0572147 0.878137
2.25103 -0.339146 -0.957994
0.806889 -0.00955959 0.00272444
0.702722 0.396326 -0.5909
-0.375741 0.912042 0.164791
0.604252 0.106228 0.789803
2.87352 -0.608328 -0.638864
0.804024 -0.00180633 -0.00915107
0.551732 0.477861 -0.683763
-0.443564 0.862486 0.245047
0.7068 0.168282 0.687487
3.37432 -0.93425 -0.240848
0.803084 -0.0181826 0.0269561
0.38436 0.541028 -0.748128
-0.490192 0.806634 0.331219
0.782685 0.239442 0.575172
3.75963 -1.29849 0.206937
0.805949 0.0147268 -0.0588921
0.202596 0.58343 -0.786596
-0.514554 0.746994 0.421319
0.833376 0.319393 0.451546
4.02629 -1.69202 0.75814
0.802618 0.0455325 -0.160633
0.000578378 0.611197 -0.791867
-0.519539 0.677125 0.521628
0.855037 0.411079 0.317747
4.159 -2.14405 1.34061
0.782589 0.035285 -0.0315605
-0.186534 0.616521 -0.765172
-0.500876 0.61052 0.613826
0.845538 0.497735 0.195004
4.13985 -2.57028 1.81402
0.798726 0.0682712 -0.221608
-0.370342 0.597155 -0.711854
-0.463381 0.545142 0.698845
0.805378 0.588667 0.0748139
3.99095 -2.97653 2.43877
0.806522 -0.0219259 0.040051
-0.537281 0.558811 -0.632127
-0.404237 0.487311 0.774178
0.740649 0.671485 -0.0359061
3.71417 -3.34829 2.96934
0.774457 -0.0588725 0.337466
-0.694199 0.501833 -0.518478
-0.32141 0.430203 0.844766
0.64663 0.752568 -0.136141
3.29365 -3.71635 3.34924
0.881752 0.666352 -2.93391
-0.829934 0.398587 -0.391478
-0.258954 0.350857 0.903451
0.497611 0.85104 -0.187584
2.79241 -4.0105 4.25171
0.703285 -0.265532 0.627964
-0.897181 0.351211 -0.273461
-0.135671 0.371601 0.918969
0.424354 0.861608 -0.284921
2.28709 -4.16048 3.72906
0.729494 -0.045897 0.188718
-0.968578 0.228897 -0.0993608
-0.0293715 0.291864 0.956989
0.247835 0.929789 -0.275995
1.56429 -4.37816 4.08195
0.325408 -0.0499913 0.019954
-0.904852 -0.129284 0.429432
0.362839 0.337963 0.869099
-0.258962 0.940107 -0.261737
-0.696185 -4.16547 2.07551
0.353309 0.00141737 -0.00784046
-0.982414 0.141705 0.152413
0.195849 0.362522 0.915071
0.0732247 0.928965 -0.382645
0.397345 -4.34697 2.99552
0.645179 -0.0665409 3.79265
-0.929616 -0.0905689 0.359312
0.299458 0.389012 0.871791
-0.218476 0.917448 -0.335037
-0.52307 -4.21113 4.30944
0.696096 -0.482621 12.0554
-0.84605 -0.197487 0.497587
0.39846 0.388391 0.831115
-0.357423 0.901354 -0.249743
-1.20395 -4.06491 4.1536
0.732054 0.136791 -0.50136
-0.733872 -0.292217 0.613731
0.481836 0.413212 0.773667
-0.479788 0.863418 -0.162351
-1.79474 -3.84426 3.99554
0.749139 0.0772876 -0.296733
-0.584692 -0.381564 0.716332
0.558764 0.451243 0.696375
-0.588966 0.807406 -0.0506625
-2.33509 -3.53226 3.59776
0.7647 0.0650199 -0.219944
-0.408564 -0.45404 0.7925
0.612916 0.506606 0.606668
-0.67694 0.733593 0.0712876
-2.77492 -3.15077 3.15924
0.738732 0.0759968 -0.22294
-0.218642 -0.504721 0.835507
0.637223 0.574605 0.514001
-0.739526 0.644776 0.195948
-3.07206 -2.74448 2.54053
0.769538 0.162118 -0.6438
-0.0204848 -0.53528 0.844663
0.648205 0.636021 0.418797
-0.761414 0.556071 0.333906
-3.21978 -2.31985 2.07423
0.791292 0.103853 -0.381533
0.17734 -0.541385 0.821926
0.636608 0.700165 0.323863
-0.750806 0.46586 0.46871
-3.2223 -1.88173 1.52892
0.558381 -0.028301 5.16364
253 253 117
3 1 7 0 0 8 0 2 14 0
-4.01342 0.254362 5.50717
179 183 186
2 1 17 0 0 27 0
-4.01342 0.254362 5.50717
179 182 185
2 1 18 0 0 28 0
-3.36781 -1.04684 6.94675
9 10 9
2 1 20 0 0 18 0
-3.36781 -1.04684 6.94675
9 10 9
2 1 21 0 0 19 0
0.582417 0.689985 4.24664
15 21 25
2 8 58 0 7 17 0
0.227906 -0.138379 5.12889
240 87 104
3 1 26 0 0 37 0 2 30 0
-3.44033 -1.17329 7.91003
9 6 11
2 1 30 0 0 34 0
-3.44033 -1.17329 7.91003
9 6 11
2 1 31 0 0 35 0
0.607816 0.215803 5.35281
251 251 198
6 1 42 0 0 33 0 2 40 0 3 43 0 29 10 0 30 13 0
-3.62234 -0.738442 7.43973
11 11 10
2 1 46 0 0 60 0
0.697505 1.04076 4.63264
108 128 129
2 1 56 0 0 52 0
0.544844 0.263368 5.27738
252 247 156
5 1 59 0 0 59 0 3 54 0 30 34 0 31 46 0
-4.39554 -0.691985 7.52576
49 51 49
2 1 60 0 0 24 0
-3.688 -0.947494 7.37103
15 21 22
2 1 63 0 0 78 0
0.570386 0.756456 4.23249
24 46 61
2 1 67 0 0 98 0
0.255589 -0.216595 5.264
238 87 99
2 1 75 0 0 104 0
0.326514 0.322481 3.96133
128 188 191
2 1 94 0 0 87 0
1.12994 0.919014 5.21204
142 188 178
4 1 95 0 0 125 0 2 92 0 3 64 0
0.61782 0.811575 4.31331
22 34 57
4 1 102 0 0 115 0 2 102 0 31 73 0
0.616831 0.812209 4.31475
23 37 61
3 1 103 0 0 116 0 2 101 0
0.482268 0.58286 4.1097
24 55 67
2 1 107 0 0 194 0
-4.36031 -1.77132 8.39361
89 87 86
2 1 112 0 0 85 0
-4.49715 -1.79971 8.52526
82 82 81
4 1 113 0 4 468 0 2 322 0 3 150 0
0.478989 0.0562331 5.06143
242 136 85
6 1 116 0 0 140 0 2 122 0 3 95 0 4 197 0 31 185 0
0.428259 0.316068 4.08136
253 250 246
2 1 121 0 0 117 0
0.660047 0.617785 4.2999
23 34 66
2 1 129 0 0 118 0
0.657752 0.570365 4.26287
17 28 60
2 1 138 0 0 130 0
0.689299 0.856524 4.47933
144 167 162
2 1 143 0 0 143 0
-3.58155 -0.521763 7.48628
36 38 36
4 1 147 0 2 156 0 3 131 0 4 89 0
0.478671 0.614489 4.1327
210 229 233
2 1 151 0 0 567 0
0.536761 0.73092 4.22965
28 45 68
4 1 156 0 0 193 0 2 140 0 3 92 0
0.646346 0.367688 4.20195
18 18 45
9 1 158 0 0 129 0 2 196 0 29 173 0 27 273 0 26 364 0 28 172 0 30 127 0 31 140 0
0.698943 0.836642 4.5138
123 146 143
3 1 160 0 0 121 0 2 199 0
0.698943 0.836642 4.5138
123 146 143
3 1 161 0 0 120 0 2 200 0
0.218924 -0.171662 5.17508
240 84 88
10 1 162 0 0 138 0 2 158 0 3 152 0 4 152 0 5 90 0 29 61 0 28 95 0 30 72 0 31 113 0
0.519417 0.360118 5.29041
251 247 131
7 1 163 0 0 151 0 2 204 0 3 232 0 30 165 0 28 337 0 31 196 0
0.519694 0.359462 5.28911
252 251 136
6 1 164 0 0 152 0 2 205 0 3 231 0 30 164 0 31 195 0
0.665504 0.469645 4.28527
205 51 50
7 1 177 0 0 145 0 2 248 0 30 150 0 29 152 0 28 180 0 31 149 0
0.486845 0.668069 4.1712
199 217 220
2 1 182 0 0 325 0
0.256199 -0.117247 5.0853
253 80 117
2 1 193 0 0 253 0
0.582128 0.296375 5.34682
235 219 218
6 1 202 0 0 162 0 2 223 0 3 247 0 30 195 0 31 199 0
-3.79863 0.758613 5.85956
212 215 217
2 1 205 0 0 190 0
-4.85829 1.49766 5.01551
248 250 252
2 1 206 0 0 226 0
-4.85829 1.49766 5.01551
248 250 252
2 1 207 0 0 227 0
0.526578 0.0584706 5.13709
105 142 80
7 1 209 0 0 166 0 2 165 0 3 174 0 4 242 0 5 273 0 6 523 0
-3.00812 -1.04343 7.72442
0 20 16
2 1 211 0 0 182 0
0.696636 0.807436 4.56017
110 136 129
3 1 215 0 0 144 0 31 156 0
0.513501 0.588569 4.11944
28 44 75
6 1 218 0 0 252 0 2 124 0 3 80 0 4 77 0 6 99 0
0.644855 0.383173 4.17601
7 24 39
9 1 222 0 0 191 0 2 226 0 3 299 0 29 330 0 28 323 0 27 495 0 30 244 0 31 230 0
0.642032 0.385515 4.18192
11 33 46
4 1 223 0 0 192 0 2 227 0 3 300 0
0.625031 0.265775 5.39868
253 250 189
2 1 224 0 0 113 0
0.254506 -0.135984 5.14332
239 93 94
4 1 230 0 0 189 0 31 232 0 30 297 0
-4.66569 -0.783807 8.10354
5 7 6
2 1 232 0 0 293 0
0.436561 0.138545 4.12949
139 135 132
2 1 233 0 0 396 0
-4.68129 1.48739 5.05841
210 213 235
2 1 236 0 0 238 0
0.568248 0.28894 5.32068
187 64 73
11 1 239 0 0 168 0 2 246 0 3 291 0 4 547 0 29 238 0 27 459 0 26 732 0 28 254 0 30 162 0 31 224 0
0.728512 1.01932 4.66172
112 139 136
3 1 250 0 0 210 0 2 355 0
0.728512 1.01932 4.66172
112 139 136
3 1 251 0 0 211 0 2 354 0
0.355652 -0.203456 5.16985
212 93 85
2 1 255 0 0 241 0
0.656393 0.507832 4.22662
207 50 54
8 1 256 0 0 197 0 2 258 0 3 296 0 28 420 0 29 503 0 30 258 0 31 242 0
0.73808 1.18928 4.79732
106 132 123
3 1 264 0 0 161 0 2 255 0
0.646684 0.336935 4.19778
58 69 72
3 1 266 0 0 203 0 2 305 0
0.575984 0.839281 4.30698
29 46 60
2 1 267 0 0 414 0
0.552454 -0.0227275 5.12602
252 245 207
10 1 282 0 0 195 0 2 278 0 3 295 0 4 553 0 29 203 0 27 260 0 28 204 0 30 263 0 31 254 0
0.524968 0.614147 4.1458
243 245 245
8 1 290 0 0 373 0 2 187 0 3 176 0 4 200 0 5 180 0 6 322 0 7 522 0
0.524968 0.614147 4.1458
243 245 245
8 1 291 0 0 372 0 2 188 0 3 175 0 4 199 0 5 179 0 6 323 0 7 523 0
-3.26871 -1.04769 7.81956
205 65 57
5 1 292 0 2 271 0 3 241 0 4 213 0 5 145 0
-4.40619 1.48532 5.00429
109 177 185
2 1 297 0 0 147 0
-4.03217 0.239673 5.46408
177 181 184
2 1 298 0 0 196 0
0.708948 0.826205 4.55378
74 101 95
2 1 302 0 0 178 0
-4.96923 1.17477 4.83145
211 227 238
2 1 307 0 0 342 0
0.705374 0.863314 4.58839
112 136 131
3 1 309 0 0 212 0 31 214 0
0.655053 0.369472 4.22635
211 43 45
3 1 314 0 0 204 0 2 506 0
0.658127 0.368072 4.22227
214 42 47
5 1 315 0 0 205 0 2 507 0 31 284 0 28 229 0
0.24958 -0.199589 5.2049
231 83 84
6 1 319 0 0 268 0 2 295 0 29 204 0 27 217 0 31 227 0
0.664874 0.489998 4.25228
233 194 173
9 1 322 0 0 286 0 2 325 0 3 452 0 29 407 0 28 481 0 27 756 0 30 363 0 31 296 0
-2.91777 0.76815 4.66428
245 250 252
2 1 323 0 0 233 0
0.498277 0.6359 4.1514
34 56 62
2 1 358 0 0 517 0
1.07565 0.41048 5.94566
121 181 174
2 1 365 0 0 390 0
0.318003 0.421868 4.33292
105 113 100
2 1 386 0 0 321 0
0.497679 0.127631 4.14294
111 113 120
2 1 399 0 0 164 0
0.536487 0.359244 5.3125
182 170 85
4 1 410 0 0 427 0 2 484 0 30 536 0
0.540845 0.0732056 5.16291
253 252 240
7 1 411 0 0 303 0 2 473 0 3 482 0 29 468 0 30 491 0 31 356 0
0.663275 0.447156 4.31703
225 191 164
9 1 418 0 0 313 0 28 355 0 26 569 0 25 699 0 27 450 0 29 351 0 30 335 0 31 289 0
0.554453 0.288873 5.3044
245 252 184
2 1 423 0 0 529 0
-3.49151 -0.714536 7.40872
47 50 51
2 1 431 0 0 531 0
0.415472 0.111972 4.00297
250 249 245
3 1 432 0 0 365 0 31 489 0
-4.88139 1.32802 4.93189
154 123 126
2 1 451 0 0 535 0
0.682952 0.666565 4.36908
234 218 191
6 1 462 0 0 409 0 2 513 0 29 578 0 30 557 0 31 433 0
-3.23431 -1.26552 5.79343
167 169 162
2 1 465 0 0 449 0
-2.62716 2.0559 4.10261
119 171 178
2 1 466 0 0 496 0
-2.62716 2.0559 4.10261
119 171 178
2 1 467 0 0 495 0
-3.83439 -1.15905 7.32298
75 74 71
2 1 470 0 2 170 0
-3.53589 -0.452285 7.52856
33 37 35
2 1 474 0 2 518 0
-1.96575 -1.30312 8.16018
57 60 59
2 1 479 0 0 415 0
0.73354 1.12811 4.84307
85 127 120
2 1 481 0 0 240 0
0.416755 0.0940199 4.04088
246 247 242
5 1 492 0 0 431 0 29 655 0 30 642 0 31 548 0
0.429366 -0.0812752 5.02932
248 247 199
7 1 493 0 0 327 0 2 256 0 3 326 0 8 731 0 10 626 0 7 382 0
0.408751 -0.223413 5.21201
236 249 124
2 1 506 0 0 185 0
0.699839 1.32139 4.69246
154 227 213
4 1 507 0 0 386 0 31 351 0 30 296 0
0.526794 0.260611 5.2456
203 186 75
6 1 518 0 0 354 0 2 421 0 28 579 0 29 552 0 30 499 0
-3.26778 0.184644 6.94213
74 127 128
2 1 526 0 0 248 0
-3.80915 -1.2718 8.14251
123 45 44
2 1 527 0 0 429 0
0.687813 0.62004 4.38721
13 29 30
5 1 546 0 0 356 0 29 450 0 28 561 0 31 393 0
0.686196 0.648317 4.39386
224 210 178
6 1 547 0 0 432 0 30 494 0 29 514 0 28 572 0 31 424 0
0.669009 0.595611 4.28462
20 28 46
4 1 560 0 0 492 0 29 544 0 31 487 0
0.528683 0.277718 5.27446
252 248 204
3 1 566 0 0 441 0 31 508 0
0.389895 0.162803 4.02998
251 248 228
3 1 576 0 0 508 0 31 553 0
0.398321 0.158306 4.02058
250 247 234
2 1 577 0 0 509 0
-3.08623 -0.98705 7.76428
216 79 69
4 2 164 0 1 144 0 3 163 0 4 183 0
0.526735 0.0589802 5.13698
100 130 70
10 2 167 0 0 167 0 3 173 0 4 241 0 5 272 0 6 522 0 29 243 0 28 275 0 30 245 0 31 239 0
0.512454 0.287489 5.23878
251 251 128
2 2 184 0 0 154 0
0.759671 1.22394 4.84391
150 227 217
3 2 193 0 0 131 0 31 150 0
0.757981 0.600151 5.68116
126 178 173
2 2 238 0 0 235 0
1.11653 0.880307 5.2609
129 171 156
5 2 259 0 0 304 0 29 364 0 30 422 0 31 321 0
0.591944 0.255769 5.33718
208 61 73
7 2 330 0 0 236 0 28 364 0 27 581 0 29 334 0 30 365 0 31 278 0
-4.03332 -0.659205 7.11481
22 31 30
2 2 339 0 0 46 0
-3.16971 -0.869222 7.76867
193 60 48
3 2 393 0 4 249 0 5 116 0
0.370969 0.153586 4.03603
145 141 119
2 2 416 0 0 455 0
-2.20351 -0.71758 7.58381
38 40 43
2 5 371 0 6 407 0
1.34622 0.736263 5.44048
128 191 182
2 2 530 0 0 422 0
-1.73349 -1.01587 8.03368
40 71 79
2 2 21 0 1 14 0
1.14991 1.16565 4.87335
163 203 197
3 2 36 0 1 32 0 3 24 0
-2.0158 -1.15297 8.22007
9 8 10
5 2 39 0 1 44 0 3 32 0 5 32 0 6 34 0
0.856457 -1.34977 8.33293
9 19 18
5 6 363 0 5 351 0 7 261 0 8 359 0 9 312 0
-1.81114 -1.1984 8.30413
66 58 59
6 2 114 0 1 98 0 3 117 0 5 225 0 6 275 0 7 252 0
-1.81869 -1.20183 8.31705
63 58 59
2 2 115 0 1 99 0
0.384743 0.243047 3.99838
186 199 220
2 2 118 0 1 154 0
-1.79606 -1.65361 8.29828
227 76 66
2 2 120 0 1 85 0
0.671768 0.657636 4.32327
19 44 70
4 2 128 0 1 78 0 3 168 0 31 139 0
0.407603 0.185777 4.06469
90 83 82
2 2 135 0 1 86 0
0.536775 0.731149 4.22983
28 45 70
3 2 139 0 1 155 0 3 91 0
0.168179 -0.13765 5.17047
244 79 105
2 2 141 0 1 109 0
0.521703 0.770175 4.24307
26 45 69
3 2 168 0 1 272 0 3 77 0
-2.37873 -1.02727 8.32331
7 12 12
5 2 176 0 1 120 0 3 164 0 5 139 0 6 130 0
-2.14243 -1.18249 8.15916
21 26 25
3 2 179 0 1 275 0 3 143 0
-2.14243 -1.18249 8.15916
21 26 25
3 2 180 0 1 276 0 3 142 0
0.640049 0.372285 4.21489
26 28 48
2 2 195 0 1 159 0
0.263765 -0.279966 5.34972
74 121 117
3 2 208 0 1 194 0 3 137 0
0.506403 0.683368 4.18439
240 250 251
3 2 211 0 1 389 0 3 148 0
0.506403 0.683368 4.18439
240 250 251
3 2 212 0 1 388 0 3 149 0
-3.95985 -0.345266 5.54066
200 204 208
2 2 213 0 1 268 0
0.501889 0.632776 4.1465
34 48 61
2 2 233 0 1 357 0
0.513951 0.558032 4.10295
250 250 245
7 2 236 0 1 384 0 3 157 0 4 125 0 5 86 0 6 127 0 7 133 0
0.5142 0.557194 4.10244
244 246 241
8 2 237 0 1 383 0 3 156 0 4 126 0 5 85 0 6 126 0 7 132 0 8 234 0
0.37562 -0.111903 5.07095
250 249 229
12 2 244 0 1 293 0 3 182 0 4 186 0 6 171 0 7 104 0 8 97 0 9 103 0 31 264 0 28 169 0 27 185 0 29 256 0
0.443592 0.172182 4.05206
101 102 97
3 2 262 0 1 313 0 3 236 0
0.563797 0.891857 4.32994
28 47 65
2 2 288 0 1 565 0
-1.88467 -1.04213 8.30337
39 72 79
3 2 292 0 1 324 0 3 239 0
0.395739 0.198111 4.05185
234 245 252
2 2 333 0 1 578 0
0.380798 0.1885 4.07295
226 237 246
2 4 276 0 5 237 0
-3.40249 0.413914 6.61881
131 199 205
3 2 350 0 1 486 0 3 463 0
0.66408 0.624568 4.30971
25 37 61
2 2 361 0 1 548 0
-2.46565 -0.991706 8.24011
10 7 11
2 2 375 0 1 402 0
0.394064 -0.135251 5.12095
245 251 158
3 2 376 0 1 487 0 3 364 0
0.652078 0.243637 4.11285
101 119 118
2 2 420 0 1 269 0
0.62315 0.204713 4.14103
39 65 57
2 2 441 0 1 396 0
-1.8149 -1.03072 8.35145
64 111 111
2 2 528 0 1 519 0
0.66501 0.506542 4.28004
23 33 39
3 2 553 0 1 513 0 31 509 0
-3.34415 -0.29235 7.46992
62 97 96
4 3 109 0 1 139 0 4 85 0 5 97 0
-3.23567 -1.10818 7.84695
110 29 21
3 3 395 0 1 340 0 5 312 0
-3.13419 -0.485653 8.06714
68 93 103
4 3 477 0 0 511 0 4 485 0 5 509 0
-3.65784 -0.419032 7.53784
22 25 26
2 3 18 0 1 13 0
-1.56884 -1.1411 8.38288
7 10 10
3 3 26 0 1 43 0 4 31 0
-1.85297 -1.52258 8.26326
169 54 44
3 3 102 0 1 73 0 4 172 0
-1.84699 -1.16628 8.2467
30 36 38
2 3 145 0 1 101 0
-2.45071 -0.986772 8.18686
8 10 9
2 3 183 0 1 84 0
0.501905 0.00842865 5.07044
253 183 100
4 3 234 0 1 165 0 4 356 0 31 135 0
-3.83292 0.757386 6.14616
118 178 188
2 3 479 0 1 529 0
-1.8425 -1.68593 8.16426
237 86 73
3 2 8 0 5 13 0 6 8 0
0.679768 0.785777 5.42905
134 198 183
2 3 33 0 2 28 0
0.338788 0.519079 4.1242
39 69 83
2 3 34 0 2 63 0
0.370656 0.736402 4.26967
44 69 83
2 3 36 0 2 72 0
-1.96484 -1.34091 8.26378
7 8 7
2 3 38 0 2 35 0
1.12976 0.918697 5.2108
136 185 176
2 3 65 0 2 91 0
-2.50563 -0.917121 8.13679
48 84 86
2 3 81 0 2 94 0
-1.62504 -1.5797 8.86405
8 10 7
2 3 82 0 2 130 0
-4.35444 -1.71619 8.23484
4 6 5
2 3 89 0 2 83 0
0.918351 1.19687 4.89659
155 198 194
2 3 98 0 2 96 0
-2.35815 -1.50031 7.98353
26 27 29
2 3 99 0 2 68 0
0.977169 1.24514 4.77666
151 186 177
2 3 111 0 2 89 0
0.488743 0.609435 4.12441
244 246 246
7 3 114 0 2 100 0 4 122 0 5 123 0 6 202 0 7 223 0 8 343 0
0.408173 0.182495 4.06166
84 83 81
2 3 124 0 2 134 0
0.369867 0.196693 4.04847
101 101 90
2 3 125 0 2 137 0
0.455582 0.663665 4.16318
28 43 77
5 3 166 0 2 239 0 4 163 0 5 142 0 6 220 0
0.424321 0.676372 4.17938
215 237 240
2 3 184 0 2 307 0
0.500599 -0.176925 5.16927
255 239 125
2 3 186 0 2 153 0
0.472615 0.346909 3.96876
90 87 71
2 3 194 0 2 251 0
0.486965 0.339848 5.22952
251 249 203
2 3 205 0 2 159 0
0.480103 0.649006 4.15311
234 245 243
2 3 207 0 2 348 0
0.837162 -0.131792 6.68572
93 147 147
2 3 237 0 2 452 0
0.404151 0.669104 4.18016
37 67 76
2 3 256 0 2 499 0
-1.88991 -1.13634 8.21916
240 236 238
5 3 262 0 2 308 0 5 469 0 6 637 0 7 643 0
-1.88991 -1.13634 8.21916
240 236 238
5 3 263 0 2 309 0 5 468 0 6 636 0 7 644 0
0.513013 0.745938 4.22746
176 191 207
2 3 266 0 2 382 0
-3.99573 -1.87047 8.96224
61 63 63
2 3 368 0 2 73 0
0.452524 0.641383 4.15505
234 246 248
2 3 385 0 2 460 0
0.513616 0.65809 4.16635
41 56 74
2 3 422 0 2 521 0
-3.7942 -1.49451 8.2169
107 34 33
2 3 424 0 2 338 0
-3.08349 -1.01384 7.66971
157 42 38
2 5 235 0 4 229 0
-2.79284 -0.404053 7.58461
31 65 65
3 3 429 0 2 464 0 4 376 0
-3.08355 0.162271 6.68162
62 60 51
3 3 458 0 2 567 0 4 325 0
-4.75759 -1.00576 8.27589
2 7 5
2 3 475 0 2 274 0
-1.58208 -1.6318 8.7101
3 6 9
2 3 487 0 2 405 0
-3.15935 -0.695544 9.01171
254 250 250
2 4 60 0 5 41 0
-2.77783 -1.98577 8.46222
11 13 9
2 4 33 0 1 430 0
-3.16283 -1.03789 7.80593
132 28 26
3 4 230 0 1 561 0 5 234 0
-3.05433 -0.320616 7.53058
74 111 109
2 4 250 0 5 219 0
-3.36485 -0.571593 8.57574
194 203 224
2 4 559 0 1 549 0
-1.6417 -1.06768 8.39145
62 102 104
2 4 96 0 2 81 0
-3.10465 -0.349684 7.50767
29 54 48
2 4 253 0 2 284 0
-3.23961 -1.09195 7.80502
121 28 18
2 4 347 0 2 537 0
0.277844 -0.257257 5.30116
249 204 117
3 4 385 0 2 349 0 5 381 0
0.606814 0.305199 5.39059
243 234 172
2 4 417 0 2 241 0
-3.12349 -1.12624 7.85218
8 10 2
3 4 478 0 2 534 0 5 471 0
-3.11754 -1.08961 7.80819
213 83 71
3 4 550 0 2 364 0 5 373 0
-1.66328 -1.3884 8.62103
28 48 42
3 4 1 0 3 0 0 5 1 0
-2.61077 -3.28072 11.3297
8 9 8
2 4 7 0 3 7 0
-3.12644 -0.927032 7.76464
219 79 66
3 4 15 0 3 15 0 5 16 0
-3.12644 -0.927032 7.76464
219 79 66
3 4 16 0 3 16 0 5 15 0
-1.87887 -1.33917 8.23667
8 10 9
2 4 18 0 3 9 0
0.774442 0.543923 5.84972
133 206 200
2 4 21 0 3 11 0
0.394754 0.586346 4.14485
29 49 70
2 4 32 0 3 23 0
-1.80706 -1.10077 8.26918
23 30 33
4 3 22 0 5 21 0 6 25 0 7 25 0
0.481901 0.568401 4.07128
28 38 67
3 4 44 0 5 33 0 6 46 0
-1.86331 -1.23643 8.23366
10 12 12
2 4 61 0 3 47 0
-3.47107 -0.821258 7.4797
5 7 8
3 4 64 0 3 49 0 5 51 0
-2.15313 -0.974692 8.04778
45 82 79
2 4 90 0 3 101 0
-3.11046 -0.87721 7.95988
129 46 39
2 4 92 0 3 139 0
-3.6423 -2.37035 9.76518
52 53 53
2 4 105 0 3 108 0
-1.85891 -1.59365 8.14918
237 79 65
3 4 111 0 3 71 0 6 103 0
-4.72885 -1.21031 8.1903
6 9 6
2 4 113 0 3 61 0
-3.3242 -1.05265 7.80761
1 8 11
2 4 117 0 3 155 0
-3.60692 -0.495462 7.41912
59 55 53
2 4 123 0 3 105 0
0.381983 0.396523 3.99093
135 167 169
2 4 127 0 3 244 0
0.269575 -0.989632 7.99008
117 173 178
3 4 149 0 6 386 0 7 347 0
-2.84668 -3.36759 11.4842
11 10 11
2 4 159 0 3 110 0
0.42078 0.681919 4.19119
249 253 251
3 4 171 0 3 185 0 5 181 0
0.611937 0.817419 4.32931
29 38 65
2 4 177 0 3 120 0
0.245573 -1.07946 8.12008
153 167 174
2 4 180 0 3 123 0
0.559042 0.87371 4.33372
204 212 217
5 4 182 0 3 220 0 5 144 0 6 198 0 7 280 0
0.222963 -1.02082 8.05006
89 119 124
2 4 244 0 3 130 0
-1.82908 1.34952 4.94733
128 177 175
2 4 256 0 3 223 0
0.615677 0.814734 4.33002
35 47 71
3 4 274 0 5 346 0 6 632 0
-3.79033 -2.49267 10.3022
7 9 7
3 4 282 0 5 224 0 6 328 0
-1.85633 -1.46339 8.23072
5 13 13
2 4 300 0 3 165 0
0.471571 1.12772 4.5009
46 62 82
2 4 302 0 3 333 0
-1.81039 -1.76084 8.18424
243 89 74
2 5 333 0 6 178 0
0.49253 1.04728 4.43838
243 238 220
2 4 333 0 3 423 0
0.375572 0.639169 4.17209
31 45 77
8 4 404 0 3 493 0 5 290 0 6 371 0 7 322 0 8 355 0 9 402 0 10 586 0
0.451817 0.643466 4.15721
247 253 243
4 4 406 0 3 384 0 5 309 0 6 439 0
-0.987617 -2.55929 10.3383
51 65 62
4 5 421 0 6 629 0 7 491 0 8 445 0
0.558434 0.734846 4.23837
190 200 216
2 4 430 0 3 409 0
0.558434 0.734846 4.23837
190 200 216
2 4 431 0 3 408 0
0.419528 0.141658 4.04974
250 190 120
7 4 438 0 6 441 0 8 569 0 9 587 0 10 722 0 11 462 0 12 523 0
0.442562 0.0639187 5.03257
254 235 135
2 4 465 0 3 396 0
0.6165 0.27973 4.05079
191 193 196
2 4 481 0 3 249 0
-3.1147 -0.393706 7.66436
53 82 91
2 4 493 0 3 438 0
-3.1147 -0.393706 7.66436
53 82 91
2 4 494 0 3 439 0
0.339279 -0.127932 5.1056
251 243 121
5 4 530 0 3 455 0 7 443 0 8 339 0 9 219 0
0.497169 0.192487 4.00755
125 111 89
2 4 531 0 3 507 0
0.355576 0.142916 4.10173
139 133 124
2 4 538 0 3 354 0
-3.26466 -0.991004 7.76653
2 9 7
2 5 75 0 2 85 0
1.17479 1.28586 4.71237
156 221 210
2 5 208 0 2 332 0
-3.30513 -0.693324 7.96431
17 37 33
2 5 470 0 2 465 0
0.184929 -0.0680224 5.09282
250 241 156
2 5 14 0 6 12 0
-4.25257 -2.02882 9.65784
5 7 6
2 5 172 0 3 51 0
-4.41793 -2.14141 8.47473
88 92 94
2 5 185 0 3 258 0
-3.83068 -1.32648 8.31569
179 59 53
2 5 189 0 3 339 0
-3.83068 -1.32648 8.31569
179 59 53
2 5 190 0 3 340 0
-1.65119 -1.37925 8.58295
30 52 45
2 5 0 0 4 0 0
-0.505502 -1.59657 8.47739
93 153 157
2 5 2 0 6 1 0
-2.04207 -0.975682 8.45439
46 80 77
2 5 20 0 4 30 0
1.06956 0.892437 5.24774
140 191 174
2 5 26 0 4 29 0
1.05453 -1.40692 8.46419
13 22 26
4 5 30 0 6 39 0 7 37 0 9 33 0
1.05453 -1.40692 8.46419
13 22 26
4 5 31 0 6 38 0 7 38 0 9 34 0
0.226125 -2.08494 7.22459
74 82 74
2 5 40 0 4 53 0
0.385468 0.86451 4.33839
141 174 164
2 5 57 0 4 236 0
0.385359 0.866958 4.33903
145 179 172
3 5 58 0 4 235 0 6 69 0
0.553604 0.677263 4.20295
22 30 34
2 8 57 0 9 110 0
-1.85712 -2.07254 8.51341
10 12 15
2 5 80 0 4 261 0
0.441145 1.23972 4.61092
220 229 224
2 5 81 0 6 120 0
-2.98314 -2.35594 9.18211
54 61 60
3 5 82 0 4 81 0 6 121 0
0.687489 -1.58888 8.5004
20 15 23
2 5 92 0 4 86 0
-1.55532 -1.69217 8.38858
8 11 14
3 5 96 0 6 165 0 7 182 0
0.444102 -0.194511 5.16096
255 249 125
2 5 98 0 4 102 0
-1.86589 -1.07164 8.23031
45 50 55
3 5 99 0 6 136 0 7 95 0
3.51575 -1.50613 7.26449
89 85 81
2 8 759 0 9 756 0
0.343234 0.488091 4.07873
39 45 74
3 5 109 0 4 239 0 7 109 0
0.428876 0.754463 4.231
36 49 81
3 5 110 0 4 168 0 6 133 0
0.428578 0.756192 4.23711
29 39 68
5 5 111 0 4 169 0 6 132 0 7 103 0 8 161 0
1.12485 -2.10161 9.15128
156 165 185
4 5 114 0 6 116 0 7 126 0 8 165 0
0.483678 0.756307 4.23294
33 46 78
3 5 124 0 4 138 0 6 172 0
0.483688 0.75586 4.23285
35 46 78
2 5 125 0 4 139 0
0.127826 -1.03971 8.01042
163 180 181
3 5 140 0 4 293 0 6 430 0
0.374346 0.672702 4.20315
250 250 238
4 5 146 0 4 216 0 6 159 0 7 112 0
0.321422 -0.186112 5.21528
236 99 82
2 5 154 0 4 255 0
1.28847 -1.6865 8.88597
75 112 106
2 5 156 0 4 156 0
0.305807 -1.06317 8.03326
82 116 119
4 5 159 0 4 83 0 6 367 0 7 625 0
1.03335 -2.01589 9.0315
26 29 34
5 5 160 0 6 218 0 7 171 0 8 155 0 9 136 0
0.687782 -1.50809 8.67415
90 134 135
3 5 165 0 6 245 0 7 222 0
0.0809792 -2.55462 6.89318
85 93 93
2 6 307 0 7 355 0
-2.48536 -3.68911 11.9195
17 23 18
3 5 174 0 4 128 0 6 239 0
0.398552 0.177291 4.06875
97 93 91
2 5 193 0 4 299 0
0.399439 0.176273 4.06178
102 97 92
3 5 194 0 4 298 0 6 224 0
0.390046 1.14711 4.59285
221 203 133
4 5 220 0 4 400 0 6 146 0 7 154 0
0.162201 -1.01028 8.02599
115 136 137
2 5 221 0 4 277 0
0.747435 -4.00083 12.0129
103 96 86
4 5 226 0 4 288 0 6 411 0 9 210 0
0.427349 1.08054 4.48677
235 214 117
2 5 232 0 6 261 0
0.0208862 -2.56363 6.91014
107 123 134
3 5 251 0 4 303 0 6 268 0
0.425126 0.17867 4.04417
105 101 91
2 5 260 0 4 268 0
0.512356 0.749313 4.2306
197 209 218
5 5 265 0 4 310 0 6 401 0 7 470 0 8 581 0
0.51242 0.749338 4.23142
210 220 231
4 5 266 0 4 311 0 6 402 0 7 471 0
-1.66042 -1.27034 8.52748
50 89 82
3 5 269 0 6 264 0 7 119 0
0.856067 -4.06131 12.1253
106 91 84
3 5 278 0 4 251 0 9 346 0
0.402895 0.750132 4.24287
190 205 212
8 5 294 0 4 459 0 6 311 0 7 310 0 8 294 0 9 334 0 10 488 0 11 709 0
0.231686 -0.997601 7.97159
82 116 122
6 5 304 0 4 243 0 6 610 0 7 704 0 8 638 0 9 771 0
0.138706 -0.972228 8.01167
126 187 184
3 5 306 0 4 336 0 6 206 0
-3.88772 -1.65379 8.26074
94 28 24
2 5 307 0 4 554 0
-3.7625 -2.57499 10.4496
11 13 10
2 5 313 0 4 176 0
0.346958 0.663222 4.21222
224 235 232
10 5 322 0 4 523 0 6 331 0 7 184 0 8 140 0 9 138 0 10 191 0 11 188 0 12 263 0 13 457 0
0.453477 0.624574 4.14543
37 46 84
4 5 326 0 4 409 0 6 493 0 8 627 0
-1.0712 -1.15677 6.08375
10 20 11
2 5 337 0 4 497 0
-3.54876 -0.488748 7.54225
249 250 244
2 5 339 0 4 566 0
-3.54876 -0.488748 7.54225
249 250 244
2 5 340 0 4 567 0
1.24203 -2.40386 9.56651
107 138 144
2 5 370 0 4 206 0
0.246666 -0.200708 5.21165
248 91 102
3 4 396 0 6 495 0 7 358 0
-3.17399 -1.16333 7.87454
149 39 43
2 5 391 0 4 433 0
-3.17399 -1.16333 7.87454
149 39 43
2 5 392 0 4 432 0
0.855884 -0.176249 6.81011
104 152 145
2 5 401 0 4 337 0
0.855884 -0.176249 6.81011
104 152 145
2 5 402 0 4 338 0
0.443174 0.676567 4.17541
35 45 76
2 5 454 0 4 492 0
0.323284 -0.226911 5.20679
252 92 97
3 5 466 0 4 413 0 6 608 0
0.976678 1.40223 4.56593
160 220 208
3 5 472 0 4 572 0 6 581 0
0.835075 -0.135269 6.79481
102 147 146
2 5 500 0 4 340 0
-3.50554 -0.63092 7.46919
250 252 241
2 5 502 0 4 537 0
-3.50554 -0.63092 7.46919
250 252 241
2 5 503 0 4 536 0
-1.87597 -1.43374 8.55831
10 8 3
3 5 514 0 6 614 0 7 556 0
-3.96335 -0.409011 8.3331
42 67 63
2 5 529 0 4 560 0
-2.57569 -3.42222 11.4127
4 10 8
2 6 182 0 3 60 0
0.355661 0.504998 4.09311
27 47 70
2 6 44 0 4 56 0
0.964419 1.37926 4.59191
179 250 243
2 6 78 0 4 68 0
-1.70707 -1.52148 8.43186
4 6 6
2 6 397 0 7 174 0
0.129689 -1.03319 8.00244
161 182 184
3 6 429 0 4 294 0 7 591 0
0.823569 -1.38171 8.473
107 165 174
3 6 520 0 7 328 0 8 221 0
0.685053 -1.5275 8.52343
108 162 168
2 6 609 0 4 467 0
1.00401 -1.48159 8.49706
5 9 9
2 6 622 0 4 381 0
0.492482 0.261006 4.09766
255 254 253
2 6 5 0 5 9 0
-2.06853 -0.828171 8.10662
52 87 85
2 6 21 0 5 22 0
0.312867 0.216185 4.0956
238 246 253
2 6 22 0 5 34 0
2.26153 -6.01345 12.4063
11 12 14
3 6 56 0 5 37 0 7 56 0
2.34181 -3.39878 10.869
203 213 224
5 6 59 0 5 45 0 7 44 0 8 44 0 9 43 0
2.34181 -3.39878 10.869
203 213 224
5 6 60 0 5 46 0 7 45 0 8 45 0 9 44 0
1.48159 -2.33646 9.79588
93 140 139
2 6 70 0 5 44 0
0.482778 0.867317 4.31572
36 47 73
3 6 73 0 5 52 0 7 58 0
0.483212 0.868201 4.31891
34 46 72
4 6 74 0 5 53 0 7 57 0 8 81 0
0.407537 1.10777 4.5259
24 59 101
2 6 88 0 5 130 0
0.57944 0.822324 4.3274
128 161 160
4 6 89 0 5 54 0 7 143 0 8 432 0
0.329591 0.727819 4.27905
32 52 81
3 6 101 0 5 132 0 7 72 0
0.411318 0.644434 4.16082
249 248 242
3 6 145 0 5 91 0 7 96 0
0.294062 0.470942 4.1154
28 46 73
3 6 153 0 5 200 0 8 88 0
2.3784 -3.31118 10.4614
236 233 242
2 6 166 0 5 103 0
1.79254 -4.53334 12.6466
61 78 76
3 6 174 0 5 112 0 7 117 0
2.14133 -2.54564 9.90559
72 100 99
2 6 180 0 5 83 0
2.13723 -2.53374 9.88562
71 98 98
3 6 181 0 5 84 0 7 210 0
1.8075 -2.63846 10.0056
88 126 135
5 6 184 0 5 161 0 7 186 0 8 164 0 9 269 0
-2.22117 -2.96609 6.92542
249 250 254
2 6 197 0 5 227 0
0.401385 0.671529 4.18367
31 50 89
3 6 227 0 5 163 0 7 224 0
2.30112 -3.93219 10.7701
34 29 28
6 6 228 0 5 117 0 7 304 0 8 110 0 9 278 0 10 194 0
-2.53923 -1.73657 8.65138
217 85 66
2 6 233 0 5 223 0
0.40121 -0.210566 5.2084
249 237 118
4 6 253 0 7 367 0 8 328 0 9 328 0
0.0969378 -1.78696 7.50944
134 156 165
2 6 269 0 5 282 0
2.33615 -4.00451 10.9322
25 23 20
3 6 271 0 5 118 0 7 305 0
1.25554 -1.64304 8.71666
72 113 115
5 6 296 0 5 336 0 7 187 0 8 220 0 9 258 0
0.4775 0.895567 4.32463
179 190 202
3 6 305 0 5 203 0 7 368 0
-2.93276 -2.38608 9.17511
2 4 3
2 6 320 0 5 244 0
0.45712 0.753071 4.22779
200 213 222
5 6 330 0 5 247 0 7 342 0 8 426 0 9 642 0
0.351854 0.68523 4.21612
35 47 76
6 6 332 0 5 277 0 7 317 0 8 350 0 9 427 0 10 588 0
0.497929 0.635022 4.14805
27 41 64
3 6 341 0 5 197 0 7 485 0
2.30399 -3.37467 10.58
116 123 124
4 6 346 0 5 210 0 7 285 0 8 128 0
-1.64406 -5.09036 12.2576
78 66 56
2 6 356 0 7 247 0
1.69582 -0.89993 7.70003
104 167 173
3 6 370 0 5 315 0 7 366 0
0.420248 0.687548 4.20006
254 253 251
2 6 376 0 5 191 0
0.471498 0.346645 3.95716
124 122 102
2 6 380 0 5 196 0
2.11386 -2.73145 9.99066
14 18 25
5 6 393 0 5 202 0 7 326 0 8 340 0 9 285 0
2.11386 -2.73145 9.99066
14 18 25
5 6 394 0 5 201 0 7 325 0 8 341 0 9 284 0
0.324665 0.820628 4.37672
40 53 80
9 6 403 0 5 426 0 7 272 0 8 225 0 9 209 0 10 215 0 11 236 0 12 262 0 13 310 0
-0.747995 -3.85066 11.9888
93 85 75
3 6 432 0 7 306 0 8 323 0
0.496487 0.38134 3.96661
161 182 177
2 6 436 0 5 236 0
1.65632 -2.90344 10.2805
147 154 169
5 6 437 0 5 242 0 7 484 0 8 373 0 9 478 0
-1.83024 -1.69303 8.06613
253 101 91
2 6 448 0 5 376 0
0.561387 0.735259 4.23761
185 200 211
3 6 449 0 5 258 0 7 654 0
0.561387 0.735259 4.23761
185 200 211
3 6 450 0 5 259 0 7 655 0
0.432998 0.895265 4.34534
169 180 183
2 6 452 0 5 476 0
0.176955 0.150995 5.31875
106 89 57
6 6 453 0 7 315 0 8 293 0 9 253 0 10 257 0 11 227 0
0.356736 0.852057 4.36871
211 223 221
7 6 460 0 5 455 0 7 314 0 8 146 0 11 97 0 12 306 0 13 584 0
0.351531 0.737704 4.26784
148 174 173
2 6 463 0 5 411 0
2.51722 -3.65807 11.1068
195 203 215
2 6 492 0 5 330 0
0.414439 0.191177 4.04459
253 251 249
3 6 497 0 5 434 0 7 530 0
2.48266 -3.22124 10.8352
104 144 153
5 6 507 0 5 284 0 7 540 0 8 664 0 9 685 0
1.4576 -2.59509 9.83402
13 21 22
5 6 539 0 5 348 0 7 538 0 8 594 0 9 318 0
0.346567 0.622719 4.18336
246 249 251
2 6 540 0 5 533 0
-2.80654 -3.2685 11.7856
18 31 27
2 6 545 0 5 437 0
-1.87527 -1.72471 8.1074
206 60 51
2 6 555 0 5 467 0
-1.91486 -1.1219 8.17112
58 59 58
3 6 562 0 5 441 0 7 438 0
0.462138 -5.20193 10.8602
71 55 40
2 6 573 0 5 217 0
0.462138 -5.20193 10.8602
71 55 40
2 6 574 0 5 218 0
1.61701 -3.6952 11.6319
68 100 104
2 6 578 0 5 496 0
-1.39488 -4.1299 12.5504
51 59 61
2 6 588 0 5 448 0
0.459911 0.902951 4.33989
189 199 207
2 6 597 0 5 419 0
-2.17339 -0.804705 7.82603
44 47 51
2 6 606 0 5 365 0
2.05513 -4.25661 12.272
45 40 40
5 6 627 0 5 364 0 7 610 0 8 590 0 9 499 0
2.31992 -3.24318 10.702
72 88 89
2 6 645 0 5 412 0
0.533345 0.182071 4.05072
119 123 118
2 6 650 0 5 134 0
1.38845 -2.56458 9.86742
11 18 19
4 6 651 0 5 366 0 7 532 0 8 472 0
1.38867 -2.56543 9.86845
16 19 21
5 6 652 0 5 367 0 7 533 0 8 473 0 9 511 0
1.85627 -2.91651 10.3852
146 160 172
4 6 658 0 5 317 0 7 664 0 8 704 0
-2.5271 -3.16745 11.2943
12 30 24
2 6 659 0 5 384 0
-1.72655 0.410728 6.20342
127 111 104
2 6 663 0 7 416 0
-1.72655 0.410728 6.20342
127 111 104
2 6 664 0 7 415 0
2.27886 -4.0238 10.897
111 110 109
2 6 685 0 5 490 0
2.27886 -4.0238 10.897
111 110 109
2 6 686 0 5 489 0
0.354786 0.722241 4.2615
35 48 80
4 6 688 0 5 520 0 7 626 0 9 714 0
1.53335 -2.33166 9.71665
110 146 156
2 6 697 0 5 425 0
2.23181 -6.26349 12.1098
48 49 52
2 6 714 0 5 388 0
1.44874 -1.06681 7.50895
28 33 42
2 6 718 0 5 501 0
-2.17966 -3.40911 11.6713
55 88 93
2 6 729 0 5 349 0
1.79416 -2.86883 10.4516
94 130 137
5 6 744 0 5 545 0 7 677 0 8 499 0 9 415 0
0.00960106 -3.6712 11.1941
89 76 63
2 7 153 0 4 93 0
-0.0351076 -4.19926 10.7785
87 70 57
2 7 191 0 4 270 0
-0.0213736 -4.10793 10.9537
85 70 56
2 7 293 0 8 179 0
1.50632 -2.083 9.37111
94 144 151
2 7 9 0 5 6 0
2.23981 -5.90535 12.5177
21 16 13
4 7 190 0 5 122 0 6 105 0 8 209 0
2.39171 -6.14364 12.5487
45 36 31
2 7 208 0 5 60 0
0.32203 0.460287 4.0869
98 92 112
6 7 301 0 5 352 0 8 301 0 9 290 0 11 369 0 10 374 0
0.32203 0.460287 4.0869
98 92 112
6 7 302 0 5 353 0 8 300 0 9 289 0 10 375 0 11 368 0
2.38551 -5.04642 13.3281
22 20 17
2 7 345 0 5 209 0
1.94994 -6.13721 12.1508
85 74 68
3 7 393 0 5 136 0 8 419 0
1.92684 -2.8166 10.15
146 161 173
4 7 463 0 5 167 0 8 299 0 9 215 0
1.81939 -3.93445 11.8368
56 88 89
2 7 501 0 5 460 0
-2.30304 -3.26427 11.4256
45 79 84
2 7 515 0 5 558 0
0.663241 -1.50087 8.75569
118 180 184
2 7 566 0 5 565 0
1.85494 -2.60704 10.016
65 67 74
5 7 617 0 5 424 0 6 646 0 8 666 0 9 680 0
-2.16894 -1.09035 8.37603
60 92 91
2 7 701 0 5 574 0
0.810078 -1.74857 8.76249
16 11 20
2 7 727 0 9 579 0
0.384643 0.514759 4.03721
27 40 83
2 7 2 0 6 3 0
-0.986651 -3.92951 11.9308
72 65 56
2 7 13 0 6 14 0
1.91889 -0.707577 7.56514
115 187 199
2 7 18 0 6 17 0
1.26873 -2.27738 9.42485
11 14 13
2 7 19 0 6 15 0
1.26873 -2.27738 9.42485
11 14 13
2 7 20 0 6 16 0
3.46009 -5.46864 11.8039
2 5 3
2 7 23 0 6 23 0
3.49606 -5.30007 11.9701
4 4 3
2 7 27 0 6 35 0
0.498466 -0.118164 5.0658
247 243 211
4 7 30 0 6 27 0 8 40 0 9 56 0
0.16356 0.103455 5.33936
248 226 118
6 7 33 0 6 40 0 8 33 0 9 47 0 10 44 0 11 53 0
3.08099 -5.76529 11.9548
89 74 67
4 7 36 0 6 32 0 8 49 0 9 53 0
0.434367 0.732271 4.25012
28 44 73
3 7 40 0 6 42 0 8 48 0
0.441785 -0.17334 5.11973
247 249 126
2 7 43 0 6 41 0
0.307017 0.568045 4.19297
28 42 80
6 7 46 0 6 57 0 8 59 0 9 74 0 10 75 0 11 79 0
-1.88934 -4.04882 12.4152
41 52 51
2 7 54 0 6 82 0
2.70707 -3.81859 11.2421
107 113 116
2 7 55 0 6 68 0
1.95764 -4.76254 12.8014
87 80 75
3 7 78 0 6 86 0 8 124 0
0.160388 0.171351 5.37997
243 225 120
4 7 83 0 6 250 0 8 95 0 9 91 0
0.380556 1.17403 4.59686
140 189 187
2 7 84 0 6 238 0
2.88643 -3.77663 11.1454
77 79 75
2 7 86 0 6 112 0
2.88643 -3.77663 11.1454
77 79 75
2 7 87 0 6 111 0
1.78974 -4.63722 12.6764
95 91 85
2 7 88 0 6 115 0
1.78974 -4.63722 12.6764
95 91 85
2 7 89 0 6 114 0
-0.586737 -3.74132 11.8561
54 51 47
2 7 97 0 6 151 0
-0.38505 -4.9846 10.7787
101 93 90
2 7 100 0 6 219 0
0.165357 0.256792 5.43339
255 230 106
2 7 101 0 6 240 0
0.179899 0.347378 5.50787
250 228 110
2 7 105 0 6 189 0
0.409348 0.417425 4.12689
177 204 207
2 7 108 0 6 117 0
2.73126 -3.83075 11.0236
143 148 165
3 7 110 0 6 110 0 8 138 0
0.327875 0.546878 4.12973
221 96 89
2 7 115 0 6 248 0
3.40436 -3.63324 11.2013
90 131 143
4 7 139 0 6 274 0 8 243 0 9 302 0
-0.673786 -5.27022 10.8107
77 64 58
2 7 141 0 6 209 0
-0.380991 -4.37646 11.0719
102 89 79
2 7 142 0 6 251 0
2.14005 -6.15095 12.202
41 48 55
3 7 145 0 6 141 0 8 352 0
-0.332096 -4.98462 10.6688
127 114 107
2 7 167 0 6 260 0
-0.361239 -4.56479 10.7171
106 92 83
2 7 176 0 6 289 0
0.404017 0.174094 4.08416
129 123 117
2 7 183 0 6 225 0
0.299323 0.666557 4.25447
28 44 77
8 7 188 0 6 294 0 8 178 0 9 167 0 10 205 0 11 235 0 12 283 0 13 397 0
0.259972 -0.281826 5.31857
116 161 160
2 7 189 0 6 753 0
0.176153 0.298663 5.47646
245 220 115
5 7 192 0 6 372 0 8 149 0 9 92 0 11 88 0
1.55035 -2.3644 9.6957
53 72 69
4 7 206 0 6 242 0 8 248 0 9 235 0
0.394359 1.33649 4.75925
139 157 151
2 7 207 0 6 308 0
0.43051 -0.155691 5.12685
239 241 173
4 7 216 0 6 279 0 8 147 0 9 98 0
0.245329 0.192896 5.27104
194 187 101
2 7 218 0 6 128 0
-1.93111 -1.77739 8.13837
180 52 46
2 7 221 0 6 379 0
0.303079 0.827079 4.38826
232 244 243
6 7 226 0 6 353 0 8 216 0 9 252 0 10 320 0 11 248 0
-0.743707 -5.26777 10.8579
90 78 70
2 7 228 0 6 352 0
2.69217 -4.02337 11.0487
38 32 30
4 7 232 0 6 317 0 8 303 0 9 231 0
1.93599 -2.99981 10.4996
73 99 103
4 7 233 0 6 259 0 8 329 0 9 361 0
1.93599 -2.99981 10.4996
73 99 103
4 7 234 0 6 258 0 8 330 0 9 362 0
2.1522 -5.99136 12.418
42 47 60
2 7 237 0 6 139 0
0.269381 0.236918 5.29907
249 251 218
4 7 242 0 6 175 0 8 177 0 9 222 0
0.928932 1.18882 4.88095
163 205 198
2 7 254 0 6 252 0
0.338283 0.599019 4.17047
251 251 251
2 7 265 0 6 295 0
-1.88333 -1.46092 8.50624
136 48 38
2 7 268 0 6 265 0
2.93927 -3.84245 11.1093
139 171 206
4 7 270 0 6 190 0 8 331 0 9 507 0
3.48575 -3.45068 9.79515
41 43 45
2 7 277 0 6 188 0
0.556241 0.870267 4.324
200 214 221
2 7 279 0 6 199 0
0.257645 0.571926 5.59736
105 150 91
5 7 295 0 6 369 0 8 261 0 10 223 0 13 113 0
0.306867 0.807042 4.39364
34 48 74
8 7 297 0 6 478 0 8 267 0 9 248 0 10 310 0 11 284 0 12 309 0 13 383 0
0.183355 -0.0849595 5.12744
252 250 176
6 7 298 0 6 481 0 8 322 0 9 672 0 10 432 0 12 356 0
0.186183 0.238679 5.38314
149 141 104
5 7 299 0 6 415 0 8 289 0 9 260 0 10 274 0
1.3109 -1.76422 8.89225
67 104 107
2 7 308 0 6 249 0
3.76703 -4.32428 12.0881
19 23 23
4 7 319 0 6 255 0 8 397 0 9 333 0
-1.95026 -0.923773 8.04897
22 30 38
2 7 331 0 6 427 0
0.183581 0.196745 5.34845
128 119 71
5 7 340 0 6 408 0 8 305 0 9 259 0 10 328 0
3.54898 -3.2967 9.82603
70 128 140
2 7 349 0 6 334 0
1.9938 -5.66787 12.4785
87 74 67
2 7 351 0 6 299 0
1.34077 -3.39457 11.3208
95 138 147
2 7 361 0 6 434 0
2.68879 -3.36683 10.6789
136 149 157
4 7 371 0 6 324 0 8 389 0 9 431 0
3.36257 -5.56582 11.8911
23 19 15
4 7 376 0 6 396 0 8 452 0 9 394 0
0.378102 0.656604 4.17556
244 248 247
4 7 377 0 6 318 0 8 437 0 9 592 0
0.378102 0.656604 4.17556
244 248 247
4 7 378 0 6 319 0 8 436 0 9 593 0
0.419566 0.163805 4.05324
253 251 248
2 7 380 0 6 315 0
0.199055 0.457415 5.56183
233 194 105
3 7 383 0 6 482 0 9 225 0
2.32919 -3.28246 10.4793
111 117 122
4 7 384 0 6 361 0 8 344 0 9 311 0
2.04686 -2.58153 9.84908
63 88 92
2 7 387 0 6 445 0
2.76049 -3.52539 10.7921
48 59 96
4 7 391 0 6 362 0 8 395 0 9 383 0
2.29173 -3.46065 10.7849
222 228 245
4 7 394 0 6 740 0 8 244 0 9 140 0
2.29173 -3.46065 10.7849
191 195 197
4 7 395 0 6 741 0 8 245 0 9 141 0
0.419082 0.141627 4.05
251 199 120
4 7 407 0 6 442 0 8 570 0 11 463 0
0.516851 0.229236 3.98974
155 151 149
2 7 413 0 6 235 0
0.270464 0.555008 4.23639
38 63 83
2 7 419 0 6 543 0
0.270464 0.555008 4.23639
38 63 83
2 7 420 0 6 542 0
2.83139 -4.01607 11.0472
38 32 28
3 7 423 0 6 191 0 8 564 0
0.210187 -0.242222 5.27904
231 230 228
5 7 428 0 6 660 0 8 507 0 9 476 0 11 431 0
2.92946 -4.03177 11.2315
74 121 127
2 7 430 0 6 205 0
1.38058 -1.95395 9.14697
66 105 106
2 7 440 0 6 313 0
0.335671 0.649181 4.20837
254 251 249
2 7 444 0 6 575 0
0.292904 0.629355 4.24348
35 46 79
6 7 446 0 6 671 0 8 400 0 9 400 0 11 624 0 10 525 0
0.29394 0.630267 4.24633
35 47 79
5 7 447 0 6 670 0 8 399 0 9 399 0 10 526 0
0.427247 -0.229728 5.24439
102 171 182
2 7 453 0 6 532 0
0.278289 0.564497 4.2085
238 252 248
7 7 455 0 6 476 0 8 401 0 9 380 0 10 403 0 11 367 0 12 458 0
0.386805 -0.169539 5.1528
253 251 124
2 7 457 0 6 498 0
0.318404 0.276141 5.26168
214 77 85
8 7 460 0 6 626 0 8 405 0 9 457 0 10 479 0 11 404 0 12 437 0 13 602 0
0.366266 1.30772 4.74633
106 132 126
2 7 472 0 6 593 0
2.81739 -5.75452 12.1897
34 22 13
3 7 483 0 6 435 0 9 586 0
0.271785 0.249104 4.06824
143 147 144
2 7 487 0 6 389 0
2.71041 -4.01845 10.9236
117 114 118
2 7 497 0 6 533 0
3.46455 -3.32315 9.85201
68 114 125
2 7 499 0 6 336 0
3.44036 -3.29156 9.79954
67 112 125
4 7 500 0 6 337 0 8 483 0 9 490 0
0.159746 -0.170246 5.19424
255 200 112
2 7 516 0 6 667 0
0.312005 -0.210502 5.20784
237 148 153
16 7 517 0 6 706 0 8 416 0 9 398 0 10 394 0 11 338 0 12 294 0 14 252 0 13 589 0 15 241 0 16 218 0 17 170 0 18 229 0 19 184 0 20 178 0 21 134 0
0.320006 0.652318 4.22442
40 49 83
6 7 529 0 6 668 0 8 448 0 9 547 0 10 621 0 11 630 0
0.492426 0.555417 4.09279
27 41 71
2 7 534 0 6 471 0
0.433533 0.849073 4.30826
36 51 75
4 7 544 0 6 563 0 8 533 0 9 548 0
2.74122 -3.92522 10.9996
110 106 108
3 7 547 0 6 541 0 8 558 0
1.40564 -2.48357 9.82629
90 126 132
3 7 548 0 6 303 0 8 765 0
1.39798 -2.47157 9.78769
88 125 130
2 7 549 0 6 304 0
2.23703 -5.75696 12.7596
11 11 12
2 7 553 0 6 513 0
2.60081 -3.58835 11.0367
181 188 210
3 7 561 0 6 604 0 8 642 0
0.316577 0.609101 4.20164
230 238 241
5 7 562 0 6 690 0 8 430 0 9 408 0 10 391 0
0.489895 1.0279 4.426
252 252 236
2 7 563 0 6 554 0
3.40746 -5.53854 11.7276
75 68 63
4 7 565 0 6 694 0 8 656 0 9 551 0
0.458538 0.900569 4.3328
177 189 198
3 7 573 0 6 598 0 8 575 0
-1.67679 -4.42525 12.7822
49 51 54
2 7 579 0 6 679 0
3.54079 -4.75847 12.0283
57 69 70
2 7 601 0 6 720 0
0.428956 0.175545 4.04757
111 106 107
2 7 616 0 6 605 0
0.599583 0.808075 4.32796
119 160 160
2 7 618 0 6 384 0
2.39491 -3.38545 10.628
239 247 238
2 7 632 0 6 417 0
3.66617 -3.47332 10.9723
84 128 137
2 7 652 0 6 751 0
0.182265 -0.217037 5.24593
250 245 249
2 7 660 0 6 634 0
0.18525 -0.0415838 5.16068
255 250 221
2 7 672 0 6 607 0
1.42726 -2.57208 9.84333
144 155 170
4 7 673 0 6 701 0 8 659 0 9 663 0
1.42726 -2.57208 9.84333
144 155 170
4 7 674 0 6 700 0 8 658 0 9 662 0
2.26488 -5.92255 12.4281
46 41 41
2 7 691 0 6 687 0
0.365571 0.657326 4.19867
47 52 84
4 7 693 0 6 735 0 8 612 0 9 647 0
0.499614 1.23243 4.58323
238 248 251
2 7 719 0 6 552 0
1.3653 -2.12799 9.38324
68 92 95
2 7 734 0 6 461 0
3.43428 -3.97709 11.3592
179 194 212
3 7 736 0 6 630 0 9 649 0
1.12877 -1.38905 8.39095
99 149 156
4 8 159 0 7 102 0 6 118 0 9 120 0
2.04261 -0.537515 6.84718
29 45 44
2 8 573 0 6 576 0
3.51575 -1.50613 7.26449
79 78 76
2 8 760 0 9 757 0
0.485985 -0.13697 5.06758
246 236 233
8 8 265 0 9 168 0 10 186 0 11 228 0 12 223 0 13 281 0 14 212 0 17 161 0
0.257223 -0.114 5.08548
241 98 96
2 8 266 0 5 332 0
2.01533 -2.78983 10.1452
142 148 161
2 8 583 0 5 372 0
2.48409 -4.17362 11.0138
49 31 19
2 8 589 0 5 170 0
2.74219 -5.80223 12.2867
36 25 16
2 8 665 0 5 505 0
-0.486113 -4.6329 11.2448
89 78 69
2 8 47 0 6 45 0
0.293269 0.470776 4.11367
33 41 75
2 8 87 0 6 152 0
1.99091 -2.72669 10.2464
83 131 140
5 8 210 0 6 443 0 7 180 0 9 239 0 10 259 0
0.22877 0.557852 5.60628
230 185 103
2 8 232 0 6 314 0
0.313187 -0.209336 5.21359
235 124 146
2 8 417 0 6 705 0
2.35086 -6.05817 12.4111
45 35 33
2 8 431 0 6 358 0
2.86678 -3.48356 10.7894
120 139 148
2 8 528 0 6 623 0
2.73513 -3.55562 10.9057
179 191 209
2 8 550 0 6 728 0
3.43549 -5.56261 11.8771
8 5 6
3 8 678 0 6 405 0 10 553 0
0.294303 0.0460543 5.14086
254 248 140
2 8 1 0 7 0 0
0.892473 -1.65113 8.59427
11 12 16
2 8 2 0 7 1 0
3.3926 -3.28556 10.0998
97 140 149
4 8 6 0 7 7 0 9 12 0 10 4 0
0.471856 1.23842 4.68882
217 225 199
2 8 12 0 7 12 0
3.22892 -2.16649 8.75562
10 12 15
3 8 22 0 7 15 0 9 28 0
3.22892 -2.16649 8.75562
9 12 17
3 8 23 0 7 14 0 9 29 0
1.25427 -2.08145 9.19116
11 11 16
3 8 32 0 7 24 0 9 46 0
3.51462 -1.75219 8.53619
84 134 142
4 8 43 0 7 26 0 9 45 0 10 39 0
2.98389 -5.65434 11.9954
31 21 14
3 8 53 0 7 42 0 9 64 0
-0.267638 -5.05388 10.6335
81 76 78
2 8 69 0 7 53 0
-0.347928 -4.54343 11.0454
126 113 105
2 8 90 0 7 62 0
0.693208 -1.58188 8.69692
104 160 171
2 8 102 0 7 114 0
3.54027 -3.00204 7.6171
3 9 7
3 8 104 0 7 85 0 9 115 0
0.250569 0.45603 4.17093
215 80 95
2 8 106 0 7 135 0
0.424017 0.620017 4.13965
221 232 227
4 8 117 0 7 75 0 9 137 0 10 218 0
0.270953 0.645412 4.28456
24 42 72
6 8 132 0 7 229 0 11 149 0 12 192 0 13 269 0 14 312 0
0.0133653 -3.79986 11.1569
82 72 63
2 8 139 0 7 144 0
0.481214 0.680671 5.47826
182 64 88
2 8 152 0 7 158 0
0.373395 0.36163 5.27782
206 71 76
2 8 153 0 7 123 0
2.23016 -5.4534 12.8939
7 10 11
2 8 162 0 7 77 0
0.272902 0.621387 4.2881
243 251 252
3 8 166 0 7 267 0 9 117 0
0.275432 0.62528 4.29717
231 245 247
8 8 167 0 7 266 0 9 118 0 10 336 0 11 318 0 12 401 0 13 504 0 14 521 0
1.23611 -2.43259 9.70982
88 138 143
3 8 169 0 7 106 0 9 130 0
3.52121 -3.10145 7.5154
154 106 38
3 8 175 0 7 90 0 9 150 0
3.52121 -3.10145 7.5154
154 106 38
3 8 176 0 7 91 0 9 149 0
0.36713 0.324615 5.24863
197 85 75
8 8 182 0 7 211 0 9 143 0 10 136 0 11 136 0 12 160 0 13 223 0 14 270 0
3.52004 -3.05733 7.60792
153 113 46
2 8 184 0 7 149 0
-0.0913716 -4.76581 10.4727
83 70 62
2 8 190 0 7 435 0
0.347404 0.331485 5.27541
217 193 194
2 8 194 0 7 193 0
0.372627 0.677875 4.20122
226 236 225
5 8 205 0 7 113 0 9 273 0 10 382 0 11 448 0
0.525419 1.23564 4.57404
183 199 208
2 8 214 0 7 140 0
0.322347 1.1809 4.69806
56 79 108
2 8 219 0 7 329 0
0.552905 1.2551 4.58416
37 55 62
3 8 224 0 7 79 0 9 529 0
3.49524 -3.29666 7.22048
10 12 17
3 8 229 0 7 162 0 9 233 0
0.013633 -5.15558 10.5033
63 51 45
2 8 240 0 7 137 0
0.013633 -5.15558 10.5033
63 51 45
2 8 241 0 7 138 0
0.353213 0.378377 5.3131
234 230 227
5 8 252 0 7 291 0 9 227 0 10 267 0 11 253 0
0.353589 0.378333 5.3138
228 225 218
7 8 253 0 7 292 0 9 228 0 10 266 0 11 254 0 12 258 0 13 354 0
0.508807 0.671738 5.47505
239 199 118
2 8 257 0 7 198 0
0.508807 0.671738 5.47505
239 200 113
2 8 258 0 7 197 0
2.53396 -3.06152 10.411
89 134 140
3 8 280 0 7 323 0 9 218 0
3.34526 -2.19376 8.60384
60 89 92
2 8 285 0 7 195 0
-0.113413 -4.66441 10.6944
142 131 123
2 8 288 0 7 269 0
0.441893 1.10915 4.49863
57 59 102
2 8 312 0 7 360 0
0.524922 0.39765 4.03417
119 138 133
2 8 315 0 7 245 0
0.401465 0.177297 4.04065
114 111 115
2 8 334 0 7 278 0
0.260233 0.438425 4.15159
30 42 76
8 8 337 0 7 433 0 9 306 0 10 344 0 11 281 0 12 296 0 13 335 0 14 291 0
0.259996 0.438147 4.15111
28 43 80
7 8 338 0 7 432 0 9 307 0 10 345 0 11 280 0 12 297 0 13 336 0
0.371067 0.41054 5.3166
179 79 98
2 8 358 0 7 397 0
2.8147 -3.37375 10.7354
115 133 143
2 8 365 0 7 330 0
0.323767 0.250313 5.24871
220 73 96
3 8 370 0 7 411 0 9 366 0
0.323767 0.250313 5.24871
220 73 96
3 8 371 0 7 410 0 9 365 0
0.456629 0.663831 4.1628
31 45 72
3 8 384 0 7 263 0 9 505 0
0.456629 0.663831 4.1628
31 45 72
3 8 385 0 7 264 0 9 504 0
0.0799664 -2.54844 6.8929
67 93 96
3 8 388 0 7 356 0 9 406 0
3.13872 -3.69669 11.077
112 130 134
4 8 392 0 7 488 0 9 370 0 10 720 0
3.27576 -3.72247 11.2197
114 135 138
4 8 393 0 7 344 0 9 501 0 10 523 0
-0.0455773 -5.17868 10.4952
97 82 72
2 8 404 0 7 469 0
0.351182 1.0494 4.54301
53 68 117
2 8 423 0 7 646 0
3.28345 -2.89923 9.96738
33 39 45
4 8 446 0 7 476 0 9 348 0 10 309 0
0.44568 -0.128533 5.0842
238 219 229
2 8 454 0 7 511 0
0.335437 0.830911 4.36302
231 241 249
2 8 462 0 7 572 0
0.227575 -0.00844599 5.13727
146 79 112
4 8 464 0 7 653 0 9 518 0 10 550 0
0.335413 1.17079 4.67923
214 242 240
2 8 479 0 7 678 0
4.76986 -3.88443 11.0611
59 63 57
5 8 490 0 7 663 0 9 483 0 10 499 0 11 506 0
3.42185 -5.30341 11.9415
7 5 5
2 8 512 0 7 715 0
-0.661281 -3.99493 11.9898
48 41 34
2 8 514 0 7 559 0
0.314048 0.776401 4.338
25 37 40
6 8 529 0 7 651 0 9 545 0 10 587 0 11 571 0 12 710 0
3.29647 -5.82521 11.5516
96 73 62
3 8 553 0 7 281 0 10 741 0
3.39729 -5.13145 12.0822
51 39 40
2 8 579 0 7 504 0
0.409589 0.669167 4.17963
40 49 77
2 8 584 0 7 542 0
0.452086 0.442831 5.38434
246 240 232
2 8 597 0 7 683 0
0.441744 0.440347 5.35364
249 241 227
3 8 598 0 7 682 0 9 709 0
-0.597273 -3.77767 11.863
43 40 36
2 8 603 0 7 779 0
-0.597273 -3.77767 11.863
43 40 36
2 8 604 0 7 778 0
3.42888 -5.32288 12.0896
70 55 48
3 8 610 0 7 659 0 10 611 0
0.355406 -1.11376 8.12196
103 156 162
2 8 619 0 7 427 0
0.513908 0.159692 4.0102
58 53 57
2 8 663 0 7 219 0
0.0928926 -3.32499 11.1394
77 120 128
2 8 684 0 7 620 0
3.2588 -4.89099 11.8077
53 43 42
2 8 710 0 7 333 0
3.2588 -4.89099 11.8077
53 43 42
2 8 711 0 7 334 0
0.312606 0.165126 4.01248
235 246 253
2 8 714 0 7 641 0
3.48232 -3.24727 7.37339
5 13 13
2 8 715 0 7 782 0
-0.0563489 -4.54086 10.7724
81 65 57
2 8 732 0 7 721 0
0.544291 -3.84421 11.8079
103 94 84
2 9 243 0 5 192 0
1.0011 -1.52876 8.45119
108 166 178
2 9 82 0 6 76 0
1.0011 -1.52876 8.45119
108 166 178
2 9 83 0 6 77 0
3.99256 -4.21875 11.739
56 66 65
2 9 481 0 6 212 0
3.4942 -3.0413 7.56875
148 110 34
2 9 127 0 7 148 0
2.50696 -3.63451 11.001
185 187 208
2 9 171 0 7 215 0
0.483517 -0.089882 5.04197
251 241 201
2 9 274 0 7 372 0
4.11786 -4.20522 11.898
17 18 12
2 9 310 0 7 338 0
3.43012 -3.20349 7.42474
68 73 76
2 9 345 0 7 203 0
3.09956 -2.16682 8.73838
75 106 113
3 9 390 0 7 236 0 8 325 0
3.47377 -0.882414 7.39645
78 137 152
2 9 417 0 7 230 0
3.45031 -3.15051 7.46284
8 14 16
3 9 466 0 7 507 0 10 478 0
3.43405 -3.11609 9.95311
100 135 147
2 9 486 0 7 582 0
0.290585 0.332674 5.33451
252 247 121
2 9 503 0 7 752 0
0.281857 0.528098 4.26996
26 47 66
2 7 668 0 8 459 0
2.34281 -0.424699 6.92858
103 159 161
2 9 629 0 7 656 0
3.91357 -4.14834 11.848
82 126 133
3 9 711 0 7 475 0 10 767 0
0.25376 0.041156 5.04042
254 243 125
2 9 0 0 8 0 0
0.360425 0.35506 5.31466
241 209 210
2 9 14 0 8 14 0
0.358649 0.352701 5.30896
231 185 190
3 9 15 0 8 13 0 10 8 0
3.48918 -1.33866 7.28457
42 44 47
4 9 18 0 8 9 0 10 10 0 11 14 0
3.44505 -2.96306 7.62029
18 19 21
2 9 24 0 8 19 0
3.44505 -2.96306 7.62029
18 19 21
2 9 25 0 8 20 0
0.230723 0.339387 5.42264
246 237 102
2 9 76 0 8 72 0
4.66187 -2.97868 7.37758
84 91 90
2 9 87 0 8 76 0
4.8017 -1.90156 8.21374
43 80 84
2 9 101 0 8 143 0
3.48147 -1.03917 7.42169
14 15 18
2 9 144 0 8 181 0
0.0829424 -1.0675 8.19231
67 105 104
2 9 166 0 8 505 0
0.864541 -1.32036 8.41724
99 163 173
2 9 173 0 8 207 0
3.47152 -1.50579 7.28548
6 12 14
3 9 182 0 8 133 0 10 177 0
0.477631 1.13342 4.50268
72 87 94
2 9 184 0 8 129 0
0.346654 0.659751 5.63721
237 219 123
3 9 188 0 8 391 0 10 235 0
3.50688 -0.949215 7.33674
11 19 20
3 9 203 0 8 126 0 11 195 0
0.468025 0.798791 4.25191
27 42 43
2 9 206 0 8 100 0
4.66818 -1.24618 7.34779
36 60 63
2 9 220 0 8 242 0
0.408939 0.850057 4.31261
55 72 86
4 9 242 0 8 189 0 10 393 0 11 508 0
3.47275 -3.27044 7.26101
18 22 24
2 9 262 0 8 274 0
5.67739 -3.41596 10.5612
16 23 23
2 9 277 0 8 333 0
2.86323 -3.54932 10.7966
181 188 207
2 9 286 0 8 186 0
0.189897 0.363478 5.46052
122 110 80
2 9 288 0 8 578 0
0.242956 0.446987 4.21747
19 44 74
5 9 305 0 8 413 0 10 341 0 11 312 0 13 361 0
0.429325 1.30556 4.58209
121 143 130
2 9 309 0 8 135 0
0.42975 -0.196723 5.15389
234 225 130
2 9 358 0 8 318 0
2.68776 -3.61367 10.9472
178 191 213
2 9 371 0 8 387 0
3.23384 -2.92744 9.85223
75 117 122
2 9 378 0 8 379 0
2.753 -3.51916 10.7759
38 46 88
2 9 384 0 8 394 0
2.30821 -3.50705 11.0035
73 111 118
2 9 409 0 8 706 0
0.425104 1.07187 4.47012
201 181 109
3 9 441 0 8 364 0 10 709 0
3.09678 -3.41498 10.9695
88 130 137
2 9 444 0 8 532 0
0.440702 0.278161 5.22279
248 234 102
2 9 445 0 8 516 0
2.30489 -3.34527 10.5434
103 102 105
2 9 448 0 8 487 0
0.514008 0.882485 4.32033
101 131 129
2 9 462 0 8 192 0
0.680242 -1.52879 8.69723
73 122 133
2 9 482 0 8 555 0
4.62042 -1.25745 7.25173
8 9 8
2 9 484 0 8 593 0
2.13066 -3.87109 10.6115
26 28 24
2 9 487 0 8 427 0
0.245172 0.488331 4.22139
234 60 77
2 9 491 0 8 724 0
0.378739 -3.59828 11.6051
67 99 103
2 9 493 0 8 622 0
0.264712 0.443385 4.19801
240 56 74
2 9 497 0 8 611 0
0.162342 -0.156765 5.1507
248 204 108
2 9 498 0 8 588 0
0.229434 -0.00757193 5.14227
139 63 86
6 9 519 0 8 465 0 10 552 0 11 444 0 12 503 0 13 658 0
0.380824 0.613943 4.14259
24 30 76
2 9 531 0 8 435 0
0.3451 0.549629 4.11762
31 46 73
2 9 555 0 8 718 0
0.240009 -0.151091 5.13384
236 135 135
2 9 562 0 8 616 0
0.347552 -0.11418 5.07357
184 169 80
2 9 568 0 8 675 0
0.386917 0.997476 4.43367
187 158 104
2 9 576 0 8 378 0
0.39354 0.181568 4.05541
246 242 245
3 9 581 0 8 736 0 10 682 0
0.433354 0.900499 4.34196
142 148 159
2 9 584 0 8 439 0
0.313694 0.638332 4.22519
235 247 251
4 9 596 0 8 486 0 10 656 0 11 642 0
0.201204 0.287898 5.41958
144 129 97
2 9 602 0 8 635 0
0.201204 0.287898 5.41958
144 129 97
2 9 603 0 8 634 0
0.297508 0.615645 4.23009
228 243 247
4 9 609 0 8 639 0 10 781 0 11 663 0
0.296188 0.614589 4.22755
232 248 243
2 9 610 0 8 640 0
2.84101 -3.70025 11.0097
77 87 91
2 9 631 0 8 455 0
4.94716 -3.76225 11.0178
133 120 105
3 9 652 0 8 753 0 10 776 0
0.252503 0.290702 5.34878
120 117 89
6 9 653 0 8 688 0 10 672 0 11 534 0 12 564 0 13 609 0
2.57515 -5.93074 12.2445
77 63 56
2 9 725 0 8 613 0
0.456714 -0.123395 5.06553
212 75 91
2 9 730 0 8 677 0
0.37881 0.305309 5.22466
243 251 215
2 9 769 0 8 742 0
0.283274 0.438216 4.13346
86 109 121
2 10 315 0 6 512 0
0.283274 0.438216 4.13346
86 109 121
2 10 316 0 6 511 0
3.89059 -1.88223 8.70191
42 70 68
2 10 89 0 7 51 0
3.24074 -2.5899 8.21823
75 114 120
4 10 402 0 7 122 0 9 589 0 8 444 0
1.46489 -2.64922 9.83999
84 147 145
2 10 443 0 7 545 0
3.19805 -3.66368 11.2111
108 132 135
3 10 627 0 7 401 0 9 474 0
0.357573 0.285509 5.21966
240 72 103
2 10 778 0 7 669 0
1.9032 -0.582772 7.12914
91 160 166
2 10 63 0 8 51 0
3.54137 -1.19001 7.30014
7 12 11
3 10 142 0 8 101 0 11 96 0
2.62114 -3.30063 10.6836
206 204 214
2 10 168 0 8 295 0
3.5493 -1.49021 7.23404
12 12 12
2 10 192 0 8 131 0
3.54752 -2.941 6.9565
52 52 64
3 10 421 0 8 310 0 9 372 0
3.46147 -1.31861 7.40557
66 122 124
3 8 518 0 9 200 0 11 105 0
3.43783 -5.89074 11.2552
62 65 65
2 10 475 0 8 498 0
3.53964 -1.9882 7.15242
58 59 66
2 10 482 0 8 269 0
3.42457 -5.47161 12.0071
79 58 52
2 10 568 0 8 546 0
0.293179 0.489467 4.12436
29 36 71
3 10 571 0 8 491 0 11 485 0
0.293179 0.489467 4.12436
29 36 71
3 10 572 0 8 492 0 11 486 0
0.439071 0.128102 4.01468
160 154 150
2 10 582 0 8 539 0
0.344636 0.734892 4.26538
185 198 217
2 10 608 0 8 556 0
0.346222 0.735834 4.2657
167 180 194
4 10 610 0 8 557 0 9 353 0 11 539 0
0.532719 0.138326 4.15496
156 153 136
2 10 674 0 8 538 0
2.9872 -2.65427 9.90011
93 135 143
2 10 681 0 8 702 0
0.198142 0.367146 5.48556
115 104 54
2 10 684 0 8 577 0
0.296493 0.625655 5.57353
233 220 114
2 10 712 0 8 758 0
3.1952 -3.32444 10.9596
100 143 154
2 10 13 0 9 20 0
3.45694 -1.0171 7.33684
34 36 38
3 10 15 0 9 21 0 11 17 0
0.460643 1.21851 4.61077
165 179 144
2 10 24 0 9 26 0
0.460643 1.21851 4.61077
165 179 144
2 10 25 0 9 27 0
3.52473 -4.79146 11.8076
68 76 79
2 10 34 0 9 54 0
2.54577 -3.32899 10.5756
227 235 244
2 10 40 0 9 60 0
2.54577 -3.32899 10.5756
227 235 244
2 10 41 0 9 59 0
0.281039 0.698738 4.3874
25 39 74
5 10 48 0 9 63 0 11 46 0 12 24 0 13 30 0
3.12034 -3.54312 11.0685
60 92 94
2 10 49 0 9 48 0
0.263615 0.590422 4.30787
29 42 75
2 10 66 0 9 71 0
0.265572 0.594096 4.31205
27 39 79
4 10 67 0 9 70 0 11 69 0 12 59 0
4.73942 -2.81136 6.90849
26 12 7
3 10 82 0 9 81 0 11 75 0
4.11001 -2.4027 7.92824
53 82 83
2 10 101 0 9 67 0
0.473907 1.18386 4.57665
211 201 130
2 10 105 0 9 85 0
3.46863 -1.12453 7.38379
25 22 27
3 10 131 0 9 125 0 11 151 0
3.53398 -1.24934 7.27441
12 9 12
2 10 133 0 9 111 0
5.48122 -3.19332 10.0406
63 70 64
2 10 140 0 9 152 0
0.341033 1.27044 4.81014
135 149 146
2 10 151 0 9 234 0
0.450573 1.242 4.60756
203 218 213
2 10 164 0 9 106 0
3.15253 -2.0333 8.70217
16 23 20
2 10 169 0 9 133 0
3.7712 -2.28578 7.70855
17 18 17
2 10 178 0 9 100 0
4.70726 -1.17109 7.21382
16 15 23
3 10 181 0 9 112 0 11 213 0
3.55638 -3.00618 6.87274
31 31 44
2 10 185 0 9 114 0
4.69036 -1.31184 7.14681
7 7 10
2 10 202 0 9 122 0
3.26582 -2.28497 8.44181
3 17 12
3 10 221 0 9 177 0 11 252 0
0.243233 0.425166 4.21045
232 73 74
5 10 230 0 9 251 0 11 223 0 12 320 0 13 253 0
0.227997 0.273916 5.37914
161 153 66
2 10 242 0 9 193 0
0.334865 0.393268 5.3435
164 77 65
5 10 248 0 9 240 0 12 446 0 13 382 0 14 484 0
0.47663 0.678096 5.46592
196 87 76
2 10 253 0 9 250 0
0.332056 0.550772 4.13588
228 65 68
3 10 265 0 9 178 0 11 394 0
0.185501 0.238138 5.38295
155 147 110
6 10 273 0 9 261 0 11 232 0 12 219 0 13 274 0 14 240 0
2.21913 -3.79617 10.59
80 125 133
2 10 292 0 9 414 0
0.349268 1.2429 4.87511
120 143 139
2 10 296 0 9 374 0
4.6371 -1.10572 7.29623
10 14 16
4 10 306 0 9 241 0 11 239 0 14 126 0
4.50198 -2.09112 8.62255
15 24 21
2 10 327 0 9 303 0
0.327275 1.05233 4.57782
158 185 186
2 10 343 0 9 283 0
3.46405 -1.93737 8.84044
66 95 95
2 10 347 0 9 436 0
4.76484 -3.24498 6.96835
32 33 34
4 10 351 0 9 279 0 11 289 0 12 255 0
2.66926 -3.85969 10.8431
112 114 119
2 10 363 0 9 514 0
4.63204 -1.02815 7.32114
17 22 26
4 10 392 0 9 494 0 11 309 0 14 142 0
4.95449 -3.88758 11.2344
155 147 127
2 10 395 0 9 382 0
3.4958 -5.93341 11.7284
65 51 45
2 10 399 0 9 485 0
0.366878 0.409329 5.31338
186 74 86
3 10 449 0 9 420 0 11 464 0
-0.677191 -0.132667 6.89819
96 119 117
3 10 457 0 9 641 0 11 389 0
5.08814 -1.89511 8.43687
25 56 51
2 10 462 0 9 340 0
0.286187 0.844464 4.51042
142 177 180
3 10 465 0 9 410 0 11 287 0
0.304679 0.311524 5.31352
249 249 174
3 10 466 0 9 536 0 11 472 0
4.68159 -0.990448 7.29549
8 19 16
3 10 473 0 9 434 0 11 478 0
3.21198 -3.80365 11.127
176 191 205
2 10 474 0 9 606 0
0.281398 0.802577 4.46745
33 45 76
4 10 480 0 9 524 0 11 386 0 12 434 0
0.282071 0.803732 4.46876
30 43 72
6 10 481 0 9 523 0 11 387 0 12 433 0 13 491 0 14 506 0
1.14221 -1.78741 8.66271
12 16 24
3 10 491 0 9 594 0 11 697 0
3.47414 -5.28182 12.2132
71 54 47
2 10 512 0 9 575 0
3.57304 -0.253167 5.80927
34 47 52
2 10 519 0 9 460 0
1.45279 -2.27332 9.53008
112 142 149
2 10 546 0 9 213 0
2.27596 -3.20683 10.8171
72 96 99
2 10 595 0 9 599 0
3.54654 -4.94336 11.9426
65 67 69
2 10 601 0 9 695 0
0.352012 0.739301 4.27042
158 171 183
3 10 609 0 9 355 0 11 538 0
1.5823 -2.62387 9.99168
78 110 113
2 10 617 0 9 615 0
0.368559 0.495741 4.13643
24 42 70
2 10 668 0 9 703 0
0.275553 0.801216 4.48492
170 183 204
7 10 675 0 9 754 0 11 473 0 12 403 0 13 370 0 14 360 0 15 422 0
0.350476 0.259036 5.20649
212 85 96
5 10 676 0 9 736 0 11 618 0 12 769 0 13 575 0
3.64041 -3.20875 7.04501
41 42 44
2 10 685 0 9 564 0
4.69101 -2.14183 7.26156
11 11 13
2 10 696 0 9 452 0
0.297188 0.59871 4.21484
38 44 79
3 10 702 0 9 755 0 11 657 0
4.75698 -3.21728 7.00048
31 32 34
4 10 706 0 9 470 0 11 433 0 12 442 0
0.533174 0.749662 5.50117
96 150 125
2 10 724 0 9 527 0
0.258122 -0.0977403 5.11
249 227 126
2 10 728 0 9 726 0
0.41065 0.0920367 4.03715
254 246 246
3 10 736 0 9 735 0 12 705 0
0.367954 1.21626 4.64219
219 233 238
3 10 745 0 9 668 0 11 679 0
0.362981 0.656519 4.19561
37 47 68
3 10 757 0 9 646 0 11 717 0
0.418637 0.16204 4.06227
251 244 244
4 10 782 0 9 722 0 11 513 0 12 575 0
5.76287 -3.39323 10.1994
117 104 91
2 10 795 0 9 648 0
2.16952 -2.74124 10.1523
151 164 180
2 10 829 0 9 556 0
4.56142 -3.94686 11.4474
21 25 29
2 11 240 0 7 282 0
3.26827 -2.73421 10.143
55 77 80
2 11 704 0 7 790 0
3.26827 -2.73421 10.143
55 77 80
2 11 705 0 7 789 0
3.49697 -1.90038 8.69737
61 95 101
2 11 91 0 8 99 0
0.498577 0.704238 5.46596
207 185 112
4 11 297 0 8 193 0 12 466 0 13 425 0
0.201446 0.267505 5.3893
249 236 124
2 11 570 0 8 701 0
4.67261 -1.21166 7.51527
33 60 55
2 11 49 0 9 62 0
3.48809 -1.0231 7.31075
11 13 16
2 11 117 0 9 102 0
0.559138 1.46542 4.97436
180 189 184
2 11 118 0 9 154 0
0.337116 1.03013 4.52734
44 55 83
3 11 129 0 9 96 0 12 170 0
0.280236 0.630166 5.62015
241 213 106
3 11 137 0 9 155 0 12 151 0
4.7007 -1.25096 7.17605
3 8 7
3 11 141 0 9 156 0 12 171 0
4.75381 -2.7346 6.83454
252 192 71
3 11 163 0 9 145 0 12 138 0
4.75381 -2.7346 6.83454
253 194 67
3 11 164 0 9 146 0 12 137 0
3.54835 -3.20175 7.13162
41 42 44
2 11 168 0 9 195 0
3.53473 -3.15857 7.17382
30 34 35
2 11 310 0 9 404 0
3.63394 -3.17505 7.00254
5 6 6
3 11 321 0 9 745 0 10 348 0
4.85472 -3.29904 6.83381
43 44 44
3 11 491 0 9 783 0 10 506 0
0.203241 0.0771208 5.22841
251 247 150
2 11 567 0 9 732 0
4.42914 -2.30871 8.50603
50 76 81
2 11 576 0 9 632 0
0.285315 0.222316 5.25113
255 248 232
2 11 636 0 9 760 0
3.29358 -0.119874 6.17669
59 118 116
3 11 651 0 9 720 0 12 702 0
3.48335 -1.02129 7.35821
34 39 40
2 11 18 0 10 16 0
3.44048 -1.20151 7.2781
45 43 46
2 11 19 0 10 19 0
3.44048 -1.20151 7.2781
45 43 46
2 11 20 0 10 20 0
3.24435 -2.36086 8.39467
12 18 19
2 11 24 0 10 32 0
3.24435 -2.36086 8.39467
12 18 19
2 11 25 0 10 33 0
0.176646 0.207902 5.42389
250 220 104
2 11 60 0 10 71 0
0.289473 0.765283 4.40971
143 177 180
4 11 64 0 10 64 0 12 44 0 13 44 0
0.191777 -0.15084 5.13635
252 89 96
2 11 65 0 10 62 0
0.18427 0.333441 5.50386
254 218 102
3 11 80 0 10 88 0 12 58 0
4.53137 -0.0959794 5.86725
91 98 84
4 11 87 0 10 93 0 12 88 0 14 71 0
0.280965 0.757719 4.47003
28 39 79
5 11 131 0 10 137 0 12 114 0 13 130 0 14 121 0
0.211479 0.234775 5.36404
253 241 106
4 11 135 0 10 127 0 12 166 0 13 222 0
0.393929 -0.211164 5.1929
239 227 100
2 11 138 0 10 354 0
4.46576 -0.151065 5.75723
56 62 51
3 11 139 0 10 360 0 12 184 0
0.321378 0.613892 4.19554
206 224 222
4 11 148 0 10 120 0 12 284 0 13 426 0
0.296199 0.533099 4.15577
242 67 70
2 11 161 0 10 174 0
4.66245 -1.34135 7.25289
7 12 15
2 11 179 0 10 150 0
3.24548 -2.10665 8.71319
8 15 15
3 11 182 0 10 318 0 12 99 0
3.44912 -1.08965 7.44107
59 117 121
2 11 192 0 10 355 0
4.52306 -0.027871 5.90001
32 56 44
2 11 197 0 10 161 0
4.65271 -1.19583 7.27988
11 13 16
4 11 207 0 10 247 0 12 238 0 14 140 0
0.239095 0.423351 4.2081
237 67 72
5 11 222 0 10 231 0 12 319 0 13 252 0 14 274 0
0.364097 1.08482 4.51964
55 74 110
2 11 225 0 10 175 0
3.85587 -1.1637 5.00904
174 178 162
2 11 245 0 10 335 0
3.51055 -2.72632 6.993
12 13 14
3 11 247 0 10 408 0 13 168 0
0.404993 1.10375 4.51517
38 56 77
2 11 249 0 10 153 0
0.270485 0.180536 4.237
59 59 48
2 11 250 0 10 369 0
0.480216 0.670636 5.46406
176 77 75
3 11 256 0 10 251 0 12 282 0
0.226246 -0.164968 5.15023
242 88 103
2 11 260 0 10 383 0
0.348866 1.08664 4.58027
82 86 136
2 11 294 0 10 268 0
0.243264 0.447698 4.2179
20 41 69
3 11 313 0 10 342 0 13 362 0
0.271698 0.624372 4.29636
224 241 243
5 11 317 0 10 337 0 12 400 0 13 505 0 14 522 0
0.305872 0.829655 4.4067
219 232 233
4 11 334 0 10 334 0 12 430 0 13 542 0
0.199857 0.369716 5.48891
111 98 51
3 11 348 0 10 683 0 12 712 0
0.286911 0.805814 4.55627
139 176 178
5 11 358 0 10 590 0 12 318 0 13 299 0 14 278 0
4.42972 -2.30766 8.44167
6 14 13
2 11 364 0 10 540 0
3.85271 -1.10699 5.01389
176 175 157
5 11 373 0 10 397 0 12 428 0 13 525 0 16 276 0
0.293021 0.647264 4.26966
222 236 238
4 11 382 0 10 484 0 12 435 0 13 568 0
4.6036 -0.0606089 5.73329
55 64 56
4 11 385 0 10 233 0 12 572 0 13 654 0
0.340175 0.398494 5.34996
191 81 97
2 11 392 0 10 365 0
0.416417 0.648963 4.16099
172 195 193
2 11 396 0 10 156 0
3.5472 -3.35405 6.83652
66 52 24
2 11 412 0 10 409 0
0.306606 0.858455 4.43009
207 229 233
5 11 432 0 10 542 0 12 399 0 13 442 0 14 501 0
0.272204 0.762656 4.49325
175 193 207
5 11 435 0 10 602 0 12 363 0 13 393 0 14 468 0
0.272678 0.763406 4.49399
177 196 210
4 11 436 0 10 603 0 12 362 0 13 394 0
0.455915 0.204564 5.10098
79 146 133
2 11 447 0 10 126 0
0.236623 0.316768 5.3876
255 245 110
2 11 460 0 10 606 0
0.23499 -0.153506 5.13324
240 147 150
9 11 466 0 10 819 0 12 507 0 13 331 0 14 245 0 15 160 0 16 182 0 17 128 0 18 183 0
0.239628 -0.153119 5.13696
250 156 158
3 11 468 0 10 821 0 12 505 0
0.250353 0.476351 4.2145
26 43 92
4 11 504 0 10 639 0 12 559 0 13 572 0
0.249565 0.475958 4.21401
23 41 86
5 11 505 0 10 638 0 12 558 0 13 573 0 14 526 0
5.60267 -2.98949 9.96971
31 38 39
2 11 511 0 10 665 0
4.98522 -2.41305 7.47673
26 27 30
2 11 526 0 10 701 0
0.414257 0.117011 4.11264
190 180 166
2 11 541 0 10 731 0
4.80168 -3.35181 6.76146
180 153 104
2 11 542 0 10 636 0
4.82994 -3.36262 6.78001
181 151 102
3 11 543 0 10 637 0 12 716 0
0.293433 0.335373 5.346
244 239 83
4 11 548 0 10 633 0 12 436 0 14 579 0
0.311249 1.22082 4.86301
146 216 211
2 11 552 0 10 777 0
4.69435 -0.114837 5.72203
68 88 77
2 11 572 0 10 535 0
3.53611 -3.32001 6.8428
74 51 10
2 11 579 0 10 532 0
4.69137 -2.8352 6.7977
18 15 5
2 11 629 0 10 800 0
3.6122 -3.41321 6.82702
14 8 2
2 11 652 0 10 755 0
4.5857 -0.0794681 5.75977
106 113 105
2 11 695 0 10 832 0
4.07937 -0.642797 5.6958
145 147 132
6 11 708 0 10 766 0 12 541 0 13 550 0 14 336 0 16 243 0
0.336504 -0.117025 5.05991
184 170 78
3 12 711 0 11 722 0 10 641 0
0.335466 0.729886 4.28381
33 46 74
2 12 165 0 9 121 0
0.336333 0.234408 5.24666
242 252 214
2 12 660 0 9 401 0
3.51543 -2.28344 7.06745
32 33 36
2 12 9 0 10 29 0
5.11347 -1.08786 7.26301
24 53 44
2 12 28 0 10 43 0
4.75547 -3.16041 6.80937
6 8 9
2 12 247 0 10 559 0
4.75547 -3.16041 6.80937
6 8 9
2 12 248 0 10 558 0
0.816123 -0.13475 6.6795
129 169 161
3 10 613 0 11 414 0 16 139 0
0.81634 -0.133272 6.68087
147 169 159
3 12 293 0 10 612 0 16 140 0
3.82972 -1.10087 5.0432
112 111 93
2 12 382 0 10 287 0
0.373098 0.387292 5.30098
195 72 78
3 12 396 0 10 358 0 13 580 0
0.373098 0.387292 5.30098
195 72 78
3 12 397 0 10 357 0 13 581 0
0.278768 -0.183532 5.17407
233 138 139
4 12 452 0 10 414 0 13 453 0 14 413 0
0.239628 -0.153119 5.13696
250 156 158
3 12 506 0 10 820 0 11 467 0
0.267259 0.23867 5.29611
248 239 214
2 12 517 0 10 534 0
0.278354 -0.256466 5.27119
250 187 90
2 12 537 0 10 545 0
0.301658 0.636342 4.26031
35 45 82
3 12 594 0 10 464 0 13 691 0
0.318076 0.247631 5.24011
225 83 79
2 12 599 0 10 487 0
3.54697 -1.27633 7.22662
66 110 112
2 12 615 0 10 644 0
0.412173 0.10237 4.06005
147 143 121
2 12 620 0 10 673 0
0.304755 0.585122 4.19072
35 46 75
2 12 648 0 10 759 0
4.50159 -1.99549 7.50191
35 68 70
2 12 2 0 11 4 0
4.66034 -2.09412 8.44738
40 76 77
2 12 5 0 11 15 0
0.181593 -0.0810034 5.11961
252 249 161
2 12 18 0 11 31 0
0.446377 -0.168898 5.1224
250 230 135
2 12 23 0 11 57 0
0.423187 -0.114837 5.05214
220 189 186
6 12 36 0 11 55 0 13 37 0 15 24 0 16 34 0 17 19 0
0.400974 -0.121261 5.03554
206 197 184
3 12 37 0 11 56 0 13 38 0
0.297353 0.370197 5.3726
244 247 197
2 12 38 0 11 62 0
3.93024 0.0798922 5.21444
38 57 45
2 12 42 0 11 43 0
0.233582 0.341313 5.42401
249 240 99
3 12 55 0 11 71 0 13 57 0
0.233582 0.341313 5.42401
249 240 99
3 12 56 0 11 72 0 13 56 0
3.50077 -3.03877 7.55614
189 128 47
2 12 98 0 11 160 0
3.67423 -1.04887 4.03891
72 81 77
4 12 109 0 11 112 0 13 136 0 14 100 0
3.92935 -0.916948 4.26983
190 202 205
3 12 120 0 11 128 0 13 189 0
4.71975 -1.46325 7.112
10 14 16
2 12 121 0 11 132 0
4.14337 0.534445 5.23858
83 128 134
4 12 125 0 11 224 0 13 467 0 14 563 0
3.4717 -1.09811 7.27446
5 9 12
3 12 139 0 11 119 0 13 134 0
4.89751 -1.2412 6.55186
65 70 62
2 12 141 0 11 257 0
0.41468 0.153976 4.08569
78 81 78
2 12 148 0 11 278 0
4.71014 -1.39141 7.12893
13 12 14
2 12 186 0 11 204 0
3.78046 -1.07075 4.01511
211 222 242
4 12 213 0 11 242 0 13 137 0 14 151 0
0.371789 0.366499 5.28215
189 75 81
4 12 236 0 11 162 0 13 285 0 14 373 0
4.49176 -1.889 8.51582
48 92 98
2 12 249 0 11 391 0
0.15324 -0.150432 5.17863
242 181 86
2 12 252 0 11 421 0
0.360241 1.3323 4.73428
139 217 203
2 12 260 0 11 147 0
0.240172 0.234718 4.22133
137 164 160
2 12 261 0 11 271 0
3.63185 -3.15393 7.08208
56 54 59
2 12 265 0 11 531 0
4.57694 -3.05489 7.18462
41 42 43
2 12 274 0 11 273 0
3.88114 -1.08448 4.25924
92 107 114
4 12 291 0 11 319 0 13 248 0 14 95 0
0.187821 0.0672071 5.24276
124 193 161
2 12 300 0 11 295 0
4.61848 -1.26523 7.24348
3 6 5
2 12 311 0 11 270 0
0.168124 0.189996 5.33365
141 127 88
2 12 315 0 11 220 0
4.36924 -3.42088 6.95565
40 44 48
2 12 327 0 11 333 0
3.94607 -0.423718 5.54821
168 166 149
4 12 330 0 11 417 0 14 198 0 16 97 0
0.318424 -0.124326 5.07442
253 246 108
7 12 344 0 11 326 0 13 303 0 14 303 0 15 257 0 16 287 0 19 331 0
0.396193 1.34853 4.69957
136 208 198
2 12 352 0 11 282 0
0.234303 0.29589 5.36039
255 246 124
2 12 357 0 11 308 0
3.44445 -1.16273 7.40389
71 123 123
2 12 370 0 11 514 0
4.4903 -3.50927 7.03325
14 20 25
2 12 410 0 11 621 0
0.852037 -0.199746 6.77542
91 146 138
2 12 421 0 11 646 0
4.44973 -2.41715 8.35296
37 69 63
2 12 425 0 11 269 0
3.58928 -3.1028 7.02242
12 13 18
2 12 426 0 11 614 0
3.58928 -3.1028 7.02242
12 13 18
2 12 427 0 11 613 0
0.358405 1.15528 4.56806
99 130 120
2 12 453 0 11 196 0
0.415953 -0.175296 5.13689
221 192 83
3 12 456 0 11 521 0 13 437 0
3.66311 -3.25578 7.02085
56 58 58
2 12 461 0 11 440 0
4.73314 -3.25416 7.00216
9 10 10
2 12 478 0 11 586 0
3.44097 -1.3393 7.33884
11 22 25
2 12 492 0 11 553 0
4.12647 -0.0312561 4.80418
125 133 124
2 12 534 0 11 154 0
0.422042 -0.127697 5.07402
242 81 96
11 12 561 0 11 409 0 13 494 0 14 485 0 15 468 0 16 534 0 17 515 0 18 573 0 19 509 0 20 538 0 21 498 0
4.61495 -0.0583471 5.73807
54 66 59
2 12 573 0 11 384 0
0.309507 0.355364 5.33625
238 239 148
4 12 574 0 11 352 0 13 675 0 14 536 0
0.239458 0.321717 5.39354
245 234 107
4 12 601 0 11 459 0 13 577 0 14 417 0
0.242732 -0.1815 5.18268
250 153 149
4 12 608 0 11 515 0 13 519 0 14 320 0
0.322194 0.407371 5.33054
241 241 186
3 12 644 0 11 481 0 13 635 0
4.74498 -3.21357 7.1809
30 31 32
2 12 668 0 11 517 0
0.25147 0.448277 4.19384
56 36 78
2 12 713 0 11 606 0
0.446599 -0.0964017 5.02053
252 233 95
2 12 735 0 11 667 0
3.52673 -1.98668 7.13817
72 70 73
2 13 717 0 9 422 0
3.52673 -1.98668 7.13817
74 73 75
2 13 718 0 9 423 0
0.201054 -0.174126 5.16077
249 96 101
3 13 63 0 10 246 0 15 35 0
0.285679 0.707371 4.48729
141 177 177
2 13 184 0 10 372 0
4.59336 -2.98266 7.3215
109 114 105
2 13 648 0 10 815 0
3.89197 -0.870725 5.23824
172 174 160
2 13 18 0 11 23 0
0.283589 -0.223076 5.23836
246 86 98
4 13 42 0 11 76 0 12 52 0 14 40 0
4.609 -1.96478 8.30556
44 81 82
2 13 153 0 11 150 0
0.267095 -0.27847 5.29739
108 158 149
2 13 197 0 11 438 0
4.05686 0.489296 5.28815
82 119 121
5 13 257 0 11 153 0 12 210 0 14 220 0 16 252 0
0.380913 -0.241768 5.17315
82 156 142
2 13 292 0 11 648 0
4.05233 0.532025 5.2851
109 181 190
2 13 305 0 11 301 0
5.35074 -1.6184 7.02255
59 63 55
2 13 406 0 11 639 0
0.181743 0.341144 5.48462
248 224 113
2 13 416 0 11 434 0
3.41139 -1.43912 7.28789
13 13 16
2 13 420 0 11 471 0
4.37125 -2.06729 8.49191
21 20 17
2 13 485 0 11 461 0
5.76101 -1.81689 7.4464
71 73 68
2 13 33 0 12 45 0
5.61214 -2.40643 7.69697
65 67 62
2 13 34 0 12 40 0
0.277627 0.766245 4.5318
35 45 81
2 13 60 0 12 65 0
5.01502 -0.70296 4.05612
86 92 91
2 13 65 0 12 77 0
4.03383 -0.144725 5.03045
92 111 111
2 13 79 0 12 222 0
3.47051 -1.3974 7.17518
10 10 8
3 13 100 0 12 100 0 14 153 0
0.315981 0.570737 4.52341
75 110 85
2 13 109 0 12 257 0
5.37211 0.563989 4.93992
80 125 131
2 13 115 0 12 154 0
0.281059 0.757277 4.47054
35 40 84
2 13 131 0 12 113 0
0.304728 0.758383 4.36385
25 35 34
2 13 156 0 12 92 0
0.23792 -0.197345 5.20131
249 98 103
5 13 162 0 12 253 0 16 89 0 17 57 0 19 68 0
0.317889 0.308003 5.2867
184 78 76
3 13 177 0 12 115 0 14 301 0
4.29508 -2.27543 8.10863
2 11 11
2 13 183 0 12 271 0
4.07853 0.40901 5.3645
132 151 151
2 13 192 0 12 200 0
5.11188 0.758481 4.52737
235 242 200
4 13 203 0 12 181 0 14 162 0 16 126 0
2.0907 -0.496337 6.96348
92 151 152
2 13 210 0 12 221 0
4.57972 -2.58764 6.19994
7 10 9
2 13 226 0 12 245 0
4.20913 -2.17816 8.45513
43 64 70
2 13 234 0 12 336 0
5.12484 0.870425 4.57447
171 197 155
2 13 235 0 12 233 0
5.08209 0.858268 4.56646
172 202 151
3 13 236 0 12 232 0 14 204 0
4.5906 -2.47578 6.25709
16 22 22
2 13 239 0 12 366 0
4.5906 -2.47578 6.25709
16 20 21
2 13 241 0 12 368 0
0.307163 0.748225 4.33015
118 137 141
2 13 242 0 12 178 0
0.14026 -0.121905 5.24727
187 163 75
5 13 245 0 12 277 0 14 172 0 16 106 0 17 67 0
0.14026 -0.121905 5.24727
187 163 75
5 13 246 0 12 278 0 14 171 0 16 105 0 17 68 0
0.292355 0.468545 4.11246
20 40 56
2 13 258 0 12 168 0
0.333279 0.292334 5.24884
185 185 177
2 13 282 0 12 156 0
4.10241 0.440901 5.17511
82 115 123
3 13 289 0 12 180 0 14 384 0
4.52493 -2.10925 8.14406
7 9 9
2 13 297 0 12 174 0
0.341727 -0.118572 5.0921
252 241 102
2 13 304 0 12 343 0
7.4626 -3.42323 8.89589
47 48 49
2 13 333 0 12 372 0
4.60315 -1.41497 7.21542
5 12 5
3 13 346 0 12 475 0 14 178 0
0.257767 0.26678 4.28623
25 32 68
9 13 353 0 12 443 0 14 224 0 15 226 0 16 275 0 17 310 0 18 365 0 19 471 0 20 570 0
4.08651 -2.06607 8.5058
46 74 71
2 13 359 0 12 285 0
4.0397 0.433766 5.41412
68 131 125
3 13 368 0 12 412 0 14 343 0
4.72161 -0.0227475 5.73357
68 76 70
3 13 371 0 12 268 0 14 581 0
1.58623 -0.974882 7.47408
35 37 41
2 13 409 0 12 482 0
0.19595 0.286761 5.41561
156 136 86
2 13 413 0 12 493 0
0.454418 1.37961 4.6906
128 204 195
2 13 422 0 12 333 0
2.33312 -0.584026 7.56733
77 127 130
2 13 430 0 12 764 0
3.8012 -0.992077 3.92913
89 94 105
3 13 454 0 12 549 0 14 390 0
4.28717 -2.21913 8.14181
5 10 7
2 13 468 0 12 714 0
0.179207 -0.126238 5.30866
216 217 232
2 13 475 0 12 528 0
0.172097 -0.127959 5.30426
241 241 244
9 13 476 0 12 529 0 14 259 0 15 153 0 16 201 0 17 104 0 18 211 0 19 246 0 20 424 0
0.419578 -0.128027 5.07332
236 80 94
3 13 495 0 12 560 0 14 486 0
0.191082 -0.169214 5.3071
224 220 222
3 13 561 0 12 766 0 14 298 0
0.191082 -0.169214 5.3071
224 220 222
3 13 562 0 12 767 0 14 297 0
3.95169 -1.28478 4.01675
79 85 91
2 13 564 0 12 654 0
0.356561 0.262209 5.21129
214 81 90
2 13 574 0 12 770 0
0.343507 0.844872 4.36642
186 205 207
2 13 585 0 12 307 0
0.247021 0.287826 5.3445
121 117 88
2 13 610 0 12 565 0
5.16251 0.801719 4.49819
165 172 134
3 13 611 0 12 662 0 14 542 0
0.267931 0.187811 5.21452
245 241 86
2 13 620 0 12 732 0
0.283175 0.568693 4.21222
223 234 240
2 13 621 0 12 459 0
3.56919 -3.04275 7.03193
9 11 11
2 13 631 0 12 756 0
4.54731 -2.85691 6.07093
56 57 51
2 13 640 0 12 742 0
4.86178 -3.09224 6.96849
29 31 30
2 13 660 0 12 736 0
4.86178 -3.09224 6.96849
29 31 30
2 13 661 0 12 737 0
3.8927 -1.18244 3.9675
102 104 115
2 13 689 0 12 609 0
5.09068 0.897846 4.49747
30 80 68
2 13 699 0 12 554 0
5.09068 0.897846 4.49747
30 80 68
2 13 700 0 12 555 0
0.475353 1.29664 4.62955
71 105 105
2 13 727 0 12 173 0
0.280408 0.73554 4.44423
134 169 171
3 14 134 0 11 144 0 16 221 0
0.280473 0.736295 4.44497
126 162 164
4 14 135 0 11 143 0 16 220 0 17 317 0
3.94233 -0.439918 5.42242
40 42 40
2 14 411 0 11 520 0
3.94233 -0.439918 5.42242
40 42 40
2 14 412 0 11 519 0
3.88569 -0.724735 5.35283
172 172 154
2 14 27 0 12 20 0
4.12685 0.292537 5.40057
95 175 182
2 14 104 0 12 211 0
5.40429 0.62232 4.9519
73 98 96
2 14 266 0 12 351 0
3.40535 -0.885705 7.33703
69 121 117
2 14 355 0 12 783 0
0.278296 0.81549 4.53149
146 175 176
2 14 382 0 12 389 0
5.78756 -0.994763 7.35249
39 70 72
2 14 13 0 13 11 0
3.89659 -1.02959 5.13491
167 169 146
2 14 18 0 13 19 0
4.14761 0.375927 5.45438
58 106 101
2 14 35 0 13 27 0
0.225183 0.475182 5.69422
151 156 162
2 14 36 0 13 45 0
3.8165 -1.15054 3.98468
80 83 92
2 14 56 0 13 55 0
0.253938 0.586127 4.3511
239 243 248
2 14 57 0 13 47 0
0.25331 0.587247 4.35214
244 245 245
3 14 58 0 13 46 0 15 42 0
0.279948 0.767082 4.53223
29 41 76
3 14 59 0 13 59 0 15 41 0
0.495555 0.674343 4.6756
69 96 94
2 14 87 0 13 300 0
0.161623 -0.0707741 5.28986
243 219 95
2 14 97 0 13 233 0
0.223446 -0.207816 5.32508
215 225 207
2 14 102 0 13 251 0
6.87431 0.923981 3.47774
130 131 155
2 14 105 0 13 127 0
3.47638 -1.11901 7.3841
8 7 13
2 14 113 0 13 144 0
4.573 -1.49605 7.17793
4 8 7
2 14 117 0 13 322 0
5.17694 0.827075 4.58017
118 132 97
2 14 119 0 13 201 0
0.287104 0.337865 5.74718
212 228 250
2 14 148 0 13 619 0
7.14729 1.20987 3.3029
63 60 70
2 14 183 0 13 199 0
7.14729 1.20987 3.3029
63 60 70
2 14 184 0 13 200 0
4.0674 0.493767 5.41673
114 181 180
2 14 188 0 13 159 0
0.149421 0.15112 5.34517
241 207 95
2 14 203 0 13 182 0
3.81197 -1.07864 3.96754
99 100 113
2 14 214 0 13 160 0
0.345994 0.753475 4.67372
119 144 136
2 14 221 0 13 260 0
0.388205 0.330782 4.11817
208 199 188
2 14 225 0 13 283 0
0.419254 1.17041 4.98608
129 195 181
2 14 227 0 13 185 0
0.185154 0.19774 5.35234
117 111 64
3 14 239 0 13 293 0 15 432 0
0.233802 -0.153831 5.13298
235 145 148
5 14 244 0 13 332 0 15 159 0 16 183 0 17 127 0
0.229168 0.207548 5.58805
243 239 97
5 14 249 0 13 388 0 15 78 0 17 78 0 19 185 0
0.378816 1.1423 4.90981
116 144 139
2 14 256 0 13 374 0
0.323705 0.84691 4.39393
178 198 200
2 14 264 0 13 111 0
0.834441 -0.17442 6.73495
133 184 179
3 14 286 0 13 444 0 17 85 0
0.290035 0.245571 4.31459
22 29 52
9 14 306 0 13 527 0 15 232 0 16 304 0 17 296 0 18 307 0 19 389 0 20 367 0 21 613 0
0.11378 -0.0853656 5.22931
202 165 80
3 14 330 0 13 379 0 15 255 0
0.415566 0.132754 4.11006
118 117 122
2 14 334 0 13 348 0
0.415566 0.132754 4.11006
118 117 122
2 14 335 0 13 347 0
3.10807 -0.152167 6.28851
95 152 153
2 14 351 0 13 639 0
3.71978 -0.242396 5.89974
28 41 48
2 14 359 0 13 531 0
0.41171 0.0896133 4.03807
253 247 250
3 14 366 0 13 375 0 16 491 0
0.279568 0.770256 4.54732
26 43 70
4 14 371 0 13 401 0 15 345 0 16 403 0
0.284514 0.794463 4.53129
21 37 66
2 14 391 0 13 534 0
0.191374 -0.189126 5.29555
25 118 188
6 14 419 0 13 679 0 15 303 0 16 308 0 17 328 0 18 445 0
0.239134 -0.178806 5.20146
248 98 85
2 14 423 0 13 461 0
6.89374 0.988891 3.43861
68 71 84
3 14 427 0 13 407 0 16 568 0
6.89374 0.988891 3.43861
68 71 84
3 14 428 0 13 408 0 16 569 0
4.72921 -1.47228 7.10272
3 5 3
2 14 452 0 13 450 0
4.72921 -1.47228 7.10272
3 5 3
2 14 453 0 13 451 0
3.84425 -0.964312 4.17339
127 141 151
2 14 465 0 13 616 0
0.15214 -0.0677823 5.3278
237 227 107
2 14 499 0 13 604 0
0.431884 0.207978 4.00618
183 175 162
2 14 503 0 13 715 0
0.415926 0.100101 4.10474
187 179 166
2 14 529 0 13 720 0
0.193052 0.433392 5.59897
244 227 83
3 14 538 0 13 634 0 15 400 0
5.66282 0.425302 4.43023
155 135 120
2 14 552 0 13 711 0
0.418101 0.157345 4.01981
254 252 242
2 14 554 0 13 637 0
4.96932 -0.950623 6.332
76 78 64
2 14 573 0 13 548 0
0.208565 -0.135575 5.05879
250 92 104
2 14 583 0 13 173 0
0.208565 -0.135575 5.05879
250 92 104
2 14 584 0 13 174 0
0.21847 0.218267 5.33641
249 241 102
2 15 61 0 13 48 0
0.312361 -0.213118 5.20903
247 159 172
2 15 243 0 13 588 0
1.04368 0.89606 5.21012
101 159 153
2 15 274 0 13 680 0
0.243776 -0.222566 5.29628
249 243 151
2 15 5 0 14 16 0
0.243776 -0.222566 5.29628
249 243 151
2 15 6 0 14 17 0
0.312166 0.297886 4.36525
16 36 50
3 15 20 0 14 37 0 17 12 0
0.466802 0.381129 4.46254
16 39 51
2 15 26 0 14 78 0
0.415875 0.305675 5.1966
221 230 191
2 15 32 0 14 34 0
0.397424 -0.217407 5.18432
247 250 105
4 15 34 0 14 61 0 16 30 0 17 22 0
0.316253 0.692315 5.63596
167 241 218
2 15 36 0 14 44 0
0.152908 -0.134669 5.14617
251 213 105
2 15 102 0 14 145 0
0.439365 0.947801 4.85939
215 231 222
3 15 108 0 14 352 0 16 101 0
0.418691 0.183708 4.17297
151 161 173
2 15 149 0 14 159 0
0.262075 0.558325 5.75253
229 235 229
2 15 157 0 14 558 0
0.234873 -0.187628 5.35099
203 215 239
2 15 175 0 14 421 0
0.234873 -0.187628 5.35099
203 215 239
2 15 176 0 14 420 0
0.301961 -0.0798507 5.03461
254 243 127
2 15 180 0 14 344 0
0.219591 -0.209756 5.29137
251 224 96
5 15 204 0 14 302 0 16 247 0 17 178 0 19 220 0
0.28159 0.438009 5.78427
139 152 148
3 15 233 0 14 440 0 17 305 0
0.119188 -0.0808146 5.23194
203 167 77
2 15 254 0 14 329 0
0.41236 0.157376 4.05993
249 242 251
2 15 266 0 14 293 0
0.186934 -0.149758 5.3182
25 122 202
6 15 272 0 14 261 0 16 282 0 17 322 0 18 396 0 19 573 0
0.222189 0.491245 5.7357
240 234 237
3 15 283 0 14 255 0 16 190 0
0.22063 -0.104223 5.10297
248 244 120
2 15 325 0 14 589 0
0.277826 0.768353 4.54736
24 41 68
3 15 344 0 14 372 0 16 402 0
0.175649 0.153231 5.33
102 88 49
2 15 368 0 14 313 0
0.146003 -0.141523 5.24923
250 242 101
4 15 385 0 14 560 0 16 463 0 18 697 0
0.403271 0.107012 4.12351
188 192 207
3 15 387 0 14 385 0 16 540 0
0.261798 -0.189523 5.1855
251 96 111
2 15 408 0 14 539 0
0.397133 -0.0830323 5.01879
249 244 219
4 15 441 0 14 578 0 16 509 0 17 387 0
0.457534 0.336357 5.17053
110 172 150
2 15 537 0 14 143 0
0.206626 -0.212339 5.30548
241 249 251
6 16 219 0 14 389 0 17 188 0 18 237 0 19 275 0 20 332 0
0.389439 -0.203148 5.18458
253 251 121
3 16 137 0 15 206 0 17 77 0
0.345183 0.176458 4.2927
154 163 150
2 16 155 0 15 142 0
0.226938 -0.227045 5.30221
248 212 92
5 16 176 0 15 173 0 18 134 0 20 190 0 21 486 0
0.309111 -0.215704 5.20768
237 157 158
4 16 217 0 15 242 0 17 169 0 20 179 0
0.206362 -0.172972 5.34587
249 248 251
4 16 239 0 15 213 0 17 281 0 18 261 0
0.209503 -0.193258 5.32864
27 129 216
4 16 303 0 15 375 0 17 307 0 18 352 0
0.167337 -0.176871 5.26629
246 245 245
7 16 315 0 15 293 0 17 207 0 18 283 0 19 273 0 20 390 0 21 692 0
0.146465 -0.0322506 5.30795
251 250 105
3 16 413 0 15 342 0 17 386 0
0.183387 0.205981 5.50517
253 252 101
2 16 483 0 15 352 0
0.443639 -0.136051 5.07429
216 216 218
3 16 527 0 15 495 0 17 522 0
0.59895 0.646485 4.62912
120 200 196
2 16 529 0 15 414 0
0.291554 -0.124756 5.07861
220 206 125
2 16 532 0 15 480 0
4.03512 -0.275931 5.65334
151 149 130
2 17 215 0 14 79 0
0.277283 0.718563 4.46814
114 152 155
3 17 124 0 15 46 0 18 287 0
0.161815 -0.198421 5.24485
252 242 90
5 17 151 0 15 184 0 16 167 0 18 207 0 19 249 0
0.323122 -0.219234 5.1194
253 250 121
2 15 259 0 14 233 0
0.59591 1.03437 5.11511
125 195 180
2 17 361 0 15 476 0
0.409153 0.149895 4.10836
241 243 246
2 17 385 0 15 379 0
0.298346 -0.0835465 5.05653
253 255 106
2 17 23 0 16 31 0
0.252164 -0.239142 5.2229
252 108 107
2 17 29 0 16 53 0
5.83602 1.26533 4.33964
108 193 195
2 17 38 0 16 43 0
0.223994 -0.214004 5.32581
237 235 251
3 17 44 0 16 64 0 18 58 0
6.27511 4.04103 0.164797
5 5 4
2 17 48 0 16 59 0
0.271904 -0.266246 5.27707
249 229 120
2 17 72 0 16 99 0
0.292073 -0.245406 5.25724
255 99 114
2 17 83 0 16 154 0
0.188479 0.172767 5.4691
254 255 100
3 17 99 0 16 293 0 18 321 0
5.73119 2.25654 3.42697
57 100 93
2 17 115 0 16 371 0
7.1934 -0.0148525 2.79365
106 103 97
2 17 167 0 16 242 0
0.45054 0.287754 4.39776
143 154 164
2 17 185 0 16 333 0
4.31887 0.604704 5.30935
87 125 125
2 17 285 0 16 253 0
0.418069 -0.0252285 4.97242
245 228 118
2 17 331 0 16 434 0
8.45823 1.40652 0.75789
76 72 70
2 17 382 0 16 230 0
0.506139 -0.152447 5.06827
253 249 84
4 17 424 0 16 570 0 19 621 0 20 590 0
4.01368 -0.994953 3.89192
111 112 112
2 17 458 0 16 367 0
0.145491 -0.124029 5.26517
251 250 88
2 17 461 0 16 484 0
0.448532 -0.131099 5.0744
227 200 211
2 17 521 0 16 526 0
6.57693 1.48299 4.07655
76 140 139
2 17 540 0 16 326 0
0.4178 0.167307 4.07596
131 118 112
2 18 387 0 14 247 0
0.224026 -0.214267 5.32531
244 240 254
2 18 57 0 16 65 0
0.47987 -0.145649 5.05083
251 246 220
3 18 22 0 17 30 0 19 20 0
0.280697 0.0922298 5.56135
253 248 104
2 18 74 0 17 131 0
0.342212 -0.254584 5.20537
242 115 99
2 18 82 0 17 269 0
0.481353 0.230884 4.3739
26 35 51
3 18 203 0 17 249 0 19 142 0
0.377447 -0.155338 5.12887
253 252 111
4 18 239 0 17 252 0 19 247 0 20 409 0
0.279372 0.11031 5.58596
251 249 99
2 18 293 0 17 365 0
0.439253 0.787008 4.78565
97 115 111
2 18 297 0 17 244 0
0.426958 0.860651 4.84631
106 127 125
2 18 345 0 17 287 0
0.464679 0.617317 4.67296
96 114 110
2 18 374 0 17 332 0
0.465547 -0.157868 5.10622
254 249 251
2 18 429 0 17 412 0
0.259015 -0.190141 5.18335
240 102 113
2 18 460 0 17 426 0
0.376129 0.255883 4.39444
21 20 51
2 18 574 0 17 454 0
0.402089 -0.100899 5.0096
255 248 220
3 18 592 0 17 400 0 19 487 0
0.239552 -0.186183 5.18024
245 183 177
3 18 600 0 17 487 0 20 299 0
0.123286 -0.0975435 5.20781
226 176 92
2 18 615 0 17 428 0
0.380231 -0.193505 5.16689
191 135 75
4 18 637 0 17 503 0 19 625 0 20 717 0
0.380231 -0.193505 5.16689
191 135 75
4 18 638 0 17 504 0 19 624 0 20 718 0
0.151779 0.0759868 5.37019
245 223 99
2 18 674 0 17 425 0
4.41928 2.6567 -0.531656
154 147 157
2 17 473 0 21 540 0
0.431456 0.181833 4.04669
84 75 71
11 21 285 0 22 322 0 23 314 0 24 278 0 25 208 0 26 181 0 27 111 0 1 87 0 0 89 0 30 147 0 31 125 0
0.39816 0.291877 4.3984
26 21 55
2 20 735 0 17 410 0
0.325356 0.253029 4.1012
177 179 191
2 20 163 0 18 224 0
0.425686 0.132445 4.02958
131 115 98
7 20 527 0 18 353 0 21 815 0 23 287 0 24 303 0 25 210 0 26 339 0
0.508864 -0.106946 5.0163
123 181 168
3 20 607 0 18 280 0 19 397 0
0.530381 0.261246 4.43213
126 132 142
2 21 137 0 20 185 0
0.392745 0.525744 4.14281
124 136 129
2 25 515 0 26 395 0
0.523008 0.232719 4.39658
222 228 211
2 21 547 0 20 525 0
0.413969 0.164438 4.05141
249 249 245
7 21 755 0 20 708 0 22 799 0 23 754 0 24 686 0 25 684 0 26 715 0
0.491357 0.33061 4.08325
129 123 105
5 22 337 0 23 386 0 25 276 0 27 364 0 28 330 0
0.58806 0.312388 4.35343
140 141 153
7 21 717 0 23 524 0 24 471 0 25 408 0 26 373 0 27 357 0 28 293 0
0.508071 0.427073 4.49078
15 23 47
3 21 746 0 23 805 0 24 699 0
0.508071 0.427073 4.49078
15 23 47
3 21 748 0 23 804 0 24 700 0
0.48133 0.292479 4.06572
133 132 133
4 23 270 0 24 247 0 26 226 0 28 297 0
0.35463 -0.192048 5.31394
212 110 75
2 27 83 0 28 114 0
0.488783 0.253364 4.03907
242 250 252
7 23 75 0 22 104 0 24 64 0 25 68 0 26 61 0 27 43 0 28 30 0
0.612461 0.939178 4.84981
206 209 190
6 22 162 0 24 107 0 25 154 0 26 316 0 27 377 0 28 447 0
0.467094 0.30878 4.09241
250 240 215
8 23 180 0 22 135 0 24 312 0 25 167 0 26 319 0 27 444 0 28 231 0 29 358 0
0.349896 0.196067 4.16176
240 247 253
4 24 69 0 23 72 0 25 66 0 26 72 0
0.669117 0.564187 4.31809
30 59 69
2 24 149 0 23 669 0
0.632308 0.255933 4.27645
35 56 58
2 24 435 0 23 517 0
0.771693 0.610841 5.71428
127 174 152
5 23 151 0 26 198 0 27 181 0 28 140 0 29 226 0
0.640994 0.410881 4.34163
15 26 36
3 25 319 0 23 747 0 26 350 0
0.641762 0.410136 4.34222
14 23 33
5 25 320 0 23 748 0 26 351 0 28 277 0 29 164 0
0.534901 0.299446 4.39287
27 27 42
4 25 437 0 26 527 0 27 553 0 28 555 0
0.638304 0.415694 4.37438
9 20 39
2 25 27 0 24 22 0
0.580036 0.431841 4.46772
13 17 43
2 25 212 0 24 255 0
0.663375 0.822883 4.59594
81 106 108
2 25 250 0 24 316 0
0.660805 0.70335 4.60847
92 118 116
2 25 286 0 24 354 0
0.652316 0.724177 4.60386
92 115 111
3 25 287 0 24 355 0 26 240 0
0.737893 1.12161 4.80386
63 80 79
3 25 312 0 24 495 0 26 264 0
0.697021 0.810635 4.59876
72 97 96
3 25 379 0 24 514 0 26 298 0
0.594111 0.432722 4.16544
43 56 55
2 25 483 0 24 593 0
0.594111 0.432722 4.16544
43 56 55
2 25 484 0 24 592 0
0.627785 0.247226 4.14714
72 95 94
2 25 517 0 24 730 0
0.611193 0.255284 4.07083
45 66 58
2 25 569 0 24 734 0
0.611193 0.255284 4.07083
45 66 58
2 25 570 0 24 733 0
0.509594 0.432413 4.50354
10 13 30
3 25 586 0 24 677 0 26 700 0
0.650828 0.33904 4.23199
11 18 37
5 26 171 0 22 137 0 25 342 0 27 120 0 29 70 0
0.663275 0.447156 4.31703
222 196 170
9 26 568 0 25 700 0 27 451 0 1 417 0 0 312 0 28 354 0 29 352 0 30 336 0 31 290 0
0.499812 0.188112 3.99297
71 83 75
2 26 305 0 23 434 0
0.605816 0.308125 4.32455
5 18 34
2 26 647 0 23 829 0
0.630412 0.363184 4.32887
14 15 34
4 26 402 0 24 555 0 27 384 0 29 336 0
0.631581 0.362032 4.32936
14 17 34
7 26 403 0 24 556 0 27 385 0 28 303 0 29 337 0 30 278 0 31 337 0
0.507503 0.297217 4.05492
88 87 75
3 25 29 0 27 26 0 28 17 0
0.359621 0.225819 4.20537
74 73 66
3 26 27 0 25 38 0 27 16 0
0.744391 1.31071 4.76507
117 195 187
2 26 161 0 25 332 0
0.659836 0.469608 4.34823
4 26 35
2 26 168 0 25 156 0
0.676961 0.548733 4.3802
11 16 31
5 26 248 0 25 301 0 27 129 0 28 137 0 29 76 0
0.677064 0.548135 4.38018
12 16 34
4 26 249 0 25 300 0 27 128 0 29 77 0
0.600966 0.659111 4.64468
80 93 84
4 26 259 0 25 186 0 27 307 0 28 265 0
0.406329 0.143583 5.55663
204 119 58
3 26 294 0 27 501 0 28 500 0
0.408271 0.235656 5.62079
237 222 178
3 26 322 0 27 329 0 28 435 0
0.596697 0.334552 4.36846
14 17 35
4 26 327 0 25 363 0 27 258 0 29 306 0
0.587805 0.313722 4.35395
122 117 120
7 26 374 0 25 407 0 27 358 0 28 294 0 29 313 0 30 326 0 31 412 0
0.495358 0.914345 4.78088
73 92 89
2 26 438 0 25 278 0
0.666064 0.340396 4.25113
1 23 26
2 26 448 0 25 672 0
0.653808 0.432683 4.34202
206 42 46
7 26 450 0 25 731 0 27 343 0 28 227 0 29 245 0 30 315 0 31 335 0
0.658493 0.427215 4.34479
191 42 56
2 26 451 0 25 732 0
0.430203 0.226223 4.03874
246 243 244
2 26 475 0 25 380 0
0.464835 0.167295 3.99878
107 96 78
2 27 383 0 25 576 0
0.995937 1.22396 4.77133
104 129 108
3 27 555 0 25 659 0 28 300 0
1.10911 1.27152 4.66432
111 161 144
2 27 661 0 25 675 0
1.10393 1.28188 4.66263
114 160 140
3 27 662 0 25 674 0 28 392 0
0.667128 0.563128 4.40579
10 15 33
6 27 17 0 26 34 0 28 8 0 29 15 0 30 15 0 31 35 0
0.416696 0.265396 4.18754
255 252 210
3 27 30 0 26 43 0 28 13 0
0.698425 0.802457 4.55836
93 110 98
2 27 155 0 26 186 0
0.698425 0.802457 4.55836
93 110 98
2 27 156 0 26 185 0
0.676043 0.87812 4.6205
94 110 98
2 27 231 0 26 282 0
0.577148 0.962946 4.87986
110 107 93
2 27 233 0 26 150 0
0.409411 0.45951 5.77518
158 143 60
3 27 239 0 26 96 0 28 386 0
2.09779 1.143 4.79107
146 182 157
3 27 246 0 26 293 0 28 149 0
0.542868 0.479909 5.67721
227 207 68
3 27 252 0 26 121 0 28 302 0
0.50301 0.516381 5.73843
232 205 63
2 27 267 0 26 123 0
0.664694 1.32843 4.81494
80 95 81
2 27 303 0 26 323 0
0.631417 0.613946 4.64215
78 86 77
2 27 308 0 26 260 0
1.23049 0.729036 5.48393
150 217 184
3 27 327 0 26 464 0 28 387 0
0.37093 0.48854 5.81388
223 193 61
2 27 363 0 26 134 0
0.731808 1.01101 4.6696
83 100 91
3 27 412 0 26 458 0 28 268 0
1.02672 1.3408 4.58965
118 165 139
3 27 414 0 26 486 0 28 388 0
0.56892 0.301158 4.35667
14 14 31
2 27 421 0 26 424 0
0.616431 0.249469 4.07857
56 58 44
2 27 467 0 26 498 0
2.01957 1.00077 5.01506
145 184 158
2 27 470 0 26 530 0
0.648425 0.381822 4.29684
8 19 29
5 27 500 0 26 612 0 28 528 0 29 597 0 30 625 0
1.60454 0.752254 5.43924
140 191 161
2 27 508 0 26 485 0
1.91298 0.934072 5.12614
141 188 160
2 27 515 0 26 415 0
0.180023 -0.212704 5.26411
248 246 252
2 27 532 0 26 363 0
0.712655 1.31078 4.74869
34 69 47
2 27 571 0 26 610 0
0.336591 0.0724538 5.55427
241 227 126
2 27 572 0 26 355 0
0.660849 0.425624 4.30376
10 18 26
6 27 611 0 26 697 0 28 475 0 30 426 0 0 464 0 31 294 0
0.448212 0.266338 5.61927
246 238 173
2 27 679 0 26 359 0
0.448212 0.266338 5.61927
246 238 173
2 27 680 0 26 360 0
0.638272 0.394145 4.15883
7 26 37
3 28 473 0 0 306 0 30 425 0
0.747588 1.22255 4.816
59 71 56
2 28 88 0 26 232 0
1.07578 1.30817 4.65329
113 152 131
3 28 376 0 26 578 0 27 243 0
0.990794 1.32972 4.62237
105 160 140
2 28 480 0 26 541 0
0.648417 0.382016 4.297
8 20 28
4 28 527 0 26 613 0 29 598 0 30 626 0
0.643231 0.413562 4.37313
8 16 25
3 28 7 0 27 11 0 29 12 0
0.526246 1.21709 4.80465
122 135 107
2 28 85 0 27 188 0
0.710841 0.767266 4.51498
39 52 41
2 28 93 0 27 178 0
0.698832 0.8333 4.51264
89 103 91
3 28 124 0 27 225 0 29 75 0
0.770588 0.61236 5.71554
120 154 125
3 28 139 0 27 180 0 29 225 0
0.383768 0.247498 4.17053
121 112 100
2 28 142 0 27 159 0
0.960995 1.20796 4.82769
136 195 161
2 28 158 0 27 183 0
0.398695 0.0207504 5.4712
197 176 65
3 28 179 0 27 119 0 29 360 0
0.723825 1.01011 4.59604
46 74 62
2 28 185 0 27 409 0
0.620628 0.232721 4.13759
242 234 204
2 28 187 0 27 351 0
0.620628 0.232721 4.13759
242 234 204
2 28 188 0 27 350 0
0.763864 1.15409 4.78843
83 96 78
2 28 192 0 27 304 0
0.874139 1.7227 4.02079
93 123 107
2 28 211 0 27 287 0
0.657565 0.368143 4.2232
214 45 47
5 28 230 0 27 550 0 29 264 0 30 235 0 31 283 0
0.619892 0.201501 4.14352
37 43 24
2 28 290 0 27 348 0
0.456664 0.418349 5.7219
202 189 59
2 28 320 0 27 142 0
1.54427 0.742237 5.45137
137 188 157
3 28 328 0 27 400 0 29 319 0
0.521075 0.443307 5.68034
164 149 51
2 28 380 0 27 240 0
0.372461 0.104767 4.13916
77 69 63
2 28 382 0 27 314 0
0.372461 0.104767 4.13916
77 69 63
2 28 383 0 27 313 0
1.21422 0.578728 5.71769
132 182 149
2 28 415 0 27 257 0
1.21422 0.578728 5.71769
132 182 149
2 28 416 0 27 256 0
0.611724 0.940939 4.85067
185 180 138
2 28 448 0 27 376 0
1.61297 0.734934 5.43343
134 181 145
2 28 471 0 27 509 0
0.417794 0.112647 4.04397
156 107 68
4 28 522 0 27 620 0 29 543 0 31 541 0
0.680515 0.614108 4.44567
241 175 145
5 28 554 0 27 686 0 29 556 0 30 547 0 31 545 0
0.623795 0.592816 4.54778
89 96 82
2 28 594 0 27 575 0
0.651688 0.369504 4.25485
14 17 37
5 29 167 0 0 198 0 28 203 0 30 182 0 31 154 0
0.962701 1.26313 4.76159
153 206 188
4 29 507 0 0 318 0 28 595 0 31 398 0
0.664597 0.506924 4.34059
12 18 32
5 29 528 0 0 488 0 28 549 0 30 522 0 31 483 0
0.613889 1.02147 5.14951
128 179 165
3 29 563 0 1 570 0 30 531 0
-2.62543 0.284381 5.92983
113 177 174
2 1 497 0 3 238 0
1.84123 0.949457 5.13357
138 188 155
2 29 640 0 27 649 0
0.556551 1.43504 4.79467
63 79 71
2 29 0 0 28 0 0
0.590515 0.350605 4.24658
50 57 42
2 29 6 0 28 1 0
0.646132 0.406625 4.3415
14 18 29
2 29 165 0 28 278 0
0.5699 1.37346 4.92619
136 145 126
2 29 169 0 28 161 0
0.417812 0.238818 4.22584
113 93 71
2 29 179 0 28 253 0
0.582245 0.933075 4.83515
53 74 61
2 29 215 0 28 115 0
0.663436 0.704328 4.60334
86 97 86
2 29 251 0 28 199 0
0.498239 0.295183 4.37058
18 13 29
2 29 261 0 28 225 0
0.675324 0.757241 4.61584
86 101 89
4 29 269 0 28 233 0 30 358 0 31 387 0
0.584909 0.326774 4.37804
18 20 28
2 29 305 0 28 183 0
1.5346 0.759248 5.46404
130 182 154
2 29 320 0 28 327 0
0.454378 0.153638 4.06277
72 58 35
3 29 379 0 28 314 0 30 374 0
0.648607 0.51377 4.22788
173 29 30
2 29 502 0 28 421 0
0.664609 0.507105 4.34066
12 16 31
4 29 527 0 28 550 0 30 523 0 31 482 0
0.685392 0.63094 4.41963
214 179 147
4 29 558 0 28 583 0 30 548 0 31 498 0
0.701695 0.809102 4.59337
79 102 95
2 30 251 0 0 264 0
0.631704 0.885191 4.64587
76 98 90
2 30 252 0 0 177 0
0.41511 0.384138 4.17176
91 94 79
3 30 352 0 0 324 0 31 358 0
0.677183 0.52051 4.28935
6 23 29
2 30 641 0 0 551 0
0.670065 0.702304 4.34331
17 27 43
2 30 521 0 1 244 0
0.579536 0.852436 4.32892
24 44 45
2 30 51 0 29 274 0
0.46313 0.271693 4.03963
247 247 250
2 30 52 0 29 47 0
0.606595 0.791871 4.32772
64 93 83
2 30 85 0 29 187 0
0.635292 0.220997 4.13381
255 253 253
2 30 116 0 29 107 0
0.419163 0.154678 4.11447
150 143 146
2 30 143 0 29 133 0
0.685631 0.927935 4.74745
63 92 79
3 30 168 0 29 120 0 31 252 0
0.695804 0.916447 4.74084
62 86 74
2 30 169 0 29 121 0
0.638013 1.00701 4.80514
74 93 82
2 30 292 0 29 235 0
0.615591 0.205667 4.14412
53 54 39
2 30 307 0 29 357 0
0.439823 0.132271 4.29037
47 53 51
2 30 309 0 29 135 0
0.592882 0.309456 4.3523
95 95 95
2 30 327 0 29 312 0
0.687408 0.733271 4.58354
62 77 68
3 30 469 0 29 401 0 31 516 0
0.693074 0.740563 4.45162
90 104 96
2 30 561 0 29 612 0
0.44209 0.0939031 4.0922
170 155 140
2 30 589 0 29 508 0
0.527372 0.201226 4.00875
157 137 132
2 30 644 0 29 540 0
0.439281 0.187858 4.04463
32 25 21
2 30 653 0 29 653 0
0.530703 0.278804 4.39731
111 191 187
2 31 145 0 0 148 0
0.408326 0.20552 4.02041
72 64 58
4 31 211 0 0 184 0 30 281 0 29 341 0
0.629776 0.315492 4.27211
13 21 36
3 31 293 0 0 349 0 30 340 0
0.397692 0.393974 4.18642
101 108 92
2 31 357 0 0 323 0
0.698967 0.736884 4.44334
113 135 128
2 31 476 0 0 519 0
0.690156 0.734243 4.46602
99 117 110
4 31 502 0 0 533 0 30 516 0 29 615 0
0.651316 0.408151 4.19577
166 36 35
4 31 50 0 1 64 0 30 40 0 29 41 0
0.725029 0.98528 4.65323
117 135 131
2 31 119 0 1 171 0
0.6911 0.707406 4.41882
130 150 150
2 31 405 0 1 494 0
0.43858 0.36291 4.18613
103 111 99
2 31 416 0 1 387 0
0.410113 0.158696 4.02297
250 247 224
2 31 552 0 28 566 0
0.662279 0.564173 4.25629
12 17 40
2 31 163 0 29 220 0
0.679726 0.56722 4.32324
22 24 46
2 31 524 0 29 633 0
0.679726 0.56722 4.32324
22 24 46
2 31 525 0 29 634 0
0.416292 0.249868 3.98176
134 137 146
2 31 61 0 30 200 0
0.639837 0.485411 4.36765
29 10 38
2 31 86 0 30 56 0
0.715975 0.814952 4.61323
89 108 100
2 31 210 0 30 210 0
0.672628 0.51915 4.35072
15 18 36
2 31 456 0 30 453 0
0.697766 0.748528 4.49936
109 128 121
2 31 501 0 30 560 0
0.554506 0.271336 4.31488
12 17 21
2 31 531 0 30 464 0
0.551706 0.17162 4.2406
99 97 91
2 31 532 0 30 461 0
